[2023-05-06T03:59:06.737+0000] {taskinstance.py:1125} INFO - Dependencies all met for dep_context=non-requeueable deps ti=<TaskInstance: ml_pipeline.creating_ml_metrics_table_task manual__2023-05-06T03:59:03.998074+00:00 [queued]>
[2023-05-06T03:59:06.744+0000] {taskinstance.py:1125} INFO - Dependencies all met for dep_context=requeueable deps ti=<TaskInstance: ml_pipeline.creating_ml_metrics_table_task manual__2023-05-06T03:59:03.998074+00:00 [queued]>
[2023-05-06T03:59:06.745+0000] {taskinstance.py:1331} INFO - Starting attempt 1 of 1
[2023-05-06T03:59:06.756+0000] {taskinstance.py:1350} INFO - Executing <Task(PostgresOperator): creating_ml_metrics_table_task> on 2023-05-06 03:59:03.998074+00:00
[2023-05-06T03:59:06.769+0000] {standard_task_runner.py:57} INFO - Started process 6185 to run task
[2023-05-06T03:59:06.773+0000] {standard_task_runner.py:84} INFO - Running: ['***', 'tasks', 'run', 'ml_pipeline', 'creating_ml_metrics_table_task', 'manual__2023-05-06T03:59:03.998074+00:00', '--job-id', '931', '--raw', '--subdir', 'DAGS_FOLDER/ml_pipeline.py', '--cfg-path', '/tmp/tmpzf51c4vp']
[2023-05-06T03:59:06.774+0000] {standard_task_runner.py:85} INFO - Job 931: Subtask creating_ml_metrics_table_task
[2023-05-06T03:59:06.815+0000] {task_command.py:410} INFO - Running <TaskInstance: ml_pipeline.creating_ml_metrics_table_task manual__2023-05-06T03:59:03.998074+00:00 [running]> on host 03dea93b6a82
[2023-05-06T03:59:06.875+0000] {taskinstance.py:1570} INFO - Exporting env vars: AIRFLOW_CTX_DAG_EMAIL='lequanghop844@gmail.com' AIRFLOW_CTX_DAG_OWNER='Felix Le' AIRFLOW_CTX_DAG_ID='ml_pipeline' AIRFLOW_CTX_TASK_ID='creating_ml_metrics_table_task' AIRFLOW_CTX_EXECUTION_DATE='2023-05-06T03:59:03.998074+00:00' AIRFLOW_CTX_TRY_NUMBER='1' AIRFLOW_CTX_DAG_RUN_ID='manual__2023-05-06T03:59:03.998074+00:00'
[2023-05-06T03:59:06.876+0000] {sql.py:262} INFO - Executing: CREATE TABLE IF NOT EXISTS tracking_best_model (
    experiment_id SERIAL PRIMARY KEY,
    experiment_datetime VARCHAR NOT NULL,
    cv_folds NUMERIC NOT NULL,
    batch_size NUMERIC NOT NULL,
    dropout FLOAT NOT NULL,
    epochs NUMERIC NOT NULL,
    learning_rate FLOAT NOT NULL,
    num_units NUMERIC NOT NULL,
    mean_test_score FLOAT NOT NULL,
    std_test_score FLOAT NOT NULL
);
[2023-05-06T03:59:06.884+0000] {base.py:73} INFO - Using connection ID 'pg_work_sample' for task execution.
[2023-05-06T03:59:06.927+0000] {base.py:73} INFO - Using connection ID 'pg_work_sample' for task execution.
[2023-05-06T03:59:06.932+0000] {sql.py:375} INFO - Running statement: CREATE TABLE IF NOT EXISTS tracking_best_model (
    experiment_id SERIAL PRIMARY KEY,
    experiment_datetime VARCHAR NOT NULL,
    cv_folds NUMERIC NOT NULL,
    batch_size NUMERIC NOT NULL,
    dropout FLOAT NOT NULL,
    epochs NUMERIC NOT NULL,
    learning_rate FLOAT NOT NULL,
    num_units NUMERIC NOT NULL,
    mean_test_score FLOAT NOT NULL,
    std_test_score FLOAT NOT NULL
);, parameters: None
[2023-05-06T03:59:06.941+0000] {taskinstance.py:1373} INFO - Marking task as SUCCESS. dag_id=ml_pipeline, task_id=creating_ml_metrics_table_task, execution_date=20230506T035903, start_date=20230506T035906, end_date=20230506T035906
[2023-05-06T03:59:06.992+0000] {local_task_job_runner.py:232} INFO - Task exited with return code 0
[2023-05-06T03:59:07.016+0000] {taskinstance.py:2674} INFO - 8 downstream tasks scheduled from follow-on schedule check
