[2023-05-03T16:37:11.137+0000] {taskinstance.py:1090} INFO - Dependencies all met for dep_context=non-requeueable deps ti=<TaskInstance: ml_pipeline.data_processing_task4 manual__2023-05-03T16:37:07.997663+00:00 [queued]>
[2023-05-03T16:37:11.152+0000] {taskinstance.py:1090} INFO - Dependencies all met for dep_context=requeueable deps ti=<TaskInstance: ml_pipeline.data_processing_task4 manual__2023-05-03T16:37:07.997663+00:00 [queued]>
[2023-05-03T16:37:11.155+0000] {taskinstance.py:1288} INFO - 
--------------------------------------------------------------------------------
[2023-05-03T16:37:11.156+0000] {taskinstance.py:1289} INFO - Starting attempt 1 of 1
[2023-05-03T16:37:11.163+0000] {taskinstance.py:1290} INFO - 
--------------------------------------------------------------------------------
[2023-05-03T16:37:11.211+0000] {taskinstance.py:1309} INFO - Executing <Task(PythonOperator): data_processing_task4> on 2023-05-03 16:37:07.997663+00:00
[2023-05-03T16:37:11.230+0000] {standard_task_runner.py:82} INFO - Running: ['***', 'tasks', 'run', 'ml_pipeline', 'data_processing_task4', 'manual__2023-05-03T16:37:07.997663+00:00', '--job-id', '121', '--raw', '--subdir', 'DAGS_FOLDER/ml_pipeline.py', '--cfg-path', '/tmp/tmp_8mx2x6d']
[2023-05-03T16:37:11.232+0000] {standard_task_runner.py:83} INFO - Job 121: Subtask data_processing_task4
[2023-05-03T16:37:11.235+0000] {standard_task_runner.py:55} INFO - Started process 152 to run task
[2023-05-03T16:37:11.358+0000] {task_command.py:389} INFO - Running <TaskInstance: ml_pipeline.data_processing_task4 manual__2023-05-03T16:37:07.997663+00:00 [running]> on host 46ed3ffab080
[2023-05-03T16:37:11.441+0000] {taskinstance.py:1518} INFO - Exporting the following env vars:
AIRFLOW_CTX_DAG_EMAIL=lequanghop844@gmail.com
AIRFLOW_CTX_DAG_OWNER=Felix Le
AIRFLOW_CTX_DAG_ID=ml_pipeline
AIRFLOW_CTX_TASK_ID=data_processing_task4
AIRFLOW_CTX_EXECUTION_DATE=2023-05-03T16:37:07.997663+00:00
AIRFLOW_CTX_TRY_NUMBER=1
AIRFLOW_CTX_DAG_RUN_ID=manual__2023-05-03T16:37:07.997663+00:00
[2023-05-03T16:37:11.448+0000] {python.py:177} INFO - Done. Returned value was: None
[2023-05-03T16:37:11.467+0000] {taskinstance.py:1332} INFO - Marking task as SUCCESS. dag_id=ml_pipeline, task_id=data_processing_task4, execution_date=20230503T163707, start_date=20230503T163711, end_date=20230503T163711
[2023-05-03T16:37:11.534+0000] {local_task_job.py:212} INFO - Task exited with return code 0
[2023-05-03T16:37:11.605+0000] {taskinstance.py:2596} INFO - 1 downstream tasks scheduled from follow-on schedule check
