[2023-05-03T16:27:11.998+0000] {taskinstance.py:1090} INFO - Dependencies all met for dep_context=non-requeueable deps ti=<TaskInstance: ml_pipeline.data_processing_task6 manual__2023-05-03T16:27:09.324531+00:00 [queued]>
[2023-05-03T16:27:12.018+0000] {taskinstance.py:1090} INFO - Dependencies all met for dep_context=requeueable deps ti=<TaskInstance: ml_pipeline.data_processing_task6 manual__2023-05-03T16:27:09.324531+00:00 [queued]>
[2023-05-03T16:27:12.020+0000] {taskinstance.py:1288} INFO - 
--------------------------------------------------------------------------------
[2023-05-03T16:27:12.025+0000] {taskinstance.py:1289} INFO - Starting attempt 1 of 1
[2023-05-03T16:27:12.026+0000] {taskinstance.py:1290} INFO - 
--------------------------------------------------------------------------------
[2023-05-03T16:27:12.051+0000] {taskinstance.py:1309} INFO - Executing <Task(PythonOperator): data_processing_task6> on 2023-05-03 16:27:09.324531+00:00
[2023-05-03T16:27:12.062+0000] {standard_task_runner.py:55} INFO - Started process 538 to run task
[2023-05-03T16:27:12.084+0000] {standard_task_runner.py:82} INFO - Running: ['***', 'tasks', 'run', 'ml_pipeline', 'data_processing_task6', 'manual__2023-05-03T16:27:09.324531+00:00', '--job-id', '86', '--raw', '--subdir', 'DAGS_FOLDER/ml_pipeline.py', '--cfg-path', '/tmp/tmpbl8bhor7']
[2023-05-03T16:27:12.090+0000] {standard_task_runner.py:83} INFO - Job 86: Subtask data_processing_task6
[2023-05-03T16:27:12.307+0000] {task_command.py:389} INFO - Running <TaskInstance: ml_pipeline.data_processing_task6 manual__2023-05-03T16:27:09.324531+00:00 [running]> on host 46ed3ffab080
[2023-05-03T16:27:12.469+0000] {taskinstance.py:1518} INFO - Exporting the following env vars:
AIRFLOW_CTX_DAG_EMAIL=lequanghop844@gmail.com
AIRFLOW_CTX_DAG_OWNER=Felix Le
AIRFLOW_CTX_DAG_ID=ml_pipeline
AIRFLOW_CTX_TASK_ID=data_processing_task6
AIRFLOW_CTX_EXECUTION_DATE=2023-05-03T16:27:09.324531+00:00
AIRFLOW_CTX_TRY_NUMBER=1
AIRFLOW_CTX_DAG_RUN_ID=manual__2023-05-03T16:27:09.324531+00:00
[2023-05-03T16:27:12.472+0000] {python.py:177} INFO - Done. Returned value was: None
[2023-05-03T16:27:12.524+0000] {taskinstance.py:1332} INFO - Marking task as SUCCESS. dag_id=ml_pipeline, task_id=data_processing_task6, execution_date=20230503T162709, start_date=20230503T162712, end_date=20230503T162712
[2023-05-03T16:27:12.573+0000] {local_task_job.py:212} INFO - Task exited with return code 0
[2023-05-03T16:27:12.757+0000] {taskinstance.py:2596} INFO - 1 downstream tasks scheduled from follow-on schedule check
