[2023-05-03T17:40:21.716+0000] {taskinstance.py:1090} INFO - Dependencies all met for dep_context=non-requeueable deps ti=<TaskInstance: ml_pipeline.data_processing_task1 manual__2023-05-03T17:40:18.927310+00:00 [queued]>
[2023-05-03T17:40:21.738+0000] {taskinstance.py:1090} INFO - Dependencies all met for dep_context=requeueable deps ti=<TaskInstance: ml_pipeline.data_processing_task1 manual__2023-05-03T17:40:18.927310+00:00 [queued]>
[2023-05-03T17:40:21.740+0000] {taskinstance.py:1288} INFO - 
--------------------------------------------------------------------------------
[2023-05-03T17:40:21.743+0000] {taskinstance.py:1289} INFO - Starting attempt 1 of 1
[2023-05-03T17:40:21.745+0000] {taskinstance.py:1290} INFO - 
--------------------------------------------------------------------------------
[2023-05-03T17:40:21.770+0000] {taskinstance.py:1309} INFO - Executing <Task(PythonOperator): data_processing_task1> on 2023-05-03 17:40:18.927310+00:00
[2023-05-03T17:40:21.785+0000] {standard_task_runner.py:55} INFO - Started process 124 to run task
[2023-05-03T17:40:21.794+0000] {standard_task_runner.py:82} INFO - Running: ['***', 'tasks', 'run', 'ml_pipeline', 'data_processing_task1', 'manual__2023-05-03T17:40:18.927310+00:00', '--job-id', '185', '--raw', '--subdir', 'DAGS_FOLDER/ml_pipeline.py', '--cfg-path', '/tmp/tmpeuir3wm_']
[2023-05-03T17:40:21.798+0000] {standard_task_runner.py:83} INFO - Job 185: Subtask data_processing_task1
[2023-05-03T17:40:21.995+0000] {task_command.py:389} INFO - Running <TaskInstance: ml_pipeline.data_processing_task1 manual__2023-05-03T17:40:18.927310+00:00 [running]> on host f11d128870f2
[2023-05-03T17:40:22.087+0000] {taskinstance.py:1518} INFO - Exporting the following env vars:
AIRFLOW_CTX_DAG_EMAIL=lequanghop844@gmail.com
AIRFLOW_CTX_DAG_OWNER=Felix Le
AIRFLOW_CTX_DAG_ID=ml_pipeline
AIRFLOW_CTX_TASK_ID=data_processing_task1
AIRFLOW_CTX_EXECUTION_DATE=2023-05-03T17:40:18.927310+00:00
AIRFLOW_CTX_TRY_NUMBER=1
AIRFLOW_CTX_DAG_RUN_ID=manual__2023-05-03T17:40:18.927310+00:00
[2023-05-03T17:40:22.090+0000] {python.py:177} INFO - Done. Returned value was: None
[2023-05-03T17:40:22.102+0000] {taskinstance.py:1332} INFO - Marking task as SUCCESS. dag_id=ml_pipeline, task_id=data_processing_task1, execution_date=20230503T174018, start_date=20230503T174021, end_date=20230503T174022
[2023-05-03T17:40:22.179+0000] {local_task_job.py:212} INFO - Task exited with return code 0
[2023-05-03T17:40:22.216+0000] {taskinstance.py:2596} INFO - 0 downstream tasks scheduled from follow-on schedule check
