[2023-05-03T17:22:44.205+0000] {taskinstance.py:1090} INFO - Dependencies all met for dep_context=non-requeueable deps ti=<TaskInstance: ml_pipeline.data_processing_task1 manual__2023-05-03T17:22:41.786460+00:00 [queued]>
[2023-05-03T17:22:44.226+0000] {taskinstance.py:1090} INFO - Dependencies all met for dep_context=requeueable deps ti=<TaskInstance: ml_pipeline.data_processing_task1 manual__2023-05-03T17:22:41.786460+00:00 [queued]>
[2023-05-03T17:22:44.227+0000] {taskinstance.py:1288} INFO - 
--------------------------------------------------------------------------------
[2023-05-03T17:22:44.232+0000] {taskinstance.py:1289} INFO - Starting attempt 1 of 1
[2023-05-03T17:22:44.245+0000] {taskinstance.py:1290} INFO - 
--------------------------------------------------------------------------------
[2023-05-03T17:22:44.276+0000] {taskinstance.py:1309} INFO - Executing <Task(PythonOperator): data_processing_task1> on 2023-05-03 17:22:41.786460+00:00
[2023-05-03T17:22:44.293+0000] {standard_task_runner.py:55} INFO - Started process 301 to run task
[2023-05-03T17:22:44.299+0000] {standard_task_runner.py:82} INFO - Running: ['***', 'tasks', 'run', 'ml_pipeline', 'data_processing_task1', 'manual__2023-05-03T17:22:41.786460+00:00', '--job-id', '163', '--raw', '--subdir', 'DAGS_FOLDER/ml_pipeline.py', '--cfg-path', '/tmp/tmp2axcw1l5']
[2023-05-03T17:22:44.312+0000] {standard_task_runner.py:83} INFO - Job 163: Subtask data_processing_task1
[2023-05-03T17:22:44.489+0000] {task_command.py:389} INFO - Running <TaskInstance: ml_pipeline.data_processing_task1 manual__2023-05-03T17:22:41.786460+00:00 [running]> on host f11d128870f2
[2023-05-03T17:22:44.624+0000] {taskinstance.py:1518} INFO - Exporting the following env vars:
AIRFLOW_CTX_DAG_EMAIL=lequanghop844@gmail.com
AIRFLOW_CTX_DAG_OWNER=Felix Le
AIRFLOW_CTX_DAG_ID=ml_pipeline
AIRFLOW_CTX_TASK_ID=data_processing_task1
AIRFLOW_CTX_EXECUTION_DATE=2023-05-03T17:22:41.786460+00:00
AIRFLOW_CTX_TRY_NUMBER=1
AIRFLOW_CTX_DAG_RUN_ID=manual__2023-05-03T17:22:41.786460+00:00
[2023-05-03T17:22:44.631+0000] {python.py:177} INFO - Done. Returned value was: None
[2023-05-03T17:22:44.654+0000] {taskinstance.py:1332} INFO - Marking task as SUCCESS. dag_id=ml_pipeline, task_id=data_processing_task1, execution_date=20230503T172241, start_date=20230503T172244, end_date=20230503T172244
[2023-05-03T17:22:44.735+0000] {local_task_job.py:212} INFO - Task exited with return code 0
[2023-05-03T17:22:44.829+0000] {taskinstance.py:2596} INFO - 0 downstream tasks scheduled from follow-on schedule check
