[2023-05-07T22:35:06.896+0000] {processor.py:156} INFO - Started process (PID=120) to work on /opt/airflow/dags/utils/feature_engineering.py
[2023-05-07T22:35:06.898+0000] {processor.py:799} INFO - Processing file /opt/airflow/dags/utils/feature_engineering.py for tasks to queue
[2023-05-07T22:35:06.901+0000] {logging_mixin.py:149} INFO - [2023-05-07T22:35:06.901+0000] {dagbag.py:541} INFO - Filling up the DagBag from /opt/airflow/dags/utils/feature_engineering.py
[2023-05-07T22:35:07.323+0000] {processor.py:811} WARNING - No viable dags retrieved from /opt/airflow/dags/utils/feature_engineering.py
[2023-05-07T22:35:07.360+0000] {processor.py:178} INFO - Processing /opt/airflow/dags/utils/feature_engineering.py took 0.468 seconds
[2023-05-07T22:35:39.385+0000] {processor.py:156} INFO - Started process (PID=233) to work on /opt/airflow/dags/utils/feature_engineering.py
[2023-05-07T22:35:39.387+0000] {processor.py:799} INFO - Processing file /opt/airflow/dags/utils/feature_engineering.py for tasks to queue
[2023-05-07T22:35:39.388+0000] {logging_mixin.py:149} INFO - [2023-05-07T22:35:39.388+0000] {dagbag.py:541} INFO - Filling up the DagBag from /opt/airflow/dags/utils/feature_engineering.py
[2023-05-07T22:35:39.669+0000] {processor.py:811} WARNING - No viable dags retrieved from /opt/airflow/dags/utils/feature_engineering.py
[2023-05-07T22:35:39.683+0000] {processor.py:178} INFO - Processing /opt/airflow/dags/utils/feature_engineering.py took 0.302 seconds
[2023-05-07T22:36:11.679+0000] {processor.py:156} INFO - Started process (PID=347) to work on /opt/airflow/dags/utils/feature_engineering.py
[2023-05-07T22:36:11.680+0000] {processor.py:799} INFO - Processing file /opt/airflow/dags/utils/feature_engineering.py for tasks to queue
[2023-05-07T22:36:11.681+0000] {logging_mixin.py:149} INFO - [2023-05-07T22:36:11.681+0000] {dagbag.py:541} INFO - Filling up the DagBag from /opt/airflow/dags/utils/feature_engineering.py
[2023-05-07T22:36:11.996+0000] {processor.py:811} WARNING - No viable dags retrieved from /opt/airflow/dags/utils/feature_engineering.py
[2023-05-07T22:36:12.019+0000] {processor.py:178} INFO - Processing /opt/airflow/dags/utils/feature_engineering.py took 0.343 seconds
[2023-05-07T22:36:44.128+0000] {processor.py:156} INFO - Started process (PID=480) to work on /opt/airflow/dags/utils/feature_engineering.py
[2023-05-07T22:36:44.130+0000] {processor.py:799} INFO - Processing file /opt/airflow/dags/utils/feature_engineering.py for tasks to queue
[2023-05-07T22:36:44.132+0000] {logging_mixin.py:149} INFO - [2023-05-07T22:36:44.132+0000] {dagbag.py:541} INFO - Filling up the DagBag from /opt/airflow/dags/utils/feature_engineering.py
[2023-05-07T22:36:44.364+0000] {processor.py:811} WARNING - No viable dags retrieved from /opt/airflow/dags/utils/feature_engineering.py
[2023-05-07T22:36:44.378+0000] {processor.py:178} INFO - Processing /opt/airflow/dags/utils/feature_engineering.py took 0.253 seconds
[2023-05-07T22:37:14.976+0000] {processor.py:156} INFO - Started process (PID=594) to work on /opt/airflow/dags/utils/feature_engineering.py
[2023-05-07T22:37:14.978+0000] {processor.py:799} INFO - Processing file /opt/airflow/dags/utils/feature_engineering.py for tasks to queue
[2023-05-07T22:37:14.979+0000] {logging_mixin.py:149} INFO - [2023-05-07T22:37:14.979+0000] {dagbag.py:541} INFO - Filling up the DagBag from /opt/airflow/dags/utils/feature_engineering.py
[2023-05-07T22:37:15.213+0000] {processor.py:811} WARNING - No viable dags retrieved from /opt/airflow/dags/utils/feature_engineering.py
[2023-05-07T22:37:15.228+0000] {processor.py:178} INFO - Processing /opt/airflow/dags/utils/feature_engineering.py took 0.256 seconds
[2023-05-07T22:37:45.472+0000] {processor.py:156} INFO - Started process (PID=726) to work on /opt/airflow/dags/utils/feature_engineering.py
[2023-05-07T22:37:45.474+0000] {processor.py:799} INFO - Processing file /opt/airflow/dags/utils/feature_engineering.py for tasks to queue
[2023-05-07T22:37:45.475+0000] {logging_mixin.py:149} INFO - [2023-05-07T22:37:45.474+0000] {dagbag.py:541} INFO - Filling up the DagBag from /opt/airflow/dags/utils/feature_engineering.py
[2023-05-07T22:37:45.845+0000] {processor.py:811} WARNING - No viable dags retrieved from /opt/airflow/dags/utils/feature_engineering.py
[2023-05-07T22:37:45.862+0000] {processor.py:178} INFO - Processing /opt/airflow/dags/utils/feature_engineering.py took 0.393 seconds
[2023-05-07T22:38:15.914+0000] {processor.py:156} INFO - Started process (PID=840) to work on /opt/airflow/dags/utils/feature_engineering.py
[2023-05-07T22:38:15.916+0000] {processor.py:799} INFO - Processing file /opt/airflow/dags/utils/feature_engineering.py for tasks to queue
[2023-05-07T22:38:15.917+0000] {logging_mixin.py:149} INFO - [2023-05-07T22:38:15.917+0000] {dagbag.py:541} INFO - Filling up the DagBag from /opt/airflow/dags/utils/feature_engineering.py
[2023-05-07T22:38:16.194+0000] {processor.py:811} WARNING - No viable dags retrieved from /opt/airflow/dags/utils/feature_engineering.py
[2023-05-07T22:38:16.217+0000] {processor.py:178} INFO - Processing /opt/airflow/dags/utils/feature_engineering.py took 0.306 seconds
[2023-05-07T22:38:46.292+0000] {processor.py:156} INFO - Started process (PID=954) to work on /opt/airflow/dags/utils/feature_engineering.py
[2023-05-07T22:38:46.293+0000] {processor.py:799} INFO - Processing file /opt/airflow/dags/utils/feature_engineering.py for tasks to queue
[2023-05-07T22:38:46.294+0000] {logging_mixin.py:149} INFO - [2023-05-07T22:38:46.294+0000] {dagbag.py:541} INFO - Filling up the DagBag from /opt/airflow/dags/utils/feature_engineering.py
[2023-05-07T22:38:46.522+0000] {processor.py:811} WARNING - No viable dags retrieved from /opt/airflow/dags/utils/feature_engineering.py
[2023-05-07T22:38:46.535+0000] {processor.py:178} INFO - Processing /opt/airflow/dags/utils/feature_engineering.py took 0.246 seconds
[2023-05-07T22:39:16.712+0000] {processor.py:156} INFO - Started process (PID=1067) to work on /opt/airflow/dags/utils/feature_engineering.py
[2023-05-07T22:39:16.715+0000] {processor.py:799} INFO - Processing file /opt/airflow/dags/utils/feature_engineering.py for tasks to queue
[2023-05-07T22:39:16.717+0000] {logging_mixin.py:149} INFO - [2023-05-07T22:39:16.716+0000] {dagbag.py:541} INFO - Filling up the DagBag from /opt/airflow/dags/utils/feature_engineering.py
[2023-05-07T22:39:17.047+0000] {processor.py:811} WARNING - No viable dags retrieved from /opt/airflow/dags/utils/feature_engineering.py
[2023-05-07T22:39:17.060+0000] {processor.py:178} INFO - Processing /opt/airflow/dags/utils/feature_engineering.py took 0.358 seconds
[2023-05-07T22:39:47.316+0000] {processor.py:156} INFO - Started process (PID=1183) to work on /opt/airflow/dags/utils/feature_engineering.py
[2023-05-07T22:39:47.318+0000] {processor.py:799} INFO - Processing file /opt/airflow/dags/utils/feature_engineering.py for tasks to queue
[2023-05-07T22:39:47.320+0000] {logging_mixin.py:149} INFO - [2023-05-07T22:39:47.319+0000] {dagbag.py:541} INFO - Filling up the DagBag from /opt/airflow/dags/utils/feature_engineering.py
[2023-05-07T22:39:47.659+0000] {processor.py:811} WARNING - No viable dags retrieved from /opt/airflow/dags/utils/feature_engineering.py
[2023-05-07T22:39:47.679+0000] {processor.py:178} INFO - Processing /opt/airflow/dags/utils/feature_engineering.py took 0.366 seconds
[2023-05-07T22:40:17.843+0000] {processor.py:156} INFO - Started process (PID=1297) to work on /opt/airflow/dags/utils/feature_engineering.py
[2023-05-07T22:40:17.844+0000] {processor.py:799} INFO - Processing file /opt/airflow/dags/utils/feature_engineering.py for tasks to queue
[2023-05-07T22:40:17.846+0000] {logging_mixin.py:149} INFO - [2023-05-07T22:40:17.845+0000] {dagbag.py:541} INFO - Filling up the DagBag from /opt/airflow/dags/utils/feature_engineering.py
[2023-05-07T22:40:18.240+0000] {processor.py:811} WARNING - No viable dags retrieved from /opt/airflow/dags/utils/feature_engineering.py
[2023-05-07T22:40:18.265+0000] {processor.py:178} INFO - Processing /opt/airflow/dags/utils/feature_engineering.py took 0.427 seconds
[2023-05-07T22:40:48.660+0000] {processor.py:156} INFO - Started process (PID=1411) to work on /opt/airflow/dags/utils/feature_engineering.py
[2023-05-07T22:40:48.662+0000] {processor.py:799} INFO - Processing file /opt/airflow/dags/utils/feature_engineering.py for tasks to queue
[2023-05-07T22:40:48.663+0000] {logging_mixin.py:149} INFO - [2023-05-07T22:40:48.663+0000] {dagbag.py:541} INFO - Filling up the DagBag from /opt/airflow/dags/utils/feature_engineering.py
[2023-05-07T22:40:48.970+0000] {processor.py:811} WARNING - No viable dags retrieved from /opt/airflow/dags/utils/feature_engineering.py
[2023-05-07T22:40:48.982+0000] {processor.py:178} INFO - Processing /opt/airflow/dags/utils/feature_engineering.py took 0.325 seconds
[2023-05-07T22:44:17.860+0000] {processor.py:156} INFO - Started process (PID=128) to work on /opt/airflow/dags/utils/feature_engineering.py
[2023-05-07T22:44:17.862+0000] {processor.py:799} INFO - Processing file /opt/airflow/dags/utils/feature_engineering.py for tasks to queue
[2023-05-07T22:44:17.863+0000] {logging_mixin.py:149} INFO - [2023-05-07T22:44:17.863+0000] {dagbag.py:541} INFO - Filling up the DagBag from /opt/airflow/dags/utils/feature_engineering.py
[2023-05-07T22:44:18.123+0000] {processor.py:811} WARNING - No viable dags retrieved from /opt/airflow/dags/utils/feature_engineering.py
[2023-05-07T22:44:18.142+0000] {processor.py:178} INFO - Processing /opt/airflow/dags/utils/feature_engineering.py took 0.285 seconds
[2023-05-07T22:44:48.712+0000] {processor.py:156} INFO - Started process (PID=234) to work on /opt/airflow/dags/utils/feature_engineering.py
[2023-05-07T22:44:48.714+0000] {processor.py:799} INFO - Processing file /opt/airflow/dags/utils/feature_engineering.py for tasks to queue
[2023-05-07T22:44:48.715+0000] {logging_mixin.py:149} INFO - [2023-05-07T22:44:48.715+0000] {dagbag.py:541} INFO - Filling up the DagBag from /opt/airflow/dags/utils/feature_engineering.py
[2023-05-07T22:44:48.988+0000] {processor.py:811} WARNING - No viable dags retrieved from /opt/airflow/dags/utils/feature_engineering.py
[2023-05-07T22:44:49.007+0000] {processor.py:178} INFO - Processing /opt/airflow/dags/utils/feature_engineering.py took 0.298 seconds
[2023-05-07T22:45:19.686+0000] {processor.py:156} INFO - Started process (PID=340) to work on /opt/airflow/dags/utils/feature_engineering.py
[2023-05-07T22:45:19.688+0000] {processor.py:799} INFO - Processing file /opt/airflow/dags/utils/feature_engineering.py for tasks to queue
[2023-05-07T22:45:19.689+0000] {logging_mixin.py:149} INFO - [2023-05-07T22:45:19.688+0000] {dagbag.py:541} INFO - Filling up the DagBag from /opt/airflow/dags/utils/feature_engineering.py
[2023-05-07T22:45:19.979+0000] {processor.py:811} WARNING - No viable dags retrieved from /opt/airflow/dags/utils/feature_engineering.py
[2023-05-07T22:45:19.993+0000] {processor.py:178} INFO - Processing /opt/airflow/dags/utils/feature_engineering.py took 0.310 seconds
[2023-05-07T22:45:50.522+0000] {processor.py:156} INFO - Started process (PID=454) to work on /opt/airflow/dags/utils/feature_engineering.py
[2023-05-07T22:45:50.524+0000] {processor.py:799} INFO - Processing file /opt/airflow/dags/utils/feature_engineering.py for tasks to queue
[2023-05-07T22:45:50.524+0000] {logging_mixin.py:149} INFO - [2023-05-07T22:45:50.524+0000] {dagbag.py:541} INFO - Filling up the DagBag from /opt/airflow/dags/utils/feature_engineering.py
[2023-05-07T22:45:50.823+0000] {processor.py:811} WARNING - No viable dags retrieved from /opt/airflow/dags/utils/feature_engineering.py
[2023-05-07T22:45:50.838+0000] {processor.py:178} INFO - Processing /opt/airflow/dags/utils/feature_engineering.py took 0.319 seconds
[2023-05-07T22:46:21.235+0000] {processor.py:156} INFO - Started process (PID=568) to work on /opt/airflow/dags/utils/feature_engineering.py
[2023-05-07T22:46:21.237+0000] {processor.py:799} INFO - Processing file /opt/airflow/dags/utils/feature_engineering.py for tasks to queue
[2023-05-07T22:46:21.238+0000] {logging_mixin.py:149} INFO - [2023-05-07T22:46:21.238+0000] {dagbag.py:541} INFO - Filling up the DagBag from /opt/airflow/dags/utils/feature_engineering.py
[2023-05-07T22:46:21.538+0000] {processor.py:811} WARNING - No viable dags retrieved from /opt/airflow/dags/utils/feature_engineering.py
[2023-05-07T22:46:21.552+0000] {processor.py:178} INFO - Processing /opt/airflow/dags/utils/feature_engineering.py took 0.324 seconds
[2023-05-07T22:46:51.677+0000] {processor.py:156} INFO - Started process (PID=682) to work on /opt/airflow/dags/utils/feature_engineering.py
[2023-05-07T22:46:51.678+0000] {processor.py:799} INFO - Processing file /opt/airflow/dags/utils/feature_engineering.py for tasks to queue
[2023-05-07T22:46:51.679+0000] {logging_mixin.py:149} INFO - [2023-05-07T22:46:51.679+0000] {dagbag.py:541} INFO - Filling up the DagBag from /opt/airflow/dags/utils/feature_engineering.py
[2023-05-07T22:46:51.938+0000] {processor.py:811} WARNING - No viable dags retrieved from /opt/airflow/dags/utils/feature_engineering.py
[2023-05-07T22:46:51.953+0000] {processor.py:178} INFO - Processing /opt/airflow/dags/utils/feature_engineering.py took 0.279 seconds
[2023-05-07T22:47:22.400+0000] {processor.py:156} INFO - Started process (PID=796) to work on /opt/airflow/dags/utils/feature_engineering.py
[2023-05-07T22:47:22.401+0000] {processor.py:799} INFO - Processing file /opt/airflow/dags/utils/feature_engineering.py for tasks to queue
[2023-05-07T22:47:22.402+0000] {logging_mixin.py:149} INFO - [2023-05-07T22:47:22.402+0000] {dagbag.py:541} INFO - Filling up the DagBag from /opt/airflow/dags/utils/feature_engineering.py
[2023-05-07T22:47:22.678+0000] {processor.py:811} WARNING - No viable dags retrieved from /opt/airflow/dags/utils/feature_engineering.py
[2023-05-07T22:47:22.692+0000] {processor.py:178} INFO - Processing /opt/airflow/dags/utils/feature_engineering.py took 0.295 seconds
[2023-05-07T22:47:52.988+0000] {processor.py:156} INFO - Started process (PID=910) to work on /opt/airflow/dags/utils/feature_engineering.py
[2023-05-07T22:47:52.990+0000] {processor.py:799} INFO - Processing file /opt/airflow/dags/utils/feature_engineering.py for tasks to queue
[2023-05-07T22:47:52.991+0000] {logging_mixin.py:149} INFO - [2023-05-07T22:47:52.990+0000] {dagbag.py:541} INFO - Filling up the DagBag from /opt/airflow/dags/utils/feature_engineering.py
[2023-05-07T22:47:53.365+0000] {processor.py:811} WARNING - No viable dags retrieved from /opt/airflow/dags/utils/feature_engineering.py
[2023-05-07T22:47:53.380+0000] {processor.py:178} INFO - Processing /opt/airflow/dags/utils/feature_engineering.py took 0.394 seconds
[2023-05-07T22:51:36.619+0000] {processor.py:156} INFO - Started process (PID=129) to work on /opt/airflow/dags/utils/feature_engineering.py
[2023-05-07T22:51:36.622+0000] {processor.py:799} INFO - Processing file /opt/airflow/dags/utils/feature_engineering.py for tasks to queue
[2023-05-07T22:51:36.624+0000] {logging_mixin.py:149} INFO - [2023-05-07T22:51:36.624+0000] {dagbag.py:541} INFO - Filling up the DagBag from /opt/airflow/dags/utils/feature_engineering.py
[2023-05-07T22:51:37.775+0000] {processor.py:811} WARNING - No viable dags retrieved from /opt/airflow/dags/utils/feature_engineering.py
[2023-05-07T22:51:37.821+0000] {processor.py:178} INFO - Processing /opt/airflow/dags/utils/feature_engineering.py took 1.206 seconds
[2023-05-07T22:52:07.997+0000] {processor.py:156} INFO - Started process (PID=181) to work on /opt/airflow/dags/utils/feature_engineering.py
[2023-05-07T22:52:08.000+0000] {processor.py:799} INFO - Processing file /opt/airflow/dags/utils/feature_engineering.py for tasks to queue
[2023-05-07T22:52:08.001+0000] {logging_mixin.py:149} INFO - [2023-05-07T22:52:08.001+0000] {dagbag.py:541} INFO - Filling up the DagBag from /opt/airflow/dags/utils/feature_engineering.py
[2023-05-07T22:52:08.364+0000] {processor.py:811} WARNING - No viable dags retrieved from /opt/airflow/dags/utils/feature_engineering.py
[2023-05-07T22:52:08.396+0000] {processor.py:178} INFO - Processing /opt/airflow/dags/utils/feature_engineering.py took 0.402 seconds
[2023-05-07T22:52:38.887+0000] {processor.py:156} INFO - Started process (PID=242) to work on /opt/airflow/dags/utils/feature_engineering.py
[2023-05-07T22:52:38.890+0000] {processor.py:799} INFO - Processing file /opt/airflow/dags/utils/feature_engineering.py for tasks to queue
[2023-05-07T22:52:38.892+0000] {logging_mixin.py:149} INFO - [2023-05-07T22:52:38.892+0000] {dagbag.py:541} INFO - Filling up the DagBag from /opt/airflow/dags/utils/feature_engineering.py
[2023-05-07T22:52:39.153+0000] {processor.py:811} WARNING - No viable dags retrieved from /opt/airflow/dags/utils/feature_engineering.py
[2023-05-07T22:52:39.164+0000] {processor.py:178} INFO - Processing /opt/airflow/dags/utils/feature_engineering.py took 0.282 seconds
[2023-05-07T22:53:09.260+0000] {processor.py:156} INFO - Started process (PID=311) to work on /opt/airflow/dags/utils/feature_engineering.py
[2023-05-07T22:53:09.262+0000] {processor.py:799} INFO - Processing file /opt/airflow/dags/utils/feature_engineering.py for tasks to queue
[2023-05-07T22:53:09.263+0000] {logging_mixin.py:149} INFO - [2023-05-07T22:53:09.263+0000] {dagbag.py:541} INFO - Filling up the DagBag from /opt/airflow/dags/utils/feature_engineering.py
[2023-05-07T22:53:09.508+0000] {processor.py:811} WARNING - No viable dags retrieved from /opt/airflow/dags/utils/feature_engineering.py
[2023-05-07T22:53:09.521+0000] {processor.py:178} INFO - Processing /opt/airflow/dags/utils/feature_engineering.py took 0.266 seconds
[2023-05-07T22:53:40.367+0000] {processor.py:156} INFO - Started process (PID=372) to work on /opt/airflow/dags/utils/feature_engineering.py
[2023-05-07T22:53:40.369+0000] {processor.py:799} INFO - Processing file /opt/airflow/dags/utils/feature_engineering.py for tasks to queue
[2023-05-07T22:53:40.371+0000] {logging_mixin.py:149} INFO - [2023-05-07T22:53:40.371+0000] {dagbag.py:541} INFO - Filling up the DagBag from /opt/airflow/dags/utils/feature_engineering.py
[2023-05-07T22:53:40.597+0000] {processor.py:811} WARNING - No viable dags retrieved from /opt/airflow/dags/utils/feature_engineering.py
[2023-05-07T22:53:40.609+0000] {processor.py:178} INFO - Processing /opt/airflow/dags/utils/feature_engineering.py took 0.246 seconds
[2023-05-07T22:54:10.879+0000] {processor.py:156} INFO - Started process (PID=433) to work on /opt/airflow/dags/utils/feature_engineering.py
[2023-05-07T22:54:10.881+0000] {processor.py:799} INFO - Processing file /opt/airflow/dags/utils/feature_engineering.py for tasks to queue
[2023-05-07T22:54:10.883+0000] {logging_mixin.py:149} INFO - [2023-05-07T22:54:10.883+0000] {dagbag.py:541} INFO - Filling up the DagBag from /opt/airflow/dags/utils/feature_engineering.py
[2023-05-07T22:54:11.144+0000] {processor.py:811} WARNING - No viable dags retrieved from /opt/airflow/dags/utils/feature_engineering.py
[2023-05-07T22:54:11.157+0000] {processor.py:178} INFO - Processing /opt/airflow/dags/utils/feature_engineering.py took 0.283 seconds
[2023-05-07T22:54:41.701+0000] {processor.py:156} INFO - Started process (PID=494) to work on /opt/airflow/dags/utils/feature_engineering.py
[2023-05-07T22:54:41.704+0000] {processor.py:799} INFO - Processing file /opt/airflow/dags/utils/feature_engineering.py for tasks to queue
[2023-05-07T22:54:41.705+0000] {logging_mixin.py:149} INFO - [2023-05-07T22:54:41.705+0000] {dagbag.py:541} INFO - Filling up the DagBag from /opt/airflow/dags/utils/feature_engineering.py
[2023-05-07T22:54:41.939+0000] {processor.py:811} WARNING - No viable dags retrieved from /opt/airflow/dags/utils/feature_engineering.py
[2023-05-07T22:54:41.951+0000] {processor.py:178} INFO - Processing /opt/airflow/dags/utils/feature_engineering.py took 0.254 seconds
[2023-05-07T22:55:12.223+0000] {processor.py:156} INFO - Started process (PID=555) to work on /opt/airflow/dags/utils/feature_engineering.py
[2023-05-07T22:55:12.226+0000] {processor.py:799} INFO - Processing file /opt/airflow/dags/utils/feature_engineering.py for tasks to queue
[2023-05-07T22:55:12.227+0000] {logging_mixin.py:149} INFO - [2023-05-07T22:55:12.227+0000] {dagbag.py:541} INFO - Filling up the DagBag from /opt/airflow/dags/utils/feature_engineering.py
[2023-05-07T22:55:12.444+0000] {processor.py:811} WARNING - No viable dags retrieved from /opt/airflow/dags/utils/feature_engineering.py
[2023-05-07T22:55:12.456+0000] {processor.py:178} INFO - Processing /opt/airflow/dags/utils/feature_engineering.py took 0.237 seconds
[2023-05-07T22:55:43.173+0000] {processor.py:156} INFO - Started process (PID=616) to work on /opt/airflow/dags/utils/feature_engineering.py
[2023-05-07T22:55:43.176+0000] {processor.py:799} INFO - Processing file /opt/airflow/dags/utils/feature_engineering.py for tasks to queue
[2023-05-07T22:55:43.177+0000] {logging_mixin.py:149} INFO - [2023-05-07T22:55:43.177+0000] {dagbag.py:541} INFO - Filling up the DagBag from /opt/airflow/dags/utils/feature_engineering.py
[2023-05-07T22:55:43.397+0000] {processor.py:811} WARNING - No viable dags retrieved from /opt/airflow/dags/utils/feature_engineering.py
[2023-05-07T22:55:43.408+0000] {processor.py:178} INFO - Processing /opt/airflow/dags/utils/feature_engineering.py took 0.240 seconds
[2023-05-07T22:56:13.699+0000] {processor.py:156} INFO - Started process (PID=677) to work on /opt/airflow/dags/utils/feature_engineering.py
[2023-05-07T22:56:13.702+0000] {processor.py:799} INFO - Processing file /opt/airflow/dags/utils/feature_engineering.py for tasks to queue
[2023-05-07T22:56:13.703+0000] {logging_mixin.py:149} INFO - [2023-05-07T22:56:13.703+0000] {dagbag.py:541} INFO - Filling up the DagBag from /opt/airflow/dags/utils/feature_engineering.py
[2023-05-07T22:56:13.936+0000] {processor.py:811} WARNING - No viable dags retrieved from /opt/airflow/dags/utils/feature_engineering.py
[2023-05-07T22:56:13.948+0000] {processor.py:178} INFO - Processing /opt/airflow/dags/utils/feature_engineering.py took 0.255 seconds
[2023-05-07T22:56:44.215+0000] {processor.py:156} INFO - Started process (PID=737) to work on /opt/airflow/dags/utils/feature_engineering.py
[2023-05-07T22:56:44.217+0000] {processor.py:799} INFO - Processing file /opt/airflow/dags/utils/feature_engineering.py for tasks to queue
[2023-05-07T22:56:44.218+0000] {logging_mixin.py:149} INFO - [2023-05-07T22:56:44.218+0000] {dagbag.py:541} INFO - Filling up the DagBag from /opt/airflow/dags/utils/feature_engineering.py
[2023-05-07T22:56:44.440+0000] {processor.py:811} WARNING - No viable dags retrieved from /opt/airflow/dags/utils/feature_engineering.py
[2023-05-07T22:56:44.453+0000] {processor.py:178} INFO - Processing /opt/airflow/dags/utils/feature_engineering.py took 0.244 seconds
[2023-05-07T22:57:14.717+0000] {processor.py:156} INFO - Started process (PID=798) to work on /opt/airflow/dags/utils/feature_engineering.py
[2023-05-07T22:57:14.719+0000] {processor.py:799} INFO - Processing file /opt/airflow/dags/utils/feature_engineering.py for tasks to queue
[2023-05-07T22:57:14.720+0000] {logging_mixin.py:149} INFO - [2023-05-07T22:57:14.720+0000] {dagbag.py:541} INFO - Filling up the DagBag from /opt/airflow/dags/utils/feature_engineering.py
[2023-05-07T22:57:14.949+0000] {processor.py:811} WARNING - No viable dags retrieved from /opt/airflow/dags/utils/feature_engineering.py
[2023-05-07T22:57:14.961+0000] {processor.py:178} INFO - Processing /opt/airflow/dags/utils/feature_engineering.py took 0.249 seconds
[2023-05-07T22:57:45.480+0000] {processor.py:156} INFO - Started process (PID=859) to work on /opt/airflow/dags/utils/feature_engineering.py
[2023-05-07T22:57:45.483+0000] {processor.py:799} INFO - Processing file /opt/airflow/dags/utils/feature_engineering.py for tasks to queue
[2023-05-07T22:57:45.484+0000] {logging_mixin.py:149} INFO - [2023-05-07T22:57:45.484+0000] {dagbag.py:541} INFO - Filling up the DagBag from /opt/airflow/dags/utils/feature_engineering.py
[2023-05-07T22:57:45.707+0000] {processor.py:811} WARNING - No viable dags retrieved from /opt/airflow/dags/utils/feature_engineering.py
[2023-05-07T22:57:45.718+0000] {processor.py:178} INFO - Processing /opt/airflow/dags/utils/feature_engineering.py took 0.244 seconds
[2023-05-07T22:58:16.214+0000] {processor.py:156} INFO - Started process (PID=920) to work on /opt/airflow/dags/utils/feature_engineering.py
[2023-05-07T22:58:16.216+0000] {processor.py:799} INFO - Processing file /opt/airflow/dags/utils/feature_engineering.py for tasks to queue
[2023-05-07T22:58:16.218+0000] {logging_mixin.py:149} INFO - [2023-05-07T22:58:16.218+0000] {dagbag.py:541} INFO - Filling up the DagBag from /opt/airflow/dags/utils/feature_engineering.py
[2023-05-07T22:58:16.448+0000] {processor.py:811} WARNING - No viable dags retrieved from /opt/airflow/dags/utils/feature_engineering.py
[2023-05-07T22:58:16.460+0000] {processor.py:178} INFO - Processing /opt/airflow/dags/utils/feature_engineering.py took 0.252 seconds
[2023-05-07T22:58:47.044+0000] {processor.py:156} INFO - Started process (PID=981) to work on /opt/airflow/dags/utils/feature_engineering.py
[2023-05-07T22:58:47.046+0000] {processor.py:799} INFO - Processing file /opt/airflow/dags/utils/feature_engineering.py for tasks to queue
[2023-05-07T22:58:47.048+0000] {logging_mixin.py:149} INFO - [2023-05-07T22:58:47.048+0000] {dagbag.py:541} INFO - Filling up the DagBag from /opt/airflow/dags/utils/feature_engineering.py
[2023-05-07T22:58:47.285+0000] {processor.py:811} WARNING - No viable dags retrieved from /opt/airflow/dags/utils/feature_engineering.py
[2023-05-07T22:58:47.296+0000] {processor.py:178} INFO - Processing /opt/airflow/dags/utils/feature_engineering.py took 0.257 seconds
[2023-05-07T22:59:17.863+0000] {processor.py:156} INFO - Started process (PID=1042) to work on /opt/airflow/dags/utils/feature_engineering.py
[2023-05-07T22:59:17.866+0000] {processor.py:799} INFO - Processing file /opt/airflow/dags/utils/feature_engineering.py for tasks to queue
[2023-05-07T22:59:17.868+0000] {logging_mixin.py:149} INFO - [2023-05-07T22:59:17.868+0000] {dagbag.py:541} INFO - Filling up the DagBag from /opt/airflow/dags/utils/feature_engineering.py
[2023-05-07T22:59:18.092+0000] {processor.py:811} WARNING - No viable dags retrieved from /opt/airflow/dags/utils/feature_engineering.py
[2023-05-07T22:59:18.103+0000] {processor.py:178} INFO - Processing /opt/airflow/dags/utils/feature_engineering.py took 0.244 seconds
[2023-05-07T22:59:48.660+0000] {processor.py:156} INFO - Started process (PID=1103) to work on /opt/airflow/dags/utils/feature_engineering.py
[2023-05-07T22:59:48.661+0000] {processor.py:799} INFO - Processing file /opt/airflow/dags/utils/feature_engineering.py for tasks to queue
[2023-05-07T22:59:48.662+0000] {logging_mixin.py:149} INFO - [2023-05-07T22:59:48.662+0000] {dagbag.py:541} INFO - Filling up the DagBag from /opt/airflow/dags/utils/feature_engineering.py
[2023-05-07T22:59:48.894+0000] {processor.py:811} WARNING - No viable dags retrieved from /opt/airflow/dags/utils/feature_engineering.py
[2023-05-07T22:59:48.906+0000] {processor.py:178} INFO - Processing /opt/airflow/dags/utils/feature_engineering.py took 0.249 seconds
[2023-05-07T23:04:01.125+0000] {processor.py:156} INFO - Started process (PID=59) to work on /opt/airflow/dags/utils/feature_engineering.py
[2023-05-07T23:04:01.127+0000] {processor.py:799} INFO - Processing file /opt/airflow/dags/utils/feature_engineering.py for tasks to queue
[2023-05-07T23:04:01.128+0000] {logging_mixin.py:149} INFO - [2023-05-07T23:04:01.128+0000] {dagbag.py:541} INFO - Filling up the DagBag from /opt/airflow/dags/utils/feature_engineering.py
[2023-05-07T23:04:01.463+0000] {processor.py:811} WARNING - No viable dags retrieved from /opt/airflow/dags/utils/feature_engineering.py
[2023-05-07T23:04:01.502+0000] {processor.py:178} INFO - Processing /opt/airflow/dags/utils/feature_engineering.py took 0.380 seconds
[2023-05-07T23:04:31.759+0000] {processor.py:156} INFO - Started process (PID=113) to work on /opt/airflow/dags/utils/feature_engineering.py
[2023-05-07T23:04:31.761+0000] {processor.py:799} INFO - Processing file /opt/airflow/dags/utils/feature_engineering.py for tasks to queue
[2023-05-07T23:04:31.761+0000] {logging_mixin.py:149} INFO - [2023-05-07T23:04:31.761+0000] {dagbag.py:541} INFO - Filling up the DagBag from /opt/airflow/dags/utils/feature_engineering.py
[2023-05-07T23:04:31.980+0000] {processor.py:811} WARNING - No viable dags retrieved from /opt/airflow/dags/utils/feature_engineering.py
[2023-05-07T23:04:31.992+0000] {processor.py:178} INFO - Processing /opt/airflow/dags/utils/feature_engineering.py took 0.235 seconds
[2023-05-07T23:05:02.213+0000] {processor.py:156} INFO - Started process (PID=166) to work on /opt/airflow/dags/utils/feature_engineering.py
[2023-05-07T23:05:02.214+0000] {processor.py:799} INFO - Processing file /opt/airflow/dags/utils/feature_engineering.py for tasks to queue
[2023-05-07T23:05:02.214+0000] {logging_mixin.py:149} INFO - [2023-05-07T23:05:02.214+0000] {dagbag.py:541} INFO - Filling up the DagBag from /opt/airflow/dags/utils/feature_engineering.py
[2023-05-07T23:05:02.421+0000] {processor.py:811} WARNING - No viable dags retrieved from /opt/airflow/dags/utils/feature_engineering.py
[2023-05-07T23:05:02.433+0000] {processor.py:178} INFO - Processing /opt/airflow/dags/utils/feature_engineering.py took 0.224 seconds
[2023-05-07T23:05:32.665+0000] {processor.py:156} INFO - Started process (PID=219) to work on /opt/airflow/dags/utils/feature_engineering.py
[2023-05-07T23:05:32.666+0000] {processor.py:799} INFO - Processing file /opt/airflow/dags/utils/feature_engineering.py for tasks to queue
[2023-05-07T23:05:32.667+0000] {logging_mixin.py:149} INFO - [2023-05-07T23:05:32.667+0000] {dagbag.py:541} INFO - Filling up the DagBag from /opt/airflow/dags/utils/feature_engineering.py
[2023-05-07T23:05:32.876+0000] {processor.py:811} WARNING - No viable dags retrieved from /opt/airflow/dags/utils/feature_engineering.py
[2023-05-07T23:05:32.888+0000] {processor.py:178} INFO - Processing /opt/airflow/dags/utils/feature_engineering.py took 0.226 seconds
[2023-05-07T23:06:03.082+0000] {processor.py:156} INFO - Started process (PID=272) to work on /opt/airflow/dags/utils/feature_engineering.py
[2023-05-07T23:06:03.083+0000] {processor.py:799} INFO - Processing file /opt/airflow/dags/utils/feature_engineering.py for tasks to queue
[2023-05-07T23:06:03.084+0000] {logging_mixin.py:149} INFO - [2023-05-07T23:06:03.084+0000] {dagbag.py:541} INFO - Filling up the DagBag from /opt/airflow/dags/utils/feature_engineering.py
[2023-05-07T23:06:03.295+0000] {processor.py:811} WARNING - No viable dags retrieved from /opt/airflow/dags/utils/feature_engineering.py
[2023-05-07T23:06:03.307+0000] {processor.py:178} INFO - Processing /opt/airflow/dags/utils/feature_engineering.py took 0.228 seconds
[2023-05-07T23:06:33.556+0000] {processor.py:156} INFO - Started process (PID=325) to work on /opt/airflow/dags/utils/feature_engineering.py
[2023-05-07T23:06:33.557+0000] {processor.py:799} INFO - Processing file /opt/airflow/dags/utils/feature_engineering.py for tasks to queue
[2023-05-07T23:06:33.558+0000] {logging_mixin.py:149} INFO - [2023-05-07T23:06:33.558+0000] {dagbag.py:541} INFO - Filling up the DagBag from /opt/airflow/dags/utils/feature_engineering.py
[2023-05-07T23:06:33.767+0000] {processor.py:811} WARNING - No viable dags retrieved from /opt/airflow/dags/utils/feature_engineering.py
[2023-05-07T23:06:33.779+0000] {processor.py:178} INFO - Processing /opt/airflow/dags/utils/feature_engineering.py took 0.225 seconds
[2023-05-07T23:07:03.991+0000] {processor.py:156} INFO - Started process (PID=378) to work on /opt/airflow/dags/utils/feature_engineering.py
[2023-05-07T23:07:03.992+0000] {processor.py:799} INFO - Processing file /opt/airflow/dags/utils/feature_engineering.py for tasks to queue
[2023-05-07T23:07:03.992+0000] {logging_mixin.py:149} INFO - [2023-05-07T23:07:03.992+0000] {dagbag.py:541} INFO - Filling up the DagBag from /opt/airflow/dags/utils/feature_engineering.py
[2023-05-07T23:07:04.200+0000] {processor.py:811} WARNING - No viable dags retrieved from /opt/airflow/dags/utils/feature_engineering.py
[2023-05-07T23:07:04.212+0000] {processor.py:178} INFO - Processing /opt/airflow/dags/utils/feature_engineering.py took 0.224 seconds
[2023-05-07T23:07:34.296+0000] {processor.py:156} INFO - Started process (PID=430) to work on /opt/airflow/dags/utils/feature_engineering.py
[2023-05-07T23:07:34.302+0000] {processor.py:799} INFO - Processing file /opt/airflow/dags/utils/feature_engineering.py for tasks to queue
[2023-05-07T23:07:34.304+0000] {logging_mixin.py:149} INFO - [2023-05-07T23:07:34.303+0000] {dagbag.py:541} INFO - Filling up the DagBag from /opt/airflow/dags/utils/feature_engineering.py
[2023-05-07T23:07:34.630+0000] {processor.py:811} WARNING - No viable dags retrieved from /opt/airflow/dags/utils/feature_engineering.py
[2023-05-07T23:07:34.642+0000] {processor.py:178} INFO - Processing /opt/airflow/dags/utils/feature_engineering.py took 0.348 seconds
[2023-05-07T23:08:05.445+0000] {processor.py:156} INFO - Started process (PID=483) to work on /opt/airflow/dags/utils/feature_engineering.py
[2023-05-07T23:08:05.452+0000] {processor.py:799} INFO - Processing file /opt/airflow/dags/utils/feature_engineering.py for tasks to queue
[2023-05-07T23:08:05.459+0000] {logging_mixin.py:149} INFO - [2023-05-07T23:08:05.459+0000] {dagbag.py:541} INFO - Filling up the DagBag from /opt/airflow/dags/utils/feature_engineering.py
[2023-05-07T23:08:05.772+0000] {processor.py:811} WARNING - No viable dags retrieved from /opt/airflow/dags/utils/feature_engineering.py
[2023-05-07T23:08:05.797+0000] {processor.py:178} INFO - Processing /opt/airflow/dags/utils/feature_engineering.py took 0.359 seconds
[2023-05-07T23:08:36.720+0000] {processor.py:156} INFO - Started process (PID=536) to work on /opt/airflow/dags/utils/feature_engineering.py
[2023-05-07T23:08:36.722+0000] {processor.py:799} INFO - Processing file /opt/airflow/dags/utils/feature_engineering.py for tasks to queue
[2023-05-07T23:08:36.723+0000] {logging_mixin.py:149} INFO - [2023-05-07T23:08:36.723+0000] {dagbag.py:541} INFO - Filling up the DagBag from /opt/airflow/dags/utils/feature_engineering.py
[2023-05-07T23:08:37.016+0000] {processor.py:811} WARNING - No viable dags retrieved from /opt/airflow/dags/utils/feature_engineering.py
[2023-05-07T23:08:37.042+0000] {processor.py:178} INFO - Processing /opt/airflow/dags/utils/feature_engineering.py took 0.328 seconds
[2023-05-07T23:09:07.429+0000] {processor.py:156} INFO - Started process (PID=590) to work on /opt/airflow/dags/utils/feature_engineering.py
[2023-05-07T23:09:07.430+0000] {processor.py:799} INFO - Processing file /opt/airflow/dags/utils/feature_engineering.py for tasks to queue
[2023-05-07T23:09:07.431+0000] {logging_mixin.py:149} INFO - [2023-05-07T23:09:07.431+0000] {dagbag.py:541} INFO - Filling up the DagBag from /opt/airflow/dags/utils/feature_engineering.py
[2023-05-07T23:09:07.791+0000] {processor.py:811} WARNING - No viable dags retrieved from /opt/airflow/dags/utils/feature_engineering.py
[2023-05-07T23:09:07.805+0000] {processor.py:178} INFO - Processing /opt/airflow/dags/utils/feature_engineering.py took 0.379 seconds
[2023-05-07T23:09:38.047+0000] {processor.py:156} INFO - Started process (PID=643) to work on /opt/airflow/dags/utils/feature_engineering.py
[2023-05-07T23:09:38.049+0000] {processor.py:799} INFO - Processing file /opt/airflow/dags/utils/feature_engineering.py for tasks to queue
[2023-05-07T23:09:38.050+0000] {logging_mixin.py:149} INFO - [2023-05-07T23:09:38.049+0000] {dagbag.py:541} INFO - Filling up the DagBag from /opt/airflow/dags/utils/feature_engineering.py
[2023-05-07T23:09:38.354+0000] {processor.py:811} WARNING - No viable dags retrieved from /opt/airflow/dags/utils/feature_engineering.py
[2023-05-07T23:09:38.379+0000] {processor.py:178} INFO - Processing /opt/airflow/dags/utils/feature_engineering.py took 0.335 seconds
[2023-05-07T23:10:09.218+0000] {processor.py:156} INFO - Started process (PID=696) to work on /opt/airflow/dags/utils/feature_engineering.py
[2023-05-07T23:10:09.220+0000] {processor.py:799} INFO - Processing file /opt/airflow/dags/utils/feature_engineering.py for tasks to queue
[2023-05-07T23:10:09.220+0000] {logging_mixin.py:149} INFO - [2023-05-07T23:10:09.220+0000] {dagbag.py:541} INFO - Filling up the DagBag from /opt/airflow/dags/utils/feature_engineering.py
[2023-05-07T23:10:09.504+0000] {processor.py:811} WARNING - No viable dags retrieved from /opt/airflow/dags/utils/feature_engineering.py
[2023-05-07T23:10:09.519+0000] {processor.py:178} INFO - Processing /opt/airflow/dags/utils/feature_engineering.py took 0.303 seconds
[2023-05-07T23:10:40.248+0000] {processor.py:156} INFO - Started process (PID=749) to work on /opt/airflow/dags/utils/feature_engineering.py
[2023-05-07T23:10:40.250+0000] {processor.py:799} INFO - Processing file /opt/airflow/dags/utils/feature_engineering.py for tasks to queue
[2023-05-07T23:10:40.251+0000] {logging_mixin.py:149} INFO - [2023-05-07T23:10:40.251+0000] {dagbag.py:541} INFO - Filling up the DagBag from /opt/airflow/dags/utils/feature_engineering.py
[2023-05-07T23:10:40.518+0000] {processor.py:811} WARNING - No viable dags retrieved from /opt/airflow/dags/utils/feature_engineering.py
[2023-05-07T23:10:40.531+0000] {processor.py:178} INFO - Processing /opt/airflow/dags/utils/feature_engineering.py took 0.285 seconds
[2023-05-07T23:11:11.301+0000] {processor.py:156} INFO - Started process (PID=802) to work on /opt/airflow/dags/utils/feature_engineering.py
[2023-05-07T23:11:11.302+0000] {processor.py:799} INFO - Processing file /opt/airflow/dags/utils/feature_engineering.py for tasks to queue
[2023-05-07T23:11:11.303+0000] {logging_mixin.py:149} INFO - [2023-05-07T23:11:11.303+0000] {dagbag.py:541} INFO - Filling up the DagBag from /opt/airflow/dags/utils/feature_engineering.py
[2023-05-07T23:11:11.571+0000] {processor.py:811} WARNING - No viable dags retrieved from /opt/airflow/dags/utils/feature_engineering.py
[2023-05-07T23:11:11.584+0000] {processor.py:178} INFO - Processing /opt/airflow/dags/utils/feature_engineering.py took 0.286 seconds
[2023-05-07T23:11:42.323+0000] {processor.py:156} INFO - Started process (PID=856) to work on /opt/airflow/dags/utils/feature_engineering.py
[2023-05-07T23:11:42.325+0000] {processor.py:799} INFO - Processing file /opt/airflow/dags/utils/feature_engineering.py for tasks to queue
[2023-05-07T23:11:42.326+0000] {logging_mixin.py:149} INFO - [2023-05-07T23:11:42.326+0000] {dagbag.py:541} INFO - Filling up the DagBag from /opt/airflow/dags/utils/feature_engineering.py
[2023-05-07T23:11:42.610+0000] {processor.py:811} WARNING - No viable dags retrieved from /opt/airflow/dags/utils/feature_engineering.py
[2023-05-07T23:11:42.624+0000] {processor.py:178} INFO - Processing /opt/airflow/dags/utils/feature_engineering.py took 0.305 seconds
[2023-05-07T23:12:13.406+0000] {processor.py:156} INFO - Started process (PID=909) to work on /opt/airflow/dags/utils/feature_engineering.py
[2023-05-07T23:12:13.408+0000] {processor.py:799} INFO - Processing file /opt/airflow/dags/utils/feature_engineering.py for tasks to queue
[2023-05-07T23:12:13.410+0000] {logging_mixin.py:149} INFO - [2023-05-07T23:12:13.410+0000] {dagbag.py:541} INFO - Filling up the DagBag from /opt/airflow/dags/utils/feature_engineering.py
[2023-05-07T23:12:13.673+0000] {processor.py:811} WARNING - No viable dags retrieved from /opt/airflow/dags/utils/feature_engineering.py
[2023-05-07T23:12:13.686+0000] {processor.py:178} INFO - Processing /opt/airflow/dags/utils/feature_engineering.py took 0.286 seconds
[2023-05-07T23:12:44.482+0000] {processor.py:156} INFO - Started process (PID=962) to work on /opt/airflow/dags/utils/feature_engineering.py
[2023-05-07T23:12:44.485+0000] {processor.py:799} INFO - Processing file /opt/airflow/dags/utils/feature_engineering.py for tasks to queue
[2023-05-07T23:12:44.486+0000] {logging_mixin.py:149} INFO - [2023-05-07T23:12:44.486+0000] {dagbag.py:541} INFO - Filling up the DagBag from /opt/airflow/dags/utils/feature_engineering.py
[2023-05-07T23:12:44.751+0000] {processor.py:811} WARNING - No viable dags retrieved from /opt/airflow/dags/utils/feature_engineering.py
[2023-05-07T23:12:44.762+0000] {processor.py:178} INFO - Processing /opt/airflow/dags/utils/feature_engineering.py took 0.287 seconds
[2023-05-07T23:13:15.456+0000] {processor.py:156} INFO - Started process (PID=1015) to work on /opt/airflow/dags/utils/feature_engineering.py
[2023-05-07T23:13:15.458+0000] {processor.py:799} INFO - Processing file /opt/airflow/dags/utils/feature_engineering.py for tasks to queue
[2023-05-07T23:13:15.460+0000] {logging_mixin.py:149} INFO - [2023-05-07T23:13:15.460+0000] {dagbag.py:541} INFO - Filling up the DagBag from /opt/airflow/dags/utils/feature_engineering.py
[2023-05-07T23:13:15.707+0000] {processor.py:811} WARNING - No viable dags retrieved from /opt/airflow/dags/utils/feature_engineering.py
[2023-05-07T23:13:15.720+0000] {processor.py:178} INFO - Processing /opt/airflow/dags/utils/feature_engineering.py took 0.270 seconds
[2023-05-07T23:13:46.466+0000] {processor.py:156} INFO - Started process (PID=1068) to work on /opt/airflow/dags/utils/feature_engineering.py
[2023-05-07T23:13:46.469+0000] {processor.py:799} INFO - Processing file /opt/airflow/dags/utils/feature_engineering.py for tasks to queue
[2023-05-07T23:13:46.470+0000] {logging_mixin.py:149} INFO - [2023-05-07T23:13:46.470+0000] {dagbag.py:541} INFO - Filling up the DagBag from /opt/airflow/dags/utils/feature_engineering.py
[2023-05-07T23:13:46.744+0000] {processor.py:811} WARNING - No viable dags retrieved from /opt/airflow/dags/utils/feature_engineering.py
[2023-05-07T23:13:46.757+0000] {processor.py:178} INFO - Processing /opt/airflow/dags/utils/feature_engineering.py took 0.297 seconds
[2023-05-07T23:14:16.797+0000] {processor.py:156} INFO - Started process (PID=1121) to work on /opt/airflow/dags/utils/feature_engineering.py
[2023-05-07T23:14:16.798+0000] {processor.py:799} INFO - Processing file /opt/airflow/dags/utils/feature_engineering.py for tasks to queue
[2023-05-07T23:14:16.799+0000] {logging_mixin.py:149} INFO - [2023-05-07T23:14:16.799+0000] {dagbag.py:541} INFO - Filling up the DagBag from /opt/airflow/dags/utils/feature_engineering.py
[2023-05-07T23:14:17.048+0000] {processor.py:811} WARNING - No viable dags retrieved from /opt/airflow/dags/utils/feature_engineering.py
[2023-05-07T23:14:17.060+0000] {processor.py:178} INFO - Processing /opt/airflow/dags/utils/feature_engineering.py took 0.266 seconds
[2023-05-07T23:14:47.869+0000] {processor.py:156} INFO - Started process (PID=1173) to work on /opt/airflow/dags/utils/feature_engineering.py
[2023-05-07T23:14:47.875+0000] {processor.py:799} INFO - Processing file /opt/airflow/dags/utils/feature_engineering.py for tasks to queue
[2023-05-07T23:14:47.876+0000] {logging_mixin.py:149} INFO - [2023-05-07T23:14:47.876+0000] {dagbag.py:541} INFO - Filling up the DagBag from /opt/airflow/dags/utils/feature_engineering.py
[2023-05-07T23:14:48.149+0000] {processor.py:811} WARNING - No viable dags retrieved from /opt/airflow/dags/utils/feature_engineering.py
[2023-05-07T23:14:48.181+0000] {processor.py:178} INFO - Processing /opt/airflow/dags/utils/feature_engineering.py took 0.315 seconds
[2023-05-07T23:15:19.019+0000] {processor.py:156} INFO - Started process (PID=1226) to work on /opt/airflow/dags/utils/feature_engineering.py
[2023-05-07T23:15:19.020+0000] {processor.py:799} INFO - Processing file /opt/airflow/dags/utils/feature_engineering.py for tasks to queue
[2023-05-07T23:15:19.021+0000] {logging_mixin.py:149} INFO - [2023-05-07T23:15:19.021+0000] {dagbag.py:541} INFO - Filling up the DagBag from /opt/airflow/dags/utils/feature_engineering.py
[2023-05-07T23:15:19.257+0000] {processor.py:811} WARNING - No viable dags retrieved from /opt/airflow/dags/utils/feature_engineering.py
[2023-05-07T23:15:19.290+0000] {processor.py:178} INFO - Processing /opt/airflow/dags/utils/feature_engineering.py took 0.274 seconds
[2023-05-07T23:15:50.120+0000] {processor.py:156} INFO - Started process (PID=1272) to work on /opt/airflow/dags/utils/feature_engineering.py
[2023-05-07T23:15:50.132+0000] {processor.py:799} INFO - Processing file /opt/airflow/dags/utils/feature_engineering.py for tasks to queue
[2023-05-07T23:15:50.140+0000] {logging_mixin.py:149} INFO - [2023-05-07T23:15:50.140+0000] {dagbag.py:541} INFO - Filling up the DagBag from /opt/airflow/dags/utils/feature_engineering.py
[2023-05-07T23:15:50.387+0000] {processor.py:811} WARNING - No viable dags retrieved from /opt/airflow/dags/utils/feature_engineering.py
[2023-05-07T23:15:50.401+0000] {processor.py:178} INFO - Processing /opt/airflow/dags/utils/feature_engineering.py took 0.287 seconds
[2023-05-07T23:16:21.272+0000] {processor.py:156} INFO - Started process (PID=1332) to work on /opt/airflow/dags/utils/feature_engineering.py
[2023-05-07T23:16:21.274+0000] {processor.py:799} INFO - Processing file /opt/airflow/dags/utils/feature_engineering.py for tasks to queue
[2023-05-07T23:16:21.280+0000] {logging_mixin.py:149} INFO - [2023-05-07T23:16:21.279+0000] {dagbag.py:541} INFO - Filling up the DagBag from /opt/airflow/dags/utils/feature_engineering.py
[2023-05-07T23:16:21.543+0000] {processor.py:811} WARNING - No viable dags retrieved from /opt/airflow/dags/utils/feature_engineering.py
[2023-05-07T23:16:21.573+0000] {processor.py:178} INFO - Processing /opt/airflow/dags/utils/feature_engineering.py took 0.308 seconds
[2023-05-07T23:16:52.360+0000] {processor.py:156} INFO - Started process (PID=1385) to work on /opt/airflow/dags/utils/feature_engineering.py
[2023-05-07T23:16:52.362+0000] {processor.py:799} INFO - Processing file /opt/airflow/dags/utils/feature_engineering.py for tasks to queue
[2023-05-07T23:16:52.364+0000] {logging_mixin.py:149} INFO - [2023-05-07T23:16:52.364+0000] {dagbag.py:541} INFO - Filling up the DagBag from /opt/airflow/dags/utils/feature_engineering.py
[2023-05-07T23:16:52.663+0000] {processor.py:811} WARNING - No viable dags retrieved from /opt/airflow/dags/utils/feature_engineering.py
[2023-05-07T23:16:52.690+0000] {processor.py:178} INFO - Processing /opt/airflow/dags/utils/feature_engineering.py took 0.337 seconds
[2023-05-07T23:21:20.795+0000] {processor.py:156} INFO - Started process (PID=68) to work on /opt/airflow/dags/utils/feature_engineering.py
[2023-05-07T23:21:20.800+0000] {processor.py:799} INFO - Processing file /opt/airflow/dags/utils/feature_engineering.py for tasks to queue
[2023-05-07T23:21:20.813+0000] {logging_mixin.py:149} INFO - [2023-05-07T23:21:20.813+0000] {dagbag.py:541} INFO - Filling up the DagBag from /opt/airflow/dags/utils/feature_engineering.py
[2023-05-07T23:21:21.990+0000] {processor.py:811} WARNING - No viable dags retrieved from /opt/airflow/dags/utils/feature_engineering.py
[2023-05-07T23:21:22.138+0000] {processor.py:178} INFO - Processing /opt/airflow/dags/utils/feature_engineering.py took 1.348 seconds
[2023-05-07T23:21:52.382+0000] {processor.py:156} INFO - Started process (PID=120) to work on /opt/airflow/dags/utils/feature_engineering.py
[2023-05-07T23:21:52.383+0000] {processor.py:799} INFO - Processing file /opt/airflow/dags/utils/feature_engineering.py for tasks to queue
[2023-05-07T23:21:52.384+0000] {logging_mixin.py:149} INFO - [2023-05-07T23:21:52.384+0000] {dagbag.py:541} INFO - Filling up the DagBag from /opt/airflow/dags/utils/feature_engineering.py
[2023-05-07T23:21:52.671+0000] {processor.py:811} WARNING - No viable dags retrieved from /opt/airflow/dags/utils/feature_engineering.py
[2023-05-07T23:21:52.689+0000] {processor.py:178} INFO - Processing /opt/airflow/dags/utils/feature_engineering.py took 0.311 seconds
[2023-05-07T23:22:23.047+0000] {processor.py:156} INFO - Started process (PID=189) to work on /opt/airflow/dags/utils/feature_engineering.py
[2023-05-07T23:22:23.053+0000] {processor.py:799} INFO - Processing file /opt/airflow/dags/utils/feature_engineering.py for tasks to queue
[2023-05-07T23:22:23.054+0000] {logging_mixin.py:149} INFO - [2023-05-07T23:22:23.054+0000] {dagbag.py:541} INFO - Filling up the DagBag from /opt/airflow/dags/utils/feature_engineering.py
[2023-05-07T23:22:23.304+0000] {processor.py:811} WARNING - No viable dags retrieved from /opt/airflow/dags/utils/feature_engineering.py
[2023-05-07T23:22:23.316+0000] {processor.py:178} INFO - Processing /opt/airflow/dags/utils/feature_engineering.py took 0.276 seconds
[2023-05-07T23:22:53.806+0000] {processor.py:156} INFO - Started process (PID=251) to work on /opt/airflow/dags/utils/feature_engineering.py
[2023-05-07T23:22:53.807+0000] {processor.py:799} INFO - Processing file /opt/airflow/dags/utils/feature_engineering.py for tasks to queue
[2023-05-07T23:22:53.809+0000] {logging_mixin.py:149} INFO - [2023-05-07T23:22:53.808+0000] {dagbag.py:541} INFO - Filling up the DagBag from /opt/airflow/dags/utils/feature_engineering.py
[2023-05-07T23:22:54.056+0000] {processor.py:811} WARNING - No viable dags retrieved from /opt/airflow/dags/utils/feature_engineering.py
[2023-05-07T23:22:54.070+0000] {processor.py:178} INFO - Processing /opt/airflow/dags/utils/feature_engineering.py took 0.267 seconds
[2023-05-07T23:23:24.468+0000] {processor.py:156} INFO - Started process (PID=295) to work on /opt/airflow/dags/utils/feature_engineering.py
[2023-05-07T23:23:24.469+0000] {processor.py:799} INFO - Processing file /opt/airflow/dags/utils/feature_engineering.py for tasks to queue
[2023-05-07T23:23:24.471+0000] {logging_mixin.py:149} INFO - [2023-05-07T23:23:24.470+0000] {dagbag.py:541} INFO - Filling up the DagBag from /opt/airflow/dags/utils/feature_engineering.py
[2023-05-07T23:23:24.750+0000] {processor.py:811} WARNING - No viable dags retrieved from /opt/airflow/dags/utils/feature_engineering.py
[2023-05-07T23:23:24.763+0000] {processor.py:178} INFO - Processing /opt/airflow/dags/utils/feature_engineering.py took 0.301 seconds
[2023-05-07T23:23:55.052+0000] {processor.py:156} INFO - Started process (PID=356) to work on /opt/airflow/dags/utils/feature_engineering.py
[2023-05-07T23:23:55.054+0000] {processor.py:799} INFO - Processing file /opt/airflow/dags/utils/feature_engineering.py for tasks to queue
[2023-05-07T23:23:55.055+0000] {logging_mixin.py:149} INFO - [2023-05-07T23:23:55.055+0000] {dagbag.py:541} INFO - Filling up the DagBag from /opt/airflow/dags/utils/feature_engineering.py
[2023-05-07T23:23:55.315+0000] {processor.py:811} WARNING - No viable dags retrieved from /opt/airflow/dags/utils/feature_engineering.py
[2023-05-07T23:23:55.329+0000] {processor.py:178} INFO - Processing /opt/airflow/dags/utils/feature_engineering.py took 0.281 seconds
[2023-05-07T23:24:25.510+0000] {processor.py:156} INFO - Started process (PID=417) to work on /opt/airflow/dags/utils/feature_engineering.py
[2023-05-07T23:24:25.511+0000] {processor.py:799} INFO - Processing file /opt/airflow/dags/utils/feature_engineering.py for tasks to queue
[2023-05-07T23:24:25.512+0000] {logging_mixin.py:149} INFO - [2023-05-07T23:24:25.512+0000] {dagbag.py:541} INFO - Filling up the DagBag from /opt/airflow/dags/utils/feature_engineering.py
[2023-05-07T23:24:25.864+0000] {processor.py:811} WARNING - No viable dags retrieved from /opt/airflow/dags/utils/feature_engineering.py
[2023-05-07T23:24:25.883+0000] {processor.py:178} INFO - Processing /opt/airflow/dags/utils/feature_engineering.py took 0.377 seconds
[2023-05-07T23:24:56.323+0000] {processor.py:156} INFO - Started process (PID=496) to work on /opt/airflow/dags/utils/feature_engineering.py
[2023-05-07T23:24:56.324+0000] {processor.py:799} INFO - Processing file /opt/airflow/dags/utils/feature_engineering.py for tasks to queue
[2023-05-07T23:24:56.325+0000] {logging_mixin.py:149} INFO - [2023-05-07T23:24:56.325+0000] {dagbag.py:541} INFO - Filling up the DagBag from /opt/airflow/dags/utils/feature_engineering.py
[2023-05-07T23:24:56.595+0000] {processor.py:811} WARNING - No viable dags retrieved from /opt/airflow/dags/utils/feature_engineering.py
[2023-05-07T23:24:56.609+0000] {processor.py:178} INFO - Processing /opt/airflow/dags/utils/feature_engineering.py took 0.290 seconds
[2023-05-07T23:26:21.087+0000] {processor.py:156} INFO - Started process (PID=66) to work on /opt/airflow/dags/utils/feature_engineering.py
[2023-05-07T23:26:21.089+0000] {processor.py:799} INFO - Processing file /opt/airflow/dags/utils/feature_engineering.py for tasks to queue
[2023-05-07T23:26:21.090+0000] {logging_mixin.py:149} INFO - [2023-05-07T23:26:21.090+0000] {dagbag.py:541} INFO - Filling up the DagBag from /opt/airflow/dags/utils/feature_engineering.py
[2023-05-07T23:26:21.417+0000] {processor.py:811} WARNING - No viable dags retrieved from /opt/airflow/dags/utils/feature_engineering.py
[2023-05-07T23:26:21.432+0000] {processor.py:178} INFO - Processing /opt/airflow/dags/utils/feature_engineering.py took 0.348 seconds
[2023-05-07T23:26:52.901+0000] {processor.py:156} INFO - Started process (PID=127) to work on /opt/airflow/dags/utils/feature_engineering.py
[2023-05-07T23:26:52.903+0000] {processor.py:799} INFO - Processing file /opt/airflow/dags/utils/feature_engineering.py for tasks to queue
[2023-05-07T23:26:52.904+0000] {logging_mixin.py:149} INFO - [2023-05-07T23:26:52.904+0000] {dagbag.py:541} INFO - Filling up the DagBag from /opt/airflow/dags/utils/feature_engineering.py
[2023-05-07T23:26:53.251+0000] {processor.py:811} WARNING - No viable dags retrieved from /opt/airflow/dags/utils/feature_engineering.py
[2023-05-07T23:26:53.273+0000] {processor.py:178} INFO - Processing /opt/airflow/dags/utils/feature_engineering.py took 0.375 seconds
[2023-05-07T23:27:25.149+0000] {processor.py:156} INFO - Started process (PID=209) to work on /opt/airflow/dags/utils/feature_engineering.py
[2023-05-07T23:27:25.150+0000] {processor.py:799} INFO - Processing file /opt/airflow/dags/utils/feature_engineering.py for tasks to queue
[2023-05-07T23:27:25.152+0000] {logging_mixin.py:149} INFO - [2023-05-07T23:27:25.151+0000] {dagbag.py:541} INFO - Filling up the DagBag from /opt/airflow/dags/utils/feature_engineering.py
[2023-05-07T23:27:25.542+0000] {processor.py:811} WARNING - No viable dags retrieved from /opt/airflow/dags/utils/feature_engineering.py
[2023-05-07T23:27:25.562+0000] {processor.py:178} INFO - Processing /opt/airflow/dags/utils/feature_engineering.py took 0.416 seconds
[2023-05-07T23:27:57.259+0000] {processor.py:156} INFO - Started process (PID=271) to work on /opt/airflow/dags/utils/feature_engineering.py
[2023-05-07T23:27:57.261+0000] {processor.py:799} INFO - Processing file /opt/airflow/dags/utils/feature_engineering.py for tasks to queue
[2023-05-07T23:27:57.261+0000] {logging_mixin.py:149} INFO - [2023-05-07T23:27:57.261+0000] {dagbag.py:541} INFO - Filling up the DagBag from /opt/airflow/dags/utils/feature_engineering.py
[2023-05-07T23:27:57.616+0000] {processor.py:811} WARNING - No viable dags retrieved from /opt/airflow/dags/utils/feature_engineering.py
[2023-05-07T23:27:57.627+0000] {processor.py:178} INFO - Processing /opt/airflow/dags/utils/feature_engineering.py took 0.371 seconds
[2023-05-07T23:28:29.057+0000] {processor.py:156} INFO - Started process (PID=332) to work on /opt/airflow/dags/utils/feature_engineering.py
[2023-05-07T23:28:29.059+0000] {processor.py:799} INFO - Processing file /opt/airflow/dags/utils/feature_engineering.py for tasks to queue
[2023-05-07T23:28:29.059+0000] {logging_mixin.py:149} INFO - [2023-05-07T23:28:29.059+0000] {dagbag.py:541} INFO - Filling up the DagBag from /opt/airflow/dags/utils/feature_engineering.py
[2023-05-07T23:28:29.338+0000] {processor.py:811} WARNING - No viable dags retrieved from /opt/airflow/dags/utils/feature_engineering.py
[2023-05-07T23:28:29.348+0000] {processor.py:178} INFO - Processing /opt/airflow/dags/utils/feature_engineering.py took 0.293 seconds
[2023-05-07T23:29:01.017+0000] {processor.py:156} INFO - Started process (PID=395) to work on /opt/airflow/dags/utils/feature_engineering.py
[2023-05-07T23:29:01.018+0000] {processor.py:799} INFO - Processing file /opt/airflow/dags/utils/feature_engineering.py for tasks to queue
[2023-05-07T23:29:01.019+0000] {logging_mixin.py:149} INFO - [2023-05-07T23:29:01.019+0000] {dagbag.py:541} INFO - Filling up the DagBag from /opt/airflow/dags/utils/feature_engineering.py
[2023-05-07T23:29:01.339+0000] {processor.py:811} WARNING - No viable dags retrieved from /opt/airflow/dags/utils/feature_engineering.py
[2023-05-07T23:29:01.357+0000] {processor.py:178} INFO - Processing /opt/airflow/dags/utils/feature_engineering.py took 0.343 seconds
[2023-05-07T23:29:23.974+0000] {processor.py:156} INFO - Started process (PID=423) to work on /opt/airflow/dags/utils/feature_engineering.py
[2023-05-07T23:29:23.975+0000] {processor.py:799} INFO - Processing file /opt/airflow/dags/utils/feature_engineering.py for tasks to queue
[2023-05-07T23:29:23.976+0000] {logging_mixin.py:149} INFO - [2023-05-07T23:29:23.976+0000] {dagbag.py:541} INFO - Filling up the DagBag from /opt/airflow/dags/utils/feature_engineering.py
[2023-05-07T23:29:23.979+0000] {logging_mixin.py:149} INFO - [2023-05-07T23:29:23.979+0000] {dagbag.py:327} INFO - File /opt/airflow/dags/utils/feature_engineering.py assumed to contain no DAGs. Skipping.
[2023-05-07T23:29:23.979+0000] {processor.py:811} WARNING - No viable dags retrieved from /opt/airflow/dags/utils/feature_engineering.py
[2023-05-07T23:29:23.993+0000] {processor.py:178} INFO - Processing /opt/airflow/dags/utils/feature_engineering.py took 0.021 seconds
[2023-05-07T23:29:54.140+0000] {processor.py:156} INFO - Started process (PID=460) to work on /opt/airflow/dags/utils/feature_engineering.py
[2023-05-07T23:29:54.142+0000] {processor.py:799} INFO - Processing file /opt/airflow/dags/utils/feature_engineering.py for tasks to queue
[2023-05-07T23:29:54.143+0000] {logging_mixin.py:149} INFO - [2023-05-07T23:29:54.143+0000] {dagbag.py:541} INFO - Filling up the DagBag from /opt/airflow/dags/utils/feature_engineering.py
[2023-05-07T23:29:54.146+0000] {logging_mixin.py:149} INFO - [2023-05-07T23:29:54.146+0000] {dagbag.py:327} INFO - File /opt/airflow/dags/utils/feature_engineering.py assumed to contain no DAGs. Skipping.
[2023-05-07T23:29:54.147+0000] {processor.py:811} WARNING - No viable dags retrieved from /opt/airflow/dags/utils/feature_engineering.py
[2023-05-07T23:29:54.165+0000] {processor.py:178} INFO - Processing /opt/airflow/dags/utils/feature_engineering.py took 0.030 seconds
[2023-05-07T23:30:24.291+0000] {processor.py:156} INFO - Started process (PID=497) to work on /opt/airflow/dags/utils/feature_engineering.py
[2023-05-07T23:30:24.293+0000] {processor.py:799} INFO - Processing file /opt/airflow/dags/utils/feature_engineering.py for tasks to queue
[2023-05-07T23:30:24.294+0000] {logging_mixin.py:149} INFO - [2023-05-07T23:30:24.294+0000] {dagbag.py:541} INFO - Filling up the DagBag from /opt/airflow/dags/utils/feature_engineering.py
[2023-05-07T23:30:24.296+0000] {logging_mixin.py:149} INFO - [2023-05-07T23:30:24.296+0000] {dagbag.py:327} INFO - File /opt/airflow/dags/utils/feature_engineering.py assumed to contain no DAGs. Skipping.
[2023-05-07T23:30:24.297+0000] {processor.py:811} WARNING - No viable dags retrieved from /opt/airflow/dags/utils/feature_engineering.py
[2023-05-07T23:30:24.313+0000] {processor.py:178} INFO - Processing /opt/airflow/dags/utils/feature_engineering.py took 0.026 seconds
[2023-05-07T23:30:54.466+0000] {processor.py:156} INFO - Started process (PID=526) to work on /opt/airflow/dags/utils/feature_engineering.py
[2023-05-07T23:30:54.467+0000] {processor.py:799} INFO - Processing file /opt/airflow/dags/utils/feature_engineering.py for tasks to queue
[2023-05-07T23:30:54.468+0000] {logging_mixin.py:149} INFO - [2023-05-07T23:30:54.468+0000] {dagbag.py:541} INFO - Filling up the DagBag from /opt/airflow/dags/utils/feature_engineering.py
[2023-05-07T23:30:54.470+0000] {logging_mixin.py:149} INFO - [2023-05-07T23:30:54.469+0000] {dagbag.py:327} INFO - File /opt/airflow/dags/utils/feature_engineering.py assumed to contain no DAGs. Skipping.
[2023-05-07T23:30:54.470+0000] {processor.py:811} WARNING - No viable dags retrieved from /opt/airflow/dags/utils/feature_engineering.py
[2023-05-07T23:30:54.482+0000] {processor.py:178} INFO - Processing /opt/airflow/dags/utils/feature_engineering.py took 0.018 seconds
