[2023-05-03T16:27:14.136+0000] {taskinstance.py:1090} INFO - Dependencies all met for dep_context=non-requeueable deps ti=<TaskInstance: ml_pipeline.featuring_data_task6 manual__2023-05-03T16:27:09.324531+00:00 [queued]>
[2023-05-03T16:27:14.148+0000] {taskinstance.py:1090} INFO - Dependencies all met for dep_context=requeueable deps ti=<TaskInstance: ml_pipeline.featuring_data_task6 manual__2023-05-03T16:27:09.324531+00:00 [queued]>
[2023-05-03T16:27:14.151+0000] {taskinstance.py:1288} INFO - 
--------------------------------------------------------------------------------
[2023-05-03T16:27:14.156+0000] {taskinstance.py:1289} INFO - Starting attempt 1 of 1
[2023-05-03T16:27:14.175+0000] {taskinstance.py:1290} INFO - 
--------------------------------------------------------------------------------
[2023-05-03T16:27:14.267+0000] {taskinstance.py:1309} INFO - Executing <Task(PythonOperator): featuring_data_task6> on 2023-05-03 16:27:09.324531+00:00
[2023-05-03T16:27:14.286+0000] {standard_task_runner.py:55} INFO - Started process 563 to run task
[2023-05-03T16:27:14.295+0000] {standard_task_runner.py:82} INFO - Running: ['***', 'tasks', 'run', 'ml_pipeline', 'featuring_data_task6', 'manual__2023-05-03T16:27:09.324531+00:00', '--job-id', '95', '--raw', '--subdir', 'DAGS_FOLDER/ml_pipeline.py', '--cfg-path', '/tmp/tmp0jelxp_g']
[2023-05-03T16:27:14.307+0000] {standard_task_runner.py:83} INFO - Job 95: Subtask featuring_data_task6
[2023-05-03T16:27:14.523+0000] {task_command.py:389} INFO - Running <TaskInstance: ml_pipeline.featuring_data_task6 manual__2023-05-03T16:27:09.324531+00:00 [running]> on host 46ed3ffab080
[2023-05-03T16:27:14.684+0000] {taskinstance.py:1518} INFO - Exporting the following env vars:
AIRFLOW_CTX_DAG_EMAIL=lequanghop844@gmail.com
AIRFLOW_CTX_DAG_OWNER=Felix Le
AIRFLOW_CTX_DAG_ID=ml_pipeline
AIRFLOW_CTX_TASK_ID=featuring_data_task6
AIRFLOW_CTX_EXECUTION_DATE=2023-05-03T16:27:09.324531+00:00
AIRFLOW_CTX_TRY_NUMBER=1
AIRFLOW_CTX_DAG_RUN_ID=manual__2023-05-03T16:27:09.324531+00:00
[2023-05-03T16:27:14.697+0000] {python.py:177} INFO - Done. Returned value was: None
[2023-05-03T16:27:14.719+0000] {taskinstance.py:1332} INFO - Marking task as SUCCESS. dag_id=ml_pipeline, task_id=featuring_data_task6, execution_date=20230503T162709, start_date=20230503T162714, end_date=20230503T162714
[2023-05-03T16:27:14.777+0000] {local_task_job.py:212} INFO - Task exited with return code 0
[2023-05-03T16:27:14.831+0000] {taskinstance.py:2596} INFO - 0 downstream tasks scheduled from follow-on schedule check
