[2023-05-07T22:35:06.473+0000] {processor.py:156} INFO - Started process (PID=111) to work on /opt/airflow/dags/utils/features_added.py
[2023-05-07T22:35:06.476+0000] {processor.py:799} INFO - Processing file /opt/airflow/dags/utils/features_added.py for tasks to queue
[2023-05-07T22:35:06.478+0000] {logging_mixin.py:149} INFO - [2023-05-07T22:35:06.478+0000] {dagbag.py:541} INFO - Filling up the DagBag from /opt/airflow/dags/utils/features_added.py
[2023-05-07T22:35:06.887+0000] {processor.py:811} WARNING - No viable dags retrieved from /opt/airflow/dags/utils/features_added.py
[2023-05-07T22:35:06.907+0000] {processor.py:178} INFO - Processing /opt/airflow/dags/utils/features_added.py took 0.446 seconds
[2023-05-07T22:35:39.271+0000] {processor.py:156} INFO - Started process (PID=225) to work on /opt/airflow/dags/utils/features_added.py
[2023-05-07T22:35:39.273+0000] {processor.py:799} INFO - Processing file /opt/airflow/dags/utils/features_added.py for tasks to queue
[2023-05-07T22:35:39.274+0000] {logging_mixin.py:149} INFO - [2023-05-07T22:35:39.274+0000] {dagbag.py:541} INFO - Filling up the DagBag from /opt/airflow/dags/utils/features_added.py
[2023-05-07T22:35:39.640+0000] {processor.py:811} WARNING - No viable dags retrieved from /opt/airflow/dags/utils/features_added.py
[2023-05-07T22:35:39.653+0000] {processor.py:178} INFO - Processing /opt/airflow/dags/utils/features_added.py took 0.386 seconds
[2023-05-07T22:36:11.576+0000] {processor.py:156} INFO - Started process (PID=339) to work on /opt/airflow/dags/utils/features_added.py
[2023-05-07T22:36:11.577+0000] {processor.py:799} INFO - Processing file /opt/airflow/dags/utils/features_added.py for tasks to queue
[2023-05-07T22:36:11.578+0000] {logging_mixin.py:149} INFO - [2023-05-07T22:36:11.578+0000] {dagbag.py:541} INFO - Filling up the DagBag from /opt/airflow/dags/utils/features_added.py
[2023-05-07T22:36:11.853+0000] {processor.py:811} WARNING - No viable dags retrieved from /opt/airflow/dags/utils/features_added.py
[2023-05-07T22:36:11.865+0000] {processor.py:178} INFO - Processing /opt/airflow/dags/utils/features_added.py took 0.292 seconds
[2023-05-07T22:36:43.802+0000] {processor.py:156} INFO - Started process (PID=471) to work on /opt/airflow/dags/utils/features_added.py
[2023-05-07T22:36:43.804+0000] {processor.py:799} INFO - Processing file /opt/airflow/dags/utils/features_added.py for tasks to queue
[2023-05-07T22:36:43.805+0000] {logging_mixin.py:149} INFO - [2023-05-07T22:36:43.805+0000] {dagbag.py:541} INFO - Filling up the DagBag from /opt/airflow/dags/utils/features_added.py
[2023-05-07T22:36:44.078+0000] {processor.py:811} WARNING - No viable dags retrieved from /opt/airflow/dags/utils/features_added.py
[2023-05-07T22:36:44.091+0000] {processor.py:178} INFO - Processing /opt/airflow/dags/utils/features_added.py took 0.292 seconds
[2023-05-07T22:37:14.646+0000] {processor.py:156} INFO - Started process (PID=585) to work on /opt/airflow/dags/utils/features_added.py
[2023-05-07T22:37:14.647+0000] {processor.py:799} INFO - Processing file /opt/airflow/dags/utils/features_added.py for tasks to queue
[2023-05-07T22:37:14.648+0000] {logging_mixin.py:149} INFO - [2023-05-07T22:37:14.648+0000] {dagbag.py:541} INFO - Filling up the DagBag from /opt/airflow/dags/utils/features_added.py
[2023-05-07T22:37:14.922+0000] {processor.py:811} WARNING - No viable dags retrieved from /opt/airflow/dags/utils/features_added.py
[2023-05-07T22:37:14.937+0000] {processor.py:178} INFO - Processing /opt/airflow/dags/utils/features_added.py took 0.295 seconds
[2023-05-07T22:37:45.021+0000] {processor.py:156} INFO - Started process (PID=717) to work on /opt/airflow/dags/utils/features_added.py
[2023-05-07T22:37:45.024+0000] {processor.py:799} INFO - Processing file /opt/airflow/dags/utils/features_added.py for tasks to queue
[2023-05-07T22:37:45.026+0000] {logging_mixin.py:149} INFO - [2023-05-07T22:37:45.026+0000] {dagbag.py:541} INFO - Filling up the DagBag from /opt/airflow/dags/utils/features_added.py
[2023-05-07T22:37:45.372+0000] {processor.py:811} WARNING - No viable dags retrieved from /opt/airflow/dags/utils/features_added.py
[2023-05-07T22:37:45.402+0000] {processor.py:178} INFO - Processing /opt/airflow/dags/utils/features_added.py took 0.386 seconds
[2023-05-07T22:38:15.590+0000] {processor.py:156} INFO - Started process (PID=831) to work on /opt/airflow/dags/utils/features_added.py
[2023-05-07T22:38:15.593+0000] {processor.py:799} INFO - Processing file /opt/airflow/dags/utils/features_added.py for tasks to queue
[2023-05-07T22:38:15.595+0000] {logging_mixin.py:149} INFO - [2023-05-07T22:38:15.595+0000] {dagbag.py:541} INFO - Filling up the DagBag from /opt/airflow/dags/utils/features_added.py
[2023-05-07T22:38:15.857+0000] {processor.py:811} WARNING - No viable dags retrieved from /opt/airflow/dags/utils/features_added.py
[2023-05-07T22:38:15.875+0000] {processor.py:178} INFO - Processing /opt/airflow/dags/utils/features_added.py took 0.293 seconds
[2023-05-07T22:38:46.023+0000] {processor.py:156} INFO - Started process (PID=945) to work on /opt/airflow/dags/utils/features_added.py
[2023-05-07T22:38:46.026+0000] {processor.py:799} INFO - Processing file /opt/airflow/dags/utils/features_added.py for tasks to queue
[2023-05-07T22:38:46.027+0000] {logging_mixin.py:149} INFO - [2023-05-07T22:38:46.027+0000] {dagbag.py:541} INFO - Filling up the DagBag from /opt/airflow/dags/utils/features_added.py
[2023-05-07T22:38:46.246+0000] {processor.py:811} WARNING - No viable dags retrieved from /opt/airflow/dags/utils/features_added.py
[2023-05-07T22:38:46.260+0000] {processor.py:178} INFO - Processing /opt/airflow/dags/utils/features_added.py took 0.242 seconds
[2023-05-07T22:39:16.568+0000] {processor.py:156} INFO - Started process (PID=1059) to work on /opt/airflow/dags/utils/features_added.py
[2023-05-07T22:39:16.570+0000] {processor.py:799} INFO - Processing file /opt/airflow/dags/utils/features_added.py for tasks to queue
[2023-05-07T22:39:16.571+0000] {logging_mixin.py:149} INFO - [2023-05-07T22:39:16.571+0000] {dagbag.py:541} INFO - Filling up the DagBag from /opt/airflow/dags/utils/features_added.py
[2023-05-07T22:39:16.967+0000] {processor.py:811} WARNING - No viable dags retrieved from /opt/airflow/dags/utils/features_added.py
[2023-05-07T22:39:16.985+0000] {processor.py:178} INFO - Processing /opt/airflow/dags/utils/features_added.py took 0.422 seconds
[2023-05-07T22:39:47.311+0000] {processor.py:156} INFO - Started process (PID=1182) to work on /opt/airflow/dags/utils/features_added.py
[2023-05-07T22:39:47.313+0000] {processor.py:799} INFO - Processing file /opt/airflow/dags/utils/features_added.py for tasks to queue
[2023-05-07T22:39:47.314+0000] {logging_mixin.py:149} INFO - [2023-05-07T22:39:47.314+0000] {dagbag.py:541} INFO - Filling up the DagBag from /opt/airflow/dags/utils/features_added.py
[2023-05-07T22:39:47.662+0000] {processor.py:811} WARNING - No viable dags retrieved from /opt/airflow/dags/utils/features_added.py
[2023-05-07T22:39:47.679+0000] {processor.py:178} INFO - Processing /opt/airflow/dags/utils/features_added.py took 0.372 seconds
[2023-05-07T22:40:17.840+0000] {processor.py:156} INFO - Started process (PID=1296) to work on /opt/airflow/dags/utils/features_added.py
[2023-05-07T22:40:17.843+0000] {processor.py:799} INFO - Processing file /opt/airflow/dags/utils/features_added.py for tasks to queue
[2023-05-07T22:40:17.844+0000] {logging_mixin.py:149} INFO - [2023-05-07T22:40:17.844+0000] {dagbag.py:541} INFO - Filling up the DagBag from /opt/airflow/dags/utils/features_added.py
[2023-05-07T22:40:18.244+0000] {processor.py:811} WARNING - No viable dags retrieved from /opt/airflow/dags/utils/features_added.py
[2023-05-07T22:40:18.265+0000] {processor.py:178} INFO - Processing /opt/airflow/dags/utils/features_added.py took 0.431 seconds
[2023-05-07T22:40:48.656+0000] {processor.py:156} INFO - Started process (PID=1410) to work on /opt/airflow/dags/utils/features_added.py
[2023-05-07T22:40:48.658+0000] {processor.py:799} INFO - Processing file /opt/airflow/dags/utils/features_added.py for tasks to queue
[2023-05-07T22:40:48.659+0000] {logging_mixin.py:149} INFO - [2023-05-07T22:40:48.659+0000] {dagbag.py:541} INFO - Filling up the DagBag from /opt/airflow/dags/utils/features_added.py
[2023-05-07T22:40:48.965+0000] {processor.py:811} WARNING - No viable dags retrieved from /opt/airflow/dags/utils/features_added.py
[2023-05-07T22:40:48.982+0000] {processor.py:178} INFO - Processing /opt/airflow/dags/utils/features_added.py took 0.330 seconds
[2023-05-07T22:44:17.488+0000] {processor.py:156} INFO - Started process (PID=112) to work on /opt/airflow/dags/utils/features_added.py
[2023-05-07T22:44:17.489+0000] {processor.py:799} INFO - Processing file /opt/airflow/dags/utils/features_added.py for tasks to queue
[2023-05-07T22:44:17.490+0000] {logging_mixin.py:149} INFO - [2023-05-07T22:44:17.490+0000] {dagbag.py:541} INFO - Filling up the DagBag from /opt/airflow/dags/utils/features_added.py
[2023-05-07T22:44:17.807+0000] {processor.py:811} WARNING - No viable dags retrieved from /opt/airflow/dags/utils/features_added.py
[2023-05-07T22:44:17.821+0000] {processor.py:178} INFO - Processing /opt/airflow/dags/utils/features_added.py took 0.336 seconds
[2023-05-07T22:44:48.401+0000] {processor.py:156} INFO - Started process (PID=225) to work on /opt/airflow/dags/utils/features_added.py
[2023-05-07T22:44:48.402+0000] {processor.py:799} INFO - Processing file /opt/airflow/dags/utils/features_added.py for tasks to queue
[2023-05-07T22:44:48.403+0000] {logging_mixin.py:149} INFO - [2023-05-07T22:44:48.403+0000] {dagbag.py:541} INFO - Filling up the DagBag from /opt/airflow/dags/utils/features_added.py
[2023-05-07T22:44:48.664+0000] {processor.py:811} WARNING - No viable dags retrieved from /opt/airflow/dags/utils/features_added.py
[2023-05-07T22:44:48.678+0000] {processor.py:178} INFO - Processing /opt/airflow/dags/utils/features_added.py took 0.281 seconds
[2023-05-07T22:45:19.680+0000] {processor.py:156} INFO - Started process (PID=339) to work on /opt/airflow/dags/utils/features_added.py
[2023-05-07T22:45:19.681+0000] {processor.py:799} INFO - Processing file /opt/airflow/dags/utils/features_added.py for tasks to queue
[2023-05-07T22:45:19.682+0000] {logging_mixin.py:149} INFO - [2023-05-07T22:45:19.682+0000] {dagbag.py:541} INFO - Filling up the DagBag from /opt/airflow/dags/utils/features_added.py
[2023-05-07T22:45:19.959+0000] {processor.py:811} WARNING - No viable dags retrieved from /opt/airflow/dags/utils/features_added.py
[2023-05-07T22:45:19.972+0000] {processor.py:178} INFO - Processing /opt/airflow/dags/utils/features_added.py took 0.295 seconds
[2023-05-07T22:45:50.517+0000] {processor.py:156} INFO - Started process (PID=453) to work on /opt/airflow/dags/utils/features_added.py
[2023-05-07T22:45:50.518+0000] {processor.py:799} INFO - Processing file /opt/airflow/dags/utils/features_added.py for tasks to queue
[2023-05-07T22:45:50.519+0000] {logging_mixin.py:149} INFO - [2023-05-07T22:45:50.519+0000] {dagbag.py:541} INFO - Filling up the DagBag from /opt/airflow/dags/utils/features_added.py
[2023-05-07T22:45:50.801+0000] {processor.py:811} WARNING - No viable dags retrieved from /opt/airflow/dags/utils/features_added.py
[2023-05-07T22:45:50.815+0000] {processor.py:178} INFO - Processing /opt/airflow/dags/utils/features_added.py took 0.302 seconds
[2023-05-07T22:46:21.225+0000] {processor.py:156} INFO - Started process (PID=567) to work on /opt/airflow/dags/utils/features_added.py
[2023-05-07T22:46:21.227+0000] {processor.py:799} INFO - Processing file /opt/airflow/dags/utils/features_added.py for tasks to queue
[2023-05-07T22:46:21.229+0000] {logging_mixin.py:149} INFO - [2023-05-07T22:46:21.229+0000] {dagbag.py:541} INFO - Filling up the DagBag from /opt/airflow/dags/utils/features_added.py
[2023-05-07T22:46:21.514+0000] {processor.py:811} WARNING - No viable dags retrieved from /opt/airflow/dags/utils/features_added.py
[2023-05-07T22:46:21.527+0000] {processor.py:178} INFO - Processing /opt/airflow/dags/utils/features_added.py took 0.308 seconds
[2023-05-07T22:46:51.671+0000] {processor.py:156} INFO - Started process (PID=681) to work on /opt/airflow/dags/utils/features_added.py
[2023-05-07T22:46:51.673+0000] {processor.py:799} INFO - Processing file /opt/airflow/dags/utils/features_added.py for tasks to queue
[2023-05-07T22:46:51.674+0000] {logging_mixin.py:149} INFO - [2023-05-07T22:46:51.674+0000] {dagbag.py:541} INFO - Filling up the DagBag from /opt/airflow/dags/utils/features_added.py
[2023-05-07T22:46:51.923+0000] {processor.py:811} WARNING - No viable dags retrieved from /opt/airflow/dags/utils/features_added.py
[2023-05-07T22:46:51.936+0000] {processor.py:178} INFO - Processing /opt/airflow/dags/utils/features_added.py took 0.268 seconds
[2023-05-07T22:47:22.395+0000] {processor.py:156} INFO - Started process (PID=795) to work on /opt/airflow/dags/utils/features_added.py
[2023-05-07T22:47:22.396+0000] {processor.py:799} INFO - Processing file /opt/airflow/dags/utils/features_added.py for tasks to queue
[2023-05-07T22:47:22.397+0000] {logging_mixin.py:149} INFO - [2023-05-07T22:47:22.397+0000] {dagbag.py:541} INFO - Filling up the DagBag from /opt/airflow/dags/utils/features_added.py
[2023-05-07T22:47:22.680+0000] {processor.py:811} WARNING - No viable dags retrieved from /opt/airflow/dags/utils/features_added.py
[2023-05-07T22:47:22.692+0000] {processor.py:178} INFO - Processing /opt/airflow/dags/utils/features_added.py took 0.300 seconds
[2023-05-07T22:47:52.983+0000] {processor.py:156} INFO - Started process (PID=909) to work on /opt/airflow/dags/utils/features_added.py
[2023-05-07T22:47:52.984+0000] {processor.py:799} INFO - Processing file /opt/airflow/dags/utils/features_added.py for tasks to queue
[2023-05-07T22:47:52.985+0000] {logging_mixin.py:149} INFO - [2023-05-07T22:47:52.985+0000] {dagbag.py:541} INFO - Filling up the DagBag from /opt/airflow/dags/utils/features_added.py
[2023-05-07T22:47:53.256+0000] {processor.py:811} WARNING - No viable dags retrieved from /opt/airflow/dags/utils/features_added.py
[2023-05-07T22:47:53.269+0000] {processor.py:178} INFO - Processing /opt/airflow/dags/utils/features_added.py took 0.290 seconds
[2023-05-07T22:51:35.874+0000] {processor.py:156} INFO - Started process (PID=120) to work on /opt/airflow/dags/utils/features_added.py
[2023-05-07T22:51:35.875+0000] {processor.py:799} INFO - Processing file /opt/airflow/dags/utils/features_added.py for tasks to queue
[2023-05-07T22:51:35.877+0000] {logging_mixin.py:149} INFO - [2023-05-07T22:51:35.876+0000] {dagbag.py:541} INFO - Filling up the DagBag from /opt/airflow/dags/utils/features_added.py
[2023-05-07T22:51:36.471+0000] {processor.py:811} WARNING - No viable dags retrieved from /opt/airflow/dags/utils/features_added.py
[2023-05-07T22:51:36.537+0000] {processor.py:178} INFO - Processing /opt/airflow/dags/utils/features_added.py took 0.667 seconds
[2023-05-07T22:52:06.721+0000] {processor.py:156} INFO - Started process (PID=172) to work on /opt/airflow/dags/utils/features_added.py
[2023-05-07T22:52:06.723+0000] {processor.py:799} INFO - Processing file /opt/airflow/dags/utils/features_added.py for tasks to queue
[2023-05-07T22:52:06.724+0000] {logging_mixin.py:149} INFO - [2023-05-07T22:52:06.724+0000] {dagbag.py:541} INFO - Filling up the DagBag from /opt/airflow/dags/utils/features_added.py
[2023-05-07T22:52:06.938+0000] {processor.py:811} WARNING - No viable dags retrieved from /opt/airflow/dags/utils/features_added.py
[2023-05-07T22:52:06.951+0000] {processor.py:178} INFO - Processing /opt/airflow/dags/utils/features_added.py took 0.235 seconds
[2023-05-07T22:52:37.591+0000] {processor.py:156} INFO - Started process (PID=233) to work on /opt/airflow/dags/utils/features_added.py
[2023-05-07T22:52:37.593+0000] {processor.py:799} INFO - Processing file /opt/airflow/dags/utils/features_added.py for tasks to queue
[2023-05-07T22:52:37.595+0000] {logging_mixin.py:149} INFO - [2023-05-07T22:52:37.595+0000] {dagbag.py:541} INFO - Filling up the DagBag from /opt/airflow/dags/utils/features_added.py
[2023-05-07T22:52:37.817+0000] {processor.py:811} WARNING - No viable dags retrieved from /opt/airflow/dags/utils/features_added.py
[2023-05-07T22:52:37.830+0000] {processor.py:178} INFO - Processing /opt/airflow/dags/utils/features_added.py took 0.243 seconds
[2023-05-07T22:53:08.239+0000] {processor.py:156} INFO - Started process (PID=302) to work on /opt/airflow/dags/utils/features_added.py
[2023-05-07T22:53:08.240+0000] {processor.py:799} INFO - Processing file /opt/airflow/dags/utils/features_added.py for tasks to queue
[2023-05-07T22:53:08.241+0000] {logging_mixin.py:149} INFO - [2023-05-07T22:53:08.241+0000] {dagbag.py:541} INFO - Filling up the DagBag from /opt/airflow/dags/utils/features_added.py
[2023-05-07T22:53:08.462+0000] {processor.py:811} WARNING - No viable dags retrieved from /opt/airflow/dags/utils/features_added.py
[2023-05-07T22:53:08.476+0000] {processor.py:178} INFO - Processing /opt/airflow/dags/utils/features_added.py took 0.240 seconds
[2023-05-07T22:53:38.938+0000] {processor.py:156} INFO - Started process (PID=355) to work on /opt/airflow/dags/utils/features_added.py
[2023-05-07T22:53:38.939+0000] {processor.py:799} INFO - Processing file /opt/airflow/dags/utils/features_added.py for tasks to queue
[2023-05-07T22:53:38.940+0000] {logging_mixin.py:149} INFO - [2023-05-07T22:53:38.940+0000] {dagbag.py:541} INFO - Filling up the DagBag from /opt/airflow/dags/utils/features_added.py
[2023-05-07T22:53:39.269+0000] {processor.py:811} WARNING - No viable dags retrieved from /opt/airflow/dags/utils/features_added.py
[2023-05-07T22:53:39.287+0000] {processor.py:178} INFO - Processing /opt/airflow/dags/utils/features_added.py took 0.353 seconds
[2023-05-07T22:54:09.547+0000] {processor.py:156} INFO - Started process (PID=416) to work on /opt/airflow/dags/utils/features_added.py
[2023-05-07T22:54:09.549+0000] {processor.py:799} INFO - Processing file /opt/airflow/dags/utils/features_added.py for tasks to queue
[2023-05-07T22:54:09.550+0000] {logging_mixin.py:149} INFO - [2023-05-07T22:54:09.550+0000] {dagbag.py:541} INFO - Filling up the DagBag from /opt/airflow/dags/utils/features_added.py
[2023-05-07T22:54:09.804+0000] {processor.py:811} WARNING - No viable dags retrieved from /opt/airflow/dags/utils/features_added.py
[2023-05-07T22:54:09.818+0000] {processor.py:178} INFO - Processing /opt/airflow/dags/utils/features_added.py took 0.276 seconds
[2023-05-07T22:54:40.342+0000] {processor.py:156} INFO - Started process (PID=477) to work on /opt/airflow/dags/utils/features_added.py
[2023-05-07T22:54:40.343+0000] {processor.py:799} INFO - Processing file /opt/airflow/dags/utils/features_added.py for tasks to queue
[2023-05-07T22:54:40.344+0000] {logging_mixin.py:149} INFO - [2023-05-07T22:54:40.344+0000] {dagbag.py:541} INFO - Filling up the DagBag from /opt/airflow/dags/utils/features_added.py
[2023-05-07T22:54:40.629+0000] {processor.py:811} WARNING - No viable dags retrieved from /opt/airflow/dags/utils/features_added.py
[2023-05-07T22:54:40.643+0000] {processor.py:178} INFO - Processing /opt/airflow/dags/utils/features_added.py took 0.306 seconds
[2023-05-07T22:55:10.843+0000] {processor.py:156} INFO - Started process (PID=538) to work on /opt/airflow/dags/utils/features_added.py
[2023-05-07T22:55:10.844+0000] {processor.py:799} INFO - Processing file /opt/airflow/dags/utils/features_added.py for tasks to queue
[2023-05-07T22:55:10.846+0000] {logging_mixin.py:149} INFO - [2023-05-07T22:55:10.846+0000] {dagbag.py:541} INFO - Filling up the DagBag from /opt/airflow/dags/utils/features_added.py
[2023-05-07T22:55:11.147+0000] {processor.py:811} WARNING - No viable dags retrieved from /opt/airflow/dags/utils/features_added.py
[2023-05-07T22:55:11.163+0000] {processor.py:178} INFO - Processing /opt/airflow/dags/utils/features_added.py took 0.325 seconds
[2023-05-07T22:55:41.811+0000] {processor.py:156} INFO - Started process (PID=599) to work on /opt/airflow/dags/utils/features_added.py
[2023-05-07T22:55:41.813+0000] {processor.py:799} INFO - Processing file /opt/airflow/dags/utils/features_added.py for tasks to queue
[2023-05-07T22:55:41.814+0000] {logging_mixin.py:149} INFO - [2023-05-07T22:55:41.813+0000] {dagbag.py:541} INFO - Filling up the DagBag from /opt/airflow/dags/utils/features_added.py
[2023-05-07T22:55:42.102+0000] {processor.py:811} WARNING - No viable dags retrieved from /opt/airflow/dags/utils/features_added.py
[2023-05-07T22:55:42.116+0000] {processor.py:178} INFO - Processing /opt/airflow/dags/utils/features_added.py took 0.310 seconds
[2023-05-07T22:56:12.378+0000] {processor.py:156} INFO - Started process (PID=660) to work on /opt/airflow/dags/utils/features_added.py
[2023-05-07T22:56:12.380+0000] {processor.py:799} INFO - Processing file /opt/airflow/dags/utils/features_added.py for tasks to queue
[2023-05-07T22:56:12.381+0000] {logging_mixin.py:149} INFO - [2023-05-07T22:56:12.381+0000] {dagbag.py:541} INFO - Filling up the DagBag from /opt/airflow/dags/utils/features_added.py
[2023-05-07T22:56:12.648+0000] {processor.py:811} WARNING - No viable dags retrieved from /opt/airflow/dags/utils/features_added.py
[2023-05-07T22:56:12.660+0000] {processor.py:178} INFO - Processing /opt/airflow/dags/utils/features_added.py took 0.287 seconds
[2023-05-07T22:56:42.864+0000] {processor.py:156} INFO - Started process (PID=720) to work on /opt/airflow/dags/utils/features_added.py
[2023-05-07T22:56:42.866+0000] {processor.py:799} INFO - Processing file /opt/airflow/dags/utils/features_added.py for tasks to queue
[2023-05-07T22:56:42.867+0000] {logging_mixin.py:149} INFO - [2023-05-07T22:56:42.867+0000] {dagbag.py:541} INFO - Filling up the DagBag from /opt/airflow/dags/utils/features_added.py
[2023-05-07T22:56:43.139+0000] {processor.py:811} WARNING - No viable dags retrieved from /opt/airflow/dags/utils/features_added.py
[2023-05-07T22:56:43.152+0000] {processor.py:178} INFO - Processing /opt/airflow/dags/utils/features_added.py took 0.295 seconds
[2023-05-07T22:57:13.388+0000] {processor.py:156} INFO - Started process (PID=781) to work on /opt/airflow/dags/utils/features_added.py
[2023-05-07T22:57:13.390+0000] {processor.py:799} INFO - Processing file /opt/airflow/dags/utils/features_added.py for tasks to queue
[2023-05-07T22:57:13.391+0000] {logging_mixin.py:149} INFO - [2023-05-07T22:57:13.391+0000] {dagbag.py:541} INFO - Filling up the DagBag from /opt/airflow/dags/utils/features_added.py
[2023-05-07T22:57:13.636+0000] {processor.py:811} WARNING - No viable dags retrieved from /opt/airflow/dags/utils/features_added.py
[2023-05-07T22:57:13.649+0000] {processor.py:178} INFO - Processing /opt/airflow/dags/utils/features_added.py took 0.267 seconds
[2023-05-07T22:57:44.115+0000] {processor.py:156} INFO - Started process (PID=842) to work on /opt/airflow/dags/utils/features_added.py
[2023-05-07T22:57:44.117+0000] {processor.py:799} INFO - Processing file /opt/airflow/dags/utils/features_added.py for tasks to queue
[2023-05-07T22:57:44.119+0000] {logging_mixin.py:149} INFO - [2023-05-07T22:57:44.118+0000] {dagbag.py:541} INFO - Filling up the DagBag from /opt/airflow/dags/utils/features_added.py
[2023-05-07T22:57:44.403+0000] {processor.py:811} WARNING - No viable dags retrieved from /opt/airflow/dags/utils/features_added.py
[2023-05-07T22:57:44.417+0000] {processor.py:178} INFO - Processing /opt/airflow/dags/utils/features_added.py took 0.308 seconds
[2023-05-07T22:58:14.863+0000] {processor.py:156} INFO - Started process (PID=903) to work on /opt/airflow/dags/utils/features_added.py
[2023-05-07T22:58:14.866+0000] {processor.py:799} INFO - Processing file /opt/airflow/dags/utils/features_added.py for tasks to queue
[2023-05-07T22:58:14.867+0000] {logging_mixin.py:149} INFO - [2023-05-07T22:58:14.867+0000] {dagbag.py:541} INFO - Filling up the DagBag from /opt/airflow/dags/utils/features_added.py
[2023-05-07T22:58:15.128+0000] {processor.py:811} WARNING - No viable dags retrieved from /opt/airflow/dags/utils/features_added.py
[2023-05-07T22:58:15.143+0000] {processor.py:178} INFO - Processing /opt/airflow/dags/utils/features_added.py took 0.286 seconds
[2023-05-07T22:58:45.711+0000] {processor.py:156} INFO - Started process (PID=964) to work on /opt/airflow/dags/utils/features_added.py
[2023-05-07T22:58:45.714+0000] {processor.py:799} INFO - Processing file /opt/airflow/dags/utils/features_added.py for tasks to queue
[2023-05-07T22:58:45.715+0000] {logging_mixin.py:149} INFO - [2023-05-07T22:58:45.715+0000] {dagbag.py:541} INFO - Filling up the DagBag from /opt/airflow/dags/utils/features_added.py
[2023-05-07T22:58:45.959+0000] {processor.py:811} WARNING - No viable dags retrieved from /opt/airflow/dags/utils/features_added.py
[2023-05-07T22:58:45.973+0000] {processor.py:178} INFO - Processing /opt/airflow/dags/utils/features_added.py took 0.267 seconds
[2023-05-07T22:59:16.520+0000] {processor.py:156} INFO - Started process (PID=1025) to work on /opt/airflow/dags/utils/features_added.py
[2023-05-07T22:59:16.522+0000] {processor.py:799} INFO - Processing file /opt/airflow/dags/utils/features_added.py for tasks to queue
[2023-05-07T22:59:16.523+0000] {logging_mixin.py:149} INFO - [2023-05-07T22:59:16.523+0000] {dagbag.py:541} INFO - Filling up the DagBag from /opt/airflow/dags/utils/features_added.py
[2023-05-07T22:59:16.811+0000] {processor.py:811} WARNING - No viable dags retrieved from /opt/airflow/dags/utils/features_added.py
[2023-05-07T22:59:16.823+0000] {processor.py:178} INFO - Processing /opt/airflow/dags/utils/features_added.py took 0.308 seconds
[2023-05-07T22:59:47.270+0000] {processor.py:156} INFO - Started process (PID=1086) to work on /opt/airflow/dags/utils/features_added.py
[2023-05-07T22:59:47.271+0000] {processor.py:799} INFO - Processing file /opt/airflow/dags/utils/features_added.py for tasks to queue
[2023-05-07T22:59:47.272+0000] {logging_mixin.py:149} INFO - [2023-05-07T22:59:47.272+0000] {dagbag.py:541} INFO - Filling up the DagBag from /opt/airflow/dags/utils/features_added.py
[2023-05-07T22:59:47.592+0000] {processor.py:811} WARNING - No viable dags retrieved from /opt/airflow/dags/utils/features_added.py
[2023-05-07T22:59:47.614+0000] {processor.py:178} INFO - Processing /opt/airflow/dags/utils/features_added.py took 0.350 seconds
[2023-05-07T23:04:01.001+0000] {processor.py:156} INFO - Started process (PID=51) to work on /opt/airflow/dags/utils/features_added.py
[2023-05-07T23:04:01.003+0000] {processor.py:799} INFO - Processing file /opt/airflow/dags/utils/features_added.py for tasks to queue
[2023-05-07T23:04:01.006+0000] {logging_mixin.py:149} INFO - [2023-05-07T23:04:01.005+0000] {dagbag.py:541} INFO - Filling up the DagBag from /opt/airflow/dags/utils/features_added.py
[2023-05-07T23:04:01.375+0000] {processor.py:811} WARNING - No viable dags retrieved from /opt/airflow/dags/utils/features_added.py
[2023-05-07T23:04:01.395+0000] {processor.py:178} INFO - Processing /opt/airflow/dags/utils/features_added.py took 0.399 seconds
[2023-05-07T23:04:31.508+0000] {processor.py:156} INFO - Started process (PID=104) to work on /opt/airflow/dags/utils/features_added.py
[2023-05-07T23:04:31.510+0000] {processor.py:799} INFO - Processing file /opt/airflow/dags/utils/features_added.py for tasks to queue
[2023-05-07T23:04:31.511+0000] {logging_mixin.py:149} INFO - [2023-05-07T23:04:31.510+0000] {dagbag.py:541} INFO - Filling up the DagBag from /opt/airflow/dags/utils/features_added.py
[2023-05-07T23:04:31.718+0000] {processor.py:811} WARNING - No viable dags retrieved from /opt/airflow/dags/utils/features_added.py
[2023-05-07T23:04:31.730+0000] {processor.py:178} INFO - Processing /opt/airflow/dags/utils/features_added.py took 0.225 seconds
[2023-05-07T23:05:01.943+0000] {processor.py:156} INFO - Started process (PID=157) to work on /opt/airflow/dags/utils/features_added.py
[2023-05-07T23:05:01.945+0000] {processor.py:799} INFO - Processing file /opt/airflow/dags/utils/features_added.py for tasks to queue
[2023-05-07T23:05:01.946+0000] {logging_mixin.py:149} INFO - [2023-05-07T23:05:01.946+0000] {dagbag.py:541} INFO - Filling up the DagBag from /opt/airflow/dags/utils/features_added.py
[2023-05-07T23:05:02.172+0000] {processor.py:811} WARNING - No viable dags retrieved from /opt/airflow/dags/utils/features_added.py
[2023-05-07T23:05:02.183+0000] {processor.py:178} INFO - Processing /opt/airflow/dags/utils/features_added.py took 0.243 seconds
[2023-05-07T23:05:32.419+0000] {processor.py:156} INFO - Started process (PID=210) to work on /opt/airflow/dags/utils/features_added.py
[2023-05-07T23:05:32.421+0000] {processor.py:799} INFO - Processing file /opt/airflow/dags/utils/features_added.py for tasks to queue
[2023-05-07T23:05:32.421+0000] {logging_mixin.py:149} INFO - [2023-05-07T23:05:32.421+0000] {dagbag.py:541} INFO - Filling up the DagBag from /opt/airflow/dags/utils/features_added.py
[2023-05-07T23:05:32.624+0000] {processor.py:811} WARNING - No viable dags retrieved from /opt/airflow/dags/utils/features_added.py
[2023-05-07T23:05:32.636+0000] {processor.py:178} INFO - Processing /opt/airflow/dags/utils/features_added.py took 0.220 seconds
[2023-05-07T23:06:02.833+0000] {processor.py:156} INFO - Started process (PID=263) to work on /opt/airflow/dags/utils/features_added.py
[2023-05-07T23:06:02.834+0000] {processor.py:799} INFO - Processing file /opt/airflow/dags/utils/features_added.py for tasks to queue
[2023-05-07T23:06:02.835+0000] {logging_mixin.py:149} INFO - [2023-05-07T23:06:02.835+0000] {dagbag.py:541} INFO - Filling up the DagBag from /opt/airflow/dags/utils/features_added.py
[2023-05-07T23:06:03.042+0000] {processor.py:811} WARNING - No viable dags retrieved from /opt/airflow/dags/utils/features_added.py
[2023-05-07T23:06:03.053+0000] {processor.py:178} INFO - Processing /opt/airflow/dags/utils/features_added.py took 0.223 seconds
[2023-05-07T23:06:33.298+0000] {processor.py:156} INFO - Started process (PID=316) to work on /opt/airflow/dags/utils/features_added.py
[2023-05-07T23:06:33.299+0000] {processor.py:799} INFO - Processing file /opt/airflow/dags/utils/features_added.py for tasks to queue
[2023-05-07T23:06:33.300+0000] {logging_mixin.py:149} INFO - [2023-05-07T23:06:33.300+0000] {dagbag.py:541} INFO - Filling up the DagBag from /opt/airflow/dags/utils/features_added.py
[2023-05-07T23:06:33.515+0000] {processor.py:811} WARNING - No viable dags retrieved from /opt/airflow/dags/utils/features_added.py
[2023-05-07T23:06:33.527+0000] {processor.py:178} INFO - Processing /opt/airflow/dags/utils/features_added.py took 0.233 seconds
[2023-05-07T23:07:03.740+0000] {processor.py:156} INFO - Started process (PID=369) to work on /opt/airflow/dags/utils/features_added.py
[2023-05-07T23:07:03.741+0000] {processor.py:799} INFO - Processing file /opt/airflow/dags/utils/features_added.py for tasks to queue
[2023-05-07T23:07:03.742+0000] {logging_mixin.py:149} INFO - [2023-05-07T23:07:03.742+0000] {dagbag.py:541} INFO - Filling up the DagBag from /opt/airflow/dags/utils/features_added.py
[2023-05-07T23:07:03.949+0000] {processor.py:811} WARNING - No viable dags retrieved from /opt/airflow/dags/utils/features_added.py
[2023-05-07T23:07:03.961+0000] {processor.py:178} INFO - Processing /opt/airflow/dags/utils/features_added.py took 0.223 seconds
[2023-05-07T23:07:34.220+0000] {processor.py:156} INFO - Started process (PID=422) to work on /opt/airflow/dags/utils/features_added.py
[2023-05-07T23:07:34.221+0000] {processor.py:799} INFO - Processing file /opt/airflow/dags/utils/features_added.py for tasks to queue
[2023-05-07T23:07:34.222+0000] {logging_mixin.py:149} INFO - [2023-05-07T23:07:34.222+0000] {dagbag.py:541} INFO - Filling up the DagBag from /opt/airflow/dags/utils/features_added.py
[2023-05-07T23:07:34.469+0000] {processor.py:811} WARNING - No viable dags retrieved from /opt/airflow/dags/utils/features_added.py
[2023-05-07T23:07:34.481+0000] {processor.py:178} INFO - Processing /opt/airflow/dags/utils/features_added.py took 0.264 seconds
[2023-05-07T23:08:05.395+0000] {processor.py:156} INFO - Started process (PID=475) to work on /opt/airflow/dags/utils/features_added.py
[2023-05-07T23:08:05.396+0000] {processor.py:799} INFO - Processing file /opt/airflow/dags/utils/features_added.py for tasks to queue
[2023-05-07T23:08:05.397+0000] {logging_mixin.py:149} INFO - [2023-05-07T23:08:05.397+0000] {dagbag.py:541} INFO - Filling up the DagBag from /opt/airflow/dags/utils/features_added.py
[2023-05-07T23:08:05.661+0000] {processor.py:811} WARNING - No viable dags retrieved from /opt/airflow/dags/utils/features_added.py
[2023-05-07T23:08:05.673+0000] {processor.py:178} INFO - Processing /opt/airflow/dags/utils/features_added.py took 0.281 seconds
[2023-05-07T23:08:36.575+0000] {processor.py:156} INFO - Started process (PID=528) to work on /opt/airflow/dags/utils/features_added.py
[2023-05-07T23:08:36.577+0000] {processor.py:799} INFO - Processing file /opt/airflow/dags/utils/features_added.py for tasks to queue
[2023-05-07T23:08:36.578+0000] {logging_mixin.py:149} INFO - [2023-05-07T23:08:36.578+0000] {dagbag.py:541} INFO - Filling up the DagBag from /opt/airflow/dags/utils/features_added.py
[2023-05-07T23:08:36.933+0000] {processor.py:811} WARNING - No viable dags retrieved from /opt/airflow/dags/utils/features_added.py
[2023-05-07T23:08:36.945+0000] {processor.py:178} INFO - Processing /opt/airflow/dags/utils/features_added.py took 0.373 seconds
[2023-05-07T23:09:07.171+0000] {processor.py:156} INFO - Started process (PID=580) to work on /opt/airflow/dags/utils/features_added.py
[2023-05-07T23:09:07.173+0000] {processor.py:799} INFO - Processing file /opt/airflow/dags/utils/features_added.py for tasks to queue
[2023-05-07T23:09:07.174+0000] {logging_mixin.py:149} INFO - [2023-05-07T23:09:07.174+0000] {dagbag.py:541} INFO - Filling up the DagBag from /opt/airflow/dags/utils/features_added.py
[2023-05-07T23:09:07.431+0000] {processor.py:811} WARNING - No viable dags retrieved from /opt/airflow/dags/utils/features_added.py
[2023-05-07T23:09:07.448+0000] {processor.py:178} INFO - Processing /opt/airflow/dags/utils/features_added.py took 0.281 seconds
[2023-05-07T23:09:37.735+0000] {processor.py:156} INFO - Started process (PID=634) to work on /opt/airflow/dags/utils/features_added.py
[2023-05-07T23:09:37.736+0000] {processor.py:799} INFO - Processing file /opt/airflow/dags/utils/features_added.py for tasks to queue
[2023-05-07T23:09:37.737+0000] {logging_mixin.py:149} INFO - [2023-05-07T23:09:37.737+0000] {dagbag.py:541} INFO - Filling up the DagBag from /opt/airflow/dags/utils/features_added.py
[2023-05-07T23:09:37.999+0000] {processor.py:811} WARNING - No viable dags retrieved from /opt/airflow/dags/utils/features_added.py
[2023-05-07T23:09:38.015+0000] {processor.py:178} INFO - Processing /opt/airflow/dags/utils/features_added.py took 0.283 seconds
[2023-05-07T23:10:08.079+0000] {processor.py:156} INFO - Started process (PID=687) to work on /opt/airflow/dags/utils/features_added.py
[2023-05-07T23:10:08.081+0000] {processor.py:799} INFO - Processing file /opt/airflow/dags/utils/features_added.py for tasks to queue
[2023-05-07T23:10:08.082+0000] {logging_mixin.py:149} INFO - [2023-05-07T23:10:08.081+0000] {dagbag.py:541} INFO - Filling up the DagBag from /opt/airflow/dags/utils/features_added.py
[2023-05-07T23:10:08.318+0000] {processor.py:811} WARNING - No viable dags retrieved from /opt/airflow/dags/utils/features_added.py
[2023-05-07T23:10:08.330+0000] {processor.py:178} INFO - Processing /opt/airflow/dags/utils/features_added.py took 0.253 seconds
[2023-05-07T23:10:39.180+0000] {processor.py:156} INFO - Started process (PID=740) to work on /opt/airflow/dags/utils/features_added.py
[2023-05-07T23:10:39.182+0000] {processor.py:799} INFO - Processing file /opt/airflow/dags/utils/features_added.py for tasks to queue
[2023-05-07T23:10:39.182+0000] {logging_mixin.py:149} INFO - [2023-05-07T23:10:39.182+0000] {dagbag.py:541} INFO - Filling up the DagBag from /opt/airflow/dags/utils/features_added.py
[2023-05-07T23:10:39.398+0000] {processor.py:811} WARNING - No viable dags retrieved from /opt/airflow/dags/utils/features_added.py
[2023-05-07T23:10:39.409+0000] {processor.py:178} INFO - Processing /opt/airflow/dags/utils/features_added.py took 0.232 seconds
[2023-05-07T23:11:10.287+0000] {processor.py:156} INFO - Started process (PID=793) to work on /opt/airflow/dags/utils/features_added.py
[2023-05-07T23:11:10.288+0000] {processor.py:799} INFO - Processing file /opt/airflow/dags/utils/features_added.py for tasks to queue
[2023-05-07T23:11:10.289+0000] {logging_mixin.py:149} INFO - [2023-05-07T23:11:10.289+0000] {dagbag.py:541} INFO - Filling up the DagBag from /opt/airflow/dags/utils/features_added.py
[2023-05-07T23:11:10.497+0000] {processor.py:811} WARNING - No viable dags retrieved from /opt/airflow/dags/utils/features_added.py
[2023-05-07T23:11:10.509+0000] {processor.py:178} INFO - Processing /opt/airflow/dags/utils/features_added.py took 0.224 seconds
[2023-05-07T23:11:41.301+0000] {processor.py:156} INFO - Started process (PID=847) to work on /opt/airflow/dags/utils/features_added.py
[2023-05-07T23:11:41.302+0000] {processor.py:799} INFO - Processing file /opt/airflow/dags/utils/features_added.py for tasks to queue
[2023-05-07T23:11:41.303+0000] {logging_mixin.py:149} INFO - [2023-05-07T23:11:41.303+0000] {dagbag.py:541} INFO - Filling up the DagBag from /opt/airflow/dags/utils/features_added.py
[2023-05-07T23:11:41.519+0000] {processor.py:811} WARNING - No viable dags retrieved from /opt/airflow/dags/utils/features_added.py
[2023-05-07T23:11:41.531+0000] {processor.py:178} INFO - Processing /opt/airflow/dags/utils/features_added.py took 0.232 seconds
[2023-05-07T23:12:12.361+0000] {processor.py:156} INFO - Started process (PID=900) to work on /opt/airflow/dags/utils/features_added.py
[2023-05-07T23:12:12.362+0000] {processor.py:799} INFO - Processing file /opt/airflow/dags/utils/features_added.py for tasks to queue
[2023-05-07T23:12:12.363+0000] {logging_mixin.py:149} INFO - [2023-05-07T23:12:12.363+0000] {dagbag.py:541} INFO - Filling up the DagBag from /opt/airflow/dags/utils/features_added.py
[2023-05-07T23:12:12.585+0000] {processor.py:811} WARNING - No viable dags retrieved from /opt/airflow/dags/utils/features_added.py
[2023-05-07T23:12:12.597+0000] {processor.py:178} INFO - Processing /opt/airflow/dags/utils/features_added.py took 0.238 seconds
[2023-05-07T23:12:43.442+0000] {processor.py:156} INFO - Started process (PID=953) to work on /opt/airflow/dags/utils/features_added.py
[2023-05-07T23:12:43.444+0000] {processor.py:799} INFO - Processing file /opt/airflow/dags/utils/features_added.py for tasks to queue
[2023-05-07T23:12:43.444+0000] {logging_mixin.py:149} INFO - [2023-05-07T23:12:43.444+0000] {dagbag.py:541} INFO - Filling up the DagBag from /opt/airflow/dags/utils/features_added.py
[2023-05-07T23:12:43.658+0000] {processor.py:811} WARNING - No viable dags retrieved from /opt/airflow/dags/utils/features_added.py
[2023-05-07T23:12:43.670+0000] {processor.py:178} INFO - Processing /opt/airflow/dags/utils/features_added.py took 0.231 seconds
[2023-05-07T23:13:14.402+0000] {processor.py:156} INFO - Started process (PID=1006) to work on /opt/airflow/dags/utils/features_added.py
[2023-05-07T23:13:14.403+0000] {processor.py:799} INFO - Processing file /opt/airflow/dags/utils/features_added.py for tasks to queue
[2023-05-07T23:13:14.404+0000] {logging_mixin.py:149} INFO - [2023-05-07T23:13:14.404+0000] {dagbag.py:541} INFO - Filling up the DagBag from /opt/airflow/dags/utils/features_added.py
[2023-05-07T23:13:14.620+0000] {processor.py:811} WARNING - No viable dags retrieved from /opt/airflow/dags/utils/features_added.py
[2023-05-07T23:13:14.631+0000] {processor.py:178} INFO - Processing /opt/airflow/dags/utils/features_added.py took 0.232 seconds
[2023-05-07T23:13:45.416+0000] {processor.py:156} INFO - Started process (PID=1059) to work on /opt/airflow/dags/utils/features_added.py
[2023-05-07T23:13:45.417+0000] {processor.py:799} INFO - Processing file /opt/airflow/dags/utils/features_added.py for tasks to queue
[2023-05-07T23:13:45.417+0000] {logging_mixin.py:149} INFO - [2023-05-07T23:13:45.417+0000] {dagbag.py:541} INFO - Filling up the DagBag from /opt/airflow/dags/utils/features_added.py
[2023-05-07T23:13:45.627+0000] {processor.py:811} WARNING - No viable dags retrieved from /opt/airflow/dags/utils/features_added.py
[2023-05-07T23:13:45.638+0000] {processor.py:178} INFO - Processing /opt/airflow/dags/utils/features_added.py took 0.226 seconds
[2023-05-07T23:14:16.546+0000] {processor.py:156} INFO - Started process (PID=1112) to work on /opt/airflow/dags/utils/features_added.py
[2023-05-07T23:14:16.547+0000] {processor.py:799} INFO - Processing file /opt/airflow/dags/utils/features_added.py for tasks to queue
[2023-05-07T23:14:16.548+0000] {logging_mixin.py:149} INFO - [2023-05-07T23:14:16.548+0000] {dagbag.py:541} INFO - Filling up the DagBag from /opt/airflow/dags/utils/features_added.py
[2023-05-07T23:14:16.754+0000] {processor.py:811} WARNING - No viable dags retrieved from /opt/airflow/dags/utils/features_added.py
[2023-05-07T23:14:16.766+0000] {processor.py:178} INFO - Processing /opt/airflow/dags/utils/features_added.py took 0.223 seconds
[2023-05-07T23:14:47.779+0000] {processor.py:156} INFO - Started process (PID=1165) to work on /opt/airflow/dags/utils/features_added.py
[2023-05-07T23:14:47.781+0000] {processor.py:799} INFO - Processing file /opt/airflow/dags/utils/features_added.py for tasks to queue
[2023-05-07T23:14:47.781+0000] {logging_mixin.py:149} INFO - [2023-05-07T23:14:47.781+0000] {dagbag.py:541} INFO - Filling up the DagBag from /opt/airflow/dags/utils/features_added.py
[2023-05-07T23:14:48.043+0000] {processor.py:811} WARNING - No viable dags retrieved from /opt/airflow/dags/utils/features_added.py
[2023-05-07T23:14:48.055+0000] {processor.py:178} INFO - Processing /opt/airflow/dags/utils/features_added.py took 0.278 seconds
[2023-05-07T23:15:18.915+0000] {processor.py:156} INFO - Started process (PID=1218) to work on /opt/airflow/dags/utils/features_added.py
[2023-05-07T23:15:18.916+0000] {processor.py:799} INFO - Processing file /opt/airflow/dags/utils/features_added.py for tasks to queue
[2023-05-07T23:15:18.917+0000] {logging_mixin.py:149} INFO - [2023-05-07T23:15:18.917+0000] {dagbag.py:541} INFO - Filling up the DagBag from /opt/airflow/dags/utils/features_added.py
[2023-05-07T23:15:19.196+0000] {processor.py:811} WARNING - No viable dags retrieved from /opt/airflow/dags/utils/features_added.py
[2023-05-07T23:15:19.208+0000] {processor.py:178} INFO - Processing /opt/airflow/dags/utils/features_added.py took 0.296 seconds
[2023-05-07T23:15:50.064+0000] {processor.py:156} INFO - Started process (PID=1271) to work on /opt/airflow/dags/utils/features_added.py
[2023-05-07T23:15:50.065+0000] {processor.py:799} INFO - Processing file /opt/airflow/dags/utils/features_added.py for tasks to queue
[2023-05-07T23:15:50.066+0000] {logging_mixin.py:149} INFO - [2023-05-07T23:15:50.066+0000] {dagbag.py:541} INFO - Filling up the DagBag from /opt/airflow/dags/utils/features_added.py
[2023-05-07T23:15:50.365+0000] {processor.py:811} WARNING - No viable dags retrieved from /opt/airflow/dags/utils/features_added.py
[2023-05-07T23:15:50.377+0000] {processor.py:178} INFO - Processing /opt/airflow/dags/utils/features_added.py took 0.316 seconds
[2023-05-07T23:16:21.181+0000] {processor.py:156} INFO - Started process (PID=1324) to work on /opt/airflow/dags/utils/features_added.py
[2023-05-07T23:16:21.182+0000] {processor.py:799} INFO - Processing file /opt/airflow/dags/utils/features_added.py for tasks to queue
[2023-05-07T23:16:21.183+0000] {logging_mixin.py:149} INFO - [2023-05-07T23:16:21.182+0000] {dagbag.py:541} INFO - Filling up the DagBag from /opt/airflow/dags/utils/features_added.py
[2023-05-07T23:16:21.454+0000] {processor.py:811} WARNING - No viable dags retrieved from /opt/airflow/dags/utils/features_added.py
[2023-05-07T23:16:21.467+0000] {processor.py:178} INFO - Processing /opt/airflow/dags/utils/features_added.py took 0.289 seconds
[2023-05-07T23:16:52.283+0000] {processor.py:156} INFO - Started process (PID=1377) to work on /opt/airflow/dags/utils/features_added.py
[2023-05-07T23:16:52.284+0000] {processor.py:799} INFO - Processing file /opt/airflow/dags/utils/features_added.py for tasks to queue
[2023-05-07T23:16:52.285+0000] {logging_mixin.py:149} INFO - [2023-05-07T23:16:52.285+0000] {dagbag.py:541} INFO - Filling up the DagBag from /opt/airflow/dags/utils/features_added.py
[2023-05-07T23:16:52.561+0000] {processor.py:811} WARNING - No viable dags retrieved from /opt/airflow/dags/utils/features_added.py
[2023-05-07T23:16:52.573+0000] {processor.py:178} INFO - Processing /opt/airflow/dags/utils/features_added.py took 0.294 seconds
[2023-05-07T23:21:19.702+0000] {processor.py:156} INFO - Started process (PID=59) to work on /opt/airflow/dags/utils/features_added.py
[2023-05-07T23:21:19.712+0000] {processor.py:799} INFO - Processing file /opt/airflow/dags/utils/features_added.py for tasks to queue
[2023-05-07T23:21:19.714+0000] {logging_mixin.py:149} INFO - [2023-05-07T23:21:19.714+0000] {dagbag.py:541} INFO - Filling up the DagBag from /opt/airflow/dags/utils/features_added.py
[2023-05-07T23:21:20.551+0000] {processor.py:811} WARNING - No viable dags retrieved from /opt/airflow/dags/utils/features_added.py
[2023-05-07T23:21:20.616+0000] {processor.py:178} INFO - Processing /opt/airflow/dags/utils/features_added.py took 0.928 seconds
[2023-05-07T23:21:51.027+0000] {processor.py:156} INFO - Started process (PID=111) to work on /opt/airflow/dags/utils/features_added.py
[2023-05-07T23:21:51.028+0000] {processor.py:799} INFO - Processing file /opt/airflow/dags/utils/features_added.py for tasks to queue
[2023-05-07T23:21:51.029+0000] {logging_mixin.py:149} INFO - [2023-05-07T23:21:51.029+0000] {dagbag.py:541} INFO - Filling up the DagBag from /opt/airflow/dags/utils/features_added.py
[2023-05-07T23:21:51.327+0000] {processor.py:811} WARNING - No viable dags retrieved from /opt/airflow/dags/utils/features_added.py
[2023-05-07T23:21:51.342+0000] {processor.py:178} INFO - Processing /opt/airflow/dags/utils/features_added.py took 0.319 seconds
[2023-05-07T23:22:21.754+0000] {processor.py:156} INFO - Started process (PID=172) to work on /opt/airflow/dags/utils/features_added.py
[2023-05-07T23:22:21.757+0000] {processor.py:799} INFO - Processing file /opt/airflow/dags/utils/features_added.py for tasks to queue
[2023-05-07T23:22:21.760+0000] {logging_mixin.py:149} INFO - [2023-05-07T23:22:21.759+0000] {dagbag.py:541} INFO - Filling up the DagBag from /opt/airflow/dags/utils/features_added.py
[2023-05-07T23:22:22.099+0000] {processor.py:811} WARNING - No viable dags retrieved from /opt/airflow/dags/utils/features_added.py
[2023-05-07T23:22:22.118+0000] {processor.py:178} INFO - Processing /opt/airflow/dags/utils/features_added.py took 0.368 seconds
[2023-05-07T23:22:52.419+0000] {processor.py:156} INFO - Started process (PID=224) to work on /opt/airflow/dags/utils/features_added.py
[2023-05-07T23:22:52.421+0000] {processor.py:799} INFO - Processing file /opt/airflow/dags/utils/features_added.py for tasks to queue
[2023-05-07T23:22:52.422+0000] {logging_mixin.py:149} INFO - [2023-05-07T23:22:52.422+0000] {dagbag.py:541} INFO - Filling up the DagBag from /opt/airflow/dags/utils/features_added.py
[2023-05-07T23:22:52.693+0000] {processor.py:811} WARNING - No viable dags retrieved from /opt/airflow/dags/utils/features_added.py
[2023-05-07T23:22:52.706+0000] {processor.py:178} INFO - Processing /opt/airflow/dags/utils/features_added.py took 0.293 seconds
[2023-05-07T23:23:23.433+0000] {processor.py:156} INFO - Started process (PID=285) to work on /opt/airflow/dags/utils/features_added.py
[2023-05-07T23:23:23.435+0000] {processor.py:799} INFO - Processing file /opt/airflow/dags/utils/features_added.py for tasks to queue
[2023-05-07T23:23:23.439+0000] {logging_mixin.py:149} INFO - [2023-05-07T23:23:23.438+0000] {dagbag.py:541} INFO - Filling up the DagBag from /opt/airflow/dags/utils/features_added.py
[2023-05-07T23:23:23.679+0000] {processor.py:811} WARNING - No viable dags retrieved from /opt/airflow/dags/utils/features_added.py
[2023-05-07T23:23:23.690+0000] {processor.py:178} INFO - Processing /opt/airflow/dags/utils/features_added.py took 0.265 seconds
[2023-05-07T23:23:53.748+0000] {processor.py:156} INFO - Started process (PID=346) to work on /opt/airflow/dags/utils/features_added.py
[2023-05-07T23:23:53.750+0000] {processor.py:799} INFO - Processing file /opt/airflow/dags/utils/features_added.py for tasks to queue
[2023-05-07T23:23:53.751+0000] {logging_mixin.py:149} INFO - [2023-05-07T23:23:53.751+0000] {dagbag.py:541} INFO - Filling up the DagBag from /opt/airflow/dags/utils/features_added.py
[2023-05-07T23:23:53.966+0000] {processor.py:811} WARNING - No viable dags retrieved from /opt/airflow/dags/utils/features_added.py
[2023-05-07T23:23:53.978+0000] {processor.py:178} INFO - Processing /opt/airflow/dags/utils/features_added.py took 0.236 seconds
[2023-05-07T23:24:24.505+0000] {processor.py:156} INFO - Started process (PID=407) to work on /opt/airflow/dags/utils/features_added.py
[2023-05-07T23:24:24.507+0000] {processor.py:799} INFO - Processing file /opt/airflow/dags/utils/features_added.py for tasks to queue
[2023-05-07T23:24:24.509+0000] {logging_mixin.py:149} INFO - [2023-05-07T23:24:24.509+0000] {dagbag.py:541} INFO - Filling up the DagBag from /opt/airflow/dags/utils/features_added.py
[2023-05-07T23:24:24.748+0000] {processor.py:811} WARNING - No viable dags retrieved from /opt/airflow/dags/utils/features_added.py
[2023-05-07T23:24:24.766+0000] {processor.py:178} INFO - Processing /opt/airflow/dags/utils/features_added.py took 0.269 seconds
[2023-05-07T23:24:54.903+0000] {processor.py:156} INFO - Started process (PID=486) to work on /opt/airflow/dags/utils/features_added.py
[2023-05-07T23:24:54.906+0000] {processor.py:799} INFO - Processing file /opt/airflow/dags/utils/features_added.py for tasks to queue
[2023-05-07T23:24:54.907+0000] {logging_mixin.py:149} INFO - [2023-05-07T23:24:54.907+0000] {dagbag.py:541} INFO - Filling up the DagBag from /opt/airflow/dags/utils/features_added.py
[2023-05-07T23:24:55.228+0000] {processor.py:811} WARNING - No viable dags retrieved from /opt/airflow/dags/utils/features_added.py
[2023-05-07T23:24:55.256+0000] {processor.py:178} INFO - Processing /opt/airflow/dags/utils/features_added.py took 0.359 seconds
[2023-05-07T23:26:20.902+0000] {processor.py:156} INFO - Started process (PID=58) to work on /opt/airflow/dags/utils/features_added.py
[2023-05-07T23:26:20.904+0000] {processor.py:799} INFO - Processing file /opt/airflow/dags/utils/features_added.py for tasks to queue
[2023-05-07T23:26:20.905+0000] {logging_mixin.py:149} INFO - [2023-05-07T23:26:20.905+0000] {dagbag.py:541} INFO - Filling up the DagBag from /opt/airflow/dags/utils/features_added.py
[2023-05-07T23:26:21.314+0000] {processor.py:811} WARNING - No viable dags retrieved from /opt/airflow/dags/utils/features_added.py
[2023-05-07T23:26:21.324+0000] {processor.py:178} INFO - Processing /opt/airflow/dags/utils/features_added.py took 0.427 seconds
[2023-05-07T23:26:52.785+0000] {processor.py:156} INFO - Started process (PID=119) to work on /opt/airflow/dags/utils/features_added.py
[2023-05-07T23:26:52.787+0000] {processor.py:799} INFO - Processing file /opt/airflow/dags/utils/features_added.py for tasks to queue
[2023-05-07T23:26:52.788+0000] {logging_mixin.py:149} INFO - [2023-05-07T23:26:52.788+0000] {dagbag.py:541} INFO - Filling up the DagBag from /opt/airflow/dags/utils/features_added.py
[2023-05-07T23:26:53.161+0000] {processor.py:811} WARNING - No viable dags retrieved from /opt/airflow/dags/utils/features_added.py
[2023-05-07T23:26:53.171+0000] {processor.py:178} INFO - Processing /opt/airflow/dags/utils/features_added.py took 0.389 seconds
[2023-05-07T23:27:24.985+0000] {processor.py:156} INFO - Started process (PID=201) to work on /opt/airflow/dags/utils/features_added.py
[2023-05-07T23:27:24.987+0000] {processor.py:799} INFO - Processing file /opt/airflow/dags/utils/features_added.py for tasks to queue
[2023-05-07T23:27:24.988+0000] {logging_mixin.py:149} INFO - [2023-05-07T23:27:24.988+0000] {dagbag.py:541} INFO - Filling up the DagBag from /opt/airflow/dags/utils/features_added.py
[2023-05-07T23:27:25.399+0000] {processor.py:811} WARNING - No viable dags retrieved from /opt/airflow/dags/utils/features_added.py
[2023-05-07T23:27:25.409+0000] {processor.py:178} INFO - Processing /opt/airflow/dags/utils/features_added.py took 0.427 seconds
[2023-05-07T23:27:56.948+0000] {processor.py:156} INFO - Started process (PID=262) to work on /opt/airflow/dags/utils/features_added.py
[2023-05-07T23:27:56.949+0000] {processor.py:799} INFO - Processing file /opt/airflow/dags/utils/features_added.py for tasks to queue
[2023-05-07T23:27:56.950+0000] {logging_mixin.py:149} INFO - [2023-05-07T23:27:56.950+0000] {dagbag.py:541} INFO - Filling up the DagBag from /opt/airflow/dags/utils/features_added.py
[2023-05-07T23:27:57.356+0000] {processor.py:811} WARNING - No viable dags retrieved from /opt/airflow/dags/utils/features_added.py
[2023-05-07T23:27:57.371+0000] {processor.py:178} INFO - Processing /opt/airflow/dags/utils/features_added.py took 0.426 seconds
[2023-05-07T23:28:28.662+0000] {processor.py:156} INFO - Started process (PID=323) to work on /opt/airflow/dags/utils/features_added.py
[2023-05-07T23:28:28.664+0000] {processor.py:799} INFO - Processing file /opt/airflow/dags/utils/features_added.py for tasks to queue
[2023-05-07T23:28:28.664+0000] {logging_mixin.py:149} INFO - [2023-05-07T23:28:28.664+0000] {dagbag.py:541} INFO - Filling up the DagBag from /opt/airflow/dags/utils/features_added.py
[2023-05-07T23:28:29.003+0000] {processor.py:811} WARNING - No viable dags retrieved from /opt/airflow/dags/utils/features_added.py
[2023-05-07T23:28:29.014+0000] {processor.py:178} INFO - Processing /opt/airflow/dags/utils/features_added.py took 0.355 seconds
[2023-05-07T23:29:00.891+0000] {processor.py:156} INFO - Started process (PID=387) to work on /opt/airflow/dags/utils/features_added.py
[2023-05-07T23:29:00.892+0000] {processor.py:799} INFO - Processing file /opt/airflow/dags/utils/features_added.py for tasks to queue
[2023-05-07T23:29:00.893+0000] {logging_mixin.py:149} INFO - [2023-05-07T23:29:00.893+0000] {dagbag.py:541} INFO - Filling up the DagBag from /opt/airflow/dags/utils/features_added.py
[2023-05-07T23:29:01.223+0000] {processor.py:811} WARNING - No viable dags retrieved from /opt/airflow/dags/utils/features_added.py
[2023-05-07T23:29:01.233+0000] {processor.py:178} INFO - Processing /opt/airflow/dags/utils/features_added.py took 0.345 seconds
[2023-05-07T23:29:32.686+0000] {processor.py:156} INFO - Started process (PID=442) to work on /opt/airflow/dags/utils/features_added.py
[2023-05-07T23:29:32.687+0000] {processor.py:799} INFO - Processing file /opt/airflow/dags/utils/features_added.py for tasks to queue
[2023-05-07T23:29:32.688+0000] {logging_mixin.py:149} INFO - [2023-05-07T23:29:32.688+0000] {dagbag.py:541} INFO - Filling up the DagBag from /opt/airflow/dags/utils/features_added.py
[2023-05-07T23:29:32.995+0000] {processor.py:811} WARNING - No viable dags retrieved from /opt/airflow/dags/utils/features_added.py
[2023-05-07T23:29:33.005+0000] {processor.py:178} INFO - Processing /opt/airflow/dags/utils/features_added.py took 0.321 seconds
[2023-05-07T23:30:04.849+0000] {processor.py:156} INFO - Started process (PID=479) to work on /opt/airflow/dags/utils/features_added.py
[2023-05-07T23:30:04.851+0000] {processor.py:799} INFO - Processing file /opt/airflow/dags/utils/features_added.py for tasks to queue
[2023-05-07T23:30:04.851+0000] {logging_mixin.py:149} INFO - [2023-05-07T23:30:04.851+0000] {dagbag.py:541} INFO - Filling up the DagBag from /opt/airflow/dags/utils/features_added.py
[2023-05-07T23:30:05.140+0000] {processor.py:811} WARNING - No viable dags retrieved from /opt/airflow/dags/utils/features_added.py
[2023-05-07T23:30:05.149+0000] {processor.py:178} INFO - Processing /opt/airflow/dags/utils/features_added.py took 0.303 seconds
[2023-05-07T23:30:35.443+0000] {processor.py:156} INFO - Started process (PID=498) to work on /opt/airflow/dags/utils/features_added.py
[2023-05-07T23:30:35.445+0000] {processor.py:799} INFO - Processing file /opt/airflow/dags/utils/features_added.py for tasks to queue
[2023-05-07T23:30:35.447+0000] {logging_mixin.py:149} INFO - [2023-05-07T23:30:35.447+0000] {dagbag.py:541} INFO - Filling up the DagBag from /opt/airflow/dags/utils/features_added.py
[2023-05-07T23:30:35.451+0000] {logging_mixin.py:149} INFO - [2023-05-07T23:30:35.451+0000] {dagbag.py:327} INFO - File /opt/airflow/dags/utils/features_added.py assumed to contain no DAGs. Skipping.
[2023-05-07T23:30:35.452+0000] {processor.py:811} WARNING - No viable dags retrieved from /opt/airflow/dags/utils/features_added.py
[2023-05-07T23:30:35.474+0000] {processor.py:178} INFO - Processing /opt/airflow/dags/utils/features_added.py took 0.035 seconds
[2023-05-07T23:31:05.627+0000] {processor.py:156} INFO - Started process (PID=527) to work on /opt/airflow/dags/utils/features_added.py
[2023-05-07T23:31:05.629+0000] {processor.py:799} INFO - Processing file /opt/airflow/dags/utils/features_added.py for tasks to queue
[2023-05-07T23:31:05.630+0000] {logging_mixin.py:149} INFO - [2023-05-07T23:31:05.630+0000] {dagbag.py:541} INFO - Filling up the DagBag from /opt/airflow/dags/utils/features_added.py
[2023-05-07T23:31:05.633+0000] {logging_mixin.py:149} INFO - [2023-05-07T23:31:05.633+0000] {dagbag.py:327} INFO - File /opt/airflow/dags/utils/features_added.py assumed to contain no DAGs. Skipping.
[2023-05-07T23:31:05.634+0000] {processor.py:811} WARNING - No viable dags retrieved from /opt/airflow/dags/utils/features_added.py
[2023-05-07T23:31:05.654+0000] {processor.py:178} INFO - Processing /opt/airflow/dags/utils/features_added.py took 0.032 seconds
