[2023-05-03T16:27:12.027+0000] {taskinstance.py:1090} INFO - Dependencies all met for dep_context=non-requeueable deps ti=<TaskInstance: ml_pipeline.data_processing_task4 manual__2023-05-03T16:27:09.324531+00:00 [queued]>
[2023-05-03T16:27:12.046+0000] {taskinstance.py:1090} INFO - Dependencies all met for dep_context=requeueable deps ti=<TaskInstance: ml_pipeline.data_processing_task4 manual__2023-05-03T16:27:09.324531+00:00 [queued]>
[2023-05-03T16:27:12.049+0000] {taskinstance.py:1288} INFO - 
--------------------------------------------------------------------------------
[2023-05-03T16:27:12.052+0000] {taskinstance.py:1289} INFO - Starting attempt 1 of 1
[2023-05-03T16:27:12.062+0000] {taskinstance.py:1290} INFO - 
--------------------------------------------------------------------------------
[2023-05-03T16:27:12.108+0000] {taskinstance.py:1309} INFO - Executing <Task(PythonOperator): data_processing_task4> on 2023-05-03 16:27:09.324531+00:00
[2023-05-03T16:27:12.118+0000] {standard_task_runner.py:55} INFO - Started process 542 to run task
[2023-05-03T16:27:12.127+0000] {standard_task_runner.py:82} INFO - Running: ['***', 'tasks', 'run', 'ml_pipeline', 'data_processing_task4', 'manual__2023-05-03T16:27:09.324531+00:00', '--job-id', '90', '--raw', '--subdir', 'DAGS_FOLDER/ml_pipeline.py', '--cfg-path', '/tmp/tmpgfisqzcs']
[2023-05-03T16:27:12.131+0000] {standard_task_runner.py:83} INFO - Job 90: Subtask data_processing_task4
[2023-05-03T16:27:12.305+0000] {task_command.py:389} INFO - Running <TaskInstance: ml_pipeline.data_processing_task4 manual__2023-05-03T16:27:09.324531+00:00 [running]> on host 46ed3ffab080
[2023-05-03T16:27:12.436+0000] {taskinstance.py:1518} INFO - Exporting the following env vars:
AIRFLOW_CTX_DAG_EMAIL=lequanghop844@gmail.com
AIRFLOW_CTX_DAG_OWNER=Felix Le
AIRFLOW_CTX_DAG_ID=ml_pipeline
AIRFLOW_CTX_TASK_ID=data_processing_task4
AIRFLOW_CTX_EXECUTION_DATE=2023-05-03T16:27:09.324531+00:00
AIRFLOW_CTX_TRY_NUMBER=1
AIRFLOW_CTX_DAG_RUN_ID=manual__2023-05-03T16:27:09.324531+00:00
[2023-05-03T16:27:12.439+0000] {python.py:177} INFO - Done. Returned value was: None
[2023-05-03T16:27:12.455+0000] {taskinstance.py:1332} INFO - Marking task as SUCCESS. dag_id=ml_pipeline, task_id=data_processing_task4, execution_date=20230503T162709, start_date=20230503T162712, end_date=20230503T162712
[2023-05-03T16:27:12.548+0000] {local_task_job.py:212} INFO - Task exited with return code 0
[2023-05-03T16:27:12.615+0000] {taskinstance.py:2596} INFO - 1 downstream tasks scheduled from follow-on schedule check
