[2023-05-03T16:37:13.237+0000] {taskinstance.py:1090} INFO - Dependencies all met for dep_context=non-requeueable deps ti=<TaskInstance: ml_pipeline.featuring_data_task5 manual__2023-05-03T16:37:07.997663+00:00 [queued]>
[2023-05-03T16:37:13.262+0000] {taskinstance.py:1090} INFO - Dependencies all met for dep_context=requeueable deps ti=<TaskInstance: ml_pipeline.featuring_data_task5 manual__2023-05-03T16:37:07.997663+00:00 [queued]>
[2023-05-03T16:37:13.264+0000] {taskinstance.py:1288} INFO - 
--------------------------------------------------------------------------------
[2023-05-03T16:37:13.266+0000] {taskinstance.py:1289} INFO - Starting attempt 1 of 1
[2023-05-03T16:37:13.267+0000] {taskinstance.py:1290} INFO - 
--------------------------------------------------------------------------------
[2023-05-03T16:37:13.290+0000] {taskinstance.py:1309} INFO - Executing <Task(PythonOperator): featuring_data_task5> on 2023-05-03 16:37:07.997663+00:00
[2023-05-03T16:37:13.303+0000] {standard_task_runner.py:55} INFO - Started process 177 to run task
[2023-05-03T16:37:13.310+0000] {standard_task_runner.py:82} INFO - Running: ['***', 'tasks', 'run', 'ml_pipeline', 'featuring_data_task5', 'manual__2023-05-03T16:37:07.997663+00:00', '--job-id', '129', '--raw', '--subdir', 'DAGS_FOLDER/ml_pipeline.py', '--cfg-path', '/tmp/tmp4rp7p1qy']
[2023-05-03T16:37:13.312+0000] {standard_task_runner.py:83} INFO - Job 129: Subtask featuring_data_task5
[2023-05-03T16:37:13.514+0000] {task_command.py:389} INFO - Running <TaskInstance: ml_pipeline.featuring_data_task5 manual__2023-05-03T16:37:07.997663+00:00 [running]> on host 46ed3ffab080
[2023-05-03T16:37:13.683+0000] {taskinstance.py:1518} INFO - Exporting the following env vars:
AIRFLOW_CTX_DAG_EMAIL=lequanghop844@gmail.com
AIRFLOW_CTX_DAG_OWNER=Felix Le
AIRFLOW_CTX_DAG_ID=ml_pipeline
AIRFLOW_CTX_TASK_ID=featuring_data_task5
AIRFLOW_CTX_EXECUTION_DATE=2023-05-03T16:37:07.997663+00:00
AIRFLOW_CTX_TRY_NUMBER=1
AIRFLOW_CTX_DAG_RUN_ID=manual__2023-05-03T16:37:07.997663+00:00
[2023-05-03T16:37:13.690+0000] {python.py:177} INFO - Done. Returned value was: None
[2023-05-03T16:37:13.733+0000] {taskinstance.py:1332} INFO - Marking task as SUCCESS. dag_id=ml_pipeline, task_id=featuring_data_task5, execution_date=20230503T163707, start_date=20230503T163713, end_date=20230503T163713
[2023-05-03T16:37:13.789+0000] {local_task_job.py:212} INFO - Task exited with return code 0
[2023-05-03T16:37:13.838+0000] {taskinstance.py:2596} INFO - 0 downstream tasks scheduled from follow-on schedule check
