[2023-05-03T07:29:50.252+0000] {taskinstance.py:1090} INFO - Dependencies all met for dep_context=non-requeueable deps ti=<TaskInstance: ml_pipeline.middle_task manual__2023-05-03T07:27:24.399606+00:00 [queued]>
[2023-05-03T07:29:50.261+0000] {taskinstance.py:1090} INFO - Dependencies all met for dep_context=requeueable deps ti=<TaskInstance: ml_pipeline.middle_task manual__2023-05-03T07:27:24.399606+00:00 [queued]>
[2023-05-03T07:29:50.262+0000] {taskinstance.py:1288} INFO - 
--------------------------------------------------------------------------------
[2023-05-03T07:29:50.262+0000] {taskinstance.py:1289} INFO - Starting attempt 1 of 1
[2023-05-03T07:29:50.263+0000] {taskinstance.py:1290} INFO - 
--------------------------------------------------------------------------------
[2023-05-03T07:29:50.274+0000] {taskinstance.py:1309} INFO - Executing <Task(PythonOperator): middle_task> on 2023-05-03 07:27:24.399606+00:00
[2023-05-03T07:29:50.288+0000] {standard_task_runner.py:55} INFO - Started process 31374 to run task
[2023-05-03T07:29:50.294+0000] {standard_task_runner.py:82} INFO - Running: ['***', 'tasks', 'run', 'ml_pipeline', 'middle_task', 'manual__2023-05-03T07:27:24.399606+00:00', '--job-id', '62', '--raw', '--subdir', 'DAGS_FOLDER/ml_pipeline.py', '--cfg-path', '/tmp/tmpfzjbg6wt']
[2023-05-03T07:29:50.295+0000] {standard_task_runner.py:83} INFO - Job 62: Subtask middle_task
[2023-05-03T07:29:50.370+0000] {task_command.py:389} INFO - Running <TaskInstance: ml_pipeline.middle_task manual__2023-05-03T07:27:24.399606+00:00 [running]> on host 46ed3ffab080
[2023-05-03T07:29:50.648+0000] {taskinstance.py:1518} INFO - Exporting the following env vars:
AIRFLOW_CTX_DAG_EMAIL=lequanghop844@gmail.com
AIRFLOW_CTX_DAG_OWNER=Felix Le
AIRFLOW_CTX_DAG_ID=ml_pipeline
AIRFLOW_CTX_TASK_ID=middle_task
AIRFLOW_CTX_EXECUTION_DATE=2023-05-03T07:27:24.399606+00:00
AIRFLOW_CTX_TRY_NUMBER=1
AIRFLOW_CTX_DAG_RUN_ID=manual__2023-05-03T07:27:24.399606+00:00
[2023-05-03T07:29:50.649+0000] {logging_mixin.py:137} INFO - finished processing data
[2023-05-03T07:29:50.650+0000] {python.py:177} INFO - Done. Returned value was: None
[2023-05-03T07:29:50.659+0000] {taskinstance.py:1332} INFO - Marking task as SUCCESS. dag_id=ml_pipeline, task_id=middle_task, execution_date=20230503T072724, start_date=20230503T072950, end_date=20230503T072950
[2023-05-03T07:29:50.713+0000] {local_task_job.py:212} INFO - Task exited with return code 0
[2023-05-03T07:29:50.728+0000] {taskinstance.py:2596} INFO - 0 downstream tasks scheduled from follow-on schedule check
