[2023-05-03T20:33:35.844+0000] {taskinstance.py:1125} INFO - Dependencies all met for dep_context=non-requeueable deps ti=<TaskInstance: ml_pipeline.data_processing_task2 manual__2023-05-03T20:27:48.004913+00:00 [queued]>
[2023-05-03T20:33:35.885+0000] {taskinstance.py:1125} INFO - Dependencies all met for dep_context=requeueable deps ti=<TaskInstance: ml_pipeline.data_processing_task2 manual__2023-05-03T20:27:48.004913+00:00 [queued]>
[2023-05-03T20:33:35.900+0000] {taskinstance.py:1331} INFO - Starting attempt 1 of 1
[2023-05-03T20:33:35.927+0000] {taskinstance.py:1350} INFO - Executing <Task(PythonOperator): data_processing_task2> on 2023-05-03 20:27:48.004913+00:00
[2023-05-03T20:33:35.952+0000] {standard_task_runner.py:57} INFO - Started process 462 to run task
[2023-05-03T20:33:35.995+0000] {standard_task_runner.py:84} INFO - Running: ['***', 'tasks', 'run', 'ml_pipeline', 'data_processing_task2', 'manual__2023-05-03T20:27:48.004913+00:00', '--job-id', '214', '--raw', '--subdir', 'DAGS_FOLDER/ml_pipeline.py', '--cfg-path', '/tmp/tmpxz4ddez7']
[2023-05-03T20:33:35.997+0000] {standard_task_runner.py:85} INFO - Job 214: Subtask data_processing_task2
[2023-05-03T20:33:36.332+0000] {task_command.py:410} INFO - Running <TaskInstance: ml_pipeline.data_processing_task2 manual__2023-05-03T20:27:48.004913+00:00 [running]> on host f7154874b565
[2023-05-03T20:33:36.591+0000] {taskinstance.py:1570} INFO - Exporting env vars: AIRFLOW_CTX_DAG_EMAIL='lequanghop844@gmail.com' AIRFLOW_CTX_DAG_OWNER='Felix Le' AIRFLOW_CTX_DAG_ID='ml_pipeline' AIRFLOW_CTX_TASK_ID='data_processing_task2' AIRFLOW_CTX_EXECUTION_DATE='2023-05-03T20:27:48.004913+00:00' AIRFLOW_CTX_TRY_NUMBER='1' AIRFLOW_CTX_DAG_RUN_ID='manual__2023-05-03T20:27:48.004913+00:00'
[2023-05-03T20:37:53.379+0000] {python.py:183} INFO - Done. Returned value was: None
[2023-05-03T20:37:53.481+0000] {taskinstance.py:1373} INFO - Marking task as SUCCESS. dag_id=ml_pipeline, task_id=data_processing_task2, execution_date=20230503T202748, start_date=20230503T203335, end_date=20230503T203753
[2023-05-03T20:37:53.605+0000] {local_task_job_runner.py:232} INFO - Task exited with return code 0
[2023-05-03T20:37:53.733+0000] {dagrun.py:701} ERROR - Failed to get task for ti <TaskInstance: ml_pipeline.featuring_data_task0 manual__2023-05-03T20:27:48.004913+00:00 [None]>. Marking it as removed.
[2023-05-03T20:37:53.758+0000] {dagrun.py:701} ERROR - Failed to get task for ti <TaskInstance: ml_pipeline.featuring_data_task1 manual__2023-05-03T20:27:48.004913+00:00 [None]>. Marking it as removed.
[2023-05-03T20:37:53.769+0000] {dagrun.py:701} ERROR - Failed to get task for ti <TaskInstance: ml_pipeline.featuring_data_task2 manual__2023-05-03T20:27:48.004913+00:00 [None]>. Marking it as removed.
[2023-05-03T20:37:53.790+0000] {dagrun.py:701} ERROR - Failed to get task for ti <TaskInstance: ml_pipeline.featuring_data_task3 manual__2023-05-03T20:27:48.004913+00:00 [None]>. Marking it as removed.
[2023-05-03T20:37:53.800+0000] {dagrun.py:701} ERROR - Failed to get task for ti <TaskInstance: ml_pipeline.featuring_data_task4 manual__2023-05-03T20:27:48.004913+00:00 [None]>. Marking it as removed.
[2023-05-03T20:37:53.807+0000] {dagrun.py:701} ERROR - Failed to get task for ti <TaskInstance: ml_pipeline.featuring_data_task5 manual__2023-05-03T20:27:48.004913+00:00 [None]>. Marking it as removed.
[2023-05-03T20:37:53.822+0000] {dagrun.py:701} ERROR - Failed to get task for ti <TaskInstance: ml_pipeline.featuring_data_task6 manual__2023-05-03T20:27:48.004913+00:00 [None]>. Marking it as removed.
[2023-05-03T20:37:53.826+0000] {dagrun.py:701} ERROR - Failed to get task for ti <TaskInstance: ml_pipeline.featuring_data_task7 manual__2023-05-03T20:27:48.004913+00:00 [None]>. Marking it as removed.
[2023-05-03T20:37:53.852+0000] {taskinstance.py:2674} INFO - 0 downstream tasks scheduled from follow-on schedule check
