[2023-05-03T07:39:49.477+0000] {taskinstance.py:1090} INFO - Dependencies all met for dep_context=non-requeueable deps ti=<TaskInstance: ml_pipeline.data_processing_task_1 manual__2023-05-03T07:39:47.923432+00:00 [queued]>
[2023-05-03T07:39:49.499+0000] {taskinstance.py:1090} INFO - Dependencies all met for dep_context=requeueable deps ti=<TaskInstance: ml_pipeline.data_processing_task_1 manual__2023-05-03T07:39:47.923432+00:00 [queued]>
[2023-05-03T07:39:49.500+0000] {taskinstance.py:1288} INFO - 
--------------------------------------------------------------------------------
[2023-05-03T07:39:49.503+0000] {taskinstance.py:1289} INFO - Starting attempt 1 of 1
[2023-05-03T07:39:49.505+0000] {taskinstance.py:1290} INFO - 
--------------------------------------------------------------------------------
[2023-05-03T07:39:49.530+0000] {taskinstance.py:1309} INFO - Executing <Task(PythonOperator): data_processing_task_1> on 2023-05-03 07:39:47.923432+00:00
[2023-05-03T07:39:49.563+0000] {standard_task_runner.py:82} INFO - Running: ['***', 'tasks', 'run', 'ml_pipeline', 'data_processing_task_1', 'manual__2023-05-03T07:39:47.923432+00:00', '--job-id', '75', '--raw', '--subdir', 'DAGS_FOLDER/ml_pipeline.py', '--cfg-path', '/tmp/tmpat0h6l59']
[2023-05-03T07:39:49.542+0000] {standard_task_runner.py:55} INFO - Started process 61425 to run task
[2023-05-03T07:39:49.566+0000] {standard_task_runner.py:83} INFO - Job 75: Subtask data_processing_task_1
[2023-05-03T07:39:49.749+0000] {task_command.py:389} INFO - Running <TaskInstance: ml_pipeline.data_processing_task_1 manual__2023-05-03T07:39:47.923432+00:00 [running]> on host 46ed3ffab080
[2023-05-03T07:39:50.321+0000] {taskinstance.py:1518} INFO - Exporting the following env vars:
AIRFLOW_CTX_DAG_EMAIL=lequanghop844@gmail.com
AIRFLOW_CTX_DAG_OWNER=Felix Le
AIRFLOW_CTX_DAG_ID=ml_pipeline
AIRFLOW_CTX_TASK_ID=data_processing_task_1
AIRFLOW_CTX_EXECUTION_DATE=2023-05-03T07:39:47.923432+00:00
AIRFLOW_CTX_TRY_NUMBER=1
AIRFLOW_CTX_DAG_RUN_ID=manual__2023-05-03T07:39:47.923432+00:00
[2023-05-03T07:41:45.436+0000] {python.py:177} INFO - Done. Returned value was: None
[2023-05-03T07:41:45.464+0000] {taskinstance.py:1332} INFO - Marking task as SUCCESS. dag_id=ml_pipeline, task_id=data_processing_task_1, execution_date=20230503T073947, start_date=20230503T073949, end_date=20230503T074145
[2023-05-03T07:41:45.638+0000] {local_task_job.py:212} INFO - Task exited with return code 0
[2023-05-03T07:41:46.174+0000] {taskinstance.py:2596} INFO - 0 downstream tasks scheduled from follow-on schedule check
