[2023-05-03T07:27:29.654+0000] {taskinstance.py:1090} INFO - Dependencies all met for dep_context=non-requeueable deps ti=<TaskInstance: ml_pipeline.featuring_data_task_0 manual__2023-05-03T07:27:24.399606+00:00 [queued]>
[2023-05-03T07:27:29.731+0000] {taskinstance.py:1090} INFO - Dependencies all met for dep_context=requeueable deps ti=<TaskInstance: ml_pipeline.featuring_data_task_0 manual__2023-05-03T07:27:24.399606+00:00 [queued]>
[2023-05-03T07:27:29.741+0000] {taskinstance.py:1288} INFO - 
--------------------------------------------------------------------------------
[2023-05-03T07:27:29.745+0000] {taskinstance.py:1289} INFO - Starting attempt 1 of 1
[2023-05-03T07:27:29.748+0000] {taskinstance.py:1290} INFO - 
--------------------------------------------------------------------------------
[2023-05-03T07:27:29.834+0000] {taskinstance.py:1309} INFO - Executing <Task(PythonOperator): featuring_data_task_0> on 2023-05-03 07:27:24.399606+00:00
[2023-05-03T07:27:29.858+0000] {standard_task_runner.py:55} INFO - Started process 314 to run task
[2023-05-03T07:27:29.882+0000] {standard_task_runner.py:82} INFO - Running: ['***', 'tasks', 'run', 'ml_pipeline', 'featuring_data_task_0', 'manual__2023-05-03T07:27:24.399606+00:00', '--job-id', '59', '--raw', '--subdir', 'DAGS_FOLDER/ML_pipeline.py', '--cfg-path', '/tmp/tmp68sk0qnq']
[2023-05-03T07:27:29.886+0000] {standard_task_runner.py:83} INFO - Job 59: Subtask featuring_data_task_0
[2023-05-03T07:27:32.331+0000] {task_command.py:389} INFO - Running <TaskInstance: ml_pipeline.featuring_data_task_0 manual__2023-05-03T07:27:24.399606+00:00 [running]> on host 46ed3ffab080
[2023-05-03T07:27:32.547+0000] {taskinstance.py:1518} INFO - Exporting the following env vars:
AIRFLOW_CTX_DAG_EMAIL=lequanghop844@gmail.com
AIRFLOW_CTX_DAG_OWNER=Felix Le
AIRFLOW_CTX_DAG_ID=ml_pipeline
AIRFLOW_CTX_TASK_ID=featuring_data_task_0
AIRFLOW_CTX_EXECUTION_DATE=2023-05-03T07:27:24.399606+00:00
AIRFLOW_CTX_TRY_NUMBER=1
AIRFLOW_CTX_DAG_RUN_ID=manual__2023-05-03T07:27:24.399606+00:00
[2023-05-03T07:27:33.084+0000] {python.py:177} INFO - Done. Returned value was: None
[2023-05-03T07:27:33.109+0000] {taskinstance.py:1332} INFO - Marking task as SUCCESS. dag_id=ml_pipeline, task_id=featuring_data_task_0, execution_date=20230503T072724, start_date=20230503T072729, end_date=20230503T072733
[2023-05-03T07:27:33.451+0000] {local_task_job.py:212} INFO - Task exited with return code 0
[2023-05-03T07:27:33.500+0000] {taskinstance.py:2596} INFO - 0 downstream tasks scheduled from follow-on schedule check
