[2023-05-03T16:58:07.206+0000] {taskinstance.py:1090} INFO - Dependencies all met for dep_context=non-requeueable deps ti=<TaskInstance: ml_pipeline.featuring_data_task0 manual__2023-05-03T16:58:02.559767+00:00 [queued]>
[2023-05-03T16:58:07.225+0000] {taskinstance.py:1090} INFO - Dependencies all met for dep_context=requeueable deps ti=<TaskInstance: ml_pipeline.featuring_data_task0 manual__2023-05-03T16:58:02.559767+00:00 [queued]>
[2023-05-03T16:58:07.230+0000] {taskinstance.py:1288} INFO - 
--------------------------------------------------------------------------------
[2023-05-03T16:58:07.232+0000] {taskinstance.py:1289} INFO - Starting attempt 1 of 1
[2023-05-03T16:58:07.233+0000] {taskinstance.py:1290} INFO - 
--------------------------------------------------------------------------------
[2023-05-03T16:58:07.262+0000] {taskinstance.py:1309} INFO - Executing <Task(PythonOperator): featuring_data_task0> on 2023-05-03 16:58:02.559767+00:00
[2023-05-03T16:58:07.277+0000] {standard_task_runner.py:55} INFO - Started process 198 to run task
[2023-05-03T16:58:07.281+0000] {standard_task_runner.py:82} INFO - Running: ['***', 'tasks', 'run', 'ml_pipeline', 'featuring_data_task0', 'manual__2023-05-03T16:58:02.559767+00:00', '--job-id', '151', '--raw', '--subdir', 'DAGS_FOLDER/ml_pipeline.py', '--cfg-path', '/tmp/tmpsd8j0ts9']
[2023-05-03T16:58:07.283+0000] {standard_task_runner.py:83} INFO - Job 151: Subtask featuring_data_task0
[2023-05-03T16:58:07.393+0000] {task_command.py:389} INFO - Running <TaskInstance: ml_pipeline.featuring_data_task0 manual__2023-05-03T16:58:02.559767+00:00 [running]> on host f11d128870f2
[2023-05-03T16:58:07.620+0000] {taskinstance.py:1518} INFO - Exporting the following env vars:
AIRFLOW_CTX_DAG_EMAIL=lequanghop844@gmail.com
AIRFLOW_CTX_DAG_OWNER=Felix Le
AIRFLOW_CTX_DAG_ID=ml_pipeline
AIRFLOW_CTX_TASK_ID=featuring_data_task0
AIRFLOW_CTX_EXECUTION_DATE=2023-05-03T16:58:02.559767+00:00
AIRFLOW_CTX_TRY_NUMBER=1
AIRFLOW_CTX_DAG_RUN_ID=manual__2023-05-03T16:58:02.559767+00:00
[2023-05-03T16:58:07.627+0000] {python.py:177} INFO - Done. Returned value was: None
[2023-05-03T16:58:07.650+0000] {taskinstance.py:1332} INFO - Marking task as SUCCESS. dag_id=ml_pipeline, task_id=featuring_data_task0, execution_date=20230503T165802, start_date=20230503T165807, end_date=20230503T165807
[2023-05-03T16:58:07.720+0000] {local_task_job.py:212} INFO - Task exited with return code 0
[2023-05-03T16:58:07.769+0000] {taskinstance.py:2596} INFO - 0 downstream tasks scheduled from follow-on schedule check
