[2023-05-07T23:32:49.064+0000] {taskinstance.py:1125} INFO - Dependencies all met for dep_context=non-requeueable deps ti=<TaskInstance: ml_pipeline.creating_ml_metrics_table_task manual__2023-05-07T23:32:47.041454+00:00 [queued]>
[2023-05-07T23:32:49.070+0000] {taskinstance.py:1125} INFO - Dependencies all met for dep_context=requeueable deps ti=<TaskInstance: ml_pipeline.creating_ml_metrics_table_task manual__2023-05-07T23:32:47.041454+00:00 [queued]>
[2023-05-07T23:32:49.070+0000] {taskinstance.py:1331} INFO - Starting attempt 1 of 1
[2023-05-07T23:32:49.077+0000] {taskinstance.py:1350} INFO - Executing <Task(PostgresOperator): creating_ml_metrics_table_task> on 2023-05-07 23:32:47.041454+00:00
[2023-05-07T23:32:49.085+0000] {standard_task_runner.py:57} INFO - Started process 224 to run task
[2023-05-07T23:32:49.088+0000] {standard_task_runner.py:84} INFO - Running: ['***', 'tasks', 'run', 'ml_pipeline', 'creating_ml_metrics_table_task', 'manual__2023-05-07T23:32:47.041454+00:00', '--job-id', '52', '--raw', '--subdir', 'DAGS_FOLDER/ml_pipeline.py', '--cfg-path', '/tmp/tmpzwyks364']
[2023-05-07T23:32:49.091+0000] {standard_task_runner.py:85} INFO - Job 52: Subtask creating_ml_metrics_table_task
[2023-05-07T23:32:49.129+0000] {task_command.py:410} INFO - Running <TaskInstance: ml_pipeline.creating_ml_metrics_table_task manual__2023-05-07T23:32:47.041454+00:00 [running]> on host d2db9e8a0ded
[2023-05-07T23:32:49.186+0000] {taskinstance.py:1570} INFO - Exporting env vars: AIRFLOW_CTX_DAG_EMAIL='lequanghop844@gmail.com' AIRFLOW_CTX_DAG_OWNER='Felix Le' AIRFLOW_CTX_DAG_ID='ml_pipeline' AIRFLOW_CTX_TASK_ID='creating_ml_metrics_table_task' AIRFLOW_CTX_EXECUTION_DATE='2023-05-07T23:32:47.041454+00:00' AIRFLOW_CTX_TRY_NUMBER='1' AIRFLOW_CTX_DAG_RUN_ID='manual__2023-05-07T23:32:47.041454+00:00'
[2023-05-07T23:32:49.187+0000] {sql.py:262} INFO - Executing: CREATE TABLE IF NOT EXISTS tracking_best_model (
    experiment_id SERIAL PRIMARY KEY,
    experiment_datetime VARCHAR NOT NULL,
    cv_folds NUMERIC NOT NULL,
    batch_size NUMERIC NOT NULL,
    dropout FLOAT NOT NULL,
    epochs NUMERIC NOT NULL,
    learning_rate FLOAT NOT NULL,
    num_units NUMERIC NOT NULL,
    mean_test_score FLOAT NOT NULL,
    std_test_score FLOAT NOT NULL
);
[2023-05-07T23:32:49.196+0000] {base.py:73} INFO - Using connection ID 'pg_work_sample' for task execution.
[2023-05-07T23:32:49.244+0000] {base.py:73} INFO - Using connection ID 'pg_work_sample' for task execution.
[2023-05-07T23:32:49.250+0000] {sql.py:375} INFO - Running statement: CREATE TABLE IF NOT EXISTS tracking_best_model (
    experiment_id SERIAL PRIMARY KEY,
    experiment_datetime VARCHAR NOT NULL,
    cv_folds NUMERIC NOT NULL,
    batch_size NUMERIC NOT NULL,
    dropout FLOAT NOT NULL,
    epochs NUMERIC NOT NULL,
    learning_rate FLOAT NOT NULL,
    num_units NUMERIC NOT NULL,
    mean_test_score FLOAT NOT NULL,
    std_test_score FLOAT NOT NULL
);, parameters: None
[2023-05-07T23:32:49.260+0000] {taskinstance.py:1373} INFO - Marking task as SUCCESS. dag_id=ml_pipeline, task_id=creating_ml_metrics_table_task, execution_date=20230507T233247, start_date=20230507T233249, end_date=20230507T233249
[2023-05-07T23:32:49.300+0000] {local_task_job_runner.py:232} INFO - Task exited with return code 0
[2023-05-07T23:32:49.330+0000] {taskinstance.py:2674} INFO - 8 downstream tasks scheduled from follow-on schedule check
