[2023-05-27T03:48:32.528+0000] {processor.py:156} INFO - Started process (PID=32) to work on /opt/airflow/dags/ml_pipeline.py
[2023-05-27T03:48:32.531+0000] {processor.py:799} INFO - Processing file /opt/airflow/dags/ml_pipeline.py for tasks to queue
[2023-05-27T03:48:32.534+0000] {logging_mixin.py:149} INFO - [2023-05-27T03:48:32.533+0000] {dagbag.py:541} INFO - Filling up the DagBag from /opt/airflow/dags/ml_pipeline.py
[2023-05-27T03:48:36.390+0000] {logging_mixin.py:149} WARNING - /home/airflow/.local/lib/python3.7/site-packages/tensorflow_io/python/ops/__init__.py:98 UserWarning: unable to load libtensorflow_io_plugins.so: unable to open file: libtensorflow_io_plugins.so, from paths: ['/home/airflow/.local/lib/python3.7/site-packages/tensorflow_io/python/ops/libtensorflow_io_plugins.so']
caused by: ["[Errno 2] The file to load file system plugin from does not exist.: '/home/airflow/.local/lib/python3.7/site-packages/tensorflow_io/python/ops/libtensorflow_io_plugins.so'"]
[2023-05-27T03:48:36.394+0000] {logging_mixin.py:149} WARNING - /home/airflow/.local/lib/python3.7/site-packages/tensorflow_io/python/ops/__init__.py:104 UserWarning: file system plugins are not loaded: unable to open file: libtensorflow_io.so, from paths: ['/home/airflow/.local/lib/python3.7/site-packages/tensorflow_io/python/ops/libtensorflow_io.so']
caused by: ['/home/airflow/.local/lib/python3.7/site-packages/tensorflow_io/python/ops/libtensorflow_io.so: cannot open shared object file: No such file or directory']
[2023-05-27T03:48:36.527+0000] {logging_mixin.py:149} INFO - [2023-05-27T03:48:36.527+0000] {taskmixin.py:211} WARNING - Dependency <Task(PythonOperator): machine_learning_task>, storing_metrics_to_database_task already registered for DAG: ml_pipeline
[2023-05-27T03:48:36.528+0000] {logging_mixin.py:149} INFO - [2023-05-27T03:48:36.528+0000] {taskmixin.py:211} WARNING - Dependency <Task(PythonOperator): storing_metrics_to_database_task>, machine_learning_task already registered for DAG: ml_pipeline
[2023-05-27T03:48:36.528+0000] {logging_mixin.py:149} INFO - [2023-05-27T03:48:36.528+0000] {taskmixin.py:211} WARNING - Dependency <Task(PythonOperator): storing_metrics_to_database_task>, collecting_all_metrics already registered for DAG: ml_pipeline
[2023-05-27T03:48:36.529+0000] {logging_mixin.py:149} INFO - [2023-05-27T03:48:36.529+0000] {taskmixin.py:211} WARNING - Dependency <Task(PostgresOperator): collecting_all_metrics>, storing_metrics_to_database_task already registered for DAG: ml_pipeline
[2023-05-27T03:48:36.529+0000] {logging_mixin.py:149} INFO - [2023-05-27T03:48:36.529+0000] {taskmixin.py:211} WARNING - Dependency <Task(PythonOperator): machine_learning_task>, storing_metrics_to_database_task already registered for DAG: ml_pipeline
[2023-05-27T03:48:36.530+0000] {logging_mixin.py:149} INFO - [2023-05-27T03:48:36.529+0000] {taskmixin.py:211} WARNING - Dependency <Task(PythonOperator): storing_metrics_to_database_task>, machine_learning_task already registered for DAG: ml_pipeline
[2023-05-27T03:48:36.530+0000] {logging_mixin.py:149} INFO - [2023-05-27T03:48:36.530+0000] {taskmixin.py:211} WARNING - Dependency <Task(PythonOperator): storing_metrics_to_database_task>, collecting_all_metrics already registered for DAG: ml_pipeline
[2023-05-27T03:48:36.531+0000] {logging_mixin.py:149} INFO - [2023-05-27T03:48:36.531+0000] {taskmixin.py:211} WARNING - Dependency <Task(PostgresOperator): collecting_all_metrics>, storing_metrics_to_database_task already registered for DAG: ml_pipeline
[2023-05-27T03:48:36.532+0000] {logging_mixin.py:149} INFO - [2023-05-27T03:48:36.532+0000] {taskmixin.py:211} WARNING - Dependency <Task(PythonOperator): machine_learning_task>, storing_metrics_to_database_task already registered for DAG: ml_pipeline
[2023-05-27T03:48:36.532+0000] {logging_mixin.py:149} INFO - [2023-05-27T03:48:36.532+0000] {taskmixin.py:211} WARNING - Dependency <Task(PythonOperator): storing_metrics_to_database_task>, machine_learning_task already registered for DAG: ml_pipeline
[2023-05-27T03:48:36.533+0000] {logging_mixin.py:149} INFO - [2023-05-27T03:48:36.533+0000] {taskmixin.py:211} WARNING - Dependency <Task(PythonOperator): storing_metrics_to_database_task>, collecting_all_metrics already registered for DAG: ml_pipeline
[2023-05-27T03:48:36.534+0000] {logging_mixin.py:149} INFO - [2023-05-27T03:48:36.534+0000] {taskmixin.py:211} WARNING - Dependency <Task(PostgresOperator): collecting_all_metrics>, storing_metrics_to_database_task already registered for DAG: ml_pipeline
[2023-05-27T03:48:36.534+0000] {logging_mixin.py:149} INFO - [2023-05-27T03:48:36.534+0000] {taskmixin.py:211} WARNING - Dependency <Task(PythonOperator): machine_learning_task>, storing_metrics_to_database_task already registered for DAG: ml_pipeline
[2023-05-27T03:48:36.535+0000] {logging_mixin.py:149} INFO - [2023-05-27T03:48:36.535+0000] {taskmixin.py:211} WARNING - Dependency <Task(PythonOperator): storing_metrics_to_database_task>, machine_learning_task already registered for DAG: ml_pipeline
[2023-05-27T03:48:36.535+0000] {logging_mixin.py:149} INFO - [2023-05-27T03:48:36.535+0000] {taskmixin.py:211} WARNING - Dependency <Task(PythonOperator): storing_metrics_to_database_task>, collecting_all_metrics already registered for DAG: ml_pipeline
[2023-05-27T03:48:36.536+0000] {logging_mixin.py:149} INFO - [2023-05-27T03:48:36.536+0000] {taskmixin.py:211} WARNING - Dependency <Task(PostgresOperator): collecting_all_metrics>, storing_metrics_to_database_task already registered for DAG: ml_pipeline
[2023-05-27T03:48:36.536+0000] {logging_mixin.py:149} INFO - [2023-05-27T03:48:36.536+0000] {taskmixin.py:211} WARNING - Dependency <Task(PythonOperator): machine_learning_task>, storing_metrics_to_database_task already registered for DAG: ml_pipeline
[2023-05-27T03:48:36.537+0000] {logging_mixin.py:149} INFO - [2023-05-27T03:48:36.537+0000] {taskmixin.py:211} WARNING - Dependency <Task(PythonOperator): storing_metrics_to_database_task>, machine_learning_task already registered for DAG: ml_pipeline
[2023-05-27T03:48:36.537+0000] {logging_mixin.py:149} INFO - [2023-05-27T03:48:36.537+0000] {taskmixin.py:211} WARNING - Dependency <Task(PythonOperator): storing_metrics_to_database_task>, collecting_all_metrics already registered for DAG: ml_pipeline
[2023-05-27T03:48:36.538+0000] {logging_mixin.py:149} INFO - [2023-05-27T03:48:36.538+0000] {taskmixin.py:211} WARNING - Dependency <Task(PostgresOperator): collecting_all_metrics>, storing_metrics_to_database_task already registered for DAG: ml_pipeline
[2023-05-27T03:48:36.539+0000] {logging_mixin.py:149} INFO - [2023-05-27T03:48:36.539+0000] {taskmixin.py:211} WARNING - Dependency <Task(PythonOperator): machine_learning_task>, storing_metrics_to_database_task already registered for DAG: ml_pipeline
[2023-05-27T03:48:36.540+0000] {logging_mixin.py:149} INFO - [2023-05-27T03:48:36.540+0000] {taskmixin.py:211} WARNING - Dependency <Task(PythonOperator): storing_metrics_to_database_task>, machine_learning_task already registered for DAG: ml_pipeline
[2023-05-27T03:48:36.540+0000] {logging_mixin.py:149} INFO - [2023-05-27T03:48:36.540+0000] {taskmixin.py:211} WARNING - Dependency <Task(PythonOperator): storing_metrics_to_database_task>, collecting_all_metrics already registered for DAG: ml_pipeline
[2023-05-27T03:48:36.541+0000] {logging_mixin.py:149} INFO - [2023-05-27T03:48:36.541+0000] {taskmixin.py:211} WARNING - Dependency <Task(PostgresOperator): collecting_all_metrics>, storing_metrics_to_database_task already registered for DAG: ml_pipeline
[2023-05-27T03:48:36.542+0000] {logging_mixin.py:149} INFO - [2023-05-27T03:48:36.542+0000] {taskmixin.py:211} WARNING - Dependency <Task(PythonOperator): machine_learning_task>, storing_metrics_to_database_task already registered for DAG: ml_pipeline
[2023-05-27T03:48:36.543+0000] {logging_mixin.py:149} INFO - [2023-05-27T03:48:36.543+0000] {taskmixin.py:211} WARNING - Dependency <Task(PythonOperator): storing_metrics_to_database_task>, machine_learning_task already registered for DAG: ml_pipeline
[2023-05-27T03:48:36.544+0000] {logging_mixin.py:149} INFO - [2023-05-27T03:48:36.544+0000] {taskmixin.py:211} WARNING - Dependency <Task(PythonOperator): storing_metrics_to_database_task>, collecting_all_metrics already registered for DAG: ml_pipeline
[2023-05-27T03:48:36.546+0000] {logging_mixin.py:149} INFO - [2023-05-27T03:48:36.546+0000] {taskmixin.py:211} WARNING - Dependency <Task(PostgresOperator): collecting_all_metrics>, storing_metrics_to_database_task already registered for DAG: ml_pipeline
[2023-05-27T03:48:36.558+0000] {processor.py:809} INFO - DAG(s) dict_keys(['ml_pipeline']) retrieved from /opt/airflow/dags/ml_pipeline.py
[2023-05-27T03:48:36.701+0000] {logging_mixin.py:149} INFO - [2023-05-27T03:48:36.701+0000] {manager.py:504} INFO - Created Permission View: can edit on DAG:ml_pipeline
[2023-05-27T03:48:36.711+0000] {logging_mixin.py:149} INFO - [2023-05-27T03:48:36.711+0000] {manager.py:504} INFO - Created Permission View: can read on DAG:ml_pipeline
[2023-05-27T03:48:36.718+0000] {logging_mixin.py:149} INFO - [2023-05-27T03:48:36.717+0000] {manager.py:504} INFO - Created Permission View: can delete on DAG:ml_pipeline
[2023-05-27T03:48:36.719+0000] {logging_mixin.py:149} INFO - [2023-05-27T03:48:36.719+0000] {dag.py:2726} INFO - Sync 1 DAGs
[2023-05-27T03:48:36.734+0000] {logging_mixin.py:149} INFO - [2023-05-27T03:48:36.733+0000] {dag.py:2747} INFO - Creating ORM DAG for ml_pipeline
[2023-05-27T03:48:36.742+0000] {logging_mixin.py:149} INFO - [2023-05-27T03:48:36.742+0000] {dag.py:3490} INFO - Setting next_dagrun for ml_pipeline to None, run_after=None
[2023-05-27T03:48:36.755+0000] {processor.py:178} INFO - Processing /opt/airflow/dags/ml_pipeline.py took 4.231 seconds
[2023-05-27T03:49:07.551+0000] {processor.py:156} INFO - Started process (PID=47) to work on /opt/airflow/dags/ml_pipeline.py
[2023-05-27T03:49:07.554+0000] {processor.py:799} INFO - Processing file /opt/airflow/dags/ml_pipeline.py for tasks to queue
[2023-05-27T03:49:07.556+0000] {logging_mixin.py:149} INFO - [2023-05-27T03:49:07.555+0000] {dagbag.py:541} INFO - Filling up the DagBag from /opt/airflow/dags/ml_pipeline.py
[2023-05-27T03:49:12.524+0000] {logging_mixin.py:149} WARNING - /home/airflow/.local/lib/python3.7/site-packages/tensorflow_io/python/ops/__init__.py:98 UserWarning: unable to load libtensorflow_io_plugins.so: unable to open file: libtensorflow_io_plugins.so, from paths: ['/home/airflow/.local/lib/python3.7/site-packages/tensorflow_io/python/ops/libtensorflow_io_plugins.so']
caused by: ["[Errno 2] The file to load file system plugin from does not exist.: '/home/airflow/.local/lib/python3.7/site-packages/tensorflow_io/python/ops/libtensorflow_io_plugins.so'"]
[2023-05-27T03:49:12.536+0000] {logging_mixin.py:149} WARNING - /home/airflow/.local/lib/python3.7/site-packages/tensorflow_io/python/ops/__init__.py:104 UserWarning: file system plugins are not loaded: unable to open file: libtensorflow_io.so, from paths: ['/home/airflow/.local/lib/python3.7/site-packages/tensorflow_io/python/ops/libtensorflow_io.so']
caused by: ['/home/airflow/.local/lib/python3.7/site-packages/tensorflow_io/python/ops/libtensorflow_io.so: cannot open shared object file: No such file or directory']
[2023-05-27T03:49:13.268+0000] {logging_mixin.py:149} INFO - [2023-05-27T03:49:13.267+0000] {taskmixin.py:211} WARNING - Dependency <Task(PythonOperator): machine_learning_task>, storing_metrics_to_database_task already registered for DAG: ml_pipeline
[2023-05-27T03:49:13.271+0000] {logging_mixin.py:149} INFO - [2023-05-27T03:49:13.271+0000] {taskmixin.py:211} WARNING - Dependency <Task(PythonOperator): storing_metrics_to_database_task>, machine_learning_task already registered for DAG: ml_pipeline
[2023-05-27T03:49:13.273+0000] {logging_mixin.py:149} INFO - [2023-05-27T03:49:13.273+0000] {taskmixin.py:211} WARNING - Dependency <Task(PythonOperator): storing_metrics_to_database_task>, collecting_all_metrics already registered for DAG: ml_pipeline
[2023-05-27T03:49:13.277+0000] {logging_mixin.py:149} INFO - [2023-05-27T03:49:13.277+0000] {taskmixin.py:211} WARNING - Dependency <Task(PostgresOperator): collecting_all_metrics>, storing_metrics_to_database_task already registered for DAG: ml_pipeline
[2023-05-27T03:49:13.282+0000] {logging_mixin.py:149} INFO - [2023-05-27T03:49:13.282+0000] {taskmixin.py:211} WARNING - Dependency <Task(PythonOperator): machine_learning_task>, storing_metrics_to_database_task already registered for DAG: ml_pipeline
[2023-05-27T03:49:13.284+0000] {logging_mixin.py:149} INFO - [2023-05-27T03:49:13.284+0000] {taskmixin.py:211} WARNING - Dependency <Task(PythonOperator): storing_metrics_to_database_task>, machine_learning_task already registered for DAG: ml_pipeline
[2023-05-27T03:49:13.285+0000] {logging_mixin.py:149} INFO - [2023-05-27T03:49:13.285+0000] {taskmixin.py:211} WARNING - Dependency <Task(PythonOperator): storing_metrics_to_database_task>, collecting_all_metrics already registered for DAG: ml_pipeline
[2023-05-27T03:49:13.309+0000] {logging_mixin.py:149} INFO - [2023-05-27T03:49:13.308+0000] {taskmixin.py:211} WARNING - Dependency <Task(PostgresOperator): collecting_all_metrics>, storing_metrics_to_database_task already registered for DAG: ml_pipeline
[2023-05-27T03:49:13.317+0000] {logging_mixin.py:149} INFO - [2023-05-27T03:49:13.316+0000] {taskmixin.py:211} WARNING - Dependency <Task(PythonOperator): machine_learning_task>, storing_metrics_to_database_task already registered for DAG: ml_pipeline
[2023-05-27T03:49:13.319+0000] {logging_mixin.py:149} INFO - [2023-05-27T03:49:13.319+0000] {taskmixin.py:211} WARNING - Dependency <Task(PythonOperator): storing_metrics_to_database_task>, machine_learning_task already registered for DAG: ml_pipeline
[2023-05-27T03:49:13.322+0000] {logging_mixin.py:149} INFO - [2023-05-27T03:49:13.322+0000] {taskmixin.py:211} WARNING - Dependency <Task(PythonOperator): storing_metrics_to_database_task>, collecting_all_metrics already registered for DAG: ml_pipeline
[2023-05-27T03:49:13.324+0000] {logging_mixin.py:149} INFO - [2023-05-27T03:49:13.324+0000] {taskmixin.py:211} WARNING - Dependency <Task(PostgresOperator): collecting_all_metrics>, storing_metrics_to_database_task already registered for DAG: ml_pipeline
[2023-05-27T03:49:13.326+0000] {logging_mixin.py:149} INFO - [2023-05-27T03:49:13.326+0000] {taskmixin.py:211} WARNING - Dependency <Task(PythonOperator): machine_learning_task>, storing_metrics_to_database_task already registered for DAG: ml_pipeline
[2023-05-27T03:49:13.334+0000] {logging_mixin.py:149} INFO - [2023-05-27T03:49:13.334+0000] {taskmixin.py:211} WARNING - Dependency <Task(PythonOperator): storing_metrics_to_database_task>, machine_learning_task already registered for DAG: ml_pipeline
[2023-05-27T03:49:13.351+0000] {logging_mixin.py:149} INFO - [2023-05-27T03:49:13.351+0000] {taskmixin.py:211} WARNING - Dependency <Task(PythonOperator): storing_metrics_to_database_task>, collecting_all_metrics already registered for DAG: ml_pipeline
[2023-05-27T03:49:13.354+0000] {logging_mixin.py:149} INFO - [2023-05-27T03:49:13.354+0000] {taskmixin.py:211} WARNING - Dependency <Task(PostgresOperator): collecting_all_metrics>, storing_metrics_to_database_task already registered for DAG: ml_pipeline
[2023-05-27T03:49:13.356+0000] {logging_mixin.py:149} INFO - [2023-05-27T03:49:13.356+0000] {taskmixin.py:211} WARNING - Dependency <Task(PythonOperator): machine_learning_task>, storing_metrics_to_database_task already registered for DAG: ml_pipeline
[2023-05-27T03:49:13.360+0000] {logging_mixin.py:149} INFO - [2023-05-27T03:49:13.360+0000] {taskmixin.py:211} WARNING - Dependency <Task(PythonOperator): storing_metrics_to_database_task>, machine_learning_task already registered for DAG: ml_pipeline
[2023-05-27T03:49:13.364+0000] {logging_mixin.py:149} INFO - [2023-05-27T03:49:13.363+0000] {taskmixin.py:211} WARNING - Dependency <Task(PythonOperator): storing_metrics_to_database_task>, collecting_all_metrics already registered for DAG: ml_pipeline
[2023-05-27T03:49:13.366+0000] {logging_mixin.py:149} INFO - [2023-05-27T03:49:13.366+0000] {taskmixin.py:211} WARNING - Dependency <Task(PostgresOperator): collecting_all_metrics>, storing_metrics_to_database_task already registered for DAG: ml_pipeline
[2023-05-27T03:49:13.368+0000] {logging_mixin.py:149} INFO - [2023-05-27T03:49:13.367+0000] {taskmixin.py:211} WARNING - Dependency <Task(PythonOperator): machine_learning_task>, storing_metrics_to_database_task already registered for DAG: ml_pipeline
[2023-05-27T03:49:13.418+0000] {logging_mixin.py:149} INFO - [2023-05-27T03:49:13.413+0000] {taskmixin.py:211} WARNING - Dependency <Task(PythonOperator): storing_metrics_to_database_task>, machine_learning_task already registered for DAG: ml_pipeline
[2023-05-27T03:49:13.425+0000] {logging_mixin.py:149} INFO - [2023-05-27T03:49:13.425+0000] {taskmixin.py:211} WARNING - Dependency <Task(PythonOperator): storing_metrics_to_database_task>, collecting_all_metrics already registered for DAG: ml_pipeline
[2023-05-27T03:49:13.429+0000] {logging_mixin.py:149} INFO - [2023-05-27T03:49:13.429+0000] {taskmixin.py:211} WARNING - Dependency <Task(PostgresOperator): collecting_all_metrics>, storing_metrics_to_database_task already registered for DAG: ml_pipeline
[2023-05-27T03:49:13.445+0000] {logging_mixin.py:149} INFO - [2023-05-27T03:49:13.445+0000] {taskmixin.py:211} WARNING - Dependency <Task(PythonOperator): machine_learning_task>, storing_metrics_to_database_task already registered for DAG: ml_pipeline
[2023-05-27T03:49:13.447+0000] {logging_mixin.py:149} INFO - [2023-05-27T03:49:13.447+0000] {taskmixin.py:211} WARNING - Dependency <Task(PythonOperator): storing_metrics_to_database_task>, machine_learning_task already registered for DAG: ml_pipeline
[2023-05-27T03:49:13.448+0000] {logging_mixin.py:149} INFO - [2023-05-27T03:49:13.448+0000] {taskmixin.py:211} WARNING - Dependency <Task(PythonOperator): storing_metrics_to_database_task>, collecting_all_metrics already registered for DAG: ml_pipeline
[2023-05-27T03:49:13.450+0000] {logging_mixin.py:149} INFO - [2023-05-27T03:49:13.450+0000] {taskmixin.py:211} WARNING - Dependency <Task(PostgresOperator): collecting_all_metrics>, storing_metrics_to_database_task already registered for DAG: ml_pipeline
[2023-05-27T03:49:13.499+0000] {processor.py:809} INFO - DAG(s) dict_keys(['ml_pipeline']) retrieved from /opt/airflow/dags/ml_pipeline.py
[2023-05-27T03:49:13.710+0000] {logging_mixin.py:149} INFO - [2023-05-27T03:49:13.709+0000] {dag.py:2726} INFO - Sync 1 DAGs
[2023-05-27T03:49:13.798+0000] {logging_mixin.py:149} INFO - [2023-05-27T03:49:13.798+0000] {dag.py:3490} INFO - Setting next_dagrun for ml_pipeline to None, run_after=None
[2023-05-27T03:49:13.840+0000] {processor.py:178} INFO - Processing /opt/airflow/dags/ml_pipeline.py took 6.294 seconds
[2023-05-27T03:49:44.315+0000] {processor.py:156} INFO - Started process (PID=62) to work on /opt/airflow/dags/ml_pipeline.py
[2023-05-27T03:49:44.319+0000] {processor.py:799} INFO - Processing file /opt/airflow/dags/ml_pipeline.py for tasks to queue
[2023-05-27T03:49:44.325+0000] {logging_mixin.py:149} INFO - [2023-05-27T03:49:44.325+0000] {dagbag.py:541} INFO - Filling up the DagBag from /opt/airflow/dags/ml_pipeline.py
[2023-05-27T03:49:48.023+0000] {logging_mixin.py:149} WARNING - /home/airflow/.local/lib/python3.7/site-packages/tensorflow_io/python/ops/__init__.py:98 UserWarning: unable to load libtensorflow_io_plugins.so: unable to open file: libtensorflow_io_plugins.so, from paths: ['/home/airflow/.local/lib/python3.7/site-packages/tensorflow_io/python/ops/libtensorflow_io_plugins.so']
caused by: ["[Errno 2] The file to load file system plugin from does not exist.: '/home/airflow/.local/lib/python3.7/site-packages/tensorflow_io/python/ops/libtensorflow_io_plugins.so'"]
[2023-05-27T03:49:48.030+0000] {logging_mixin.py:149} WARNING - /home/airflow/.local/lib/python3.7/site-packages/tensorflow_io/python/ops/__init__.py:104 UserWarning: file system plugins are not loaded: unable to open file: libtensorflow_io.so, from paths: ['/home/airflow/.local/lib/python3.7/site-packages/tensorflow_io/python/ops/libtensorflow_io.so']
caused by: ['/home/airflow/.local/lib/python3.7/site-packages/tensorflow_io/python/ops/libtensorflow_io.so: cannot open shared object file: No such file or directory']
[2023-05-27T03:49:48.169+0000] {logging_mixin.py:149} INFO - [2023-05-27T03:49:48.169+0000] {taskmixin.py:211} WARNING - Dependency <Task(PythonOperator): machine_learning_task>, storing_metrics_to_database_task already registered for DAG: ml_pipeline
[2023-05-27T03:49:48.173+0000] {logging_mixin.py:149} INFO - [2023-05-27T03:49:48.173+0000] {taskmixin.py:211} WARNING - Dependency <Task(PythonOperator): storing_metrics_to_database_task>, machine_learning_task already registered for DAG: ml_pipeline
[2023-05-27T03:49:48.173+0000] {logging_mixin.py:149} INFO - [2023-05-27T03:49:48.173+0000] {taskmixin.py:211} WARNING - Dependency <Task(PythonOperator): storing_metrics_to_database_task>, collecting_all_metrics already registered for DAG: ml_pipeline
[2023-05-27T03:49:48.174+0000] {logging_mixin.py:149} INFO - [2023-05-27T03:49:48.174+0000] {taskmixin.py:211} WARNING - Dependency <Task(PostgresOperator): collecting_all_metrics>, storing_metrics_to_database_task already registered for DAG: ml_pipeline
[2023-05-27T03:49:48.174+0000] {logging_mixin.py:149} INFO - [2023-05-27T03:49:48.174+0000] {taskmixin.py:211} WARNING - Dependency <Task(PythonOperator): machine_learning_task>, storing_metrics_to_database_task already registered for DAG: ml_pipeline
[2023-05-27T03:49:48.175+0000] {logging_mixin.py:149} INFO - [2023-05-27T03:49:48.175+0000] {taskmixin.py:211} WARNING - Dependency <Task(PythonOperator): storing_metrics_to_database_task>, machine_learning_task already registered for DAG: ml_pipeline
[2023-05-27T03:49:48.175+0000] {logging_mixin.py:149} INFO - [2023-05-27T03:49:48.175+0000] {taskmixin.py:211} WARNING - Dependency <Task(PythonOperator): storing_metrics_to_database_task>, collecting_all_metrics already registered for DAG: ml_pipeline
[2023-05-27T03:49:48.176+0000] {logging_mixin.py:149} INFO - [2023-05-27T03:49:48.175+0000] {taskmixin.py:211} WARNING - Dependency <Task(PostgresOperator): collecting_all_metrics>, storing_metrics_to_database_task already registered for DAG: ml_pipeline
[2023-05-27T03:49:48.176+0000] {logging_mixin.py:149} INFO - [2023-05-27T03:49:48.176+0000] {taskmixin.py:211} WARNING - Dependency <Task(PythonOperator): machine_learning_task>, storing_metrics_to_database_task already registered for DAG: ml_pipeline
[2023-05-27T03:49:48.176+0000] {logging_mixin.py:149} INFO - [2023-05-27T03:49:48.176+0000] {taskmixin.py:211} WARNING - Dependency <Task(PythonOperator): storing_metrics_to_database_task>, machine_learning_task already registered for DAG: ml_pipeline
[2023-05-27T03:49:48.177+0000] {logging_mixin.py:149} INFO - [2023-05-27T03:49:48.177+0000] {taskmixin.py:211} WARNING - Dependency <Task(PythonOperator): storing_metrics_to_database_task>, collecting_all_metrics already registered for DAG: ml_pipeline
[2023-05-27T03:49:48.177+0000] {logging_mixin.py:149} INFO - [2023-05-27T03:49:48.177+0000] {taskmixin.py:211} WARNING - Dependency <Task(PostgresOperator): collecting_all_metrics>, storing_metrics_to_database_task already registered for DAG: ml_pipeline
[2023-05-27T03:49:48.178+0000] {logging_mixin.py:149} INFO - [2023-05-27T03:49:48.178+0000] {taskmixin.py:211} WARNING - Dependency <Task(PythonOperator): machine_learning_task>, storing_metrics_to_database_task already registered for DAG: ml_pipeline
[2023-05-27T03:49:48.178+0000] {logging_mixin.py:149} INFO - [2023-05-27T03:49:48.178+0000] {taskmixin.py:211} WARNING - Dependency <Task(PythonOperator): storing_metrics_to_database_task>, machine_learning_task already registered for DAG: ml_pipeline
[2023-05-27T03:49:48.179+0000] {logging_mixin.py:149} INFO - [2023-05-27T03:49:48.179+0000] {taskmixin.py:211} WARNING - Dependency <Task(PythonOperator): storing_metrics_to_database_task>, collecting_all_metrics already registered for DAG: ml_pipeline
[2023-05-27T03:49:48.180+0000] {logging_mixin.py:149} INFO - [2023-05-27T03:49:48.180+0000] {taskmixin.py:211} WARNING - Dependency <Task(PostgresOperator): collecting_all_metrics>, storing_metrics_to_database_task already registered for DAG: ml_pipeline
[2023-05-27T03:49:48.180+0000] {logging_mixin.py:149} INFO - [2023-05-27T03:49:48.180+0000] {taskmixin.py:211} WARNING - Dependency <Task(PythonOperator): machine_learning_task>, storing_metrics_to_database_task already registered for DAG: ml_pipeline
[2023-05-27T03:49:48.181+0000] {logging_mixin.py:149} INFO - [2023-05-27T03:49:48.181+0000] {taskmixin.py:211} WARNING - Dependency <Task(PythonOperator): storing_metrics_to_database_task>, machine_learning_task already registered for DAG: ml_pipeline
[2023-05-27T03:49:48.181+0000] {logging_mixin.py:149} INFO - [2023-05-27T03:49:48.181+0000] {taskmixin.py:211} WARNING - Dependency <Task(PythonOperator): storing_metrics_to_database_task>, collecting_all_metrics already registered for DAG: ml_pipeline
[2023-05-27T03:49:48.182+0000] {logging_mixin.py:149} INFO - [2023-05-27T03:49:48.182+0000] {taskmixin.py:211} WARNING - Dependency <Task(PostgresOperator): collecting_all_metrics>, storing_metrics_to_database_task already registered for DAG: ml_pipeline
[2023-05-27T03:49:48.182+0000] {logging_mixin.py:149} INFO - [2023-05-27T03:49:48.182+0000] {taskmixin.py:211} WARNING - Dependency <Task(PythonOperator): machine_learning_task>, storing_metrics_to_database_task already registered for DAG: ml_pipeline
[2023-05-27T03:49:48.183+0000] {logging_mixin.py:149} INFO - [2023-05-27T03:49:48.183+0000] {taskmixin.py:211} WARNING - Dependency <Task(PythonOperator): storing_metrics_to_database_task>, machine_learning_task already registered for DAG: ml_pipeline
[2023-05-27T03:49:48.183+0000] {logging_mixin.py:149} INFO - [2023-05-27T03:49:48.183+0000] {taskmixin.py:211} WARNING - Dependency <Task(PythonOperator): storing_metrics_to_database_task>, collecting_all_metrics already registered for DAG: ml_pipeline
[2023-05-27T03:49:48.184+0000] {logging_mixin.py:149} INFO - [2023-05-27T03:49:48.184+0000] {taskmixin.py:211} WARNING - Dependency <Task(PostgresOperator): collecting_all_metrics>, storing_metrics_to_database_task already registered for DAG: ml_pipeline
[2023-05-27T03:49:48.184+0000] {logging_mixin.py:149} INFO - [2023-05-27T03:49:48.184+0000] {taskmixin.py:211} WARNING - Dependency <Task(PythonOperator): machine_learning_task>, storing_metrics_to_database_task already registered for DAG: ml_pipeline
[2023-05-27T03:49:48.185+0000] {logging_mixin.py:149} INFO - [2023-05-27T03:49:48.185+0000] {taskmixin.py:211} WARNING - Dependency <Task(PythonOperator): storing_metrics_to_database_task>, machine_learning_task already registered for DAG: ml_pipeline
[2023-05-27T03:49:48.185+0000] {logging_mixin.py:149} INFO - [2023-05-27T03:49:48.185+0000] {taskmixin.py:211} WARNING - Dependency <Task(PythonOperator): storing_metrics_to_database_task>, collecting_all_metrics already registered for DAG: ml_pipeline
[2023-05-27T03:49:48.186+0000] {logging_mixin.py:149} INFO - [2023-05-27T03:49:48.186+0000] {taskmixin.py:211} WARNING - Dependency <Task(PostgresOperator): collecting_all_metrics>, storing_metrics_to_database_task already registered for DAG: ml_pipeline
[2023-05-27T03:49:48.191+0000] {processor.py:809} INFO - DAG(s) dict_keys(['ml_pipeline']) retrieved from /opt/airflow/dags/ml_pipeline.py
[2023-05-27T03:49:48.225+0000] {logging_mixin.py:149} INFO - [2023-05-27T03:49:48.225+0000] {dag.py:2726} INFO - Sync 1 DAGs
[2023-05-27T03:49:48.250+0000] {logging_mixin.py:149} INFO - [2023-05-27T03:49:48.250+0000] {dag.py:3490} INFO - Setting next_dagrun for ml_pipeline to None, run_after=None
[2023-05-27T03:49:48.265+0000] {processor.py:178} INFO - Processing /opt/airflow/dags/ml_pipeline.py took 3.958 seconds
[2023-05-27T03:50:18.647+0000] {processor.py:156} INFO - Started process (PID=85) to work on /opt/airflow/dags/ml_pipeline.py
[2023-05-27T03:50:18.651+0000] {processor.py:799} INFO - Processing file /opt/airflow/dags/ml_pipeline.py for tasks to queue
[2023-05-27T03:50:18.653+0000] {logging_mixin.py:149} INFO - [2023-05-27T03:50:18.652+0000] {dagbag.py:541} INFO - Filling up the DagBag from /opt/airflow/dags/ml_pipeline.py
[2023-05-27T03:50:20.695+0000] {logging_mixin.py:149} WARNING - /home/airflow/.local/lib/python3.7/site-packages/tensorflow_io/python/ops/__init__.py:98 UserWarning: unable to load libtensorflow_io_plugins.so: unable to open file: libtensorflow_io_plugins.so, from paths: ['/home/airflow/.local/lib/python3.7/site-packages/tensorflow_io/python/ops/libtensorflow_io_plugins.so']
caused by: ["[Errno 2] The file to load file system plugin from does not exist.: '/home/airflow/.local/lib/python3.7/site-packages/tensorflow_io/python/ops/libtensorflow_io_plugins.so'"]
[2023-05-27T03:50:20.698+0000] {logging_mixin.py:149} WARNING - /home/airflow/.local/lib/python3.7/site-packages/tensorflow_io/python/ops/__init__.py:104 UserWarning: file system plugins are not loaded: unable to open file: libtensorflow_io.so, from paths: ['/home/airflow/.local/lib/python3.7/site-packages/tensorflow_io/python/ops/libtensorflow_io.so']
caused by: ['/home/airflow/.local/lib/python3.7/site-packages/tensorflow_io/python/ops/libtensorflow_io.so: cannot open shared object file: No such file or directory']
[2023-05-27T03:50:20.803+0000] {logging_mixin.py:149} INFO - [2023-05-27T03:50:20.803+0000] {taskmixin.py:211} WARNING - Dependency <Task(PythonOperator): machine_learning_task>, storing_metrics_to_database_task already registered for DAG: ml_pipeline
[2023-05-27T03:50:20.804+0000] {logging_mixin.py:149} INFO - [2023-05-27T03:50:20.804+0000] {taskmixin.py:211} WARNING - Dependency <Task(PythonOperator): storing_metrics_to_database_task>, machine_learning_task already registered for DAG: ml_pipeline
[2023-05-27T03:50:20.804+0000] {logging_mixin.py:149} INFO - [2023-05-27T03:50:20.804+0000] {taskmixin.py:211} WARNING - Dependency <Task(PythonOperator): storing_metrics_to_database_task>, collecting_all_metrics already registered for DAG: ml_pipeline
[2023-05-27T03:50:20.805+0000] {logging_mixin.py:149} INFO - [2023-05-27T03:50:20.805+0000] {taskmixin.py:211} WARNING - Dependency <Task(PostgresOperator): collecting_all_metrics>, storing_metrics_to_database_task already registered for DAG: ml_pipeline
[2023-05-27T03:50:20.805+0000] {logging_mixin.py:149} INFO - [2023-05-27T03:50:20.805+0000] {taskmixin.py:211} WARNING - Dependency <Task(PythonOperator): machine_learning_task>, storing_metrics_to_database_task already registered for DAG: ml_pipeline
[2023-05-27T03:50:20.806+0000] {logging_mixin.py:149} INFO - [2023-05-27T03:50:20.806+0000] {taskmixin.py:211} WARNING - Dependency <Task(PythonOperator): storing_metrics_to_database_task>, machine_learning_task already registered for DAG: ml_pipeline
[2023-05-27T03:50:20.807+0000] {logging_mixin.py:149} INFO - [2023-05-27T03:50:20.806+0000] {taskmixin.py:211} WARNING - Dependency <Task(PythonOperator): storing_metrics_to_database_task>, collecting_all_metrics already registered for DAG: ml_pipeline
[2023-05-27T03:50:20.807+0000] {logging_mixin.py:149} INFO - [2023-05-27T03:50:20.807+0000] {taskmixin.py:211} WARNING - Dependency <Task(PostgresOperator): collecting_all_metrics>, storing_metrics_to_database_task already registered for DAG: ml_pipeline
[2023-05-27T03:50:20.808+0000] {logging_mixin.py:149} INFO - [2023-05-27T03:50:20.808+0000] {taskmixin.py:211} WARNING - Dependency <Task(PythonOperator): machine_learning_task>, storing_metrics_to_database_task already registered for DAG: ml_pipeline
[2023-05-27T03:50:20.808+0000] {logging_mixin.py:149} INFO - [2023-05-27T03:50:20.808+0000] {taskmixin.py:211} WARNING - Dependency <Task(PythonOperator): storing_metrics_to_database_task>, machine_learning_task already registered for DAG: ml_pipeline
[2023-05-27T03:50:20.809+0000] {logging_mixin.py:149} INFO - [2023-05-27T03:50:20.809+0000] {taskmixin.py:211} WARNING - Dependency <Task(PythonOperator): storing_metrics_to_database_task>, collecting_all_metrics already registered for DAG: ml_pipeline
[2023-05-27T03:50:20.809+0000] {logging_mixin.py:149} INFO - [2023-05-27T03:50:20.809+0000] {taskmixin.py:211} WARNING - Dependency <Task(PostgresOperator): collecting_all_metrics>, storing_metrics_to_database_task already registered for DAG: ml_pipeline
[2023-05-27T03:50:20.810+0000] {logging_mixin.py:149} INFO - [2023-05-27T03:50:20.810+0000] {taskmixin.py:211} WARNING - Dependency <Task(PythonOperator): machine_learning_task>, storing_metrics_to_database_task already registered for DAG: ml_pipeline
[2023-05-27T03:50:20.816+0000] {logging_mixin.py:149} INFO - [2023-05-27T03:50:20.816+0000] {taskmixin.py:211} WARNING - Dependency <Task(PythonOperator): storing_metrics_to_database_task>, machine_learning_task already registered for DAG: ml_pipeline
[2023-05-27T03:50:20.817+0000] {logging_mixin.py:149} INFO - [2023-05-27T03:50:20.817+0000] {taskmixin.py:211} WARNING - Dependency <Task(PythonOperator): storing_metrics_to_database_task>, collecting_all_metrics already registered for DAG: ml_pipeline
[2023-05-27T03:50:20.818+0000] {logging_mixin.py:149} INFO - [2023-05-27T03:50:20.818+0000] {taskmixin.py:211} WARNING - Dependency <Task(PostgresOperator): collecting_all_metrics>, storing_metrics_to_database_task already registered for DAG: ml_pipeline
[2023-05-27T03:50:20.818+0000] {logging_mixin.py:149} INFO - [2023-05-27T03:50:20.818+0000] {taskmixin.py:211} WARNING - Dependency <Task(PythonOperator): machine_learning_task>, storing_metrics_to_database_task already registered for DAG: ml_pipeline
[2023-05-27T03:50:20.819+0000] {logging_mixin.py:149} INFO - [2023-05-27T03:50:20.819+0000] {taskmixin.py:211} WARNING - Dependency <Task(PythonOperator): storing_metrics_to_database_task>, machine_learning_task already registered for DAG: ml_pipeline
[2023-05-27T03:50:20.819+0000] {logging_mixin.py:149} INFO - [2023-05-27T03:50:20.819+0000] {taskmixin.py:211} WARNING - Dependency <Task(PythonOperator): storing_metrics_to_database_task>, collecting_all_metrics already registered for DAG: ml_pipeline
[2023-05-27T03:50:20.820+0000] {logging_mixin.py:149} INFO - [2023-05-27T03:50:20.820+0000] {taskmixin.py:211} WARNING - Dependency <Task(PostgresOperator): collecting_all_metrics>, storing_metrics_to_database_task already registered for DAG: ml_pipeline
[2023-05-27T03:50:20.820+0000] {logging_mixin.py:149} INFO - [2023-05-27T03:50:20.820+0000] {taskmixin.py:211} WARNING - Dependency <Task(PythonOperator): machine_learning_task>, storing_metrics_to_database_task already registered for DAG: ml_pipeline
[2023-05-27T03:50:20.821+0000] {logging_mixin.py:149} INFO - [2023-05-27T03:50:20.821+0000] {taskmixin.py:211} WARNING - Dependency <Task(PythonOperator): storing_metrics_to_database_task>, machine_learning_task already registered for DAG: ml_pipeline
[2023-05-27T03:50:20.821+0000] {logging_mixin.py:149} INFO - [2023-05-27T03:50:20.821+0000] {taskmixin.py:211} WARNING - Dependency <Task(PythonOperator): storing_metrics_to_database_task>, collecting_all_metrics already registered for DAG: ml_pipeline
[2023-05-27T03:50:20.822+0000] {logging_mixin.py:149} INFO - [2023-05-27T03:50:20.822+0000] {taskmixin.py:211} WARNING - Dependency <Task(PostgresOperator): collecting_all_metrics>, storing_metrics_to_database_task already registered for DAG: ml_pipeline
[2023-05-27T03:50:20.822+0000] {logging_mixin.py:149} INFO - [2023-05-27T03:50:20.822+0000] {taskmixin.py:211} WARNING - Dependency <Task(PythonOperator): machine_learning_task>, storing_metrics_to_database_task already registered for DAG: ml_pipeline
[2023-05-27T03:50:20.822+0000] {logging_mixin.py:149} INFO - [2023-05-27T03:50:20.822+0000] {taskmixin.py:211} WARNING - Dependency <Task(PythonOperator): storing_metrics_to_database_task>, machine_learning_task already registered for DAG: ml_pipeline
[2023-05-27T03:50:20.823+0000] {logging_mixin.py:149} INFO - [2023-05-27T03:50:20.823+0000] {taskmixin.py:211} WARNING - Dependency <Task(PythonOperator): storing_metrics_to_database_task>, collecting_all_metrics already registered for DAG: ml_pipeline
[2023-05-27T03:50:20.823+0000] {logging_mixin.py:149} INFO - [2023-05-27T03:50:20.823+0000] {taskmixin.py:211} WARNING - Dependency <Task(PostgresOperator): collecting_all_metrics>, storing_metrics_to_database_task already registered for DAG: ml_pipeline
[2023-05-27T03:50:20.828+0000] {processor.py:809} INFO - DAG(s) dict_keys(['ml_pipeline']) retrieved from /opt/airflow/dags/ml_pipeline.py
[2023-05-27T03:50:20.854+0000] {logging_mixin.py:149} INFO - [2023-05-27T03:50:20.854+0000] {dag.py:2726} INFO - Sync 1 DAGs
[2023-05-27T03:50:20.870+0000] {logging_mixin.py:149} INFO - [2023-05-27T03:50:20.870+0000] {dag.py:3490} INFO - Setting next_dagrun for ml_pipeline to None, run_after=None
[2023-05-27T03:50:20.880+0000] {processor.py:178} INFO - Processing /opt/airflow/dags/ml_pipeline.py took 2.243 seconds
