[2023-06-05T00:00:22.425+0000] {processor.py:156} INFO - Started process (PID=619) to work on /opt/airflow/dags/ml_pipeline.py
[2023-06-05T00:00:22.426+0000] {processor.py:799} INFO - Processing file /opt/airflow/dags/ml_pipeline.py for tasks to queue
[2023-06-05T00:00:22.427+0000] {logging_mixin.py:149} INFO - [2023-06-05T00:00:22.427+0000] {dagbag.py:541} INFO - Filling up the DagBag from /opt/airflow/dags/ml_pipeline.py
[2023-06-05T00:00:24.402+0000] {logging_mixin.py:149} WARNING - /home/airflow/.local/lib/python3.7/site-packages/tensorflow_io/python/ops/__init__.py:98 UserWarning: unable to load libtensorflow_io_plugins.so: unable to open file: libtensorflow_io_plugins.so, from paths: ['/home/airflow/.local/lib/python3.7/site-packages/tensorflow_io/python/ops/libtensorflow_io_plugins.so']
caused by: ["[Errno 2] The file to load file system plugin from does not exist.: '/home/airflow/.local/lib/python3.7/site-packages/tensorflow_io/python/ops/libtensorflow_io_plugins.so'"]
[2023-06-05T00:00:24.405+0000] {logging_mixin.py:149} WARNING - /home/airflow/.local/lib/python3.7/site-packages/tensorflow_io/python/ops/__init__.py:104 UserWarning: file system plugins are not loaded: unable to open file: libtensorflow_io.so, from paths: ['/home/airflow/.local/lib/python3.7/site-packages/tensorflow_io/python/ops/libtensorflow_io.so']
caused by: ['/home/airflow/.local/lib/python3.7/site-packages/tensorflow_io/python/ops/libtensorflow_io.so: cannot open shared object file: No such file or directory']
[2023-06-05T00:00:24.527+0000] {logging_mixin.py:149} INFO - [2023-06-05T00:00:24.527+0000] {taskmixin.py:211} WARNING - Dependency <Task(PythonOperator): create_pg_connection_task>, creating_ml_metrics_table_task already registered for DAG: ml_pipeline
[2023-06-05T00:00:24.527+0000] {logging_mixin.py:149} INFO - [2023-06-05T00:00:24.527+0000] {taskmixin.py:211} WARNING - Dependency <Task(PostgresOperator): creating_ml_metrics_table_task>, create_pg_connection_task already registered for DAG: ml_pipeline
[2023-06-05T00:00:24.528+0000] {logging_mixin.py:149} INFO - [2023-06-05T00:00:24.528+0000] {taskmixin.py:211} WARNING - Dependency <Task(PythonOperator): machine_learning_task>, storing_metrics_to_database_task already registered for DAG: ml_pipeline
[2023-06-05T00:00:24.529+0000] {logging_mixin.py:149} INFO - [2023-06-05T00:00:24.529+0000] {taskmixin.py:211} WARNING - Dependency <Task(PythonOperator): storing_metrics_to_database_task>, machine_learning_task already registered for DAG: ml_pipeline
[2023-06-05T00:00:24.529+0000] {logging_mixin.py:149} INFO - [2023-06-05T00:00:24.529+0000] {taskmixin.py:211} WARNING - Dependency <Task(PythonOperator): storing_metrics_to_database_task>, collecting_all_metrics already registered for DAG: ml_pipeline
[2023-06-05T00:00:24.530+0000] {logging_mixin.py:149} INFO - [2023-06-05T00:00:24.530+0000] {taskmixin.py:211} WARNING - Dependency <Task(PostgresOperator): collecting_all_metrics>, storing_metrics_to_database_task already registered for DAG: ml_pipeline
[2023-06-05T00:00:24.530+0000] {logging_mixin.py:149} INFO - [2023-06-05T00:00:24.530+0000] {taskmixin.py:211} WARNING - Dependency <Task(PythonOperator): create_pg_connection_task>, creating_ml_metrics_table_task already registered for DAG: ml_pipeline
[2023-06-05T00:00:24.531+0000] {logging_mixin.py:149} INFO - [2023-06-05T00:00:24.531+0000] {taskmixin.py:211} WARNING - Dependency <Task(PostgresOperator): creating_ml_metrics_table_task>, create_pg_connection_task already registered for DAG: ml_pipeline
[2023-06-05T00:00:24.531+0000] {logging_mixin.py:149} INFO - [2023-06-05T00:00:24.531+0000] {taskmixin.py:211} WARNING - Dependency <Task(PythonOperator): machine_learning_task>, storing_metrics_to_database_task already registered for DAG: ml_pipeline
[2023-06-05T00:00:24.532+0000] {logging_mixin.py:149} INFO - [2023-06-05T00:00:24.532+0000] {taskmixin.py:211} WARNING - Dependency <Task(PythonOperator): storing_metrics_to_database_task>, machine_learning_task already registered for DAG: ml_pipeline
[2023-06-05T00:00:24.532+0000] {logging_mixin.py:149} INFO - [2023-06-05T00:00:24.532+0000] {taskmixin.py:211} WARNING - Dependency <Task(PythonOperator): storing_metrics_to_database_task>, collecting_all_metrics already registered for DAG: ml_pipeline
[2023-06-05T00:00:24.533+0000] {logging_mixin.py:149} INFO - [2023-06-05T00:00:24.533+0000] {taskmixin.py:211} WARNING - Dependency <Task(PostgresOperator): collecting_all_metrics>, storing_metrics_to_database_task already registered for DAG: ml_pipeline
[2023-06-05T00:00:24.534+0000] {logging_mixin.py:149} INFO - [2023-06-05T00:00:24.534+0000] {taskmixin.py:211} WARNING - Dependency <Task(PythonOperator): create_pg_connection_task>, creating_ml_metrics_table_task already registered for DAG: ml_pipeline
[2023-06-05T00:00:24.534+0000] {logging_mixin.py:149} INFO - [2023-06-05T00:00:24.534+0000] {taskmixin.py:211} WARNING - Dependency <Task(PostgresOperator): creating_ml_metrics_table_task>, create_pg_connection_task already registered for DAG: ml_pipeline
[2023-06-05T00:00:24.535+0000] {logging_mixin.py:149} INFO - [2023-06-05T00:00:24.535+0000] {taskmixin.py:211} WARNING - Dependency <Task(PythonOperator): machine_learning_task>, storing_metrics_to_database_task already registered for DAG: ml_pipeline
[2023-06-05T00:00:24.536+0000] {logging_mixin.py:149} INFO - [2023-06-05T00:00:24.536+0000] {taskmixin.py:211} WARNING - Dependency <Task(PythonOperator): storing_metrics_to_database_task>, machine_learning_task already registered for DAG: ml_pipeline
[2023-06-05T00:00:24.536+0000] {logging_mixin.py:149} INFO - [2023-06-05T00:00:24.536+0000] {taskmixin.py:211} WARNING - Dependency <Task(PythonOperator): storing_metrics_to_database_task>, collecting_all_metrics already registered for DAG: ml_pipeline
[2023-06-05T00:00:24.537+0000] {logging_mixin.py:149} INFO - [2023-06-05T00:00:24.537+0000] {taskmixin.py:211} WARNING - Dependency <Task(PostgresOperator): collecting_all_metrics>, storing_metrics_to_database_task already registered for DAG: ml_pipeline
[2023-06-05T00:00:24.537+0000] {logging_mixin.py:149} INFO - [2023-06-05T00:00:24.537+0000] {taskmixin.py:211} WARNING - Dependency <Task(PythonOperator): create_pg_connection_task>, creating_ml_metrics_table_task already registered for DAG: ml_pipeline
[2023-06-05T00:00:24.538+0000] {logging_mixin.py:149} INFO - [2023-06-05T00:00:24.538+0000] {taskmixin.py:211} WARNING - Dependency <Task(PostgresOperator): creating_ml_metrics_table_task>, create_pg_connection_task already registered for DAG: ml_pipeline
[2023-06-05T00:00:24.538+0000] {logging_mixin.py:149} INFO - [2023-06-05T00:00:24.538+0000] {taskmixin.py:211} WARNING - Dependency <Task(PythonOperator): machine_learning_task>, storing_metrics_to_database_task already registered for DAG: ml_pipeline
[2023-06-05T00:00:24.539+0000] {logging_mixin.py:149} INFO - [2023-06-05T00:00:24.539+0000] {taskmixin.py:211} WARNING - Dependency <Task(PythonOperator): storing_metrics_to_database_task>, machine_learning_task already registered for DAG: ml_pipeline
[2023-06-05T00:00:24.539+0000] {logging_mixin.py:149} INFO - [2023-06-05T00:00:24.539+0000] {taskmixin.py:211} WARNING - Dependency <Task(PythonOperator): storing_metrics_to_database_task>, collecting_all_metrics already registered for DAG: ml_pipeline
[2023-06-05T00:00:24.540+0000] {logging_mixin.py:149} INFO - [2023-06-05T00:00:24.540+0000] {taskmixin.py:211} WARNING - Dependency <Task(PostgresOperator): collecting_all_metrics>, storing_metrics_to_database_task already registered for DAG: ml_pipeline
[2023-06-05T00:00:24.541+0000] {logging_mixin.py:149} INFO - [2023-06-05T00:00:24.540+0000] {taskmixin.py:211} WARNING - Dependency <Task(PythonOperator): create_pg_connection_task>, creating_ml_metrics_table_task already registered for DAG: ml_pipeline
[2023-06-05T00:00:24.541+0000] {logging_mixin.py:149} INFO - [2023-06-05T00:00:24.541+0000] {taskmixin.py:211} WARNING - Dependency <Task(PostgresOperator): creating_ml_metrics_table_task>, create_pg_connection_task already registered for DAG: ml_pipeline
[2023-06-05T00:00:24.542+0000] {logging_mixin.py:149} INFO - [2023-06-05T00:00:24.542+0000] {taskmixin.py:211} WARNING - Dependency <Task(PythonOperator): machine_learning_task>, storing_metrics_to_database_task already registered for DAG: ml_pipeline
[2023-06-05T00:00:24.543+0000] {logging_mixin.py:149} INFO - [2023-06-05T00:00:24.542+0000] {taskmixin.py:211} WARNING - Dependency <Task(PythonOperator): storing_metrics_to_database_task>, machine_learning_task already registered for DAG: ml_pipeline
[2023-06-05T00:00:24.543+0000] {logging_mixin.py:149} INFO - [2023-06-05T00:00:24.543+0000] {taskmixin.py:211} WARNING - Dependency <Task(PythonOperator): storing_metrics_to_database_task>, collecting_all_metrics already registered for DAG: ml_pipeline
[2023-06-05T00:00:24.544+0000] {logging_mixin.py:149} INFO - [2023-06-05T00:00:24.544+0000] {taskmixin.py:211} WARNING - Dependency <Task(PostgresOperator): collecting_all_metrics>, storing_metrics_to_database_task already registered for DAG: ml_pipeline
[2023-06-05T00:00:24.544+0000] {logging_mixin.py:149} INFO - [2023-06-05T00:00:24.544+0000] {taskmixin.py:211} WARNING - Dependency <Task(PythonOperator): create_pg_connection_task>, creating_ml_metrics_table_task already registered for DAG: ml_pipeline
[2023-06-05T00:00:24.545+0000] {logging_mixin.py:149} INFO - [2023-06-05T00:00:24.545+0000] {taskmixin.py:211} WARNING - Dependency <Task(PostgresOperator): creating_ml_metrics_table_task>, create_pg_connection_task already registered for DAG: ml_pipeline
[2023-06-05T00:00:24.545+0000] {logging_mixin.py:149} INFO - [2023-06-05T00:00:24.545+0000] {taskmixin.py:211} WARNING - Dependency <Task(PythonOperator): machine_learning_task>, storing_metrics_to_database_task already registered for DAG: ml_pipeline
[2023-06-05T00:00:24.546+0000] {logging_mixin.py:149} INFO - [2023-06-05T00:00:24.546+0000] {taskmixin.py:211} WARNING - Dependency <Task(PythonOperator): storing_metrics_to_database_task>, machine_learning_task already registered for DAG: ml_pipeline
[2023-06-05T00:00:24.546+0000] {logging_mixin.py:149} INFO - [2023-06-05T00:00:24.546+0000] {taskmixin.py:211} WARNING - Dependency <Task(PythonOperator): storing_metrics_to_database_task>, collecting_all_metrics already registered for DAG: ml_pipeline
[2023-06-05T00:00:24.547+0000] {logging_mixin.py:149} INFO - [2023-06-05T00:00:24.547+0000] {taskmixin.py:211} WARNING - Dependency <Task(PostgresOperator): collecting_all_metrics>, storing_metrics_to_database_task already registered for DAG: ml_pipeline
[2023-06-05T00:00:24.548+0000] {logging_mixin.py:149} INFO - [2023-06-05T00:00:24.547+0000] {taskmixin.py:211} WARNING - Dependency <Task(PythonOperator): create_pg_connection_task>, creating_ml_metrics_table_task already registered for DAG: ml_pipeline
[2023-06-05T00:00:24.548+0000] {logging_mixin.py:149} INFO - [2023-06-05T00:00:24.548+0000] {taskmixin.py:211} WARNING - Dependency <Task(PostgresOperator): creating_ml_metrics_table_task>, create_pg_connection_task already registered for DAG: ml_pipeline
[2023-06-05T00:00:24.549+0000] {logging_mixin.py:149} INFO - [2023-06-05T00:00:24.549+0000] {taskmixin.py:211} WARNING - Dependency <Task(PythonOperator): machine_learning_task>, storing_metrics_to_database_task already registered for DAG: ml_pipeline
[2023-06-05T00:00:24.549+0000] {logging_mixin.py:149} INFO - [2023-06-05T00:00:24.549+0000] {taskmixin.py:211} WARNING - Dependency <Task(PythonOperator): storing_metrics_to_database_task>, machine_learning_task already registered for DAG: ml_pipeline
[2023-06-05T00:00:24.550+0000] {logging_mixin.py:149} INFO - [2023-06-05T00:00:24.550+0000] {taskmixin.py:211} WARNING - Dependency <Task(PythonOperator): storing_metrics_to_database_task>, collecting_all_metrics already registered for DAG: ml_pipeline
[2023-06-05T00:00:24.550+0000] {logging_mixin.py:149} INFO - [2023-06-05T00:00:24.550+0000] {taskmixin.py:211} WARNING - Dependency <Task(PostgresOperator): collecting_all_metrics>, storing_metrics_to_database_task already registered for DAG: ml_pipeline
[2023-06-05T00:00:24.555+0000] {processor.py:809} INFO - DAG(s) dict_keys(['ml_pipeline']) retrieved from /opt/airflow/dags/ml_pipeline.py
[2023-06-05T00:00:24.586+0000] {logging_mixin.py:149} INFO - [2023-06-05T00:00:24.585+0000] {dag.py:2726} INFO - Sync 1 DAGs
[2023-06-05T00:00:24.605+0000] {logging_mixin.py:149} INFO - [2023-06-05T00:00:24.605+0000] {dag.py:3490} INFO - Setting next_dagrun for ml_pipeline to None, run_after=None
[2023-06-05T00:00:24.620+0000] {processor.py:178} INFO - Processing /opt/airflow/dags/ml_pipeline.py took 2.199 seconds
[2023-06-05T00:00:54.839+0000] {processor.py:156} INFO - Started process (PID=653) to work on /opt/airflow/dags/ml_pipeline.py
[2023-06-05T00:00:54.842+0000] {processor.py:799} INFO - Processing file /opt/airflow/dags/ml_pipeline.py for tasks to queue
[2023-06-05T00:00:54.844+0000] {logging_mixin.py:149} INFO - [2023-06-05T00:00:54.844+0000] {dagbag.py:541} INFO - Filling up the DagBag from /opt/airflow/dags/ml_pipeline.py
[2023-06-05T00:00:57.382+0000] {logging_mixin.py:149} WARNING - /home/airflow/.local/lib/python3.7/site-packages/tensorflow_io/python/ops/__init__.py:98 UserWarning: unable to load libtensorflow_io_plugins.so: unable to open file: libtensorflow_io_plugins.so, from paths: ['/home/airflow/.local/lib/python3.7/site-packages/tensorflow_io/python/ops/libtensorflow_io_plugins.so']
caused by: ["[Errno 2] The file to load file system plugin from does not exist.: '/home/airflow/.local/lib/python3.7/site-packages/tensorflow_io/python/ops/libtensorflow_io_plugins.so'"]
[2023-06-05T00:00:57.386+0000] {logging_mixin.py:149} WARNING - /home/airflow/.local/lib/python3.7/site-packages/tensorflow_io/python/ops/__init__.py:104 UserWarning: file system plugins are not loaded: unable to open file: libtensorflow_io.so, from paths: ['/home/airflow/.local/lib/python3.7/site-packages/tensorflow_io/python/ops/libtensorflow_io.so']
caused by: ['/home/airflow/.local/lib/python3.7/site-packages/tensorflow_io/python/ops/libtensorflow_io.so: cannot open shared object file: No such file or directory']
[2023-06-05T00:00:57.537+0000] {logging_mixin.py:149} INFO - [2023-06-05T00:00:57.536+0000] {taskmixin.py:211} WARNING - Dependency <Task(PythonOperator): create_pg_connection_task>, creating_ml_metrics_table_task already registered for DAG: ml_pipeline
[2023-06-05T00:00:57.538+0000] {logging_mixin.py:149} INFO - [2023-06-05T00:00:57.537+0000] {taskmixin.py:211} WARNING - Dependency <Task(PostgresOperator): creating_ml_metrics_table_task>, create_pg_connection_task already registered for DAG: ml_pipeline
[2023-06-05T00:00:57.538+0000] {logging_mixin.py:149} INFO - [2023-06-05T00:00:57.538+0000] {taskmixin.py:211} WARNING - Dependency <Task(PythonOperator): machine_learning_task>, storing_metrics_to_database_task already registered for DAG: ml_pipeline
[2023-06-05T00:00:57.539+0000] {logging_mixin.py:149} INFO - [2023-06-05T00:00:57.539+0000] {taskmixin.py:211} WARNING - Dependency <Task(PythonOperator): storing_metrics_to_database_task>, machine_learning_task already registered for DAG: ml_pipeline
[2023-06-05T00:00:57.540+0000] {logging_mixin.py:149} INFO - [2023-06-05T00:00:57.540+0000] {taskmixin.py:211} WARNING - Dependency <Task(PythonOperator): storing_metrics_to_database_task>, collecting_all_metrics already registered for DAG: ml_pipeline
[2023-06-05T00:00:57.541+0000] {logging_mixin.py:149} INFO - [2023-06-05T00:00:57.541+0000] {taskmixin.py:211} WARNING - Dependency <Task(PostgresOperator): collecting_all_metrics>, storing_metrics_to_database_task already registered for DAG: ml_pipeline
[2023-06-05T00:00:57.541+0000] {logging_mixin.py:149} INFO - [2023-06-05T00:00:57.541+0000] {taskmixin.py:211} WARNING - Dependency <Task(PythonOperator): create_pg_connection_task>, creating_ml_metrics_table_task already registered for DAG: ml_pipeline
[2023-06-05T00:00:57.542+0000] {logging_mixin.py:149} INFO - [2023-06-05T00:00:57.542+0000] {taskmixin.py:211} WARNING - Dependency <Task(PostgresOperator): creating_ml_metrics_table_task>, create_pg_connection_task already registered for DAG: ml_pipeline
[2023-06-05T00:00:57.543+0000] {logging_mixin.py:149} INFO - [2023-06-05T00:00:57.543+0000] {taskmixin.py:211} WARNING - Dependency <Task(PythonOperator): machine_learning_task>, storing_metrics_to_database_task already registered for DAG: ml_pipeline
[2023-06-05T00:00:57.544+0000] {logging_mixin.py:149} INFO - [2023-06-05T00:00:57.544+0000] {taskmixin.py:211} WARNING - Dependency <Task(PythonOperator): storing_metrics_to_database_task>, machine_learning_task already registered for DAG: ml_pipeline
[2023-06-05T00:00:57.545+0000] {logging_mixin.py:149} INFO - [2023-06-05T00:00:57.545+0000] {taskmixin.py:211} WARNING - Dependency <Task(PythonOperator): storing_metrics_to_database_task>, collecting_all_metrics already registered for DAG: ml_pipeline
[2023-06-05T00:00:57.546+0000] {logging_mixin.py:149} INFO - [2023-06-05T00:00:57.545+0000] {taskmixin.py:211} WARNING - Dependency <Task(PostgresOperator): collecting_all_metrics>, storing_metrics_to_database_task already registered for DAG: ml_pipeline
[2023-06-05T00:00:57.546+0000] {logging_mixin.py:149} INFO - [2023-06-05T00:00:57.546+0000] {taskmixin.py:211} WARNING - Dependency <Task(PythonOperator): create_pg_connection_task>, creating_ml_metrics_table_task already registered for DAG: ml_pipeline
[2023-06-05T00:00:57.547+0000] {logging_mixin.py:149} INFO - [2023-06-05T00:00:57.547+0000] {taskmixin.py:211} WARNING - Dependency <Task(PostgresOperator): creating_ml_metrics_table_task>, create_pg_connection_task already registered for DAG: ml_pipeline
[2023-06-05T00:00:57.548+0000] {logging_mixin.py:149} INFO - [2023-06-05T00:00:57.548+0000] {taskmixin.py:211} WARNING - Dependency <Task(PythonOperator): machine_learning_task>, storing_metrics_to_database_task already registered for DAG: ml_pipeline
[2023-06-05T00:00:57.548+0000] {logging_mixin.py:149} INFO - [2023-06-05T00:00:57.548+0000] {taskmixin.py:211} WARNING - Dependency <Task(PythonOperator): storing_metrics_to_database_task>, machine_learning_task already registered for DAG: ml_pipeline
[2023-06-05T00:00:57.549+0000] {logging_mixin.py:149} INFO - [2023-06-05T00:00:57.549+0000] {taskmixin.py:211} WARNING - Dependency <Task(PythonOperator): storing_metrics_to_database_task>, collecting_all_metrics already registered for DAG: ml_pipeline
[2023-06-05T00:00:57.549+0000] {logging_mixin.py:149} INFO - [2023-06-05T00:00:57.549+0000] {taskmixin.py:211} WARNING - Dependency <Task(PostgresOperator): collecting_all_metrics>, storing_metrics_to_database_task already registered for DAG: ml_pipeline
[2023-06-05T00:00:57.550+0000] {logging_mixin.py:149} INFO - [2023-06-05T00:00:57.550+0000] {taskmixin.py:211} WARNING - Dependency <Task(PythonOperator): create_pg_connection_task>, creating_ml_metrics_table_task already registered for DAG: ml_pipeline
[2023-06-05T00:00:57.550+0000] {logging_mixin.py:149} INFO - [2023-06-05T00:00:57.550+0000] {taskmixin.py:211} WARNING - Dependency <Task(PostgresOperator): creating_ml_metrics_table_task>, create_pg_connection_task already registered for DAG: ml_pipeline
[2023-06-05T00:00:57.551+0000] {logging_mixin.py:149} INFO - [2023-06-05T00:00:57.551+0000] {taskmixin.py:211} WARNING - Dependency <Task(PythonOperator): machine_learning_task>, storing_metrics_to_database_task already registered for DAG: ml_pipeline
[2023-06-05T00:00:57.552+0000] {logging_mixin.py:149} INFO - [2023-06-05T00:00:57.552+0000] {taskmixin.py:211} WARNING - Dependency <Task(PythonOperator): storing_metrics_to_database_task>, machine_learning_task already registered for DAG: ml_pipeline
[2023-06-05T00:00:57.552+0000] {logging_mixin.py:149} INFO - [2023-06-05T00:00:57.552+0000] {taskmixin.py:211} WARNING - Dependency <Task(PythonOperator): storing_metrics_to_database_task>, collecting_all_metrics already registered for DAG: ml_pipeline
[2023-06-05T00:00:57.553+0000] {logging_mixin.py:149} INFO - [2023-06-05T00:00:57.553+0000] {taskmixin.py:211} WARNING - Dependency <Task(PostgresOperator): collecting_all_metrics>, storing_metrics_to_database_task already registered for DAG: ml_pipeline
[2023-06-05T00:00:57.553+0000] {logging_mixin.py:149} INFO - [2023-06-05T00:00:57.553+0000] {taskmixin.py:211} WARNING - Dependency <Task(PythonOperator): create_pg_connection_task>, creating_ml_metrics_table_task already registered for DAG: ml_pipeline
[2023-06-05T00:00:57.555+0000] {logging_mixin.py:149} INFO - [2023-06-05T00:00:57.555+0000] {taskmixin.py:211} WARNING - Dependency <Task(PostgresOperator): creating_ml_metrics_table_task>, create_pg_connection_task already registered for DAG: ml_pipeline
[2023-06-05T00:00:57.555+0000] {logging_mixin.py:149} INFO - [2023-06-05T00:00:57.555+0000] {taskmixin.py:211} WARNING - Dependency <Task(PythonOperator): machine_learning_task>, storing_metrics_to_database_task already registered for DAG: ml_pipeline
[2023-06-05T00:00:57.556+0000] {logging_mixin.py:149} INFO - [2023-06-05T00:00:57.556+0000] {taskmixin.py:211} WARNING - Dependency <Task(PythonOperator): storing_metrics_to_database_task>, machine_learning_task already registered for DAG: ml_pipeline
[2023-06-05T00:00:57.557+0000] {logging_mixin.py:149} INFO - [2023-06-05T00:00:57.557+0000] {taskmixin.py:211} WARNING - Dependency <Task(PythonOperator): storing_metrics_to_database_task>, collecting_all_metrics already registered for DAG: ml_pipeline
[2023-06-05T00:00:57.557+0000] {logging_mixin.py:149} INFO - [2023-06-05T00:00:57.557+0000] {taskmixin.py:211} WARNING - Dependency <Task(PostgresOperator): collecting_all_metrics>, storing_metrics_to_database_task already registered for DAG: ml_pipeline
[2023-06-05T00:00:57.558+0000] {logging_mixin.py:149} INFO - [2023-06-05T00:00:57.558+0000] {taskmixin.py:211} WARNING - Dependency <Task(PythonOperator): create_pg_connection_task>, creating_ml_metrics_table_task already registered for DAG: ml_pipeline
[2023-06-05T00:00:57.559+0000] {logging_mixin.py:149} INFO - [2023-06-05T00:00:57.558+0000] {taskmixin.py:211} WARNING - Dependency <Task(PostgresOperator): creating_ml_metrics_table_task>, create_pg_connection_task already registered for DAG: ml_pipeline
[2023-06-05T00:00:57.559+0000] {logging_mixin.py:149} INFO - [2023-06-05T00:00:57.559+0000] {taskmixin.py:211} WARNING - Dependency <Task(PythonOperator): machine_learning_task>, storing_metrics_to_database_task already registered for DAG: ml_pipeline
[2023-06-05T00:00:57.560+0000] {logging_mixin.py:149} INFO - [2023-06-05T00:00:57.560+0000] {taskmixin.py:211} WARNING - Dependency <Task(PythonOperator): storing_metrics_to_database_task>, machine_learning_task already registered for DAG: ml_pipeline
[2023-06-05T00:00:57.560+0000] {logging_mixin.py:149} INFO - [2023-06-05T00:00:57.560+0000] {taskmixin.py:211} WARNING - Dependency <Task(PythonOperator): storing_metrics_to_database_task>, collecting_all_metrics already registered for DAG: ml_pipeline
[2023-06-05T00:00:57.561+0000] {logging_mixin.py:149} INFO - [2023-06-05T00:00:57.561+0000] {taskmixin.py:211} WARNING - Dependency <Task(PostgresOperator): collecting_all_metrics>, storing_metrics_to_database_task already registered for DAG: ml_pipeline
[2023-06-05T00:00:57.563+0000] {logging_mixin.py:149} INFO - [2023-06-05T00:00:57.562+0000] {taskmixin.py:211} WARNING - Dependency <Task(PythonOperator): create_pg_connection_task>, creating_ml_metrics_table_task already registered for DAG: ml_pipeline
[2023-06-05T00:00:57.563+0000] {logging_mixin.py:149} INFO - [2023-06-05T00:00:57.563+0000] {taskmixin.py:211} WARNING - Dependency <Task(PostgresOperator): creating_ml_metrics_table_task>, create_pg_connection_task already registered for DAG: ml_pipeline
[2023-06-05T00:00:57.564+0000] {logging_mixin.py:149} INFO - [2023-06-05T00:00:57.564+0000] {taskmixin.py:211} WARNING - Dependency <Task(PythonOperator): machine_learning_task>, storing_metrics_to_database_task already registered for DAG: ml_pipeline
[2023-06-05T00:00:57.564+0000] {logging_mixin.py:149} INFO - [2023-06-05T00:00:57.564+0000] {taskmixin.py:211} WARNING - Dependency <Task(PythonOperator): storing_metrics_to_database_task>, machine_learning_task already registered for DAG: ml_pipeline
[2023-06-05T00:00:57.565+0000] {logging_mixin.py:149} INFO - [2023-06-05T00:00:57.565+0000] {taskmixin.py:211} WARNING - Dependency <Task(PythonOperator): storing_metrics_to_database_task>, collecting_all_metrics already registered for DAG: ml_pipeline
[2023-06-05T00:00:57.566+0000] {logging_mixin.py:149} INFO - [2023-06-05T00:00:57.566+0000] {taskmixin.py:211} WARNING - Dependency <Task(PostgresOperator): collecting_all_metrics>, storing_metrics_to_database_task already registered for DAG: ml_pipeline
[2023-06-05T00:00:57.574+0000] {processor.py:809} INFO - DAG(s) dict_keys(['ml_pipeline']) retrieved from /opt/airflow/dags/ml_pipeline.py
[2023-06-05T00:00:57.611+0000] {logging_mixin.py:149} INFO - [2023-06-05T00:00:57.610+0000] {dag.py:2726} INFO - Sync 1 DAGs
[2023-06-05T00:00:57.634+0000] {logging_mixin.py:149} INFO - [2023-06-05T00:00:57.634+0000] {dag.py:3490} INFO - Setting next_dagrun for ml_pipeline to None, run_after=None
[2023-06-05T00:00:57.650+0000] {processor.py:178} INFO - Processing /opt/airflow/dags/ml_pipeline.py took 2.817 seconds
[2023-06-05T00:01:27.870+0000] {processor.py:156} INFO - Started process (PID=669) to work on /opt/airflow/dags/ml_pipeline.py
[2023-06-05T00:01:27.871+0000] {processor.py:799} INFO - Processing file /opt/airflow/dags/ml_pipeline.py for tasks to queue
[2023-06-05T00:01:27.872+0000] {logging_mixin.py:149} INFO - [2023-06-05T00:01:27.872+0000] {dagbag.py:541} INFO - Filling up the DagBag from /opt/airflow/dags/ml_pipeline.py
[2023-06-05T00:01:29.973+0000] {logging_mixin.py:149} WARNING - /home/airflow/.local/lib/python3.7/site-packages/tensorflow_io/python/ops/__init__.py:98 UserWarning: unable to load libtensorflow_io_plugins.so: unable to open file: libtensorflow_io_plugins.so, from paths: ['/home/airflow/.local/lib/python3.7/site-packages/tensorflow_io/python/ops/libtensorflow_io_plugins.so']
caused by: ["[Errno 2] The file to load file system plugin from does not exist.: '/home/airflow/.local/lib/python3.7/site-packages/tensorflow_io/python/ops/libtensorflow_io_plugins.so'"]
[2023-06-05T00:01:29.976+0000] {logging_mixin.py:149} WARNING - /home/airflow/.local/lib/python3.7/site-packages/tensorflow_io/python/ops/__init__.py:104 UserWarning: file system plugins are not loaded: unable to open file: libtensorflow_io.so, from paths: ['/home/airflow/.local/lib/python3.7/site-packages/tensorflow_io/python/ops/libtensorflow_io.so']
caused by: ['/home/airflow/.local/lib/python3.7/site-packages/tensorflow_io/python/ops/libtensorflow_io.so: cannot open shared object file: No such file or directory']
[2023-06-05T00:01:30.115+0000] {logging_mixin.py:149} INFO - [2023-06-05T00:01:30.114+0000] {taskmixin.py:211} WARNING - Dependency <Task(PythonOperator): create_pg_connection_task>, creating_ml_metrics_table_task already registered for DAG: ml_pipeline
[2023-06-05T00:01:30.115+0000] {logging_mixin.py:149} INFO - [2023-06-05T00:01:30.115+0000] {taskmixin.py:211} WARNING - Dependency <Task(PostgresOperator): creating_ml_metrics_table_task>, create_pg_connection_task already registered for DAG: ml_pipeline
[2023-06-05T00:01:30.116+0000] {logging_mixin.py:149} INFO - [2023-06-05T00:01:30.116+0000] {taskmixin.py:211} WARNING - Dependency <Task(PythonOperator): machine_learning_task>, storing_metrics_to_database_task already registered for DAG: ml_pipeline
[2023-06-05T00:01:30.117+0000] {logging_mixin.py:149} INFO - [2023-06-05T00:01:30.117+0000] {taskmixin.py:211} WARNING - Dependency <Task(PythonOperator): storing_metrics_to_database_task>, machine_learning_task already registered for DAG: ml_pipeline
[2023-06-05T00:01:30.117+0000] {logging_mixin.py:149} INFO - [2023-06-05T00:01:30.117+0000] {taskmixin.py:211} WARNING - Dependency <Task(PythonOperator): storing_metrics_to_database_task>, collecting_all_metrics already registered for DAG: ml_pipeline
[2023-06-05T00:01:30.118+0000] {logging_mixin.py:149} INFO - [2023-06-05T00:01:30.118+0000] {taskmixin.py:211} WARNING - Dependency <Task(PostgresOperator): collecting_all_metrics>, storing_metrics_to_database_task already registered for DAG: ml_pipeline
[2023-06-05T00:01:30.119+0000] {logging_mixin.py:149} INFO - [2023-06-05T00:01:30.119+0000] {taskmixin.py:211} WARNING - Dependency <Task(PythonOperator): create_pg_connection_task>, creating_ml_metrics_table_task already registered for DAG: ml_pipeline
[2023-06-05T00:01:30.120+0000] {logging_mixin.py:149} INFO - [2023-06-05T00:01:30.120+0000] {taskmixin.py:211} WARNING - Dependency <Task(PostgresOperator): creating_ml_metrics_table_task>, create_pg_connection_task already registered for DAG: ml_pipeline
[2023-06-05T00:01:30.121+0000] {logging_mixin.py:149} INFO - [2023-06-05T00:01:30.120+0000] {taskmixin.py:211} WARNING - Dependency <Task(PythonOperator): machine_learning_task>, storing_metrics_to_database_task already registered for DAG: ml_pipeline
[2023-06-05T00:01:30.121+0000] {logging_mixin.py:149} INFO - [2023-06-05T00:01:30.121+0000] {taskmixin.py:211} WARNING - Dependency <Task(PythonOperator): storing_metrics_to_database_task>, machine_learning_task already registered for DAG: ml_pipeline
[2023-06-05T00:01:30.122+0000] {logging_mixin.py:149} INFO - [2023-06-05T00:01:30.122+0000] {taskmixin.py:211} WARNING - Dependency <Task(PythonOperator): storing_metrics_to_database_task>, collecting_all_metrics already registered for DAG: ml_pipeline
[2023-06-05T00:01:30.122+0000] {logging_mixin.py:149} INFO - [2023-06-05T00:01:30.122+0000] {taskmixin.py:211} WARNING - Dependency <Task(PostgresOperator): collecting_all_metrics>, storing_metrics_to_database_task already registered for DAG: ml_pipeline
[2023-06-05T00:01:30.123+0000] {logging_mixin.py:149} INFO - [2023-06-05T00:01:30.123+0000] {taskmixin.py:211} WARNING - Dependency <Task(PythonOperator): create_pg_connection_task>, creating_ml_metrics_table_task already registered for DAG: ml_pipeline
[2023-06-05T00:01:30.123+0000] {logging_mixin.py:149} INFO - [2023-06-05T00:01:30.123+0000] {taskmixin.py:211} WARNING - Dependency <Task(PostgresOperator): creating_ml_metrics_table_task>, create_pg_connection_task already registered for DAG: ml_pipeline
[2023-06-05T00:01:30.124+0000] {logging_mixin.py:149} INFO - [2023-06-05T00:01:30.124+0000] {taskmixin.py:211} WARNING - Dependency <Task(PythonOperator): machine_learning_task>, storing_metrics_to_database_task already registered for DAG: ml_pipeline
[2023-06-05T00:01:30.125+0000] {logging_mixin.py:149} INFO - [2023-06-05T00:01:30.125+0000] {taskmixin.py:211} WARNING - Dependency <Task(PythonOperator): storing_metrics_to_database_task>, machine_learning_task already registered for DAG: ml_pipeline
[2023-06-05T00:01:30.125+0000] {logging_mixin.py:149} INFO - [2023-06-05T00:01:30.125+0000] {taskmixin.py:211} WARNING - Dependency <Task(PythonOperator): storing_metrics_to_database_task>, collecting_all_metrics already registered for DAG: ml_pipeline
[2023-06-05T00:01:30.126+0000] {logging_mixin.py:149} INFO - [2023-06-05T00:01:30.126+0000] {taskmixin.py:211} WARNING - Dependency <Task(PostgresOperator): collecting_all_metrics>, storing_metrics_to_database_task already registered for DAG: ml_pipeline
[2023-06-05T00:01:30.126+0000] {logging_mixin.py:149} INFO - [2023-06-05T00:01:30.126+0000] {taskmixin.py:211} WARNING - Dependency <Task(PythonOperator): create_pg_connection_task>, creating_ml_metrics_table_task already registered for DAG: ml_pipeline
[2023-06-05T00:01:30.127+0000] {logging_mixin.py:149} INFO - [2023-06-05T00:01:30.127+0000] {taskmixin.py:211} WARNING - Dependency <Task(PostgresOperator): creating_ml_metrics_table_task>, create_pg_connection_task already registered for DAG: ml_pipeline
[2023-06-05T00:01:30.128+0000] {logging_mixin.py:149} INFO - [2023-06-05T00:01:30.128+0000] {taskmixin.py:211} WARNING - Dependency <Task(PythonOperator): machine_learning_task>, storing_metrics_to_database_task already registered for DAG: ml_pipeline
[2023-06-05T00:01:30.128+0000] {logging_mixin.py:149} INFO - [2023-06-05T00:01:30.128+0000] {taskmixin.py:211} WARNING - Dependency <Task(PythonOperator): storing_metrics_to_database_task>, machine_learning_task already registered for DAG: ml_pipeline
[2023-06-05T00:01:30.129+0000] {logging_mixin.py:149} INFO - [2023-06-05T00:01:30.129+0000] {taskmixin.py:211} WARNING - Dependency <Task(PythonOperator): storing_metrics_to_database_task>, collecting_all_metrics already registered for DAG: ml_pipeline
[2023-06-05T00:01:30.130+0000] {logging_mixin.py:149} INFO - [2023-06-05T00:01:30.130+0000] {taskmixin.py:211} WARNING - Dependency <Task(PostgresOperator): collecting_all_metrics>, storing_metrics_to_database_task already registered for DAG: ml_pipeline
[2023-06-05T00:01:30.130+0000] {logging_mixin.py:149} INFO - [2023-06-05T00:01:30.130+0000] {taskmixin.py:211} WARNING - Dependency <Task(PythonOperator): create_pg_connection_task>, creating_ml_metrics_table_task already registered for DAG: ml_pipeline
[2023-06-05T00:01:30.131+0000] {logging_mixin.py:149} INFO - [2023-06-05T00:01:30.131+0000] {taskmixin.py:211} WARNING - Dependency <Task(PostgresOperator): creating_ml_metrics_table_task>, create_pg_connection_task already registered for DAG: ml_pipeline
[2023-06-05T00:01:30.131+0000] {logging_mixin.py:149} INFO - [2023-06-05T00:01:30.131+0000] {taskmixin.py:211} WARNING - Dependency <Task(PythonOperator): machine_learning_task>, storing_metrics_to_database_task already registered for DAG: ml_pipeline
[2023-06-05T00:01:30.132+0000] {logging_mixin.py:149} INFO - [2023-06-05T00:01:30.132+0000] {taskmixin.py:211} WARNING - Dependency <Task(PythonOperator): storing_metrics_to_database_task>, machine_learning_task already registered for DAG: ml_pipeline
[2023-06-05T00:01:30.132+0000] {logging_mixin.py:149} INFO - [2023-06-05T00:01:30.132+0000] {taskmixin.py:211} WARNING - Dependency <Task(PythonOperator): storing_metrics_to_database_task>, collecting_all_metrics already registered for DAG: ml_pipeline
[2023-06-05T00:01:30.133+0000] {logging_mixin.py:149} INFO - [2023-06-05T00:01:30.133+0000] {taskmixin.py:211} WARNING - Dependency <Task(PostgresOperator): collecting_all_metrics>, storing_metrics_to_database_task already registered for DAG: ml_pipeline
[2023-06-05T00:01:30.134+0000] {logging_mixin.py:149} INFO - [2023-06-05T00:01:30.134+0000] {taskmixin.py:211} WARNING - Dependency <Task(PythonOperator): create_pg_connection_task>, creating_ml_metrics_table_task already registered for DAG: ml_pipeline
[2023-06-05T00:01:30.134+0000] {logging_mixin.py:149} INFO - [2023-06-05T00:01:30.134+0000] {taskmixin.py:211} WARNING - Dependency <Task(PostgresOperator): creating_ml_metrics_table_task>, create_pg_connection_task already registered for DAG: ml_pipeline
[2023-06-05T00:01:30.135+0000] {logging_mixin.py:149} INFO - [2023-06-05T00:01:30.135+0000] {taskmixin.py:211} WARNING - Dependency <Task(PythonOperator): machine_learning_task>, storing_metrics_to_database_task already registered for DAG: ml_pipeline
[2023-06-05T00:01:30.135+0000] {logging_mixin.py:149} INFO - [2023-06-05T00:01:30.135+0000] {taskmixin.py:211} WARNING - Dependency <Task(PythonOperator): storing_metrics_to_database_task>, machine_learning_task already registered for DAG: ml_pipeline
[2023-06-05T00:01:30.136+0000] {logging_mixin.py:149} INFO - [2023-06-05T00:01:30.136+0000] {taskmixin.py:211} WARNING - Dependency <Task(PythonOperator): storing_metrics_to_database_task>, collecting_all_metrics already registered for DAG: ml_pipeline
[2023-06-05T00:01:30.137+0000] {logging_mixin.py:149} INFO - [2023-06-05T00:01:30.136+0000] {taskmixin.py:211} WARNING - Dependency <Task(PostgresOperator): collecting_all_metrics>, storing_metrics_to_database_task already registered for DAG: ml_pipeline
[2023-06-05T00:01:30.137+0000] {logging_mixin.py:149} INFO - [2023-06-05T00:01:30.137+0000] {taskmixin.py:211} WARNING - Dependency <Task(PythonOperator): create_pg_connection_task>, creating_ml_metrics_table_task already registered for DAG: ml_pipeline
[2023-06-05T00:01:30.138+0000] {logging_mixin.py:149} INFO - [2023-06-05T00:01:30.138+0000] {taskmixin.py:211} WARNING - Dependency <Task(PostgresOperator): creating_ml_metrics_table_task>, create_pg_connection_task already registered for DAG: ml_pipeline
[2023-06-05T00:01:30.138+0000] {logging_mixin.py:149} INFO - [2023-06-05T00:01:30.138+0000] {taskmixin.py:211} WARNING - Dependency <Task(PythonOperator): machine_learning_task>, storing_metrics_to_database_task already registered for DAG: ml_pipeline
[2023-06-05T00:01:30.139+0000] {logging_mixin.py:149} INFO - [2023-06-05T00:01:30.139+0000] {taskmixin.py:211} WARNING - Dependency <Task(PythonOperator): storing_metrics_to_database_task>, machine_learning_task already registered for DAG: ml_pipeline
[2023-06-05T00:01:30.140+0000] {logging_mixin.py:149} INFO - [2023-06-05T00:01:30.140+0000] {taskmixin.py:211} WARNING - Dependency <Task(PythonOperator): storing_metrics_to_database_task>, collecting_all_metrics already registered for DAG: ml_pipeline
[2023-06-05T00:01:30.140+0000] {logging_mixin.py:149} INFO - [2023-06-05T00:01:30.140+0000] {taskmixin.py:211} WARNING - Dependency <Task(PostgresOperator): collecting_all_metrics>, storing_metrics_to_database_task already registered for DAG: ml_pipeline
[2023-06-05T00:01:30.146+0000] {processor.py:809} INFO - DAG(s) dict_keys(['ml_pipeline']) retrieved from /opt/airflow/dags/ml_pipeline.py
[2023-06-05T00:01:30.177+0000] {logging_mixin.py:149} INFO - [2023-06-05T00:01:30.176+0000] {dag.py:2726} INFO - Sync 1 DAGs
[2023-06-05T00:01:30.198+0000] {logging_mixin.py:149} INFO - [2023-06-05T00:01:30.198+0000] {dag.py:3490} INFO - Setting next_dagrun for ml_pipeline to None, run_after=None
[2023-06-05T00:01:30.214+0000] {processor.py:178} INFO - Processing /opt/airflow/dags/ml_pipeline.py took 2.348 seconds
[2023-06-05T00:02:00.588+0000] {processor.py:156} INFO - Started process (PID=685) to work on /opt/airflow/dags/ml_pipeline.py
[2023-06-05T00:02:00.591+0000] {processor.py:799} INFO - Processing file /opt/airflow/dags/ml_pipeline.py for tasks to queue
[2023-06-05T00:02:00.592+0000] {logging_mixin.py:149} INFO - [2023-06-05T00:02:00.592+0000] {dagbag.py:541} INFO - Filling up the DagBag from /opt/airflow/dags/ml_pipeline.py
[2023-06-05T00:02:02.558+0000] {logging_mixin.py:149} WARNING - /home/airflow/.local/lib/python3.7/site-packages/tensorflow_io/python/ops/__init__.py:98 UserWarning: unable to load libtensorflow_io_plugins.so: unable to open file: libtensorflow_io_plugins.so, from paths: ['/home/airflow/.local/lib/python3.7/site-packages/tensorflow_io/python/ops/libtensorflow_io_plugins.so']
caused by: ["[Errno 2] The file to load file system plugin from does not exist.: '/home/airflow/.local/lib/python3.7/site-packages/tensorflow_io/python/ops/libtensorflow_io_plugins.so'"]
[2023-06-05T00:02:02.561+0000] {logging_mixin.py:149} WARNING - /home/airflow/.local/lib/python3.7/site-packages/tensorflow_io/python/ops/__init__.py:104 UserWarning: file system plugins are not loaded: unable to open file: libtensorflow_io.so, from paths: ['/home/airflow/.local/lib/python3.7/site-packages/tensorflow_io/python/ops/libtensorflow_io.so']
caused by: ['/home/airflow/.local/lib/python3.7/site-packages/tensorflow_io/python/ops/libtensorflow_io.so: cannot open shared object file: No such file or directory']
[2023-06-05T00:02:02.693+0000] {logging_mixin.py:149} INFO - [2023-06-05T00:02:02.693+0000] {taskmixin.py:211} WARNING - Dependency <Task(PythonOperator): create_pg_connection_task>, creating_ml_metrics_table_task already registered for DAG: ml_pipeline
[2023-06-05T00:02:02.694+0000] {logging_mixin.py:149} INFO - [2023-06-05T00:02:02.694+0000] {taskmixin.py:211} WARNING - Dependency <Task(PostgresOperator): creating_ml_metrics_table_task>, create_pg_connection_task already registered for DAG: ml_pipeline
[2023-06-05T00:02:02.695+0000] {logging_mixin.py:149} INFO - [2023-06-05T00:02:02.695+0000] {taskmixin.py:211} WARNING - Dependency <Task(PythonOperator): machine_learning_task>, storing_metrics_to_database_task already registered for DAG: ml_pipeline
[2023-06-05T00:02:02.695+0000] {logging_mixin.py:149} INFO - [2023-06-05T00:02:02.695+0000] {taskmixin.py:211} WARNING - Dependency <Task(PythonOperator): storing_metrics_to_database_task>, machine_learning_task already registered for DAG: ml_pipeline
[2023-06-05T00:02:02.696+0000] {logging_mixin.py:149} INFO - [2023-06-05T00:02:02.696+0000] {taskmixin.py:211} WARNING - Dependency <Task(PythonOperator): storing_metrics_to_database_task>, collecting_all_metrics already registered for DAG: ml_pipeline
[2023-06-05T00:02:02.696+0000] {logging_mixin.py:149} INFO - [2023-06-05T00:02:02.696+0000] {taskmixin.py:211} WARNING - Dependency <Task(PostgresOperator): collecting_all_metrics>, storing_metrics_to_database_task already registered for DAG: ml_pipeline
[2023-06-05T00:02:02.697+0000] {logging_mixin.py:149} INFO - [2023-06-05T00:02:02.697+0000] {taskmixin.py:211} WARNING - Dependency <Task(PythonOperator): create_pg_connection_task>, creating_ml_metrics_table_task already registered for DAG: ml_pipeline
[2023-06-05T00:02:02.698+0000] {logging_mixin.py:149} INFO - [2023-06-05T00:02:02.697+0000] {taskmixin.py:211} WARNING - Dependency <Task(PostgresOperator): creating_ml_metrics_table_task>, create_pg_connection_task already registered for DAG: ml_pipeline
[2023-06-05T00:02:02.698+0000] {logging_mixin.py:149} INFO - [2023-06-05T00:02:02.698+0000] {taskmixin.py:211} WARNING - Dependency <Task(PythonOperator): machine_learning_task>, storing_metrics_to_database_task already registered for DAG: ml_pipeline
[2023-06-05T00:02:02.699+0000] {logging_mixin.py:149} INFO - [2023-06-05T00:02:02.699+0000] {taskmixin.py:211} WARNING - Dependency <Task(PythonOperator): storing_metrics_to_database_task>, machine_learning_task already registered for DAG: ml_pipeline
[2023-06-05T00:02:02.699+0000] {logging_mixin.py:149} INFO - [2023-06-05T00:02:02.699+0000] {taskmixin.py:211} WARNING - Dependency <Task(PythonOperator): storing_metrics_to_database_task>, collecting_all_metrics already registered for DAG: ml_pipeline
[2023-06-05T00:02:02.700+0000] {logging_mixin.py:149} INFO - [2023-06-05T00:02:02.700+0000] {taskmixin.py:211} WARNING - Dependency <Task(PostgresOperator): collecting_all_metrics>, storing_metrics_to_database_task already registered for DAG: ml_pipeline
[2023-06-05T00:02:02.700+0000] {logging_mixin.py:149} INFO - [2023-06-05T00:02:02.700+0000] {taskmixin.py:211} WARNING - Dependency <Task(PythonOperator): create_pg_connection_task>, creating_ml_metrics_table_task already registered for DAG: ml_pipeline
[2023-06-05T00:02:02.701+0000] {logging_mixin.py:149} INFO - [2023-06-05T00:02:02.701+0000] {taskmixin.py:211} WARNING - Dependency <Task(PostgresOperator): creating_ml_metrics_table_task>, create_pg_connection_task already registered for DAG: ml_pipeline
[2023-06-05T00:02:02.701+0000] {logging_mixin.py:149} INFO - [2023-06-05T00:02:02.701+0000] {taskmixin.py:211} WARNING - Dependency <Task(PythonOperator): machine_learning_task>, storing_metrics_to_database_task already registered for DAG: ml_pipeline
[2023-06-05T00:02:02.702+0000] {logging_mixin.py:149} INFO - [2023-06-05T00:02:02.702+0000] {taskmixin.py:211} WARNING - Dependency <Task(PythonOperator): storing_metrics_to_database_task>, machine_learning_task already registered for DAG: ml_pipeline
[2023-06-05T00:02:02.702+0000] {logging_mixin.py:149} INFO - [2023-06-05T00:02:02.702+0000] {taskmixin.py:211} WARNING - Dependency <Task(PythonOperator): storing_metrics_to_database_task>, collecting_all_metrics already registered for DAG: ml_pipeline
[2023-06-05T00:02:02.703+0000] {logging_mixin.py:149} INFO - [2023-06-05T00:02:02.703+0000] {taskmixin.py:211} WARNING - Dependency <Task(PostgresOperator): collecting_all_metrics>, storing_metrics_to_database_task already registered for DAG: ml_pipeline
[2023-06-05T00:02:02.704+0000] {logging_mixin.py:149} INFO - [2023-06-05T00:02:02.703+0000] {taskmixin.py:211} WARNING - Dependency <Task(PythonOperator): create_pg_connection_task>, creating_ml_metrics_table_task already registered for DAG: ml_pipeline
[2023-06-05T00:02:02.704+0000] {logging_mixin.py:149} INFO - [2023-06-05T00:02:02.704+0000] {taskmixin.py:211} WARNING - Dependency <Task(PostgresOperator): creating_ml_metrics_table_task>, create_pg_connection_task already registered for DAG: ml_pipeline
[2023-06-05T00:02:02.705+0000] {logging_mixin.py:149} INFO - [2023-06-05T00:02:02.705+0000] {taskmixin.py:211} WARNING - Dependency <Task(PythonOperator): machine_learning_task>, storing_metrics_to_database_task already registered for DAG: ml_pipeline
[2023-06-05T00:02:02.705+0000] {logging_mixin.py:149} INFO - [2023-06-05T00:02:02.705+0000] {taskmixin.py:211} WARNING - Dependency <Task(PythonOperator): storing_metrics_to_database_task>, machine_learning_task already registered for DAG: ml_pipeline
[2023-06-05T00:02:02.706+0000] {logging_mixin.py:149} INFO - [2023-06-05T00:02:02.706+0000] {taskmixin.py:211} WARNING - Dependency <Task(PythonOperator): storing_metrics_to_database_task>, collecting_all_metrics already registered for DAG: ml_pipeline
[2023-06-05T00:02:02.707+0000] {logging_mixin.py:149} INFO - [2023-06-05T00:02:02.707+0000] {taskmixin.py:211} WARNING - Dependency <Task(PostgresOperator): collecting_all_metrics>, storing_metrics_to_database_task already registered for DAG: ml_pipeline
[2023-06-05T00:02:02.707+0000] {logging_mixin.py:149} INFO - [2023-06-05T00:02:02.707+0000] {taskmixin.py:211} WARNING - Dependency <Task(PythonOperator): create_pg_connection_task>, creating_ml_metrics_table_task already registered for DAG: ml_pipeline
[2023-06-05T00:02:02.708+0000] {logging_mixin.py:149} INFO - [2023-06-05T00:02:02.708+0000] {taskmixin.py:211} WARNING - Dependency <Task(PostgresOperator): creating_ml_metrics_table_task>, create_pg_connection_task already registered for DAG: ml_pipeline
[2023-06-05T00:02:02.708+0000] {logging_mixin.py:149} INFO - [2023-06-05T00:02:02.708+0000] {taskmixin.py:211} WARNING - Dependency <Task(PythonOperator): machine_learning_task>, storing_metrics_to_database_task already registered for DAG: ml_pipeline
[2023-06-05T00:02:02.709+0000] {logging_mixin.py:149} INFO - [2023-06-05T00:02:02.709+0000] {taskmixin.py:211} WARNING - Dependency <Task(PythonOperator): storing_metrics_to_database_task>, machine_learning_task already registered for DAG: ml_pipeline
[2023-06-05T00:02:02.709+0000] {logging_mixin.py:149} INFO - [2023-06-05T00:02:02.709+0000] {taskmixin.py:211} WARNING - Dependency <Task(PythonOperator): storing_metrics_to_database_task>, collecting_all_metrics already registered for DAG: ml_pipeline
[2023-06-05T00:02:02.710+0000] {logging_mixin.py:149} INFO - [2023-06-05T00:02:02.710+0000] {taskmixin.py:211} WARNING - Dependency <Task(PostgresOperator): collecting_all_metrics>, storing_metrics_to_database_task already registered for DAG: ml_pipeline
[2023-06-05T00:02:02.710+0000] {logging_mixin.py:149} INFO - [2023-06-05T00:02:02.710+0000] {taskmixin.py:211} WARNING - Dependency <Task(PythonOperator): create_pg_connection_task>, creating_ml_metrics_table_task already registered for DAG: ml_pipeline
[2023-06-05T00:02:02.711+0000] {logging_mixin.py:149} INFO - [2023-06-05T00:02:02.711+0000] {taskmixin.py:211} WARNING - Dependency <Task(PostgresOperator): creating_ml_metrics_table_task>, create_pg_connection_task already registered for DAG: ml_pipeline
[2023-06-05T00:02:02.711+0000] {logging_mixin.py:149} INFO - [2023-06-05T00:02:02.711+0000] {taskmixin.py:211} WARNING - Dependency <Task(PythonOperator): machine_learning_task>, storing_metrics_to_database_task already registered for DAG: ml_pipeline
[2023-06-05T00:02:02.712+0000] {logging_mixin.py:149} INFO - [2023-06-05T00:02:02.712+0000] {taskmixin.py:211} WARNING - Dependency <Task(PythonOperator): storing_metrics_to_database_task>, machine_learning_task already registered for DAG: ml_pipeline
[2023-06-05T00:02:02.712+0000] {logging_mixin.py:149} INFO - [2023-06-05T00:02:02.712+0000] {taskmixin.py:211} WARNING - Dependency <Task(PythonOperator): storing_metrics_to_database_task>, collecting_all_metrics already registered for DAG: ml_pipeline
[2023-06-05T00:02:02.713+0000] {logging_mixin.py:149} INFO - [2023-06-05T00:02:02.713+0000] {taskmixin.py:211} WARNING - Dependency <Task(PostgresOperator): collecting_all_metrics>, storing_metrics_to_database_task already registered for DAG: ml_pipeline
[2023-06-05T00:02:02.714+0000] {logging_mixin.py:149} INFO - [2023-06-05T00:02:02.713+0000] {taskmixin.py:211} WARNING - Dependency <Task(PythonOperator): create_pg_connection_task>, creating_ml_metrics_table_task already registered for DAG: ml_pipeline
[2023-06-05T00:02:02.714+0000] {logging_mixin.py:149} INFO - [2023-06-05T00:02:02.714+0000] {taskmixin.py:211} WARNING - Dependency <Task(PostgresOperator): creating_ml_metrics_table_task>, create_pg_connection_task already registered for DAG: ml_pipeline
[2023-06-05T00:02:02.715+0000] {logging_mixin.py:149} INFO - [2023-06-05T00:02:02.715+0000] {taskmixin.py:211} WARNING - Dependency <Task(PythonOperator): machine_learning_task>, storing_metrics_to_database_task already registered for DAG: ml_pipeline
[2023-06-05T00:02:02.716+0000] {logging_mixin.py:149} INFO - [2023-06-05T00:02:02.716+0000] {taskmixin.py:211} WARNING - Dependency <Task(PythonOperator): storing_metrics_to_database_task>, machine_learning_task already registered for DAG: ml_pipeline
[2023-06-05T00:02:02.716+0000] {logging_mixin.py:149} INFO - [2023-06-05T00:02:02.716+0000] {taskmixin.py:211} WARNING - Dependency <Task(PythonOperator): storing_metrics_to_database_task>, collecting_all_metrics already registered for DAG: ml_pipeline
[2023-06-05T00:02:02.717+0000] {logging_mixin.py:149} INFO - [2023-06-05T00:02:02.717+0000] {taskmixin.py:211} WARNING - Dependency <Task(PostgresOperator): collecting_all_metrics>, storing_metrics_to_database_task already registered for DAG: ml_pipeline
[2023-06-05T00:02:02.722+0000] {processor.py:809} INFO - DAG(s) dict_keys(['ml_pipeline']) retrieved from /opt/airflow/dags/ml_pipeline.py
[2023-06-05T00:02:02.751+0000] {logging_mixin.py:149} INFO - [2023-06-05T00:02:02.750+0000] {dag.py:2726} INFO - Sync 1 DAGs
[2023-06-05T00:02:02.771+0000] {logging_mixin.py:149} INFO - [2023-06-05T00:02:02.771+0000] {dag.py:3490} INFO - Setting next_dagrun for ml_pipeline to None, run_after=None
[2023-06-05T00:02:02.787+0000] {processor.py:178} INFO - Processing /opt/airflow/dags/ml_pipeline.py took 2.206 seconds
