[2023-05-29T06:34:44.300+0000] {taskinstance.py:1125} INFO - Dependencies all met for dep_context=non-requeueable deps ti=<TaskInstance: ml_pipeline.creating_ml_metrics_table_task manual__2023-05-29T06:34:38.722867+00:00 [queued]>
[2023-05-29T06:34:44.306+0000] {taskinstance.py:1125} INFO - Dependencies all met for dep_context=requeueable deps ti=<TaskInstance: ml_pipeline.creating_ml_metrics_table_task manual__2023-05-29T06:34:38.722867+00:00 [queued]>
[2023-05-29T06:34:44.306+0000] {taskinstance.py:1331} INFO - Starting attempt 1 of 1
[2023-05-29T06:34:44.314+0000] {taskinstance.py:1350} INFO - Executing <Task(PostgresOperator): creating_ml_metrics_table_task> on 2023-05-29 06:34:38.722867+00:00
[2023-05-29T06:34:44.322+0000] {standard_task_runner.py:57} INFO - Started process 329 to run task
[2023-05-29T06:34:44.325+0000] {standard_task_runner.py:84} INFO - Running: ['***', 'tasks', 'run', 'ml_pipeline', 'creating_ml_metrics_table_task', 'manual__2023-05-29T06:34:38.722867+00:00', '--job-id', '6', '--raw', '--subdir', 'DAGS_FOLDER/ml_pipeline.py', '--cfg-path', '/tmp/tmpfzwz8z3z']
[2023-05-29T06:34:44.328+0000] {standard_task_runner.py:85} INFO - Job 6: Subtask creating_ml_metrics_table_task
[2023-05-29T06:34:44.367+0000] {task_command.py:410} INFO - Running <TaskInstance: ml_pipeline.creating_ml_metrics_table_task manual__2023-05-29T06:34:38.722867+00:00 [running]> on host 84bce60ae612
[2023-05-29T06:34:44.423+0000] {taskinstance.py:1570} INFO - Exporting env vars: AIRFLOW_CTX_DAG_EMAIL='lequanghop844@gmail.com' AIRFLOW_CTX_DAG_OWNER='Felix Le' AIRFLOW_CTX_DAG_ID='ml_pipeline' AIRFLOW_CTX_TASK_ID='creating_ml_metrics_table_task' AIRFLOW_CTX_EXECUTION_DATE='2023-05-29T06:34:38.722867+00:00' AIRFLOW_CTX_TRY_NUMBER='1' AIRFLOW_CTX_DAG_RUN_ID='manual__2023-05-29T06:34:38.722867+00:00'
[2023-05-29T06:34:44.424+0000] {sql.py:262} INFO - Executing: CREATE TABLE IF NOT EXISTS tracking_best_model (
    experiment_id SERIAL PRIMARY KEY,
    experiment_datetime VARCHAR NOT NULL,
    cv_folds NUMERIC NOT NULL,
    batch_size NUMERIC NOT NULL,
    dropout FLOAT NOT NULL,
    epochs NUMERIC NOT NULL,
    learning_rate FLOAT NOT NULL,
    num_units NUMERIC NOT NULL,
    mean_test_score FLOAT NOT NULL,
    std_test_score FLOAT NOT NULL
);
[2023-05-29T06:34:44.433+0000] {base.py:73} INFO - Using connection ID 'pg_work_sample' for task execution.
[2023-05-29T06:34:44.495+0000] {base.py:73} INFO - Using connection ID 'pg_work_sample' for task execution.
[2023-05-29T06:34:44.500+0000] {sql.py:375} INFO - Running statement: CREATE TABLE IF NOT EXISTS tracking_best_model (
    experiment_id SERIAL PRIMARY KEY,
    experiment_datetime VARCHAR NOT NULL,
    cv_folds NUMERIC NOT NULL,
    batch_size NUMERIC NOT NULL,
    dropout FLOAT NOT NULL,
    epochs NUMERIC NOT NULL,
    learning_rate FLOAT NOT NULL,
    num_units NUMERIC NOT NULL,
    mean_test_score FLOAT NOT NULL,
    std_test_score FLOAT NOT NULL
);, parameters: None
[2023-05-29T06:34:44.515+0000] {taskinstance.py:1373} INFO - Marking task as SUCCESS. dag_id=ml_pipeline, task_id=creating_ml_metrics_table_task, execution_date=20230529T063438, start_date=20230529T063444, end_date=20230529T063444
[2023-05-29T06:34:44.538+0000] {local_task_job_runner.py:232} INFO - Task exited with return code 0
[2023-05-29T06:34:44.563+0000] {taskinstance.py:2674} INFO - 8 downstream tasks scheduled from follow-on schedule check
