[2023-05-30T21:22:13.761+0000] {processor.py:156} INFO - Started process (PID=31) to work on /opt/airflow/dags/ml_pipeline.py
[2023-05-30T21:22:13.762+0000] {processor.py:799} INFO - Processing file /opt/airflow/dags/ml_pipeline.py for tasks to queue
[2023-05-30T21:22:13.765+0000] {logging_mixin.py:149} INFO - [2023-05-30T21:22:13.765+0000] {dagbag.py:541} INFO - Filling up the DagBag from /opt/airflow/dags/ml_pipeline.py
[2023-05-30T21:22:18.676+0000] {logging_mixin.py:149} WARNING - /home/airflow/.local/lib/python3.7/site-packages/tensorflow_io/python/ops/__init__.py:98 UserWarning: unable to load libtensorflow_io_plugins.so: unable to open file: libtensorflow_io_plugins.so, from paths: ['/home/airflow/.local/lib/python3.7/site-packages/tensorflow_io/python/ops/libtensorflow_io_plugins.so']
caused by: ["[Errno 2] The file to load file system plugin from does not exist.: '/home/airflow/.local/lib/python3.7/site-packages/tensorflow_io/python/ops/libtensorflow_io_plugins.so'"]
[2023-05-30T21:22:18.682+0000] {logging_mixin.py:149} WARNING - /home/airflow/.local/lib/python3.7/site-packages/tensorflow_io/python/ops/__init__.py:104 UserWarning: file system plugins are not loaded: unable to open file: libtensorflow_io.so, from paths: ['/home/airflow/.local/lib/python3.7/site-packages/tensorflow_io/python/ops/libtensorflow_io.so']
caused by: ['/home/airflow/.local/lib/python3.7/site-packages/tensorflow_io/python/ops/libtensorflow_io.so: cannot open shared object file: No such file or directory']
[2023-05-30T21:22:19.077+0000] {logging_mixin.py:149} INFO - [2023-05-30T21:22:19.077+0000] {taskmixin.py:211} WARNING - Dependency <Task(PythonOperator): create_pg_connection_task>, creating_ml_metrics_table_task already registered for DAG: ml_pipeline
[2023-05-30T21:22:19.078+0000] {logging_mixin.py:149} INFO - [2023-05-30T21:22:19.078+0000] {taskmixin.py:211} WARNING - Dependency <Task(PostgresOperator): creating_ml_metrics_table_task>, create_pg_connection_task already registered for DAG: ml_pipeline
[2023-05-30T21:22:19.079+0000] {logging_mixin.py:149} INFO - [2023-05-30T21:22:19.079+0000] {taskmixin.py:211} WARNING - Dependency <Task(PythonOperator): machine_learning_task>, storing_metrics_to_database_task already registered for DAG: ml_pipeline
[2023-05-30T21:22:19.079+0000] {logging_mixin.py:149} INFO - [2023-05-30T21:22:19.079+0000] {taskmixin.py:211} WARNING - Dependency <Task(PythonOperator): storing_metrics_to_database_task>, machine_learning_task already registered for DAG: ml_pipeline
[2023-05-30T21:22:19.080+0000] {logging_mixin.py:149} INFO - [2023-05-30T21:22:19.080+0000] {taskmixin.py:211} WARNING - Dependency <Task(PythonOperator): storing_metrics_to_database_task>, collecting_all_metrics already registered for DAG: ml_pipeline
[2023-05-30T21:22:19.080+0000] {logging_mixin.py:149} INFO - [2023-05-30T21:22:19.080+0000] {taskmixin.py:211} WARNING - Dependency <Task(PostgresOperator): collecting_all_metrics>, storing_metrics_to_database_task already registered for DAG: ml_pipeline
[2023-05-30T21:22:19.081+0000] {logging_mixin.py:149} INFO - [2023-05-30T21:22:19.080+0000] {taskmixin.py:211} WARNING - Dependency <Task(PythonOperator): create_pg_connection_task>, creating_ml_metrics_table_task already registered for DAG: ml_pipeline
[2023-05-30T21:22:19.081+0000] {logging_mixin.py:149} INFO - [2023-05-30T21:22:19.081+0000] {taskmixin.py:211} WARNING - Dependency <Task(PostgresOperator): creating_ml_metrics_table_task>, create_pg_connection_task already registered for DAG: ml_pipeline
[2023-05-30T21:22:19.081+0000] {logging_mixin.py:149} INFO - [2023-05-30T21:22:19.081+0000] {taskmixin.py:211} WARNING - Dependency <Task(PythonOperator): machine_learning_task>, storing_metrics_to_database_task already registered for DAG: ml_pipeline
[2023-05-30T21:22:19.082+0000] {logging_mixin.py:149} INFO - [2023-05-30T21:22:19.082+0000] {taskmixin.py:211} WARNING - Dependency <Task(PythonOperator): storing_metrics_to_database_task>, machine_learning_task already registered for DAG: ml_pipeline
[2023-05-30T21:22:19.082+0000] {logging_mixin.py:149} INFO - [2023-05-30T21:22:19.082+0000] {taskmixin.py:211} WARNING - Dependency <Task(PythonOperator): storing_metrics_to_database_task>, collecting_all_metrics already registered for DAG: ml_pipeline
[2023-05-30T21:22:19.083+0000] {logging_mixin.py:149} INFO - [2023-05-30T21:22:19.083+0000] {taskmixin.py:211} WARNING - Dependency <Task(PostgresOperator): collecting_all_metrics>, storing_metrics_to_database_task already registered for DAG: ml_pipeline
[2023-05-30T21:22:19.083+0000] {logging_mixin.py:149} INFO - [2023-05-30T21:22:19.083+0000] {taskmixin.py:211} WARNING - Dependency <Task(PythonOperator): create_pg_connection_task>, creating_ml_metrics_table_task already registered for DAG: ml_pipeline
[2023-05-30T21:22:19.084+0000] {logging_mixin.py:149} INFO - [2023-05-30T21:22:19.084+0000] {taskmixin.py:211} WARNING - Dependency <Task(PostgresOperator): creating_ml_metrics_table_task>, create_pg_connection_task already registered for DAG: ml_pipeline
[2023-05-30T21:22:19.084+0000] {logging_mixin.py:149} INFO - [2023-05-30T21:22:19.084+0000] {taskmixin.py:211} WARNING - Dependency <Task(PythonOperator): machine_learning_task>, storing_metrics_to_database_task already registered for DAG: ml_pipeline
[2023-05-30T21:22:19.085+0000] {logging_mixin.py:149} INFO - [2023-05-30T21:22:19.085+0000] {taskmixin.py:211} WARNING - Dependency <Task(PythonOperator): storing_metrics_to_database_task>, machine_learning_task already registered for DAG: ml_pipeline
[2023-05-30T21:22:19.085+0000] {logging_mixin.py:149} INFO - [2023-05-30T21:22:19.085+0000] {taskmixin.py:211} WARNING - Dependency <Task(PythonOperator): storing_metrics_to_database_task>, collecting_all_metrics already registered for DAG: ml_pipeline
[2023-05-30T21:22:19.086+0000] {logging_mixin.py:149} INFO - [2023-05-30T21:22:19.085+0000] {taskmixin.py:211} WARNING - Dependency <Task(PostgresOperator): collecting_all_metrics>, storing_metrics_to_database_task already registered for DAG: ml_pipeline
[2023-05-30T21:22:19.086+0000] {logging_mixin.py:149} INFO - [2023-05-30T21:22:19.086+0000] {taskmixin.py:211} WARNING - Dependency <Task(PythonOperator): create_pg_connection_task>, creating_ml_metrics_table_task already registered for DAG: ml_pipeline
[2023-05-30T21:22:19.086+0000] {logging_mixin.py:149} INFO - [2023-05-30T21:22:19.086+0000] {taskmixin.py:211} WARNING - Dependency <Task(PostgresOperator): creating_ml_metrics_table_task>, create_pg_connection_task already registered for DAG: ml_pipeline
[2023-05-30T21:22:19.087+0000] {logging_mixin.py:149} INFO - [2023-05-30T21:22:19.087+0000] {taskmixin.py:211} WARNING - Dependency <Task(PythonOperator): machine_learning_task>, storing_metrics_to_database_task already registered for DAG: ml_pipeline
[2023-05-30T21:22:19.087+0000] {logging_mixin.py:149} INFO - [2023-05-30T21:22:19.087+0000] {taskmixin.py:211} WARNING - Dependency <Task(PythonOperator): storing_metrics_to_database_task>, machine_learning_task already registered for DAG: ml_pipeline
[2023-05-30T21:22:19.087+0000] {logging_mixin.py:149} INFO - [2023-05-30T21:22:19.087+0000] {taskmixin.py:211} WARNING - Dependency <Task(PythonOperator): storing_metrics_to_database_task>, collecting_all_metrics already registered for DAG: ml_pipeline
[2023-05-30T21:22:19.088+0000] {logging_mixin.py:149} INFO - [2023-05-30T21:22:19.088+0000] {taskmixin.py:211} WARNING - Dependency <Task(PostgresOperator): collecting_all_metrics>, storing_metrics_to_database_task already registered for DAG: ml_pipeline
[2023-05-30T21:22:19.088+0000] {logging_mixin.py:149} INFO - [2023-05-30T21:22:19.088+0000] {taskmixin.py:211} WARNING - Dependency <Task(PythonOperator): create_pg_connection_task>, creating_ml_metrics_table_task already registered for DAG: ml_pipeline
[2023-05-30T21:22:19.088+0000] {logging_mixin.py:149} INFO - [2023-05-30T21:22:19.088+0000] {taskmixin.py:211} WARNING - Dependency <Task(PostgresOperator): creating_ml_metrics_table_task>, create_pg_connection_task already registered for DAG: ml_pipeline
[2023-05-30T21:22:19.089+0000] {logging_mixin.py:149} INFO - [2023-05-30T21:22:19.089+0000] {taskmixin.py:211} WARNING - Dependency <Task(PythonOperator): machine_learning_task>, storing_metrics_to_database_task already registered for DAG: ml_pipeline
[2023-05-30T21:22:19.090+0000] {logging_mixin.py:149} INFO - [2023-05-30T21:22:19.089+0000] {taskmixin.py:211} WARNING - Dependency <Task(PythonOperator): storing_metrics_to_database_task>, machine_learning_task already registered for DAG: ml_pipeline
[2023-05-30T21:22:19.090+0000] {logging_mixin.py:149} INFO - [2023-05-30T21:22:19.090+0000] {taskmixin.py:211} WARNING - Dependency <Task(PythonOperator): storing_metrics_to_database_task>, collecting_all_metrics already registered for DAG: ml_pipeline
[2023-05-30T21:22:19.090+0000] {logging_mixin.py:149} INFO - [2023-05-30T21:22:19.090+0000] {taskmixin.py:211} WARNING - Dependency <Task(PostgresOperator): collecting_all_metrics>, storing_metrics_to_database_task already registered for DAG: ml_pipeline
[2023-05-30T21:22:19.091+0000] {logging_mixin.py:149} INFO - [2023-05-30T21:22:19.091+0000] {taskmixin.py:211} WARNING - Dependency <Task(PythonOperator): create_pg_connection_task>, creating_ml_metrics_table_task already registered for DAG: ml_pipeline
[2023-05-30T21:22:19.091+0000] {logging_mixin.py:149} INFO - [2023-05-30T21:22:19.091+0000] {taskmixin.py:211} WARNING - Dependency <Task(PostgresOperator): creating_ml_metrics_table_task>, create_pg_connection_task already registered for DAG: ml_pipeline
[2023-05-30T21:22:19.091+0000] {logging_mixin.py:149} INFO - [2023-05-30T21:22:19.091+0000] {taskmixin.py:211} WARNING - Dependency <Task(PythonOperator): machine_learning_task>, storing_metrics_to_database_task already registered for DAG: ml_pipeline
[2023-05-30T21:22:19.092+0000] {logging_mixin.py:149} INFO - [2023-05-30T21:22:19.092+0000] {taskmixin.py:211} WARNING - Dependency <Task(PythonOperator): storing_metrics_to_database_task>, machine_learning_task already registered for DAG: ml_pipeline
[2023-05-30T21:22:19.092+0000] {logging_mixin.py:149} INFO - [2023-05-30T21:22:19.092+0000] {taskmixin.py:211} WARNING - Dependency <Task(PythonOperator): storing_metrics_to_database_task>, collecting_all_metrics already registered for DAG: ml_pipeline
[2023-05-30T21:22:19.092+0000] {logging_mixin.py:149} INFO - [2023-05-30T21:22:19.092+0000] {taskmixin.py:211} WARNING - Dependency <Task(PostgresOperator): collecting_all_metrics>, storing_metrics_to_database_task already registered for DAG: ml_pipeline
[2023-05-30T21:22:19.093+0000] {logging_mixin.py:149} INFO - [2023-05-30T21:22:19.093+0000] {taskmixin.py:211} WARNING - Dependency <Task(PythonOperator): create_pg_connection_task>, creating_ml_metrics_table_task already registered for DAG: ml_pipeline
[2023-05-30T21:22:19.093+0000] {logging_mixin.py:149} INFO - [2023-05-30T21:22:19.093+0000] {taskmixin.py:211} WARNING - Dependency <Task(PostgresOperator): creating_ml_metrics_table_task>, create_pg_connection_task already registered for DAG: ml_pipeline
[2023-05-30T21:22:19.094+0000] {logging_mixin.py:149} INFO - [2023-05-30T21:22:19.093+0000] {taskmixin.py:211} WARNING - Dependency <Task(PythonOperator): machine_learning_task>, storing_metrics_to_database_task already registered for DAG: ml_pipeline
[2023-05-30T21:22:19.094+0000] {logging_mixin.py:149} INFO - [2023-05-30T21:22:19.094+0000] {taskmixin.py:211} WARNING - Dependency <Task(PythonOperator): storing_metrics_to_database_task>, machine_learning_task already registered for DAG: ml_pipeline
[2023-05-30T21:22:19.094+0000] {logging_mixin.py:149} INFO - [2023-05-30T21:22:19.094+0000] {taskmixin.py:211} WARNING - Dependency <Task(PythonOperator): storing_metrics_to_database_task>, collecting_all_metrics already registered for DAG: ml_pipeline
[2023-05-30T21:22:19.095+0000] {logging_mixin.py:149} INFO - [2023-05-30T21:22:19.095+0000] {taskmixin.py:211} WARNING - Dependency <Task(PostgresOperator): collecting_all_metrics>, storing_metrics_to_database_task already registered for DAG: ml_pipeline
[2023-05-30T21:22:19.106+0000] {processor.py:809} INFO - DAG(s) dict_keys(['ml_pipeline']) retrieved from /opt/airflow/dags/ml_pipeline.py
[2023-05-30T21:22:19.260+0000] {logging_mixin.py:149} INFO - [2023-05-30T21:22:19.259+0000] {manager.py:504} INFO - Created Permission View: can read on DAG:ml_pipeline
[2023-05-30T21:22:19.265+0000] {logging_mixin.py:149} INFO - [2023-05-30T21:22:19.265+0000] {manager.py:504} INFO - Created Permission View: can delete on DAG:ml_pipeline
[2023-05-30T21:22:19.270+0000] {logging_mixin.py:149} INFO - [2023-05-30T21:22:19.270+0000] {manager.py:504} INFO - Created Permission View: can edit on DAG:ml_pipeline
[2023-05-30T21:22:19.271+0000] {logging_mixin.py:149} INFO - [2023-05-30T21:22:19.271+0000] {dag.py:2726} INFO - Sync 1 DAGs
[2023-05-30T21:22:19.280+0000] {logging_mixin.py:149} INFO - [2023-05-30T21:22:19.280+0000] {dag.py:2747} INFO - Creating ORM DAG for ml_pipeline
[2023-05-30T21:22:19.288+0000] {logging_mixin.py:149} INFO - [2023-05-30T21:22:19.288+0000] {dag.py:3490} INFO - Setting next_dagrun for ml_pipeline to None, run_after=None
[2023-05-30T21:22:19.299+0000] {processor.py:178} INFO - Processing /opt/airflow/dags/ml_pipeline.py took 5.542 seconds
[2023-05-30T21:22:49.653+0000] {processor.py:156} INFO - Started process (PID=47) to work on /opt/airflow/dags/ml_pipeline.py
[2023-05-30T21:22:49.656+0000] {processor.py:799} INFO - Processing file /opt/airflow/dags/ml_pipeline.py for tasks to queue
[2023-05-30T21:22:49.657+0000] {logging_mixin.py:149} INFO - [2023-05-30T21:22:49.657+0000] {dagbag.py:541} INFO - Filling up the DagBag from /opt/airflow/dags/ml_pipeline.py
[2023-05-30T21:22:51.264+0000] {logging_mixin.py:149} WARNING - /home/airflow/.local/lib/python3.7/site-packages/tensorflow_io/python/ops/__init__.py:98 UserWarning: unable to load libtensorflow_io_plugins.so: unable to open file: libtensorflow_io_plugins.so, from paths: ['/home/airflow/.local/lib/python3.7/site-packages/tensorflow_io/python/ops/libtensorflow_io_plugins.so']
caused by: ["[Errno 2] The file to load file system plugin from does not exist.: '/home/airflow/.local/lib/python3.7/site-packages/tensorflow_io/python/ops/libtensorflow_io_plugins.so'"]
[2023-05-30T21:22:51.266+0000] {logging_mixin.py:149} WARNING - /home/airflow/.local/lib/python3.7/site-packages/tensorflow_io/python/ops/__init__.py:104 UserWarning: file system plugins are not loaded: unable to open file: libtensorflow_io.so, from paths: ['/home/airflow/.local/lib/python3.7/site-packages/tensorflow_io/python/ops/libtensorflow_io.so']
caused by: ['/home/airflow/.local/lib/python3.7/site-packages/tensorflow_io/python/ops/libtensorflow_io.so: cannot open shared object file: No such file or directory']
[2023-05-30T21:22:51.462+0000] {logging_mixin.py:149} INFO - [2023-05-30T21:22:51.462+0000] {taskmixin.py:211} WARNING - Dependency <Task(PythonOperator): create_pg_connection_task>, creating_ml_metrics_table_task already registered for DAG: ml_pipeline
[2023-05-30T21:22:51.463+0000] {logging_mixin.py:149} INFO - [2023-05-30T21:22:51.463+0000] {taskmixin.py:211} WARNING - Dependency <Task(PostgresOperator): creating_ml_metrics_table_task>, create_pg_connection_task already registered for DAG: ml_pipeline
[2023-05-30T21:22:51.464+0000] {logging_mixin.py:149} INFO - [2023-05-30T21:22:51.464+0000] {taskmixin.py:211} WARNING - Dependency <Task(PythonOperator): machine_learning_task>, storing_metrics_to_database_task already registered for DAG: ml_pipeline
[2023-05-30T21:22:51.464+0000] {logging_mixin.py:149} INFO - [2023-05-30T21:22:51.464+0000] {taskmixin.py:211} WARNING - Dependency <Task(PythonOperator): storing_metrics_to_database_task>, machine_learning_task already registered for DAG: ml_pipeline
[2023-05-30T21:22:51.465+0000] {logging_mixin.py:149} INFO - [2023-05-30T21:22:51.465+0000] {taskmixin.py:211} WARNING - Dependency <Task(PythonOperator): storing_metrics_to_database_task>, collecting_all_metrics already registered for DAG: ml_pipeline
[2023-05-30T21:22:51.465+0000] {logging_mixin.py:149} INFO - [2023-05-30T21:22:51.465+0000] {taskmixin.py:211} WARNING - Dependency <Task(PostgresOperator): collecting_all_metrics>, storing_metrics_to_database_task already registered for DAG: ml_pipeline
[2023-05-30T21:22:51.466+0000] {logging_mixin.py:149} INFO - [2023-05-30T21:22:51.466+0000] {taskmixin.py:211} WARNING - Dependency <Task(PythonOperator): create_pg_connection_task>, creating_ml_metrics_table_task already registered for DAG: ml_pipeline
[2023-05-30T21:22:51.467+0000] {logging_mixin.py:149} INFO - [2023-05-30T21:22:51.466+0000] {taskmixin.py:211} WARNING - Dependency <Task(PostgresOperator): creating_ml_metrics_table_task>, create_pg_connection_task already registered for DAG: ml_pipeline
[2023-05-30T21:22:51.467+0000] {logging_mixin.py:149} INFO - [2023-05-30T21:22:51.467+0000] {taskmixin.py:211} WARNING - Dependency <Task(PythonOperator): machine_learning_task>, storing_metrics_to_database_task already registered for DAG: ml_pipeline
[2023-05-30T21:22:51.468+0000] {logging_mixin.py:149} INFO - [2023-05-30T21:22:51.468+0000] {taskmixin.py:211} WARNING - Dependency <Task(PythonOperator): storing_metrics_to_database_task>, machine_learning_task already registered for DAG: ml_pipeline
[2023-05-30T21:22:51.469+0000] {logging_mixin.py:149} INFO - [2023-05-30T21:22:51.469+0000] {taskmixin.py:211} WARNING - Dependency <Task(PythonOperator): storing_metrics_to_database_task>, collecting_all_metrics already registered for DAG: ml_pipeline
[2023-05-30T21:22:51.469+0000] {logging_mixin.py:149} INFO - [2023-05-30T21:22:51.469+0000] {taskmixin.py:211} WARNING - Dependency <Task(PostgresOperator): collecting_all_metrics>, storing_metrics_to_database_task already registered for DAG: ml_pipeline
[2023-05-30T21:22:51.470+0000] {logging_mixin.py:149} INFO - [2023-05-30T21:22:51.470+0000] {taskmixin.py:211} WARNING - Dependency <Task(PythonOperator): create_pg_connection_task>, creating_ml_metrics_table_task already registered for DAG: ml_pipeline
[2023-05-30T21:22:51.470+0000] {logging_mixin.py:149} INFO - [2023-05-30T21:22:51.470+0000] {taskmixin.py:211} WARNING - Dependency <Task(PostgresOperator): creating_ml_metrics_table_task>, create_pg_connection_task already registered for DAG: ml_pipeline
[2023-05-30T21:22:51.471+0000] {logging_mixin.py:149} INFO - [2023-05-30T21:22:51.471+0000] {taskmixin.py:211} WARNING - Dependency <Task(PythonOperator): machine_learning_task>, storing_metrics_to_database_task already registered for DAG: ml_pipeline
[2023-05-30T21:22:51.471+0000] {logging_mixin.py:149} INFO - [2023-05-30T21:22:51.471+0000] {taskmixin.py:211} WARNING - Dependency <Task(PythonOperator): storing_metrics_to_database_task>, machine_learning_task already registered for DAG: ml_pipeline
[2023-05-30T21:22:51.472+0000] {logging_mixin.py:149} INFO - [2023-05-30T21:22:51.472+0000] {taskmixin.py:211} WARNING - Dependency <Task(PythonOperator): storing_metrics_to_database_task>, collecting_all_metrics already registered for DAG: ml_pipeline
[2023-05-30T21:22:51.472+0000] {logging_mixin.py:149} INFO - [2023-05-30T21:22:51.472+0000] {taskmixin.py:211} WARNING - Dependency <Task(PostgresOperator): collecting_all_metrics>, storing_metrics_to_database_task already registered for DAG: ml_pipeline
[2023-05-30T21:22:51.473+0000] {logging_mixin.py:149} INFO - [2023-05-30T21:22:51.472+0000] {taskmixin.py:211} WARNING - Dependency <Task(PythonOperator): create_pg_connection_task>, creating_ml_metrics_table_task already registered for DAG: ml_pipeline
[2023-05-30T21:22:51.473+0000] {logging_mixin.py:149} INFO - [2023-05-30T21:22:51.473+0000] {taskmixin.py:211} WARNING - Dependency <Task(PostgresOperator): creating_ml_metrics_table_task>, create_pg_connection_task already registered for DAG: ml_pipeline
[2023-05-30T21:22:51.473+0000] {logging_mixin.py:149} INFO - [2023-05-30T21:22:51.473+0000] {taskmixin.py:211} WARNING - Dependency <Task(PythonOperator): machine_learning_task>, storing_metrics_to_database_task already registered for DAG: ml_pipeline
[2023-05-30T21:22:51.474+0000] {logging_mixin.py:149} INFO - [2023-05-30T21:22:51.474+0000] {taskmixin.py:211} WARNING - Dependency <Task(PythonOperator): storing_metrics_to_database_task>, machine_learning_task already registered for DAG: ml_pipeline
[2023-05-30T21:22:51.474+0000] {logging_mixin.py:149} INFO - [2023-05-30T21:22:51.474+0000] {taskmixin.py:211} WARNING - Dependency <Task(PythonOperator): storing_metrics_to_database_task>, collecting_all_metrics already registered for DAG: ml_pipeline
[2023-05-30T21:22:51.475+0000] {logging_mixin.py:149} INFO - [2023-05-30T21:22:51.475+0000] {taskmixin.py:211} WARNING - Dependency <Task(PostgresOperator): collecting_all_metrics>, storing_metrics_to_database_task already registered for DAG: ml_pipeline
[2023-05-30T21:22:51.476+0000] {logging_mixin.py:149} INFO - [2023-05-30T21:22:51.476+0000] {taskmixin.py:211} WARNING - Dependency <Task(PythonOperator): create_pg_connection_task>, creating_ml_metrics_table_task already registered for DAG: ml_pipeline
[2023-05-30T21:22:51.476+0000] {logging_mixin.py:149} INFO - [2023-05-30T21:22:51.476+0000] {taskmixin.py:211} WARNING - Dependency <Task(PostgresOperator): creating_ml_metrics_table_task>, create_pg_connection_task already registered for DAG: ml_pipeline
[2023-05-30T21:22:51.476+0000] {logging_mixin.py:149} INFO - [2023-05-30T21:22:51.476+0000] {taskmixin.py:211} WARNING - Dependency <Task(PythonOperator): machine_learning_task>, storing_metrics_to_database_task already registered for DAG: ml_pipeline
[2023-05-30T21:22:51.477+0000] {logging_mixin.py:149} INFO - [2023-05-30T21:22:51.477+0000] {taskmixin.py:211} WARNING - Dependency <Task(PythonOperator): storing_metrics_to_database_task>, machine_learning_task already registered for DAG: ml_pipeline
[2023-05-30T21:22:51.477+0000] {logging_mixin.py:149} INFO - [2023-05-30T21:22:51.477+0000] {taskmixin.py:211} WARNING - Dependency <Task(PythonOperator): storing_metrics_to_database_task>, collecting_all_metrics already registered for DAG: ml_pipeline
[2023-05-30T21:22:51.478+0000] {logging_mixin.py:149} INFO - [2023-05-30T21:22:51.478+0000] {taskmixin.py:211} WARNING - Dependency <Task(PostgresOperator): collecting_all_metrics>, storing_metrics_to_database_task already registered for DAG: ml_pipeline
[2023-05-30T21:22:51.478+0000] {logging_mixin.py:149} INFO - [2023-05-30T21:22:51.478+0000] {taskmixin.py:211} WARNING - Dependency <Task(PythonOperator): create_pg_connection_task>, creating_ml_metrics_table_task already registered for DAG: ml_pipeline
[2023-05-30T21:22:51.478+0000] {logging_mixin.py:149} INFO - [2023-05-30T21:22:51.478+0000] {taskmixin.py:211} WARNING - Dependency <Task(PostgresOperator): creating_ml_metrics_table_task>, create_pg_connection_task already registered for DAG: ml_pipeline
[2023-05-30T21:22:51.479+0000] {logging_mixin.py:149} INFO - [2023-05-30T21:22:51.479+0000] {taskmixin.py:211} WARNING - Dependency <Task(PythonOperator): machine_learning_task>, storing_metrics_to_database_task already registered for DAG: ml_pipeline
[2023-05-30T21:22:51.481+0000] {logging_mixin.py:149} INFO - [2023-05-30T21:22:51.481+0000] {taskmixin.py:211} WARNING - Dependency <Task(PythonOperator): storing_metrics_to_database_task>, machine_learning_task already registered for DAG: ml_pipeline
[2023-05-30T21:22:51.481+0000] {logging_mixin.py:149} INFO - [2023-05-30T21:22:51.481+0000] {taskmixin.py:211} WARNING - Dependency <Task(PythonOperator): storing_metrics_to_database_task>, collecting_all_metrics already registered for DAG: ml_pipeline
[2023-05-30T21:22:51.482+0000] {logging_mixin.py:149} INFO - [2023-05-30T21:22:51.482+0000] {taskmixin.py:211} WARNING - Dependency <Task(PostgresOperator): collecting_all_metrics>, storing_metrics_to_database_task already registered for DAG: ml_pipeline
[2023-05-30T21:22:51.482+0000] {logging_mixin.py:149} INFO - [2023-05-30T21:22:51.482+0000] {taskmixin.py:211} WARNING - Dependency <Task(PythonOperator): create_pg_connection_task>, creating_ml_metrics_table_task already registered for DAG: ml_pipeline
[2023-05-30T21:22:51.483+0000] {logging_mixin.py:149} INFO - [2023-05-30T21:22:51.483+0000] {taskmixin.py:211} WARNING - Dependency <Task(PostgresOperator): creating_ml_metrics_table_task>, create_pg_connection_task already registered for DAG: ml_pipeline
[2023-05-30T21:22:51.483+0000] {logging_mixin.py:149} INFO - [2023-05-30T21:22:51.483+0000] {taskmixin.py:211} WARNING - Dependency <Task(PythonOperator): machine_learning_task>, storing_metrics_to_database_task already registered for DAG: ml_pipeline
[2023-05-30T21:22:51.484+0000] {logging_mixin.py:149} INFO - [2023-05-30T21:22:51.484+0000] {taskmixin.py:211} WARNING - Dependency <Task(PythonOperator): storing_metrics_to_database_task>, machine_learning_task already registered for DAG: ml_pipeline
[2023-05-30T21:22:51.484+0000] {logging_mixin.py:149} INFO - [2023-05-30T21:22:51.484+0000] {taskmixin.py:211} WARNING - Dependency <Task(PythonOperator): storing_metrics_to_database_task>, collecting_all_metrics already registered for DAG: ml_pipeline
[2023-05-30T21:22:51.485+0000] {logging_mixin.py:149} INFO - [2023-05-30T21:22:51.485+0000] {taskmixin.py:211} WARNING - Dependency <Task(PostgresOperator): collecting_all_metrics>, storing_metrics_to_database_task already registered for DAG: ml_pipeline
[2023-05-30T21:22:51.490+0000] {processor.py:809} INFO - DAG(s) dict_keys(['ml_pipeline']) retrieved from /opt/airflow/dags/ml_pipeline.py
[2023-05-30T21:22:51.514+0000] {logging_mixin.py:149} INFO - [2023-05-30T21:22:51.514+0000] {dag.py:2726} INFO - Sync 1 DAGs
[2023-05-30T21:22:51.530+0000] {logging_mixin.py:149} INFO - [2023-05-30T21:22:51.530+0000] {dag.py:3490} INFO - Setting next_dagrun for ml_pipeline to None, run_after=None
[2023-05-30T21:22:51.541+0000] {processor.py:178} INFO - Processing /opt/airflow/dags/ml_pipeline.py took 1.895 seconds
[2023-05-30T21:23:21.860+0000] {processor.py:156} INFO - Started process (PID=63) to work on /opt/airflow/dags/ml_pipeline.py
[2023-05-30T21:23:21.861+0000] {processor.py:799} INFO - Processing file /opt/airflow/dags/ml_pipeline.py for tasks to queue
[2023-05-30T21:23:21.862+0000] {logging_mixin.py:149} INFO - [2023-05-30T21:23:21.862+0000] {dagbag.py:541} INFO - Filling up the DagBag from /opt/airflow/dags/ml_pipeline.py
[2023-05-30T21:23:23.164+0000] {logging_mixin.py:149} WARNING - /home/airflow/.local/lib/python3.7/site-packages/tensorflow_io/python/ops/__init__.py:98 UserWarning: unable to load libtensorflow_io_plugins.so: unable to open file: libtensorflow_io_plugins.so, from paths: ['/home/airflow/.local/lib/python3.7/site-packages/tensorflow_io/python/ops/libtensorflow_io_plugins.so']
caused by: ["[Errno 2] The file to load file system plugin from does not exist.: '/home/airflow/.local/lib/python3.7/site-packages/tensorflow_io/python/ops/libtensorflow_io_plugins.so'"]
[2023-05-30T21:23:23.167+0000] {logging_mixin.py:149} WARNING - /home/airflow/.local/lib/python3.7/site-packages/tensorflow_io/python/ops/__init__.py:104 UserWarning: file system plugins are not loaded: unable to open file: libtensorflow_io.so, from paths: ['/home/airflow/.local/lib/python3.7/site-packages/tensorflow_io/python/ops/libtensorflow_io.so']
caused by: ['/home/airflow/.local/lib/python3.7/site-packages/tensorflow_io/python/ops/libtensorflow_io.so: cannot open shared object file: No such file or directory']
[2023-05-30T21:23:23.246+0000] {logging_mixin.py:149} INFO - [2023-05-30T21:23:23.246+0000] {taskmixin.py:211} WARNING - Dependency <Task(PythonOperator): create_pg_connection_task>, creating_ml_metrics_table_task already registered for DAG: ml_pipeline
[2023-05-30T21:23:23.247+0000] {logging_mixin.py:149} INFO - [2023-05-30T21:23:23.247+0000] {taskmixin.py:211} WARNING - Dependency <Task(PostgresOperator): creating_ml_metrics_table_task>, create_pg_connection_task already registered for DAG: ml_pipeline
[2023-05-30T21:23:23.247+0000] {logging_mixin.py:149} INFO - [2023-05-30T21:23:23.247+0000] {taskmixin.py:211} WARNING - Dependency <Task(PythonOperator): machine_learning_task>, storing_metrics_to_database_task already registered for DAG: ml_pipeline
[2023-05-30T21:23:23.248+0000] {logging_mixin.py:149} INFO - [2023-05-30T21:23:23.248+0000] {taskmixin.py:211} WARNING - Dependency <Task(PythonOperator): storing_metrics_to_database_task>, machine_learning_task already registered for DAG: ml_pipeline
[2023-05-30T21:23:23.248+0000] {logging_mixin.py:149} INFO - [2023-05-30T21:23:23.248+0000] {taskmixin.py:211} WARNING - Dependency <Task(PythonOperator): storing_metrics_to_database_task>, collecting_all_metrics already registered for DAG: ml_pipeline
[2023-05-30T21:23:23.249+0000] {logging_mixin.py:149} INFO - [2023-05-30T21:23:23.249+0000] {taskmixin.py:211} WARNING - Dependency <Task(PostgresOperator): collecting_all_metrics>, storing_metrics_to_database_task already registered for DAG: ml_pipeline
[2023-05-30T21:23:23.250+0000] {logging_mixin.py:149} INFO - [2023-05-30T21:23:23.250+0000] {taskmixin.py:211} WARNING - Dependency <Task(PythonOperator): create_pg_connection_task>, creating_ml_metrics_table_task already registered for DAG: ml_pipeline
[2023-05-30T21:23:23.250+0000] {logging_mixin.py:149} INFO - [2023-05-30T21:23:23.250+0000] {taskmixin.py:211} WARNING - Dependency <Task(PostgresOperator): creating_ml_metrics_table_task>, create_pg_connection_task already registered for DAG: ml_pipeline
[2023-05-30T21:23:23.251+0000] {logging_mixin.py:149} INFO - [2023-05-30T21:23:23.251+0000] {taskmixin.py:211} WARNING - Dependency <Task(PythonOperator): machine_learning_task>, storing_metrics_to_database_task already registered for DAG: ml_pipeline
[2023-05-30T21:23:23.251+0000] {logging_mixin.py:149} INFO - [2023-05-30T21:23:23.251+0000] {taskmixin.py:211} WARNING - Dependency <Task(PythonOperator): storing_metrics_to_database_task>, machine_learning_task already registered for DAG: ml_pipeline
[2023-05-30T21:23:23.251+0000] {logging_mixin.py:149} INFO - [2023-05-30T21:23:23.251+0000] {taskmixin.py:211} WARNING - Dependency <Task(PythonOperator): storing_metrics_to_database_task>, collecting_all_metrics already registered for DAG: ml_pipeline
[2023-05-30T21:23:23.252+0000] {logging_mixin.py:149} INFO - [2023-05-30T21:23:23.252+0000] {taskmixin.py:211} WARNING - Dependency <Task(PostgresOperator): collecting_all_metrics>, storing_metrics_to_database_task already registered for DAG: ml_pipeline
[2023-05-30T21:23:23.252+0000] {logging_mixin.py:149} INFO - [2023-05-30T21:23:23.252+0000] {taskmixin.py:211} WARNING - Dependency <Task(PythonOperator): create_pg_connection_task>, creating_ml_metrics_table_task already registered for DAG: ml_pipeline
[2023-05-30T21:23:23.253+0000] {logging_mixin.py:149} INFO - [2023-05-30T21:23:23.253+0000] {taskmixin.py:211} WARNING - Dependency <Task(PostgresOperator): creating_ml_metrics_table_task>, create_pg_connection_task already registered for DAG: ml_pipeline
[2023-05-30T21:23:23.253+0000] {logging_mixin.py:149} INFO - [2023-05-30T21:23:23.253+0000] {taskmixin.py:211} WARNING - Dependency <Task(PythonOperator): machine_learning_task>, storing_metrics_to_database_task already registered for DAG: ml_pipeline
[2023-05-30T21:23:23.253+0000] {logging_mixin.py:149} INFO - [2023-05-30T21:23:23.253+0000] {taskmixin.py:211} WARNING - Dependency <Task(PythonOperator): storing_metrics_to_database_task>, machine_learning_task already registered for DAG: ml_pipeline
[2023-05-30T21:23:23.254+0000] {logging_mixin.py:149} INFO - [2023-05-30T21:23:23.254+0000] {taskmixin.py:211} WARNING - Dependency <Task(PythonOperator): storing_metrics_to_database_task>, collecting_all_metrics already registered for DAG: ml_pipeline
[2023-05-30T21:23:23.254+0000] {logging_mixin.py:149} INFO - [2023-05-30T21:23:23.254+0000] {taskmixin.py:211} WARNING - Dependency <Task(PostgresOperator): collecting_all_metrics>, storing_metrics_to_database_task already registered for DAG: ml_pipeline
[2023-05-30T21:23:23.255+0000] {logging_mixin.py:149} INFO - [2023-05-30T21:23:23.255+0000] {taskmixin.py:211} WARNING - Dependency <Task(PythonOperator): create_pg_connection_task>, creating_ml_metrics_table_task already registered for DAG: ml_pipeline
[2023-05-30T21:23:23.255+0000] {logging_mixin.py:149} INFO - [2023-05-30T21:23:23.255+0000] {taskmixin.py:211} WARNING - Dependency <Task(PostgresOperator): creating_ml_metrics_table_task>, create_pg_connection_task already registered for DAG: ml_pipeline
[2023-05-30T21:23:23.255+0000] {logging_mixin.py:149} INFO - [2023-05-30T21:23:23.255+0000] {taskmixin.py:211} WARNING - Dependency <Task(PythonOperator): machine_learning_task>, storing_metrics_to_database_task already registered for DAG: ml_pipeline
[2023-05-30T21:23:23.256+0000] {logging_mixin.py:149} INFO - [2023-05-30T21:23:23.256+0000] {taskmixin.py:211} WARNING - Dependency <Task(PythonOperator): storing_metrics_to_database_task>, machine_learning_task already registered for DAG: ml_pipeline
[2023-05-30T21:23:23.256+0000] {logging_mixin.py:149} INFO - [2023-05-30T21:23:23.256+0000] {taskmixin.py:211} WARNING - Dependency <Task(PythonOperator): storing_metrics_to_database_task>, collecting_all_metrics already registered for DAG: ml_pipeline
[2023-05-30T21:23:23.257+0000] {logging_mixin.py:149} INFO - [2023-05-30T21:23:23.257+0000] {taskmixin.py:211} WARNING - Dependency <Task(PostgresOperator): collecting_all_metrics>, storing_metrics_to_database_task already registered for DAG: ml_pipeline
[2023-05-30T21:23:23.257+0000] {logging_mixin.py:149} INFO - [2023-05-30T21:23:23.257+0000] {taskmixin.py:211} WARNING - Dependency <Task(PythonOperator): create_pg_connection_task>, creating_ml_metrics_table_task already registered for DAG: ml_pipeline
[2023-05-30T21:23:23.257+0000] {logging_mixin.py:149} INFO - [2023-05-30T21:23:23.257+0000] {taskmixin.py:211} WARNING - Dependency <Task(PostgresOperator): creating_ml_metrics_table_task>, create_pg_connection_task already registered for DAG: ml_pipeline
[2023-05-30T21:23:23.258+0000] {logging_mixin.py:149} INFO - [2023-05-30T21:23:23.258+0000] {taskmixin.py:211} WARNING - Dependency <Task(PythonOperator): machine_learning_task>, storing_metrics_to_database_task already registered for DAG: ml_pipeline
[2023-05-30T21:23:23.258+0000] {logging_mixin.py:149} INFO - [2023-05-30T21:23:23.258+0000] {taskmixin.py:211} WARNING - Dependency <Task(PythonOperator): storing_metrics_to_database_task>, machine_learning_task already registered for DAG: ml_pipeline
[2023-05-30T21:23:23.259+0000] {logging_mixin.py:149} INFO - [2023-05-30T21:23:23.259+0000] {taskmixin.py:211} WARNING - Dependency <Task(PythonOperator): storing_metrics_to_database_task>, collecting_all_metrics already registered for DAG: ml_pipeline
[2023-05-30T21:23:23.259+0000] {logging_mixin.py:149} INFO - [2023-05-30T21:23:23.259+0000] {taskmixin.py:211} WARNING - Dependency <Task(PostgresOperator): collecting_all_metrics>, storing_metrics_to_database_task already registered for DAG: ml_pipeline
[2023-05-30T21:23:23.259+0000] {logging_mixin.py:149} INFO - [2023-05-30T21:23:23.259+0000] {taskmixin.py:211} WARNING - Dependency <Task(PythonOperator): create_pg_connection_task>, creating_ml_metrics_table_task already registered for DAG: ml_pipeline
[2023-05-30T21:23:23.260+0000] {logging_mixin.py:149} INFO - [2023-05-30T21:23:23.260+0000] {taskmixin.py:211} WARNING - Dependency <Task(PostgresOperator): creating_ml_metrics_table_task>, create_pg_connection_task already registered for DAG: ml_pipeline
[2023-05-30T21:23:23.260+0000] {logging_mixin.py:149} INFO - [2023-05-30T21:23:23.260+0000] {taskmixin.py:211} WARNING - Dependency <Task(PythonOperator): machine_learning_task>, storing_metrics_to_database_task already registered for DAG: ml_pipeline
[2023-05-30T21:23:23.261+0000] {logging_mixin.py:149} INFO - [2023-05-30T21:23:23.261+0000] {taskmixin.py:211} WARNING - Dependency <Task(PythonOperator): storing_metrics_to_database_task>, machine_learning_task already registered for DAG: ml_pipeline
[2023-05-30T21:23:23.261+0000] {logging_mixin.py:149} INFO - [2023-05-30T21:23:23.261+0000] {taskmixin.py:211} WARNING - Dependency <Task(PythonOperator): storing_metrics_to_database_task>, collecting_all_metrics already registered for DAG: ml_pipeline
[2023-05-30T21:23:23.261+0000] {logging_mixin.py:149} INFO - [2023-05-30T21:23:23.261+0000] {taskmixin.py:211} WARNING - Dependency <Task(PostgresOperator): collecting_all_metrics>, storing_metrics_to_database_task already registered for DAG: ml_pipeline
[2023-05-30T21:23:23.262+0000] {logging_mixin.py:149} INFO - [2023-05-30T21:23:23.262+0000] {taskmixin.py:211} WARNING - Dependency <Task(PythonOperator): create_pg_connection_task>, creating_ml_metrics_table_task already registered for DAG: ml_pipeline
[2023-05-30T21:23:23.262+0000] {logging_mixin.py:149} INFO - [2023-05-30T21:23:23.262+0000] {taskmixin.py:211} WARNING - Dependency <Task(PostgresOperator): creating_ml_metrics_table_task>, create_pg_connection_task already registered for DAG: ml_pipeline
[2023-05-30T21:23:23.263+0000] {logging_mixin.py:149} INFO - [2023-05-30T21:23:23.263+0000] {taskmixin.py:211} WARNING - Dependency <Task(PythonOperator): machine_learning_task>, storing_metrics_to_database_task already registered for DAG: ml_pipeline
[2023-05-30T21:23:23.263+0000] {logging_mixin.py:149} INFO - [2023-05-30T21:23:23.263+0000] {taskmixin.py:211} WARNING - Dependency <Task(PythonOperator): storing_metrics_to_database_task>, machine_learning_task already registered for DAG: ml_pipeline
[2023-05-30T21:23:23.264+0000] {logging_mixin.py:149} INFO - [2023-05-30T21:23:23.264+0000] {taskmixin.py:211} WARNING - Dependency <Task(PythonOperator): storing_metrics_to_database_task>, collecting_all_metrics already registered for DAG: ml_pipeline
[2023-05-30T21:23:23.264+0000] {logging_mixin.py:149} INFO - [2023-05-30T21:23:23.264+0000] {taskmixin.py:211} WARNING - Dependency <Task(PostgresOperator): collecting_all_metrics>, storing_metrics_to_database_task already registered for DAG: ml_pipeline
[2023-05-30T21:23:23.268+0000] {processor.py:809} INFO - DAG(s) dict_keys(['ml_pipeline']) retrieved from /opt/airflow/dags/ml_pipeline.py
[2023-05-30T21:23:23.288+0000] {logging_mixin.py:149} INFO - [2023-05-30T21:23:23.287+0000] {dag.py:2726} INFO - Sync 1 DAGs
[2023-05-30T21:23:23.302+0000] {logging_mixin.py:149} INFO - [2023-05-30T21:23:23.302+0000] {dag.py:3490} INFO - Setting next_dagrun for ml_pipeline to None, run_after=None
[2023-05-30T21:23:23.312+0000] {processor.py:178} INFO - Processing /opt/airflow/dags/ml_pipeline.py took 1.456 seconds
[2023-05-30T21:23:53.502+0000] {processor.py:156} INFO - Started process (PID=79) to work on /opt/airflow/dags/ml_pipeline.py
[2023-05-30T21:23:53.507+0000] {processor.py:799} INFO - Processing file /opt/airflow/dags/ml_pipeline.py for tasks to queue
[2023-05-30T21:23:53.511+0000] {logging_mixin.py:149} INFO - [2023-05-30T21:23:53.510+0000] {dagbag.py:541} INFO - Filling up the DagBag from /opt/airflow/dags/ml_pipeline.py
[2023-05-30T21:23:55.617+0000] {logging_mixin.py:149} WARNING - /home/airflow/.local/lib/python3.7/site-packages/tensorflow_io/python/ops/__init__.py:98 UserWarning: unable to load libtensorflow_io_plugins.so: unable to open file: libtensorflow_io_plugins.so, from paths: ['/home/airflow/.local/lib/python3.7/site-packages/tensorflow_io/python/ops/libtensorflow_io_plugins.so']
caused by: ["[Errno 2] The file to load file system plugin from does not exist.: '/home/airflow/.local/lib/python3.7/site-packages/tensorflow_io/python/ops/libtensorflow_io_plugins.so'"]
[2023-05-30T21:23:55.621+0000] {logging_mixin.py:149} WARNING - /home/airflow/.local/lib/python3.7/site-packages/tensorflow_io/python/ops/__init__.py:104 UserWarning: file system plugins are not loaded: unable to open file: libtensorflow_io.so, from paths: ['/home/airflow/.local/lib/python3.7/site-packages/tensorflow_io/python/ops/libtensorflow_io.so']
caused by: ['/home/airflow/.local/lib/python3.7/site-packages/tensorflow_io/python/ops/libtensorflow_io.so: cannot open shared object file: No such file or directory']
[2023-05-30T21:23:55.742+0000] {logging_mixin.py:149} INFO - [2023-05-30T21:23:55.742+0000] {taskmixin.py:211} WARNING - Dependency <Task(PythonOperator): create_pg_connection_task>, creating_ml_metrics_table_task already registered for DAG: ml_pipeline
[2023-05-30T21:23:55.743+0000] {logging_mixin.py:149} INFO - [2023-05-30T21:23:55.743+0000] {taskmixin.py:211} WARNING - Dependency <Task(PostgresOperator): creating_ml_metrics_table_task>, create_pg_connection_task already registered for DAG: ml_pipeline
[2023-05-30T21:23:55.743+0000] {logging_mixin.py:149} INFO - [2023-05-30T21:23:55.743+0000] {taskmixin.py:211} WARNING - Dependency <Task(PythonOperator): machine_learning_task>, storing_metrics_to_database_task already registered for DAG: ml_pipeline
[2023-05-30T21:23:55.744+0000] {logging_mixin.py:149} INFO - [2023-05-30T21:23:55.744+0000] {taskmixin.py:211} WARNING - Dependency <Task(PythonOperator): storing_metrics_to_database_task>, machine_learning_task already registered for DAG: ml_pipeline
[2023-05-30T21:23:55.745+0000] {logging_mixin.py:149} INFO - [2023-05-30T21:23:55.745+0000] {taskmixin.py:211} WARNING - Dependency <Task(PythonOperator): storing_metrics_to_database_task>, collecting_all_metrics already registered for DAG: ml_pipeline
[2023-05-30T21:23:55.745+0000] {logging_mixin.py:149} INFO - [2023-05-30T21:23:55.745+0000] {taskmixin.py:211} WARNING - Dependency <Task(PostgresOperator): collecting_all_metrics>, storing_metrics_to_database_task already registered for DAG: ml_pipeline
[2023-05-30T21:23:55.746+0000] {logging_mixin.py:149} INFO - [2023-05-30T21:23:55.746+0000] {taskmixin.py:211} WARNING - Dependency <Task(PythonOperator): create_pg_connection_task>, creating_ml_metrics_table_task already registered for DAG: ml_pipeline
[2023-05-30T21:23:55.746+0000] {logging_mixin.py:149} INFO - [2023-05-30T21:23:55.746+0000] {taskmixin.py:211} WARNING - Dependency <Task(PostgresOperator): creating_ml_metrics_table_task>, create_pg_connection_task already registered for DAG: ml_pipeline
[2023-05-30T21:23:55.747+0000] {logging_mixin.py:149} INFO - [2023-05-30T21:23:55.747+0000] {taskmixin.py:211} WARNING - Dependency <Task(PythonOperator): machine_learning_task>, storing_metrics_to_database_task already registered for DAG: ml_pipeline
[2023-05-30T21:23:55.747+0000] {logging_mixin.py:149} INFO - [2023-05-30T21:23:55.747+0000] {taskmixin.py:211} WARNING - Dependency <Task(PythonOperator): storing_metrics_to_database_task>, machine_learning_task already registered for DAG: ml_pipeline
[2023-05-30T21:23:55.748+0000] {logging_mixin.py:149} INFO - [2023-05-30T21:23:55.748+0000] {taskmixin.py:211} WARNING - Dependency <Task(PythonOperator): storing_metrics_to_database_task>, collecting_all_metrics already registered for DAG: ml_pipeline
[2023-05-30T21:23:55.748+0000] {logging_mixin.py:149} INFO - [2023-05-30T21:23:55.748+0000] {taskmixin.py:211} WARNING - Dependency <Task(PostgresOperator): collecting_all_metrics>, storing_metrics_to_database_task already registered for DAG: ml_pipeline
[2023-05-30T21:23:55.749+0000] {logging_mixin.py:149} INFO - [2023-05-30T21:23:55.749+0000] {taskmixin.py:211} WARNING - Dependency <Task(PythonOperator): create_pg_connection_task>, creating_ml_metrics_table_task already registered for DAG: ml_pipeline
[2023-05-30T21:23:55.749+0000] {logging_mixin.py:149} INFO - [2023-05-30T21:23:55.749+0000] {taskmixin.py:211} WARNING - Dependency <Task(PostgresOperator): creating_ml_metrics_table_task>, create_pg_connection_task already registered for DAG: ml_pipeline
[2023-05-30T21:23:55.750+0000] {logging_mixin.py:149} INFO - [2023-05-30T21:23:55.749+0000] {taskmixin.py:211} WARNING - Dependency <Task(PythonOperator): machine_learning_task>, storing_metrics_to_database_task already registered for DAG: ml_pipeline
[2023-05-30T21:23:55.750+0000] {logging_mixin.py:149} INFO - [2023-05-30T21:23:55.750+0000] {taskmixin.py:211} WARNING - Dependency <Task(PythonOperator): storing_metrics_to_database_task>, machine_learning_task already registered for DAG: ml_pipeline
[2023-05-30T21:23:55.750+0000] {logging_mixin.py:149} INFO - [2023-05-30T21:23:55.750+0000] {taskmixin.py:211} WARNING - Dependency <Task(PythonOperator): storing_metrics_to_database_task>, collecting_all_metrics already registered for DAG: ml_pipeline
[2023-05-30T21:23:55.751+0000] {logging_mixin.py:149} INFO - [2023-05-30T21:23:55.751+0000] {taskmixin.py:211} WARNING - Dependency <Task(PostgresOperator): collecting_all_metrics>, storing_metrics_to_database_task already registered for DAG: ml_pipeline
[2023-05-30T21:23:55.751+0000] {logging_mixin.py:149} INFO - [2023-05-30T21:23:55.751+0000] {taskmixin.py:211} WARNING - Dependency <Task(PythonOperator): create_pg_connection_task>, creating_ml_metrics_table_task already registered for DAG: ml_pipeline
[2023-05-30T21:23:55.752+0000] {logging_mixin.py:149} INFO - [2023-05-30T21:23:55.752+0000] {taskmixin.py:211} WARNING - Dependency <Task(PostgresOperator): creating_ml_metrics_table_task>, create_pg_connection_task already registered for DAG: ml_pipeline
[2023-05-30T21:23:55.753+0000] {logging_mixin.py:149} INFO - [2023-05-30T21:23:55.753+0000] {taskmixin.py:211} WARNING - Dependency <Task(PythonOperator): machine_learning_task>, storing_metrics_to_database_task already registered for DAG: ml_pipeline
[2023-05-30T21:23:55.753+0000] {logging_mixin.py:149} INFO - [2023-05-30T21:23:55.753+0000] {taskmixin.py:211} WARNING - Dependency <Task(PythonOperator): storing_metrics_to_database_task>, machine_learning_task already registered for DAG: ml_pipeline
[2023-05-30T21:23:55.753+0000] {logging_mixin.py:149} INFO - [2023-05-30T21:23:55.753+0000] {taskmixin.py:211} WARNING - Dependency <Task(PythonOperator): storing_metrics_to_database_task>, collecting_all_metrics already registered for DAG: ml_pipeline
[2023-05-30T21:23:55.754+0000] {logging_mixin.py:149} INFO - [2023-05-30T21:23:55.754+0000] {taskmixin.py:211} WARNING - Dependency <Task(PostgresOperator): collecting_all_metrics>, storing_metrics_to_database_task already registered for DAG: ml_pipeline
[2023-05-30T21:23:55.754+0000] {logging_mixin.py:149} INFO - [2023-05-30T21:23:55.754+0000] {taskmixin.py:211} WARNING - Dependency <Task(PythonOperator): create_pg_connection_task>, creating_ml_metrics_table_task already registered for DAG: ml_pipeline
[2023-05-30T21:23:55.755+0000] {logging_mixin.py:149} INFO - [2023-05-30T21:23:55.755+0000] {taskmixin.py:211} WARNING - Dependency <Task(PostgresOperator): creating_ml_metrics_table_task>, create_pg_connection_task already registered for DAG: ml_pipeline
[2023-05-30T21:23:55.755+0000] {logging_mixin.py:149} INFO - [2023-05-30T21:23:55.755+0000] {taskmixin.py:211} WARNING - Dependency <Task(PythonOperator): machine_learning_task>, storing_metrics_to_database_task already registered for DAG: ml_pipeline
[2023-05-30T21:23:55.756+0000] {logging_mixin.py:149} INFO - [2023-05-30T21:23:55.756+0000] {taskmixin.py:211} WARNING - Dependency <Task(PythonOperator): storing_metrics_to_database_task>, machine_learning_task already registered for DAG: ml_pipeline
[2023-05-30T21:23:55.756+0000] {logging_mixin.py:149} INFO - [2023-05-30T21:23:55.756+0000] {taskmixin.py:211} WARNING - Dependency <Task(PythonOperator): storing_metrics_to_database_task>, collecting_all_metrics already registered for DAG: ml_pipeline
[2023-05-30T21:23:55.756+0000] {logging_mixin.py:149} INFO - [2023-05-30T21:23:55.756+0000] {taskmixin.py:211} WARNING - Dependency <Task(PostgresOperator): collecting_all_metrics>, storing_metrics_to_database_task already registered for DAG: ml_pipeline
[2023-05-30T21:23:55.757+0000] {logging_mixin.py:149} INFO - [2023-05-30T21:23:55.757+0000] {taskmixin.py:211} WARNING - Dependency <Task(PythonOperator): create_pg_connection_task>, creating_ml_metrics_table_task already registered for DAG: ml_pipeline
[2023-05-30T21:23:55.757+0000] {logging_mixin.py:149} INFO - [2023-05-30T21:23:55.757+0000] {taskmixin.py:211} WARNING - Dependency <Task(PostgresOperator): creating_ml_metrics_table_task>, create_pg_connection_task already registered for DAG: ml_pipeline
[2023-05-30T21:23:55.758+0000] {logging_mixin.py:149} INFO - [2023-05-30T21:23:55.758+0000] {taskmixin.py:211} WARNING - Dependency <Task(PythonOperator): machine_learning_task>, storing_metrics_to_database_task already registered for DAG: ml_pipeline
[2023-05-30T21:23:55.758+0000] {logging_mixin.py:149} INFO - [2023-05-30T21:23:55.758+0000] {taskmixin.py:211} WARNING - Dependency <Task(PythonOperator): storing_metrics_to_database_task>, machine_learning_task already registered for DAG: ml_pipeline
[2023-05-30T21:23:55.759+0000] {logging_mixin.py:149} INFO - [2023-05-30T21:23:55.759+0000] {taskmixin.py:211} WARNING - Dependency <Task(PythonOperator): storing_metrics_to_database_task>, collecting_all_metrics already registered for DAG: ml_pipeline
[2023-05-30T21:23:55.759+0000] {logging_mixin.py:149} INFO - [2023-05-30T21:23:55.759+0000] {taskmixin.py:211} WARNING - Dependency <Task(PostgresOperator): collecting_all_metrics>, storing_metrics_to_database_task already registered for DAG: ml_pipeline
[2023-05-30T21:23:55.760+0000] {logging_mixin.py:149} INFO - [2023-05-30T21:23:55.760+0000] {taskmixin.py:211} WARNING - Dependency <Task(PythonOperator): create_pg_connection_task>, creating_ml_metrics_table_task already registered for DAG: ml_pipeline
[2023-05-30T21:23:55.760+0000] {logging_mixin.py:149} INFO - [2023-05-30T21:23:55.760+0000] {taskmixin.py:211} WARNING - Dependency <Task(PostgresOperator): creating_ml_metrics_table_task>, create_pg_connection_task already registered for DAG: ml_pipeline
[2023-05-30T21:23:55.761+0000] {logging_mixin.py:149} INFO - [2023-05-30T21:23:55.761+0000] {taskmixin.py:211} WARNING - Dependency <Task(PythonOperator): machine_learning_task>, storing_metrics_to_database_task already registered for DAG: ml_pipeline
[2023-05-30T21:23:55.761+0000] {logging_mixin.py:149} INFO - [2023-05-30T21:23:55.761+0000] {taskmixin.py:211} WARNING - Dependency <Task(PythonOperator): storing_metrics_to_database_task>, machine_learning_task already registered for DAG: ml_pipeline
[2023-05-30T21:23:55.761+0000] {logging_mixin.py:149} INFO - [2023-05-30T21:23:55.761+0000] {taskmixin.py:211} WARNING - Dependency <Task(PythonOperator): storing_metrics_to_database_task>, collecting_all_metrics already registered for DAG: ml_pipeline
[2023-05-30T21:23:55.762+0000] {logging_mixin.py:149} INFO - [2023-05-30T21:23:55.762+0000] {taskmixin.py:211} WARNING - Dependency <Task(PostgresOperator): collecting_all_metrics>, storing_metrics_to_database_task already registered for DAG: ml_pipeline
[2023-05-30T21:23:55.766+0000] {processor.py:809} INFO - DAG(s) dict_keys(['ml_pipeline']) retrieved from /opt/airflow/dags/ml_pipeline.py
[2023-05-30T21:23:55.798+0000] {logging_mixin.py:149} INFO - [2023-05-30T21:23:55.798+0000] {dag.py:2726} INFO - Sync 1 DAGs
[2023-05-30T21:23:55.814+0000] {logging_mixin.py:149} INFO - [2023-05-30T21:23:55.814+0000] {dag.py:3490} INFO - Setting next_dagrun for ml_pipeline to None, run_after=None
[2023-05-30T21:23:55.824+0000] {processor.py:178} INFO - Processing /opt/airflow/dags/ml_pipeline.py took 2.331 seconds
[2023-05-30T21:24:26.065+0000] {processor.py:156} INFO - Started process (PID=112) to work on /opt/airflow/dags/ml_pipeline.py
[2023-05-30T21:24:26.067+0000] {processor.py:799} INFO - Processing file /opt/airflow/dags/ml_pipeline.py for tasks to queue
[2023-05-30T21:24:26.068+0000] {logging_mixin.py:149} INFO - [2023-05-30T21:24:26.068+0000] {dagbag.py:541} INFO - Filling up the DagBag from /opt/airflow/dags/ml_pipeline.py
[2023-05-30T21:24:27.698+0000] {logging_mixin.py:149} WARNING - /home/airflow/.local/lib/python3.7/site-packages/tensorflow_io/python/ops/__init__.py:98 UserWarning: unable to load libtensorflow_io_plugins.so: unable to open file: libtensorflow_io_plugins.so, from paths: ['/home/airflow/.local/lib/python3.7/site-packages/tensorflow_io/python/ops/libtensorflow_io_plugins.so']
caused by: ["[Errno 2] The file to load file system plugin from does not exist.: '/home/airflow/.local/lib/python3.7/site-packages/tensorflow_io/python/ops/libtensorflow_io_plugins.so'"]
[2023-05-30T21:24:27.701+0000] {logging_mixin.py:149} WARNING - /home/airflow/.local/lib/python3.7/site-packages/tensorflow_io/python/ops/__init__.py:104 UserWarning: file system plugins are not loaded: unable to open file: libtensorflow_io.so, from paths: ['/home/airflow/.local/lib/python3.7/site-packages/tensorflow_io/python/ops/libtensorflow_io.so']
caused by: ['/home/airflow/.local/lib/python3.7/site-packages/tensorflow_io/python/ops/libtensorflow_io.so: cannot open shared object file: No such file or directory']
[2023-05-30T21:24:27.799+0000] {logging_mixin.py:149} INFO - [2023-05-30T21:24:27.799+0000] {taskmixin.py:211} WARNING - Dependency <Task(PythonOperator): create_pg_connection_task>, creating_ml_metrics_table_task already registered for DAG: ml_pipeline
[2023-05-30T21:24:27.800+0000] {logging_mixin.py:149} INFO - [2023-05-30T21:24:27.800+0000] {taskmixin.py:211} WARNING - Dependency <Task(PostgresOperator): creating_ml_metrics_table_task>, create_pg_connection_task already registered for DAG: ml_pipeline
[2023-05-30T21:24:27.801+0000] {logging_mixin.py:149} INFO - [2023-05-30T21:24:27.800+0000] {taskmixin.py:211} WARNING - Dependency <Task(PythonOperator): machine_learning_task>, storing_metrics_to_database_task already registered for DAG: ml_pipeline
[2023-05-30T21:24:27.801+0000] {logging_mixin.py:149} INFO - [2023-05-30T21:24:27.801+0000] {taskmixin.py:211} WARNING - Dependency <Task(PythonOperator): storing_metrics_to_database_task>, machine_learning_task already registered for DAG: ml_pipeline
[2023-05-30T21:24:27.802+0000] {logging_mixin.py:149} INFO - [2023-05-30T21:24:27.802+0000] {taskmixin.py:211} WARNING - Dependency <Task(PythonOperator): storing_metrics_to_database_task>, collecting_all_metrics already registered for DAG: ml_pipeline
[2023-05-30T21:24:27.803+0000] {logging_mixin.py:149} INFO - [2023-05-30T21:24:27.802+0000] {taskmixin.py:211} WARNING - Dependency <Task(PostgresOperator): collecting_all_metrics>, storing_metrics_to_database_task already registered for DAG: ml_pipeline
[2023-05-30T21:24:27.803+0000] {logging_mixin.py:149} INFO - [2023-05-30T21:24:27.803+0000] {taskmixin.py:211} WARNING - Dependency <Task(PythonOperator): create_pg_connection_task>, creating_ml_metrics_table_task already registered for DAG: ml_pipeline
[2023-05-30T21:24:27.804+0000] {logging_mixin.py:149} INFO - [2023-05-30T21:24:27.804+0000] {taskmixin.py:211} WARNING - Dependency <Task(PostgresOperator): creating_ml_metrics_table_task>, create_pg_connection_task already registered for DAG: ml_pipeline
[2023-05-30T21:24:27.804+0000] {logging_mixin.py:149} INFO - [2023-05-30T21:24:27.804+0000] {taskmixin.py:211} WARNING - Dependency <Task(PythonOperator): machine_learning_task>, storing_metrics_to_database_task already registered for DAG: ml_pipeline
[2023-05-30T21:24:27.805+0000] {logging_mixin.py:149} INFO - [2023-05-30T21:24:27.805+0000] {taskmixin.py:211} WARNING - Dependency <Task(PythonOperator): storing_metrics_to_database_task>, machine_learning_task already registered for DAG: ml_pipeline
[2023-05-30T21:24:27.805+0000] {logging_mixin.py:149} INFO - [2023-05-30T21:24:27.805+0000] {taskmixin.py:211} WARNING - Dependency <Task(PythonOperator): storing_metrics_to_database_task>, collecting_all_metrics already registered for DAG: ml_pipeline
[2023-05-30T21:24:27.806+0000] {logging_mixin.py:149} INFO - [2023-05-30T21:24:27.806+0000] {taskmixin.py:211} WARNING - Dependency <Task(PostgresOperator): collecting_all_metrics>, storing_metrics_to_database_task already registered for DAG: ml_pipeline
[2023-05-30T21:24:27.806+0000] {logging_mixin.py:149} INFO - [2023-05-30T21:24:27.806+0000] {taskmixin.py:211} WARNING - Dependency <Task(PythonOperator): create_pg_connection_task>, creating_ml_metrics_table_task already registered for DAG: ml_pipeline
[2023-05-30T21:24:27.807+0000] {logging_mixin.py:149} INFO - [2023-05-30T21:24:27.806+0000] {taskmixin.py:211} WARNING - Dependency <Task(PostgresOperator): creating_ml_metrics_table_task>, create_pg_connection_task already registered for DAG: ml_pipeline
[2023-05-30T21:24:27.807+0000] {logging_mixin.py:149} INFO - [2023-05-30T21:24:27.807+0000] {taskmixin.py:211} WARNING - Dependency <Task(PythonOperator): machine_learning_task>, storing_metrics_to_database_task already registered for DAG: ml_pipeline
[2023-05-30T21:24:27.807+0000] {logging_mixin.py:149} INFO - [2023-05-30T21:24:27.807+0000] {taskmixin.py:211} WARNING - Dependency <Task(PythonOperator): storing_metrics_to_database_task>, machine_learning_task already registered for DAG: ml_pipeline
[2023-05-30T21:24:27.808+0000] {logging_mixin.py:149} INFO - [2023-05-30T21:24:27.808+0000] {taskmixin.py:211} WARNING - Dependency <Task(PythonOperator): storing_metrics_to_database_task>, collecting_all_metrics already registered for DAG: ml_pipeline
[2023-05-30T21:24:27.809+0000] {logging_mixin.py:149} INFO - [2023-05-30T21:24:27.809+0000] {taskmixin.py:211} WARNING - Dependency <Task(PostgresOperator): collecting_all_metrics>, storing_metrics_to_database_task already registered for DAG: ml_pipeline
[2023-05-30T21:24:27.809+0000] {logging_mixin.py:149} INFO - [2023-05-30T21:24:27.809+0000] {taskmixin.py:211} WARNING - Dependency <Task(PythonOperator): create_pg_connection_task>, creating_ml_metrics_table_task already registered for DAG: ml_pipeline
[2023-05-30T21:24:27.810+0000] {logging_mixin.py:149} INFO - [2023-05-30T21:24:27.810+0000] {taskmixin.py:211} WARNING - Dependency <Task(PostgresOperator): creating_ml_metrics_table_task>, create_pg_connection_task already registered for DAG: ml_pipeline
[2023-05-30T21:24:27.810+0000] {logging_mixin.py:149} INFO - [2023-05-30T21:24:27.810+0000] {taskmixin.py:211} WARNING - Dependency <Task(PythonOperator): machine_learning_task>, storing_metrics_to_database_task already registered for DAG: ml_pipeline
[2023-05-30T21:24:27.811+0000] {logging_mixin.py:149} INFO - [2023-05-30T21:24:27.811+0000] {taskmixin.py:211} WARNING - Dependency <Task(PythonOperator): storing_metrics_to_database_task>, machine_learning_task already registered for DAG: ml_pipeline
[2023-05-30T21:24:27.811+0000] {logging_mixin.py:149} INFO - [2023-05-30T21:24:27.811+0000] {taskmixin.py:211} WARNING - Dependency <Task(PythonOperator): storing_metrics_to_database_task>, collecting_all_metrics already registered for DAG: ml_pipeline
[2023-05-30T21:24:27.812+0000] {logging_mixin.py:149} INFO - [2023-05-30T21:24:27.811+0000] {taskmixin.py:211} WARNING - Dependency <Task(PostgresOperator): collecting_all_metrics>, storing_metrics_to_database_task already registered for DAG: ml_pipeline
[2023-05-30T21:24:27.812+0000] {logging_mixin.py:149} INFO - [2023-05-30T21:24:27.812+0000] {taskmixin.py:211} WARNING - Dependency <Task(PythonOperator): create_pg_connection_task>, creating_ml_metrics_table_task already registered for DAG: ml_pipeline
[2023-05-30T21:24:27.812+0000] {logging_mixin.py:149} INFO - [2023-05-30T21:24:27.812+0000] {taskmixin.py:211} WARNING - Dependency <Task(PostgresOperator): creating_ml_metrics_table_task>, create_pg_connection_task already registered for DAG: ml_pipeline
[2023-05-30T21:24:27.813+0000] {logging_mixin.py:149} INFO - [2023-05-30T21:24:27.813+0000] {taskmixin.py:211} WARNING - Dependency <Task(PythonOperator): machine_learning_task>, storing_metrics_to_database_task already registered for DAG: ml_pipeline
[2023-05-30T21:24:27.813+0000] {logging_mixin.py:149} INFO - [2023-05-30T21:24:27.813+0000] {taskmixin.py:211} WARNING - Dependency <Task(PythonOperator): storing_metrics_to_database_task>, machine_learning_task already registered for DAG: ml_pipeline
[2023-05-30T21:24:27.814+0000] {logging_mixin.py:149} INFO - [2023-05-30T21:24:27.814+0000] {taskmixin.py:211} WARNING - Dependency <Task(PythonOperator): storing_metrics_to_database_task>, collecting_all_metrics already registered for DAG: ml_pipeline
[2023-05-30T21:24:27.814+0000] {logging_mixin.py:149} INFO - [2023-05-30T21:24:27.814+0000] {taskmixin.py:211} WARNING - Dependency <Task(PostgresOperator): collecting_all_metrics>, storing_metrics_to_database_task already registered for DAG: ml_pipeline
[2023-05-30T21:24:27.815+0000] {logging_mixin.py:149} INFO - [2023-05-30T21:24:27.815+0000] {taskmixin.py:211} WARNING - Dependency <Task(PythonOperator): create_pg_connection_task>, creating_ml_metrics_table_task already registered for DAG: ml_pipeline
[2023-05-30T21:24:27.815+0000] {logging_mixin.py:149} INFO - [2023-05-30T21:24:27.815+0000] {taskmixin.py:211} WARNING - Dependency <Task(PostgresOperator): creating_ml_metrics_table_task>, create_pg_connection_task already registered for DAG: ml_pipeline
[2023-05-30T21:24:27.816+0000] {logging_mixin.py:149} INFO - [2023-05-30T21:24:27.816+0000] {taskmixin.py:211} WARNING - Dependency <Task(PythonOperator): machine_learning_task>, storing_metrics_to_database_task already registered for DAG: ml_pipeline
[2023-05-30T21:24:27.816+0000] {logging_mixin.py:149} INFO - [2023-05-30T21:24:27.816+0000] {taskmixin.py:211} WARNING - Dependency <Task(PythonOperator): storing_metrics_to_database_task>, machine_learning_task already registered for DAG: ml_pipeline
[2023-05-30T21:24:27.817+0000] {logging_mixin.py:149} INFO - [2023-05-30T21:24:27.817+0000] {taskmixin.py:211} WARNING - Dependency <Task(PythonOperator): storing_metrics_to_database_task>, collecting_all_metrics already registered for DAG: ml_pipeline
[2023-05-30T21:24:27.817+0000] {logging_mixin.py:149} INFO - [2023-05-30T21:24:27.817+0000] {taskmixin.py:211} WARNING - Dependency <Task(PostgresOperator): collecting_all_metrics>, storing_metrics_to_database_task already registered for DAG: ml_pipeline
[2023-05-30T21:24:27.818+0000] {logging_mixin.py:149} INFO - [2023-05-30T21:24:27.818+0000] {taskmixin.py:211} WARNING - Dependency <Task(PythonOperator): create_pg_connection_task>, creating_ml_metrics_table_task already registered for DAG: ml_pipeline
[2023-05-30T21:24:27.818+0000] {logging_mixin.py:149} INFO - [2023-05-30T21:24:27.818+0000] {taskmixin.py:211} WARNING - Dependency <Task(PostgresOperator): creating_ml_metrics_table_task>, create_pg_connection_task already registered for DAG: ml_pipeline
[2023-05-30T21:24:27.819+0000] {logging_mixin.py:149} INFO - [2023-05-30T21:24:27.819+0000] {taskmixin.py:211} WARNING - Dependency <Task(PythonOperator): machine_learning_task>, storing_metrics_to_database_task already registered for DAG: ml_pipeline
[2023-05-30T21:24:27.819+0000] {logging_mixin.py:149} INFO - [2023-05-30T21:24:27.819+0000] {taskmixin.py:211} WARNING - Dependency <Task(PythonOperator): storing_metrics_to_database_task>, machine_learning_task already registered for DAG: ml_pipeline
[2023-05-30T21:24:27.820+0000] {logging_mixin.py:149} INFO - [2023-05-30T21:24:27.819+0000] {taskmixin.py:211} WARNING - Dependency <Task(PythonOperator): storing_metrics_to_database_task>, collecting_all_metrics already registered for DAG: ml_pipeline
[2023-05-30T21:24:27.820+0000] {logging_mixin.py:149} INFO - [2023-05-30T21:24:27.820+0000] {taskmixin.py:211} WARNING - Dependency <Task(PostgresOperator): collecting_all_metrics>, storing_metrics_to_database_task already registered for DAG: ml_pipeline
[2023-05-30T21:24:27.825+0000] {processor.py:809} INFO - DAG(s) dict_keys(['ml_pipeline']) retrieved from /opt/airflow/dags/ml_pipeline.py
[2023-05-30T21:24:27.849+0000] {logging_mixin.py:149} INFO - [2023-05-30T21:24:27.848+0000] {dag.py:2726} INFO - Sync 1 DAGs
[2023-05-30T21:24:27.866+0000] {logging_mixin.py:149} INFO - [2023-05-30T21:24:27.866+0000] {dag.py:3490} INFO - Setting next_dagrun for ml_pipeline to None, run_after=None
[2023-05-30T21:24:27.878+0000] {processor.py:178} INFO - Processing /opt/airflow/dags/ml_pipeline.py took 1.817 seconds
[2023-05-30T21:24:58.050+0000] {processor.py:156} INFO - Started process (PID=128) to work on /opt/airflow/dags/ml_pipeline.py
[2023-05-30T21:24:58.053+0000] {processor.py:799} INFO - Processing file /opt/airflow/dags/ml_pipeline.py for tasks to queue
[2023-05-30T21:24:58.055+0000] {logging_mixin.py:149} INFO - [2023-05-30T21:24:58.055+0000] {dagbag.py:541} INFO - Filling up the DagBag from /opt/airflow/dags/ml_pipeline.py
[2023-05-30T21:24:59.470+0000] {logging_mixin.py:149} WARNING - /home/airflow/.local/lib/python3.7/site-packages/tensorflow_io/python/ops/__init__.py:98 UserWarning: unable to load libtensorflow_io_plugins.so: unable to open file: libtensorflow_io_plugins.so, from paths: ['/home/airflow/.local/lib/python3.7/site-packages/tensorflow_io/python/ops/libtensorflow_io_plugins.so']
caused by: ["[Errno 2] The file to load file system plugin from does not exist.: '/home/airflow/.local/lib/python3.7/site-packages/tensorflow_io/python/ops/libtensorflow_io_plugins.so'"]
[2023-05-30T21:24:59.472+0000] {logging_mixin.py:149} WARNING - /home/airflow/.local/lib/python3.7/site-packages/tensorflow_io/python/ops/__init__.py:104 UserWarning: file system plugins are not loaded: unable to open file: libtensorflow_io.so, from paths: ['/home/airflow/.local/lib/python3.7/site-packages/tensorflow_io/python/ops/libtensorflow_io.so']
caused by: ['/home/airflow/.local/lib/python3.7/site-packages/tensorflow_io/python/ops/libtensorflow_io.so: cannot open shared object file: No such file or directory']
[2023-05-30T21:24:59.556+0000] {logging_mixin.py:149} INFO - [2023-05-30T21:24:59.556+0000] {taskmixin.py:211} WARNING - Dependency <Task(PythonOperator): create_pg_connection_task>, creating_ml_metrics_table_task already registered for DAG: ml_pipeline
[2023-05-30T21:24:59.557+0000] {logging_mixin.py:149} INFO - [2023-05-30T21:24:59.557+0000] {taskmixin.py:211} WARNING - Dependency <Task(PostgresOperator): creating_ml_metrics_table_task>, create_pg_connection_task already registered for DAG: ml_pipeline
[2023-05-30T21:24:59.557+0000] {logging_mixin.py:149} INFO - [2023-05-30T21:24:59.557+0000] {taskmixin.py:211} WARNING - Dependency <Task(PythonOperator): machine_learning_task>, storing_metrics_to_database_task already registered for DAG: ml_pipeline
[2023-05-30T21:24:59.558+0000] {logging_mixin.py:149} INFO - [2023-05-30T21:24:59.557+0000] {taskmixin.py:211} WARNING - Dependency <Task(PythonOperator): storing_metrics_to_database_task>, machine_learning_task already registered for DAG: ml_pipeline
[2023-05-30T21:24:59.558+0000] {logging_mixin.py:149} INFO - [2023-05-30T21:24:59.558+0000] {taskmixin.py:211} WARNING - Dependency <Task(PythonOperator): storing_metrics_to_database_task>, collecting_all_metrics already registered for DAG: ml_pipeline
[2023-05-30T21:24:59.558+0000] {logging_mixin.py:149} INFO - [2023-05-30T21:24:59.558+0000] {taskmixin.py:211} WARNING - Dependency <Task(PostgresOperator): collecting_all_metrics>, storing_metrics_to_database_task already registered for DAG: ml_pipeline
[2023-05-30T21:24:59.559+0000] {logging_mixin.py:149} INFO - [2023-05-30T21:24:59.559+0000] {taskmixin.py:211} WARNING - Dependency <Task(PythonOperator): create_pg_connection_task>, creating_ml_metrics_table_task already registered for DAG: ml_pipeline
[2023-05-30T21:24:59.559+0000] {logging_mixin.py:149} INFO - [2023-05-30T21:24:59.559+0000] {taskmixin.py:211} WARNING - Dependency <Task(PostgresOperator): creating_ml_metrics_table_task>, create_pg_connection_task already registered for DAG: ml_pipeline
[2023-05-30T21:24:59.560+0000] {logging_mixin.py:149} INFO - [2023-05-30T21:24:59.560+0000] {taskmixin.py:211} WARNING - Dependency <Task(PythonOperator): machine_learning_task>, storing_metrics_to_database_task already registered for DAG: ml_pipeline
[2023-05-30T21:24:59.560+0000] {logging_mixin.py:149} INFO - [2023-05-30T21:24:59.560+0000] {taskmixin.py:211} WARNING - Dependency <Task(PythonOperator): storing_metrics_to_database_task>, machine_learning_task already registered for DAG: ml_pipeline
[2023-05-30T21:24:59.560+0000] {logging_mixin.py:149} INFO - [2023-05-30T21:24:59.560+0000] {taskmixin.py:211} WARNING - Dependency <Task(PythonOperator): storing_metrics_to_database_task>, collecting_all_metrics already registered for DAG: ml_pipeline
[2023-05-30T21:24:59.561+0000] {logging_mixin.py:149} INFO - [2023-05-30T21:24:59.561+0000] {taskmixin.py:211} WARNING - Dependency <Task(PostgresOperator): collecting_all_metrics>, storing_metrics_to_database_task already registered for DAG: ml_pipeline
[2023-05-30T21:24:59.561+0000] {logging_mixin.py:149} INFO - [2023-05-30T21:24:59.561+0000] {taskmixin.py:211} WARNING - Dependency <Task(PythonOperator): create_pg_connection_task>, creating_ml_metrics_table_task already registered for DAG: ml_pipeline
[2023-05-30T21:24:59.562+0000] {logging_mixin.py:149} INFO - [2023-05-30T21:24:59.562+0000] {taskmixin.py:211} WARNING - Dependency <Task(PostgresOperator): creating_ml_metrics_table_task>, create_pg_connection_task already registered for DAG: ml_pipeline
[2023-05-30T21:24:59.562+0000] {logging_mixin.py:149} INFO - [2023-05-30T21:24:59.562+0000] {taskmixin.py:211} WARNING - Dependency <Task(PythonOperator): machine_learning_task>, storing_metrics_to_database_task already registered for DAG: ml_pipeline
[2023-05-30T21:24:59.562+0000] {logging_mixin.py:149} INFO - [2023-05-30T21:24:59.562+0000] {taskmixin.py:211} WARNING - Dependency <Task(PythonOperator): storing_metrics_to_database_task>, machine_learning_task already registered for DAG: ml_pipeline
[2023-05-30T21:24:59.563+0000] {logging_mixin.py:149} INFO - [2023-05-30T21:24:59.563+0000] {taskmixin.py:211} WARNING - Dependency <Task(PythonOperator): storing_metrics_to_database_task>, collecting_all_metrics already registered for DAG: ml_pipeline
[2023-05-30T21:24:59.563+0000] {logging_mixin.py:149} INFO - [2023-05-30T21:24:59.563+0000] {taskmixin.py:211} WARNING - Dependency <Task(PostgresOperator): collecting_all_metrics>, storing_metrics_to_database_task already registered for DAG: ml_pipeline
[2023-05-30T21:24:59.564+0000] {logging_mixin.py:149} INFO - [2023-05-30T21:24:59.564+0000] {taskmixin.py:211} WARNING - Dependency <Task(PythonOperator): create_pg_connection_task>, creating_ml_metrics_table_task already registered for DAG: ml_pipeline
[2023-05-30T21:24:59.564+0000] {logging_mixin.py:149} INFO - [2023-05-30T21:24:59.564+0000] {taskmixin.py:211} WARNING - Dependency <Task(PostgresOperator): creating_ml_metrics_table_task>, create_pg_connection_task already registered for DAG: ml_pipeline
[2023-05-30T21:24:59.565+0000] {logging_mixin.py:149} INFO - [2023-05-30T21:24:59.565+0000] {taskmixin.py:211} WARNING - Dependency <Task(PythonOperator): machine_learning_task>, storing_metrics_to_database_task already registered for DAG: ml_pipeline
[2023-05-30T21:24:59.565+0000] {logging_mixin.py:149} INFO - [2023-05-30T21:24:59.565+0000] {taskmixin.py:211} WARNING - Dependency <Task(PythonOperator): storing_metrics_to_database_task>, machine_learning_task already registered for DAG: ml_pipeline
[2023-05-30T21:24:59.566+0000] {logging_mixin.py:149} INFO - [2023-05-30T21:24:59.566+0000] {taskmixin.py:211} WARNING - Dependency <Task(PythonOperator): storing_metrics_to_database_task>, collecting_all_metrics already registered for DAG: ml_pipeline
[2023-05-30T21:24:59.566+0000] {logging_mixin.py:149} INFO - [2023-05-30T21:24:59.566+0000] {taskmixin.py:211} WARNING - Dependency <Task(PostgresOperator): collecting_all_metrics>, storing_metrics_to_database_task already registered for DAG: ml_pipeline
[2023-05-30T21:24:59.566+0000] {logging_mixin.py:149} INFO - [2023-05-30T21:24:59.566+0000] {taskmixin.py:211} WARNING - Dependency <Task(PythonOperator): create_pg_connection_task>, creating_ml_metrics_table_task already registered for DAG: ml_pipeline
[2023-05-30T21:24:59.567+0000] {logging_mixin.py:149} INFO - [2023-05-30T21:24:59.567+0000] {taskmixin.py:211} WARNING - Dependency <Task(PostgresOperator): creating_ml_metrics_table_task>, create_pg_connection_task already registered for DAG: ml_pipeline
[2023-05-30T21:24:59.567+0000] {logging_mixin.py:149} INFO - [2023-05-30T21:24:59.567+0000] {taskmixin.py:211} WARNING - Dependency <Task(PythonOperator): machine_learning_task>, storing_metrics_to_database_task already registered for DAG: ml_pipeline
[2023-05-30T21:24:59.567+0000] {logging_mixin.py:149} INFO - [2023-05-30T21:24:59.567+0000] {taskmixin.py:211} WARNING - Dependency <Task(PythonOperator): storing_metrics_to_database_task>, machine_learning_task already registered for DAG: ml_pipeline
[2023-05-30T21:24:59.568+0000] {logging_mixin.py:149} INFO - [2023-05-30T21:24:59.568+0000] {taskmixin.py:211} WARNING - Dependency <Task(PythonOperator): storing_metrics_to_database_task>, collecting_all_metrics already registered for DAG: ml_pipeline
[2023-05-30T21:24:59.568+0000] {logging_mixin.py:149} INFO - [2023-05-30T21:24:59.568+0000] {taskmixin.py:211} WARNING - Dependency <Task(PostgresOperator): collecting_all_metrics>, storing_metrics_to_database_task already registered for DAG: ml_pipeline
[2023-05-30T21:24:59.569+0000] {logging_mixin.py:149} INFO - [2023-05-30T21:24:59.569+0000] {taskmixin.py:211} WARNING - Dependency <Task(PythonOperator): create_pg_connection_task>, creating_ml_metrics_table_task already registered for DAG: ml_pipeline
[2023-05-30T21:24:59.569+0000] {logging_mixin.py:149} INFO - [2023-05-30T21:24:59.569+0000] {taskmixin.py:211} WARNING - Dependency <Task(PostgresOperator): creating_ml_metrics_table_task>, create_pg_connection_task already registered for DAG: ml_pipeline
[2023-05-30T21:24:59.570+0000] {logging_mixin.py:149} INFO - [2023-05-30T21:24:59.570+0000] {taskmixin.py:211} WARNING - Dependency <Task(PythonOperator): machine_learning_task>, storing_metrics_to_database_task already registered for DAG: ml_pipeline
[2023-05-30T21:24:59.570+0000] {logging_mixin.py:149} INFO - [2023-05-30T21:24:59.570+0000] {taskmixin.py:211} WARNING - Dependency <Task(PythonOperator): storing_metrics_to_database_task>, machine_learning_task already registered for DAG: ml_pipeline
[2023-05-30T21:24:59.570+0000] {logging_mixin.py:149} INFO - [2023-05-30T21:24:59.570+0000] {taskmixin.py:211} WARNING - Dependency <Task(PythonOperator): storing_metrics_to_database_task>, collecting_all_metrics already registered for DAG: ml_pipeline
[2023-05-30T21:24:59.571+0000] {logging_mixin.py:149} INFO - [2023-05-30T21:24:59.571+0000] {taskmixin.py:211} WARNING - Dependency <Task(PostgresOperator): collecting_all_metrics>, storing_metrics_to_database_task already registered for DAG: ml_pipeline
[2023-05-30T21:24:59.571+0000] {logging_mixin.py:149} INFO - [2023-05-30T21:24:59.571+0000] {taskmixin.py:211} WARNING - Dependency <Task(PythonOperator): create_pg_connection_task>, creating_ml_metrics_table_task already registered for DAG: ml_pipeline
[2023-05-30T21:24:59.571+0000] {logging_mixin.py:149} INFO - [2023-05-30T21:24:59.571+0000] {taskmixin.py:211} WARNING - Dependency <Task(PostgresOperator): creating_ml_metrics_table_task>, create_pg_connection_task already registered for DAG: ml_pipeline
[2023-05-30T21:24:59.572+0000] {logging_mixin.py:149} INFO - [2023-05-30T21:24:59.572+0000] {taskmixin.py:211} WARNING - Dependency <Task(PythonOperator): machine_learning_task>, storing_metrics_to_database_task already registered for DAG: ml_pipeline
[2023-05-30T21:24:59.572+0000] {logging_mixin.py:149} INFO - [2023-05-30T21:24:59.572+0000] {taskmixin.py:211} WARNING - Dependency <Task(PythonOperator): storing_metrics_to_database_task>, machine_learning_task already registered for DAG: ml_pipeline
[2023-05-30T21:24:59.573+0000] {logging_mixin.py:149} INFO - [2023-05-30T21:24:59.573+0000] {taskmixin.py:211} WARNING - Dependency <Task(PythonOperator): storing_metrics_to_database_task>, collecting_all_metrics already registered for DAG: ml_pipeline
[2023-05-30T21:24:59.573+0000] {logging_mixin.py:149} INFO - [2023-05-30T21:24:59.573+0000] {taskmixin.py:211} WARNING - Dependency <Task(PostgresOperator): collecting_all_metrics>, storing_metrics_to_database_task already registered for DAG: ml_pipeline
[2023-05-30T21:24:59.577+0000] {processor.py:809} INFO - DAG(s) dict_keys(['ml_pipeline']) retrieved from /opt/airflow/dags/ml_pipeline.py
[2023-05-30T21:24:59.598+0000] {logging_mixin.py:149} INFO - [2023-05-30T21:24:59.597+0000] {dag.py:2726} INFO - Sync 1 DAGs
[2023-05-30T21:24:59.612+0000] {logging_mixin.py:149} INFO - [2023-05-30T21:24:59.612+0000] {dag.py:3490} INFO - Setting next_dagrun for ml_pipeline to None, run_after=None
[2023-05-30T21:24:59.622+0000] {processor.py:178} INFO - Processing /opt/airflow/dags/ml_pipeline.py took 1.579 seconds
[2023-05-30T21:25:29.996+0000] {processor.py:156} INFO - Started process (PID=144) to work on /opt/airflow/dags/ml_pipeline.py
[2023-05-30T21:25:29.999+0000] {processor.py:799} INFO - Processing file /opt/airflow/dags/ml_pipeline.py for tasks to queue
[2023-05-30T21:25:30.000+0000] {logging_mixin.py:149} INFO - [2023-05-30T21:25:30.000+0000] {dagbag.py:541} INFO - Filling up the DagBag from /opt/airflow/dags/ml_pipeline.py
[2023-05-30T21:25:31.270+0000] {logging_mixin.py:149} WARNING - /home/airflow/.local/lib/python3.7/site-packages/tensorflow_io/python/ops/__init__.py:98 UserWarning: unable to load libtensorflow_io_plugins.so: unable to open file: libtensorflow_io_plugins.so, from paths: ['/home/airflow/.local/lib/python3.7/site-packages/tensorflow_io/python/ops/libtensorflow_io_plugins.so']
caused by: ["[Errno 2] The file to load file system plugin from does not exist.: '/home/airflow/.local/lib/python3.7/site-packages/tensorflow_io/python/ops/libtensorflow_io_plugins.so'"]
[2023-05-30T21:25:31.272+0000] {logging_mixin.py:149} WARNING - /home/airflow/.local/lib/python3.7/site-packages/tensorflow_io/python/ops/__init__.py:104 UserWarning: file system plugins are not loaded: unable to open file: libtensorflow_io.so, from paths: ['/home/airflow/.local/lib/python3.7/site-packages/tensorflow_io/python/ops/libtensorflow_io.so']
caused by: ['/home/airflow/.local/lib/python3.7/site-packages/tensorflow_io/python/ops/libtensorflow_io.so: cannot open shared object file: No such file or directory']
[2023-05-30T21:25:31.435+0000] {logging_mixin.py:149} INFO - [2023-05-30T21:25:31.435+0000] {taskmixin.py:211} WARNING - Dependency <Task(PythonOperator): create_pg_connection_task>, creating_ml_metrics_table_task already registered for DAG: ml_pipeline
[2023-05-30T21:25:31.436+0000] {logging_mixin.py:149} INFO - [2023-05-30T21:25:31.436+0000] {taskmixin.py:211} WARNING - Dependency <Task(PostgresOperator): creating_ml_metrics_table_task>, create_pg_connection_task already registered for DAG: ml_pipeline
[2023-05-30T21:25:31.436+0000] {logging_mixin.py:149} INFO - [2023-05-30T21:25:31.436+0000] {taskmixin.py:211} WARNING - Dependency <Task(PythonOperator): machine_learning_task>, storing_metrics_to_database_task already registered for DAG: ml_pipeline
[2023-05-30T21:25:31.437+0000] {logging_mixin.py:149} INFO - [2023-05-30T21:25:31.437+0000] {taskmixin.py:211} WARNING - Dependency <Task(PythonOperator): storing_metrics_to_database_task>, machine_learning_task already registered for DAG: ml_pipeline
[2023-05-30T21:25:31.437+0000] {logging_mixin.py:149} INFO - [2023-05-30T21:25:31.437+0000] {taskmixin.py:211} WARNING - Dependency <Task(PythonOperator): storing_metrics_to_database_task>, collecting_all_metrics already registered for DAG: ml_pipeline
[2023-05-30T21:25:31.437+0000] {logging_mixin.py:149} INFO - [2023-05-30T21:25:31.437+0000] {taskmixin.py:211} WARNING - Dependency <Task(PostgresOperator): collecting_all_metrics>, storing_metrics_to_database_task already registered for DAG: ml_pipeline
[2023-05-30T21:25:31.438+0000] {logging_mixin.py:149} INFO - [2023-05-30T21:25:31.438+0000] {taskmixin.py:211} WARNING - Dependency <Task(PythonOperator): create_pg_connection_task>, creating_ml_metrics_table_task already registered for DAG: ml_pipeline
[2023-05-30T21:25:31.438+0000] {logging_mixin.py:149} INFO - [2023-05-30T21:25:31.438+0000] {taskmixin.py:211} WARNING - Dependency <Task(PostgresOperator): creating_ml_metrics_table_task>, create_pg_connection_task already registered for DAG: ml_pipeline
[2023-05-30T21:25:31.439+0000] {logging_mixin.py:149} INFO - [2023-05-30T21:25:31.439+0000] {taskmixin.py:211} WARNING - Dependency <Task(PythonOperator): machine_learning_task>, storing_metrics_to_database_task already registered for DAG: ml_pipeline
[2023-05-30T21:25:31.439+0000] {logging_mixin.py:149} INFO - [2023-05-30T21:25:31.439+0000] {taskmixin.py:211} WARNING - Dependency <Task(PythonOperator): storing_metrics_to_database_task>, machine_learning_task already registered for DAG: ml_pipeline
[2023-05-30T21:25:31.440+0000] {logging_mixin.py:149} INFO - [2023-05-30T21:25:31.440+0000] {taskmixin.py:211} WARNING - Dependency <Task(PythonOperator): storing_metrics_to_database_task>, collecting_all_metrics already registered for DAG: ml_pipeline
[2023-05-30T21:25:31.440+0000] {logging_mixin.py:149} INFO - [2023-05-30T21:25:31.440+0000] {taskmixin.py:211} WARNING - Dependency <Task(PostgresOperator): collecting_all_metrics>, storing_metrics_to_database_task already registered for DAG: ml_pipeline
[2023-05-30T21:25:31.441+0000] {logging_mixin.py:149} INFO - [2023-05-30T21:25:31.441+0000] {taskmixin.py:211} WARNING - Dependency <Task(PythonOperator): create_pg_connection_task>, creating_ml_metrics_table_task already registered for DAG: ml_pipeline
[2023-05-30T21:25:31.441+0000] {logging_mixin.py:149} INFO - [2023-05-30T21:25:31.441+0000] {taskmixin.py:211} WARNING - Dependency <Task(PostgresOperator): creating_ml_metrics_table_task>, create_pg_connection_task already registered for DAG: ml_pipeline
[2023-05-30T21:25:31.442+0000] {logging_mixin.py:149} INFO - [2023-05-30T21:25:31.442+0000] {taskmixin.py:211} WARNING - Dependency <Task(PythonOperator): machine_learning_task>, storing_metrics_to_database_task already registered for DAG: ml_pipeline
[2023-05-30T21:25:31.442+0000] {logging_mixin.py:149} INFO - [2023-05-30T21:25:31.442+0000] {taskmixin.py:211} WARNING - Dependency <Task(PythonOperator): storing_metrics_to_database_task>, machine_learning_task already registered for DAG: ml_pipeline
[2023-05-30T21:25:31.443+0000] {logging_mixin.py:149} INFO - [2023-05-30T21:25:31.442+0000] {taskmixin.py:211} WARNING - Dependency <Task(PythonOperator): storing_metrics_to_database_task>, collecting_all_metrics already registered for DAG: ml_pipeline
[2023-05-30T21:25:31.443+0000] {logging_mixin.py:149} INFO - [2023-05-30T21:25:31.443+0000] {taskmixin.py:211} WARNING - Dependency <Task(PostgresOperator): collecting_all_metrics>, storing_metrics_to_database_task already registered for DAG: ml_pipeline
[2023-05-30T21:25:31.443+0000] {logging_mixin.py:149} INFO - [2023-05-30T21:25:31.443+0000] {taskmixin.py:211} WARNING - Dependency <Task(PythonOperator): create_pg_connection_task>, creating_ml_metrics_table_task already registered for DAG: ml_pipeline
[2023-05-30T21:25:31.444+0000] {logging_mixin.py:149} INFO - [2023-05-30T21:25:31.444+0000] {taskmixin.py:211} WARNING - Dependency <Task(PostgresOperator): creating_ml_metrics_table_task>, create_pg_connection_task already registered for DAG: ml_pipeline
[2023-05-30T21:25:31.444+0000] {logging_mixin.py:149} INFO - [2023-05-30T21:25:31.444+0000] {taskmixin.py:211} WARNING - Dependency <Task(PythonOperator): machine_learning_task>, storing_metrics_to_database_task already registered for DAG: ml_pipeline
[2023-05-30T21:25:31.445+0000] {logging_mixin.py:149} INFO - [2023-05-30T21:25:31.445+0000] {taskmixin.py:211} WARNING - Dependency <Task(PythonOperator): storing_metrics_to_database_task>, machine_learning_task already registered for DAG: ml_pipeline
[2023-05-30T21:25:31.445+0000] {logging_mixin.py:149} INFO - [2023-05-30T21:25:31.445+0000] {taskmixin.py:211} WARNING - Dependency <Task(PythonOperator): storing_metrics_to_database_task>, collecting_all_metrics already registered for DAG: ml_pipeline
[2023-05-30T21:25:31.446+0000] {logging_mixin.py:149} INFO - [2023-05-30T21:25:31.445+0000] {taskmixin.py:211} WARNING - Dependency <Task(PostgresOperator): collecting_all_metrics>, storing_metrics_to_database_task already registered for DAG: ml_pipeline
[2023-05-30T21:25:31.446+0000] {logging_mixin.py:149} INFO - [2023-05-30T21:25:31.446+0000] {taskmixin.py:211} WARNING - Dependency <Task(PythonOperator): create_pg_connection_task>, creating_ml_metrics_table_task already registered for DAG: ml_pipeline
[2023-05-30T21:25:31.446+0000] {logging_mixin.py:149} INFO - [2023-05-30T21:25:31.446+0000] {taskmixin.py:211} WARNING - Dependency <Task(PostgresOperator): creating_ml_metrics_table_task>, create_pg_connection_task already registered for DAG: ml_pipeline
[2023-05-30T21:25:31.447+0000] {logging_mixin.py:149} INFO - [2023-05-30T21:25:31.447+0000] {taskmixin.py:211} WARNING - Dependency <Task(PythonOperator): machine_learning_task>, storing_metrics_to_database_task already registered for DAG: ml_pipeline
[2023-05-30T21:25:31.447+0000] {logging_mixin.py:149} INFO - [2023-05-30T21:25:31.447+0000] {taskmixin.py:211} WARNING - Dependency <Task(PythonOperator): storing_metrics_to_database_task>, machine_learning_task already registered for DAG: ml_pipeline
[2023-05-30T21:25:31.448+0000] {logging_mixin.py:149} INFO - [2023-05-30T21:25:31.448+0000] {taskmixin.py:211} WARNING - Dependency <Task(PythonOperator): storing_metrics_to_database_task>, collecting_all_metrics already registered for DAG: ml_pipeline
[2023-05-30T21:25:31.448+0000] {logging_mixin.py:149} INFO - [2023-05-30T21:25:31.448+0000] {taskmixin.py:211} WARNING - Dependency <Task(PostgresOperator): collecting_all_metrics>, storing_metrics_to_database_task already registered for DAG: ml_pipeline
[2023-05-30T21:25:31.449+0000] {logging_mixin.py:149} INFO - [2023-05-30T21:25:31.449+0000] {taskmixin.py:211} WARNING - Dependency <Task(PythonOperator): create_pg_connection_task>, creating_ml_metrics_table_task already registered for DAG: ml_pipeline
[2023-05-30T21:25:31.449+0000] {logging_mixin.py:149} INFO - [2023-05-30T21:25:31.449+0000] {taskmixin.py:211} WARNING - Dependency <Task(PostgresOperator): creating_ml_metrics_table_task>, create_pg_connection_task already registered for DAG: ml_pipeline
[2023-05-30T21:25:31.450+0000] {logging_mixin.py:149} INFO - [2023-05-30T21:25:31.450+0000] {taskmixin.py:211} WARNING - Dependency <Task(PythonOperator): machine_learning_task>, storing_metrics_to_database_task already registered for DAG: ml_pipeline
[2023-05-30T21:25:31.450+0000] {logging_mixin.py:149} INFO - [2023-05-30T21:25:31.450+0000] {taskmixin.py:211} WARNING - Dependency <Task(PythonOperator): storing_metrics_to_database_task>, machine_learning_task already registered for DAG: ml_pipeline
[2023-05-30T21:25:31.450+0000] {logging_mixin.py:149} INFO - [2023-05-30T21:25:31.450+0000] {taskmixin.py:211} WARNING - Dependency <Task(PythonOperator): storing_metrics_to_database_task>, collecting_all_metrics already registered for DAG: ml_pipeline
[2023-05-30T21:25:31.451+0000] {logging_mixin.py:149} INFO - [2023-05-30T21:25:31.451+0000] {taskmixin.py:211} WARNING - Dependency <Task(PostgresOperator): collecting_all_metrics>, storing_metrics_to_database_task already registered for DAG: ml_pipeline
[2023-05-30T21:25:31.451+0000] {logging_mixin.py:149} INFO - [2023-05-30T21:25:31.451+0000] {taskmixin.py:211} WARNING - Dependency <Task(PythonOperator): create_pg_connection_task>, creating_ml_metrics_table_task already registered for DAG: ml_pipeline
[2023-05-30T21:25:31.451+0000] {logging_mixin.py:149} INFO - [2023-05-30T21:25:31.451+0000] {taskmixin.py:211} WARNING - Dependency <Task(PostgresOperator): creating_ml_metrics_table_task>, create_pg_connection_task already registered for DAG: ml_pipeline
[2023-05-30T21:25:31.452+0000] {logging_mixin.py:149} INFO - [2023-05-30T21:25:31.452+0000] {taskmixin.py:211} WARNING - Dependency <Task(PythonOperator): machine_learning_task>, storing_metrics_to_database_task already registered for DAG: ml_pipeline
[2023-05-30T21:25:31.452+0000] {logging_mixin.py:149} INFO - [2023-05-30T21:25:31.452+0000] {taskmixin.py:211} WARNING - Dependency <Task(PythonOperator): storing_metrics_to_database_task>, machine_learning_task already registered for DAG: ml_pipeline
[2023-05-30T21:25:31.453+0000] {logging_mixin.py:149} INFO - [2023-05-30T21:25:31.453+0000] {taskmixin.py:211} WARNING - Dependency <Task(PythonOperator): storing_metrics_to_database_task>, collecting_all_metrics already registered for DAG: ml_pipeline
[2023-05-30T21:25:31.453+0000] {logging_mixin.py:149} INFO - [2023-05-30T21:25:31.453+0000] {taskmixin.py:211} WARNING - Dependency <Task(PostgresOperator): collecting_all_metrics>, storing_metrics_to_database_task already registered for DAG: ml_pipeline
[2023-05-30T21:25:31.457+0000] {processor.py:809} INFO - DAG(s) dict_keys(['ml_pipeline']) retrieved from /opt/airflow/dags/ml_pipeline.py
[2023-05-30T21:25:31.478+0000] {logging_mixin.py:149} INFO - [2023-05-30T21:25:31.477+0000] {dag.py:2726} INFO - Sync 1 DAGs
[2023-05-30T21:25:31.491+0000] {logging_mixin.py:149} INFO - [2023-05-30T21:25:31.491+0000] {dag.py:3490} INFO - Setting next_dagrun for ml_pipeline to None, run_after=None
[2023-05-30T21:25:31.501+0000] {processor.py:178} INFO - Processing /opt/airflow/dags/ml_pipeline.py took 1.511 seconds
[2023-05-30T21:26:01.759+0000] {processor.py:156} INFO - Started process (PID=160) to work on /opt/airflow/dags/ml_pipeline.py
[2023-05-30T21:26:01.762+0000] {processor.py:799} INFO - Processing file /opt/airflow/dags/ml_pipeline.py for tasks to queue
[2023-05-30T21:26:01.765+0000] {logging_mixin.py:149} INFO - [2023-05-30T21:26:01.765+0000] {dagbag.py:541} INFO - Filling up the DagBag from /opt/airflow/dags/ml_pipeline.py
