[2023-05-03T16:30:34.383+0000] {taskinstance.py:1090} INFO - Dependencies all met for dep_context=non-requeueable deps ti=<TaskInstance: ml_pipeline.data_processing_task5 manual__2023-05-03T16:30:32.206682+00:00 [queued]>
[2023-05-03T16:30:34.401+0000] {taskinstance.py:1090} INFO - Dependencies all met for dep_context=requeueable deps ti=<TaskInstance: ml_pipeline.data_processing_task5 manual__2023-05-03T16:30:32.206682+00:00 [queued]>
[2023-05-03T16:30:34.405+0000] {taskinstance.py:1288} INFO - 
--------------------------------------------------------------------------------
[2023-05-03T16:30:34.406+0000] {taskinstance.py:1289} INFO - Starting attempt 1 of 1
[2023-05-03T16:30:34.407+0000] {taskinstance.py:1290} INFO - 
--------------------------------------------------------------------------------
[2023-05-03T16:30:34.434+0000] {taskinstance.py:1309} INFO - Executing <Task(PythonOperator): data_processing_task5> on 2023-05-03 16:30:32.206682+00:00
[2023-05-03T16:30:34.446+0000] {standard_task_runner.py:55} INFO - Started process 685 to run task
[2023-05-03T16:30:34.454+0000] {standard_task_runner.py:82} INFO - Running: ['***', 'tasks', 'run', 'ml_pipeline', 'data_processing_task5', 'manual__2023-05-03T16:30:32.206682+00:00', '--job-id', '104', '--raw', '--subdir', 'DAGS_FOLDER/ml_pipeline.py', '--cfg-path', '/tmp/tmpc9h6989e']
[2023-05-03T16:30:34.457+0000] {standard_task_runner.py:83} INFO - Job 104: Subtask data_processing_task5
[2023-05-03T16:30:34.606+0000] {task_command.py:389} INFO - Running <TaskInstance: ml_pipeline.data_processing_task5 manual__2023-05-03T16:30:32.206682+00:00 [running]> on host 46ed3ffab080
[2023-05-03T16:30:34.843+0000] {taskinstance.py:1518} INFO - Exporting the following env vars:
AIRFLOW_CTX_DAG_EMAIL=lequanghop844@gmail.com
AIRFLOW_CTX_DAG_OWNER=Felix Le
AIRFLOW_CTX_DAG_ID=ml_pipeline
AIRFLOW_CTX_TASK_ID=data_processing_task5
AIRFLOW_CTX_EXECUTION_DATE=2023-05-03T16:30:32.206682+00:00
AIRFLOW_CTX_TRY_NUMBER=1
AIRFLOW_CTX_DAG_RUN_ID=manual__2023-05-03T16:30:32.206682+00:00
[2023-05-03T16:30:34.848+0000] {python.py:177} INFO - Done. Returned value was: None
[2023-05-03T16:30:34.913+0000] {taskinstance.py:1332} INFO - Marking task as SUCCESS. dag_id=ml_pipeline, task_id=data_processing_task5, execution_date=20230503T163032, start_date=20230503T163034, end_date=20230503T163034
[2023-05-03T16:30:34.976+0000] {local_task_job.py:212} INFO - Task exited with return code 0
[2023-05-03T16:30:35.020+0000] {taskinstance.py:2596} INFO - 1 downstream tasks scheduled from follow-on schedule check
