[2023-05-03T07:33:56.503+0000] {taskinstance.py:1090} INFO - Dependencies all met for dep_context=non-requeueable deps ti=<TaskInstance: ml_pipeline.featuring_data_task_4 manual__2023-05-03T07:33:53.541330+00:00 [queued]>
[2023-05-03T07:33:56.532+0000] {taskinstance.py:1090} INFO - Dependencies all met for dep_context=requeueable deps ti=<TaskInstance: ml_pipeline.featuring_data_task_4 manual__2023-05-03T07:33:53.541330+00:00 [queued]>
[2023-05-03T07:33:56.534+0000] {taskinstance.py:1288} INFO - 
--------------------------------------------------------------------------------
[2023-05-03T07:33:56.535+0000] {taskinstance.py:1289} INFO - Starting attempt 1 of 1
[2023-05-03T07:33:56.537+0000] {taskinstance.py:1290} INFO - 
--------------------------------------------------------------------------------
[2023-05-03T07:33:56.579+0000] {taskinstance.py:1309} INFO - Executing <Task(PythonOperator): featuring_data_task_4> on 2023-05-03 07:33:53.541330+00:00
[2023-05-03T07:33:56.594+0000] {standard_task_runner.py:55} INFO - Started process 31489 to run task
[2023-05-03T07:33:56.624+0000] {standard_task_runner.py:82} INFO - Running: ['***', 'tasks', 'run', 'ml_pipeline', 'featuring_data_task_4', 'manual__2023-05-03T07:33:53.541330+00:00', '--job-id', '66', '--raw', '--subdir', 'DAGS_FOLDER/ml_pipeline.py', '--cfg-path', '/tmp/tmpvgh0rl07']
[2023-05-03T07:33:56.631+0000] {standard_task_runner.py:83} INFO - Job 66: Subtask featuring_data_task_4
[2023-05-03T07:33:56.964+0000] {task_command.py:389} INFO - Running <TaskInstance: ml_pipeline.featuring_data_task_4 manual__2023-05-03T07:33:53.541330+00:00 [running]> on host 46ed3ffab080
[2023-05-03T07:33:59.103+0000] {taskinstance.py:1518} INFO - Exporting the following env vars:
AIRFLOW_CTX_DAG_EMAIL=lequanghop844@gmail.com
AIRFLOW_CTX_DAG_OWNER=Felix Le
AIRFLOW_CTX_DAG_ID=ml_pipeline
AIRFLOW_CTX_TASK_ID=featuring_data_task_4
AIRFLOW_CTX_EXECUTION_DATE=2023-05-03T07:33:53.541330+00:00
AIRFLOW_CTX_TRY_NUMBER=1
AIRFLOW_CTX_DAG_RUN_ID=manual__2023-05-03T07:33:53.541330+00:00
[2023-05-03T07:36:14.308+0000] {taskinstance.py:1776} ERROR - Task failed with exception
Traceback (most recent call last):
  File "/home/airflow/.local/lib/python3.7/site-packages/airflow/operators/python.py", line 175, in execute
    return_value = self.execute_callable()
  File "/home/airflow/.local/lib/python3.7/site-packages/airflow/operators/python.py", line 192, in execute_callable
    return self.python_callable(*self.op_args, **self.op_kwargs)
  File "/opt/airflow/dags/utils/feature_engineering.py", line 20, in feature_engineering
    temp = list(map(adding_features,prefeaturing_list[batch_number]))
  File "/opt/airflow/dags/utils/features_added.py", line 13, in adding_features
    df = pd.read_parquet(file, engine='pyarrow')
  File "/home/airflow/.local/lib/python3.7/site-packages/pandas/io/parquet.py", line 500, in read_parquet
    **kwargs,
  File "/home/airflow/.local/lib/python3.7/site-packages/pandas/io/parquet.py", line 236, in read
    mode="rb",
  File "/home/airflow/.local/lib/python3.7/site-packages/pandas/io/parquet.py", line 102, in _get_path_or_handle
    path_or_handle, mode, is_text=False, storage_options=storage_options
  File "/home/airflow/.local/lib/python3.7/site-packages/pandas/io/common.py", line 711, in get_handle
    handle = open(handle, ioargs.mode)
FileNotFoundError: [Errno 2] No such file or directory: '/Users/hople/Desktop/Work_sample/data/processed_stocks_etfs/UEPS.parquet'
[2023-05-03T07:36:14.435+0000] {taskinstance.py:1332} INFO - Marking task as FAILED. dag_id=ml_pipeline, task_id=featuring_data_task_4, execution_date=20230503T073353, start_date=20230503T073356, end_date=20230503T073614
[2023-05-03T07:36:14.620+0000] {standard_task_runner.py:105} ERROR - Failed to execute job 66 for task featuring_data_task_4 ([Errno 2] No such file or directory: '/Users/hople/Desktop/Work_sample/data/processed_stocks_etfs/UEPS.parquet'; 31489)
[2023-05-03T07:36:15.760+0000] {local_task_job.py:212} INFO - Task exited with return code 1
[2023-05-03T07:36:17.189+0000] {taskinstance.py:2596} INFO - 0 downstream tasks scheduled from follow-on schedule check
