[2023-05-03T17:32:25.750+0000] {taskinstance.py:1090} INFO - Dependencies all met for dep_context=non-requeueable deps ti=<TaskInstance: ml_pipeline.data_processing_task2 manual__2023-05-03T17:32:22.736168+00:00 [queued]>
[2023-05-03T17:32:25.759+0000] {taskinstance.py:1090} INFO - Dependencies all met for dep_context=requeueable deps ti=<TaskInstance: ml_pipeline.data_processing_task2 manual__2023-05-03T17:32:22.736168+00:00 [queued]>
[2023-05-03T17:32:25.787+0000] {taskinstance.py:1288} INFO - 
--------------------------------------------------------------------------------
[2023-05-03T17:32:25.793+0000] {taskinstance.py:1289} INFO - Starting attempt 1 of 1
[2023-05-03T17:32:25.798+0000] {taskinstance.py:1290} INFO - 
--------------------------------------------------------------------------------
[2023-05-03T17:32:25.836+0000] {taskinstance.py:1309} INFO - Executing <Task(PythonOperator): data_processing_task2> on 2023-05-03 17:32:22.736168+00:00
[2023-05-03T17:32:25.863+0000] {standard_task_runner.py:55} INFO - Started process 108 to run task
[2023-05-03T17:32:25.887+0000] {standard_task_runner.py:82} INFO - Running: ['***', 'tasks', 'run', 'ml_pipeline', 'data_processing_task2', 'manual__2023-05-03T17:32:22.736168+00:00', '--job-id', '174', '--raw', '--subdir', 'DAGS_FOLDER/ml_pipeline.py', '--cfg-path', '/tmp/tmpm8xrrzcj']
[2023-05-03T17:32:25.892+0000] {standard_task_runner.py:83} INFO - Job 174: Subtask data_processing_task2
[2023-05-03T17:32:26.141+0000] {task_command.py:389} INFO - Running <TaskInstance: ml_pipeline.data_processing_task2 manual__2023-05-03T17:32:22.736168+00:00 [running]> on host f11d128870f2
[2023-05-03T17:32:26.388+0000] {taskinstance.py:1518} INFO - Exporting the following env vars:
AIRFLOW_CTX_DAG_EMAIL=lequanghop844@gmail.com
AIRFLOW_CTX_DAG_OWNER=Felix Le
AIRFLOW_CTX_DAG_ID=ml_pipeline
AIRFLOW_CTX_TASK_ID=data_processing_task2
AIRFLOW_CTX_EXECUTION_DATE=2023-05-03T17:32:22.736168+00:00
AIRFLOW_CTX_TRY_NUMBER=1
AIRFLOW_CTX_DAG_RUN_ID=manual__2023-05-03T17:32:22.736168+00:00
[2023-05-03T17:32:26.390+0000] {python.py:177} INFO - Done. Returned value was: None
[2023-05-03T17:32:26.422+0000] {taskinstance.py:1332} INFO - Marking task as SUCCESS. dag_id=ml_pipeline, task_id=data_processing_task2, execution_date=20230503T173222, start_date=20230503T173225, end_date=20230503T173226
[2023-05-03T17:32:26.475+0000] {local_task_job.py:212} INFO - Task exited with return code 0
[2023-05-03T17:32:26.584+0000] {taskinstance.py:2596} INFO - 0 downstream tasks scheduled from follow-on schedule check
